[1.600s] Invoking command in '/home/thinhcuong/bumperbot_ws/src/bumperbot_py_examples': AMENT_PREFIX_PATH=/home/thinhcuong/bumperbot_ws/install/bumperbot_msgs:${AMENT_PREFIX_PATH} CMAKE_PREFIX_PATH=/home/thinhcuong/bumperbot_ws/install/bumperbot_msgs LD_LIBRARY_PATH=/home/thinhcuong/bumperbot_ws/install/bumperbot_msgs/lib:${LD_LIBRARY_PATH} PYTHONPATH=/home/thinhcuong/bumperbot_ws/build/bumperbot_py_examples/prefix_override:/home/thinhcuong/bumperbot_ws/install/bumperbot_py_examples/lib/python3.10/site-packages:/home/thinhcuong/bumperbot_ws/install/bumperbot_msgs/local/lib/python3.10/dist-packages:${PYTHONPATH} /usr/bin/python3 -W ignore:setup.py install is deprecated setup.py egg_info --egg-base ../../build/bumperbot_py_examples build --build-base /home/thinhcuong/bumperbot_ws/build/bumperbot_py_examples/build install --record /home/thinhcuong/bumperbot_ws/build/bumperbot_py_examples/install.log --single-version-externally-managed install_data
[2.142s] running egg_info
[2.143s] writing ../../build/bumperbot_py_examples/bumperbot_py_examples.egg-info/PKG-INFO
[2.144s] writing dependency_links to ../../build/bumperbot_py_examples/bumperbot_py_examples.egg-info/dependency_links.txt
[2.144s] writing entry points to ../../build/bumperbot_py_examples/bumperbot_py_examples.egg-info/entry_points.txt
[2.145s] writing requirements to ../../build/bumperbot_py_examples/bumperbot_py_examples.egg-info/requires.txt
[2.145s] writing top-level names to ../../build/bumperbot_py_examples/bumperbot_py_examples.egg-info/top_level.txt
[2.148s] reading manifest file '../../build/bumperbot_py_examples/bumperbot_py_examples.egg-info/SOURCES.txt'
[2.149s] writing manifest file '../../build/bumperbot_py_examples/bumperbot_py_examples.egg-info/SOURCES.txt'
[2.150s] running build
[2.150s] running build_py
[2.151s] running install
[2.151s] running install_lib
[2.154s] running install_data
[2.154s] running install_egg_info
[2.159s] removing '/home/thinhcuong/bumperbot_ws/install/bumperbot_py_examples/lib/python3.10/site-packages/bumperbot_py_examples-0.0.0-py3.10.egg-info' (and everything under it)
[2.160s] Copying ../../build/bumperbot_py_examples/bumperbot_py_examples.egg-info to /home/thinhcuong/bumperbot_ws/install/bumperbot_py_examples/lib/python3.10/site-packages/bumperbot_py_examples-0.0.0-py3.10.egg-info
[2.162s] running install_scripts
[2.204s] Installing simple_parameter script to /home/thinhcuong/bumperbot_ws/install/bumperbot_py_examples/lib/bumperbot_py_examples
[2.204s] Installing simple_publisher script to /home/thinhcuong/bumperbot_ws/install/bumperbot_py_examples/lib/bumperbot_py_examples
[2.204s] Installing simple_service_client script to /home/thinhcuong/bumperbot_ws/install/bumperbot_py_examples/lib/bumperbot_py_examples
[2.204s] Installing simple_service_server script to /home/thinhcuong/bumperbot_ws/install/bumperbot_py_examples/lib/bumperbot_py_examples
[2.205s] Installing simple_subscriber script to /home/thinhcuong/bumperbot_ws/install/bumperbot_py_examples/lib/bumperbot_py_examples
[2.205s] Installing simple_tf_kinematics script to /home/thinhcuong/bumperbot_ws/install/bumperbot_py_examples/lib/bumperbot_py_examples
[2.205s] Installing simple_turtlesim_kinematics script to /home/thinhcuong/bumperbot_ws/install/bumperbot_py_examples/lib/bumperbot_py_examples
[2.206s] writing list of installed files to '/home/thinhcuong/bumperbot_ws/build/bumperbot_py_examples/install.log'
[2.251s] Invoked command in '/home/thinhcuong/bumperbot_ws/src/bumperbot_py_examples' returned '0': AMENT_PREFIX_PATH=/home/thinhcuong/bumperbot_ws/install/bumperbot_msgs:${AMENT_PREFIX_PATH} CMAKE_PREFIX_PATH=/home/thinhcuong/bumperbot_ws/install/bumperbot_msgs LD_LIBRARY_PATH=/home/thinhcuong/bumperbot_ws/install/bumperbot_msgs/lib:${LD_LIBRARY_PATH} PYTHONPATH=/home/thinhcuong/bumperbot_ws/build/bumperbot_py_examples/prefix_override:/home/thinhcuong/bumperbot_ws/install/bumperbot_py_examples/lib/python3.10/site-packages:/home/thinhcuong/bumperbot_ws/install/bumperbot_msgs/local/lib/python3.10/dist-packages:${PYTHONPATH} /usr/bin/python3 -W ignore:setup.py install is deprecated setup.py egg_info --egg-base ../../build/bumperbot_py_examples build --build-base /home/thinhcuong/bumperbot_ws/build/bumperbot_py_examples/build install --record /home/thinhcuong/bumperbot_ws/build/bumperbot_py_examples/install.log --single-version-externally-managed install_data
