[0.041s] Invoking command in '/home/thinhcuong/bumperbot_ws/build/bumperbot_description': /usr/bin/cmake /home/thinhcuong/bumperbot_ws/src/bumperbot_description -DCMAKE_INSTALL_PREFIX=/home/thinhcuong/bumperbot_ws/install/bumperbot_description
[0.131s] -- The C compiler identification is GNU 11.4.0
[0.212s] -- The CXX compiler identification is GNU 11.4.0
[0.221s] -- Detecting C compiler ABI info
[0.281s] -- Detecting C compiler ABI info - done
[0.287s] -- Check for working C compiler: /usr/bin/cc - skipped
[0.287s] -- Detecting C compile features
[0.287s] -- Detecting C compile features - done
[0.291s] -- Detecting CXX compiler ABI info
[0.359s] -- Detecting CXX compiler ABI info - done
[0.365s] -- Check for working CXX compiler: /usr/bin/c++ - skipped
[0.365s] -- Detecting CXX compile features
[0.365s] -- Detecting CXX compile features - done
[0.375s] [31mCMake Error at CMakeLists.txt:8 (find_package):
[0.375s]   By not providing "Findament_cmake.cmake" in CMAKE_MODULE_PATH this project
[0.375s]   has asked CMake to find a package configuration file provided by
[0.375s]   "ament_cmake", but CMake did not find one.
[0.375s] 
[0.375s]   Could not find a package configuration file provided by "ament_cmake" with
[0.375s]   any of the following names:
[0.375s] 
[0.375s]     ament_cmakeConfig.cmake
[0.375s]     ament_cmake-config.cmake
[0.375s] 
[0.375s]   Add the installation prefix of "ament_cmake" to CMAKE_PREFIX_PATH or set
[0.376s]   "ament_cmake_DIR" to a directory containing one of the above files.  If
[0.376s]   "ament_cmake" provides a separate development package or SDK, be sure it
[0.376s]   has been installed.
[0.376s] 
[0.376s] [0m
[0.376s] -- Configuring incomplete, errors occurred!
[0.376s] See also "/home/thinhcuong/bumperbot_ws/build/bumperbot_description/CMakeFiles/CMakeOutput.log".
[0.378s] Invoked command in '/home/thinhcuong/bumperbot_ws/build/bumperbot_description' returned '1': /usr/bin/cmake /home/thinhcuong/bumperbot_ws/src/bumperbot_description -DCMAKE_INSTALL_PREFIX=/home/thinhcuong/bumperbot_ws/install/bumperbot_description
