[0.584s] Invoking command in '/home/thinhcuong/bumperbot_ws/src/bumperbot_py_examples': PYTHONPATH=/home/thinhcuong/bumperbot_ws/build/bumperbot_py_examples/prefix_override:/home/thinhcuong/bumperbot_ws/install/bumperbot_py_examples/lib/python3.10/site-packages:${PYTHONPATH} /usr/bin/python3 -W ignore:setup.py install is deprecated setup.py egg_info --egg-base ../../build/bumperbot_py_examples build --build-base /home/thinhcuong/bumperbot_ws/build/bumperbot_py_examples/build install --record /home/thinhcuong/bumperbot_ws/build/bumperbot_py_examples/install.log --single-version-externally-managed install_data
[0.768s] running egg_info
[0.769s] writing ../../build/bumperbot_py_examples/bumperbot_py_examples.egg-info/PKG-INFO
[0.769s] writing dependency_links to ../../build/bumperbot_py_examples/bumperbot_py_examples.egg-info/dependency_links.txt
[0.769s] writing entry points to ../../build/bumperbot_py_examples/bumperbot_py_examples.egg-info/entry_points.txt
[0.769s] writing requirements to ../../build/bumperbot_py_examples/bumperbot_py_examples.egg-info/requires.txt
[0.769s] writing top-level names to ../../build/bumperbot_py_examples/bumperbot_py_examples.egg-info/top_level.txt
[0.771s] reading manifest file '../../build/bumperbot_py_examples/bumperbot_py_examples.egg-info/SOURCES.txt'
[0.771s] writing manifest file '../../build/bumperbot_py_examples/bumperbot_py_examples.egg-info/SOURCES.txt'
[0.772s] running build
[0.772s] running build_py
[0.772s] running install
[0.772s] running install_lib
[0.773s] running install_data
[0.773s] running install_egg_info
[0.775s] removing '/home/thinhcuong/bumperbot_ws/install/bumperbot_py_examples/lib/python3.10/site-packages/bumperbot_py_examples-0.0.0-py3.10.egg-info' (and everything under it)
[0.775s] Copying ../../build/bumperbot_py_examples/bumperbot_py_examples.egg-info to /home/thinhcuong/bumperbot_ws/install/bumperbot_py_examples/lib/python3.10/site-packages/bumperbot_py_examples-0.0.0-py3.10.egg-info
[0.776s] running install_scripts
[0.791s] Installing simple_parameter script to /home/thinhcuong/bumperbot_ws/install/bumperbot_py_examples/lib/bumperbot_py_examples
[0.791s] Installing simple_publisher script to /home/thinhcuong/bumperbot_ws/install/bumperbot_py_examples/lib/bumperbot_py_examples
[0.791s] Installing simple_subscriber script to /home/thinhcuong/bumperbot_ws/install/bumperbot_py_examples/lib/bumperbot_py_examples
[0.791s] Installing simple_turtlesim_kinematics script to /home/thinhcuong/bumperbot_ws/install/bumperbot_py_examples/lib/bumperbot_py_examples
[0.791s] writing list of installed files to '/home/thinhcuong/bumperbot_ws/build/bumperbot_py_examples/install.log'
[0.811s] Invoked command in '/home/thinhcuong/bumperbot_ws/src/bumperbot_py_examples' returned '0': PYTHONPATH=/home/thinhcuong/bumperbot_ws/build/bumperbot_py_examples/prefix_override:/home/thinhcuong/bumperbot_ws/install/bumperbot_py_examples/lib/python3.10/site-packages:${PYTHONPATH} /usr/bin/python3 -W ignore:setup.py install is deprecated setup.py egg_info --egg-base ../../build/bumperbot_py_examples build --build-base /home/thinhcuong/bumperbot_ws/build/bumperbot_py_examples/build install --record /home/thinhcuong/bumperbot_ws/build/bumperbot_py_examples/install.log --single-version-externally-managed install_data
