[0.009s] Invoking command in '/home/thinhcuong/bumperbot_ws/build/bumperbot_cpp_examples': AMENT_PREFIX_PATH=/home/thinhcuong/bumperbot_ws/install/bumperbot_msgs:${AMENT_PREFIX_PATH} CMAKE_PREFIX_PATH=/home/thinhcuong/bumperbot_ws/install/bumperbot_msgs:/opt/ros/humble LD_LIBRARY_PATH=/home/thinhcuong/bumperbot_ws/install/bumperbot_msgs/lib:${LD_LIBRARY_PATH} PYTHONPATH=/home/thinhcuong/bumperbot_ws/install/bumperbot_msgs/local/lib/python3.10/dist-packages:${PYTHONPATH} /usr/bin/cmake --build /home/thinhcuong/bumperbot_ws/build/bumperbot_cpp_examples -- -j12 -l12
[0.052s] [35m[1mConsolidate compiler generated dependencies of target simple_service_client[0m
[0.067s] [ 14%] Built target simple_subscriber
[0.068s] [ 42%] Built target simple_parameter
[0.068s] [ 42%] Built target simple_publisher
[0.068s] [ 57%] Built target simple_service_server
[0.068s] [ 71%] Built target simple_turtlesim_kinematics
[0.070s] [ 85%] Built target simple_tf_kinematics
[0.077s] [ 92%] [32mBuilding CXX object CMakeFiles/simple_service_client.dir/src/simple_service_client.cpp.o[0m
[2.112s] [01m[K/home/thinhcuong/bumperbot_ws/src/bumperbot_cpp_examples/src/simple_service_client.cpp:[m[K In constructor ‘[01m[KSimpleServiceClient::SimpleServiceClient(int, int)[m[K’:
[2.112s] [01m[K/home/thinhcuong/bumperbot_ws/src/bumperbot_cpp_examples/src/simple_service_client.cpp:27:54:[m[K [01;31m[Kerror: [m[Kno matching function for call to ‘[01m[Krclcpp::Client<bumperbot_msgs::srv::AddTwoInt>::async_send_request(std::shared_ptr<bumperbot_msgs::srv::AddTwoInt_Request_<std::allocator<void> > >&, std::_Bind_helper<false, void (SimpleServiceClient::*)(std::shared_ptr<rclcpp::Client<bumperbot_msgs::srv::AddTwoInt> >), SimpleServiceClient*, const std::_Placeholder<1>&>::type)[m[K’
[2.112s]    27 |             auto result = [01;31m[Kclient_->async_send_request(request, std::bind(&SimpleServiceClient::responseCallback, this, _1))[m[K;
[2.112s]       |                           [01;31m[K~~~~~~~~~~~~~~~~~~~~~~~~~~~^~~~~~~~~~~~~~~~~~~~~~~~~~~~~~~~~~~~~~~~~~~~~~~~~~~~~~~~~~~~~~~~~~~~~~[m[K
[2.131s] In file included from [01m[K/opt/ros/humble/include/rclcpp/rclcpp/callback_group.hpp:24[m[K,
[2.131s]                  from [01m[K/opt/ros/humble/include/rclcpp/rclcpp/any_executable.hpp:20[m[K,
[2.131s]                  from [01m[K/opt/ros/humble/include/rclcpp/rclcpp/memory_strategy.hpp:25[m[K,
[2.131s]                  from [01m[K/opt/ros/humble/include/rclcpp/rclcpp/memory_strategies.hpp:18[m[K,
[2.131s]                  from [01m[K/opt/ros/humble/include/rclcpp/rclcpp/executor_options.hpp:20[m[K,
[2.131s]                  from [01m[K/opt/ros/humble/include/rclcpp/rclcpp/executor.hpp:37[m[K,
[2.131s]                  from [01m[K/opt/ros/humble/include/rclcpp/rclcpp/executors/multi_threaded_executor.hpp:25[m[K,
[2.131s]                  from [01m[K/opt/ros/humble/include/rclcpp/rclcpp/executors.hpp:21[m[K,
[2.131s]                  from [01m[K/opt/ros/humble/include/rclcpp/rclcpp/rclcpp.hpp:155[m[K,
[2.131s]                  from [01m[K/home/thinhcuong/bumperbot_ws/src/bumperbot_cpp_examples/src/simple_service_client.cpp:1[m[K:
[2.131s] [01m[K/opt/ros/humble/include/rclcpp/rclcpp/client.hpp:643:3:[m[K [01;36m[Knote: [m[Kcandidate: ‘[01m[Ktemplate<class CallbackT, typename std::enable_if<rclcpp::function_traits::same_arguments<CallbackT, std::function<void(std::shared_future<std::shared_ptr<bumperbot_msgs::srv::AddTwoInt_Response_<std::allocator<void> > > >)> >::value, void>::type* <anonymous> > rclcpp::Client<ServiceT>::SharedFutureAndRequestId rclcpp::Client<ServiceT>::async_send_request(rclcpp::Client<ServiceT>::SharedRequest, CallbackT&&) [with CallbackT = CallbackT; typename std::enable_if<rclcpp::function_traits::same_arguments<CallbackT, std::function<void(std::shared_future<typename ServiceT::Response::SharedPtr>)> >::value>::type* <anonymous> = <anonymous>; ServiceT = bumperbot_msgs::srv::AddTwoInt][m[K’
[2.131s]   643 |   [01;36m[Kasync_send_request[m[K(SharedRequest request, CallbackT && cb)
[2.131s]       |   [01;36m[K^~~~~~~~~~~~~~~~~~[m[K
[2.132s] [01m[K/opt/ros/humble/include/rclcpp/rclcpp/client.hpp:643:3:[m[K [01;36m[Knote: [m[K  template argument deduction/substitution failed:
[2.132s] [01m[K/opt/ros/humble/include/rclcpp/rclcpp/client.hpp:640:17:[m[K [01;31m[Kerror: [m[Kno type named ‘[01m[Ktype[m[K’ in ‘[01m[Kstruct std::enable_if<false, void>[m[K’
[2.132s]   640 |     >::type * = [01;31m[Knullptr[m[K
[2.132s]       |                 [01;31m[K^~~~~~~[m[K
[2.132s] [01m[K/opt/ros/humble/include/rclcpp/rclcpp/client.hpp:674:3:[m[K [01;36m[Knote: [m[Kcandidate: ‘[01m[Ktemplate<class CallbackT, typename std::enable_if<rclcpp::function_traits::same_arguments<CallbackT, std::function<void(std::shared_future<std::pair<std::shared_ptr<bumperbot_msgs::srv::AddTwoInt_Request_<std::allocator<void> > >, std::shared_ptr<bumperbot_msgs::srv::AddTwoInt_Response_<std::allocator<void> > > > >)> >::value, void>::type* <anonymous> > rclcpp::Client<ServiceT>::SharedFutureWithRequestAndRequestId rclcpp::Client<ServiceT>::async_send_request(rclcpp::Client<ServiceT>::SharedRequest, CallbackT&&) [with CallbackT = CallbackT; typename std::enable_if<rclcpp::function_traits::same_arguments<CallbackT, std::function<void(std::shared_future<std::pair<typename ServiceT::Request::SharedPtr, typename ServiceT::Response::SharedPtr> >)> >::value>::type* <anonymous> = <anonymous>; ServiceT = bumperbot_msgs::srv::AddTwoInt][m[K’
[2.132s]   674 |   [01;36m[Kasync_send_request[m[K(SharedRequest request, CallbackT && cb)
[2.132s]       |   [01;36m[K^~~~~~~~~~~~~~~~~~[m[K
[2.132s] [01m[K/opt/ros/humble/include/rclcpp/rclcpp/client.hpp:674:3:[m[K [01;36m[Knote: [m[K  template argument deduction/substitution failed:
[2.132s] [01m[K/opt/ros/humble/include/rclcpp/rclcpp/client.hpp:671:17:[m[K [01;31m[Kerror: [m[Kno type named ‘[01m[Ktype[m[K’ in ‘[01m[Kstruct std::enable_if<false, void>[m[K’
[2.132s]   671 |     >::type * = [01;31m[Knullptr[m[K
[2.132s]       |                 [01;31m[K^~~~~~~[m[K
[2.132s] [01m[K/opt/ros/humble/include/rclcpp/rclcpp/client.hpp:608:3:[m[K [01;36m[Knote: [m[Kcandidate: ‘[01m[Krclcpp::Client<ServiceT>::FutureAndRequestId rclcpp::Client<ServiceT>::async_send_request(rclcpp::Client<ServiceT>::SharedRequest) [with ServiceT = bumperbot_msgs::srv::AddTwoInt; rclcpp::Client<ServiceT>::SharedRequest = std::shared_ptr<bumperbot_msgs::srv::AddTwoInt_Request_<std::allocator<void> > >][m[K’
[2.132s]   608 |   [01;36m[Kasync_send_request[m[K(SharedRequest request)
[2.132s]       |   [01;36m[K^~~~~~~~~~~~~~~~~~[m[K
[2.153s] [01m[K/opt/ros/humble/include/rclcpp/rclcpp/client.hpp:608:3:[m[K [01;36m[Knote: [m[K  candidate expects 1 argument, 2 provided
[2.154s] [01m[K/home/thinhcuong/bumperbot_ws/src/bumperbot_cpp_examples/src/simple_service_client.cpp:[m[K In member function ‘[01m[Kvoid SimpleServiceClient::responseCallback(rclcpp::Client<bumperbot_msgs::srv::AddTwoInt>::SharedPtr)[m[K’:
[2.154s] [01m[K/home/thinhcuong/bumperbot_ws/src/bumperbot_cpp_examples/src/simple_service_client.cpp:33:24:[m[K [01;31m[Kerror: [m[K‘[01m[Kusing SharedPtr = class std::shared_ptr<rclcpp::Client<bumperbot_msgs::srv::AddTwoInt> >[m[K’ {aka ‘[01m[Kclass std::shared_ptr<rclcpp::Client<bumperbot_msgs::srv::AddTwoInt> >[m[K’} has no member named ‘[01m[Kvalid[m[K’
[2.154s]    33 |             if (future.[01;31m[Kvalid[m[K())
[2.154s]       |                        [01;31m[K^~~~~[m[K
[2.154s] In file included from [01m[K/opt/ros/humble/include/rclcpp/rclcpp/client.hpp:40[m[K,
[2.154s]                  from [01m[K/opt/ros/humble/include/rclcpp/rclcpp/callback_group.hpp:24[m[K,
[2.154s]                  from [01m[K/opt/ros/humble/include/rclcpp/rclcpp/any_executable.hpp:20[m[K,
[2.155s]                  from [01m[K/opt/ros/humble/include/rclcpp/rclcpp/memory_strategy.hpp:25[m[K,
[2.155s]                  from [01m[K/opt/ros/humble/include/rclcpp/rclcpp/memory_strategies.hpp:18[m[K,
[2.155s]                  from [01m[K/opt/ros/humble/include/rclcpp/rclcpp/executor_options.hpp:20[m[K,
[2.155s]                  from [01m[K/opt/ros/humble/include/rclcpp/rclcpp/executor.hpp:37[m[K,
[2.155s]                  from [01m[K/opt/ros/humble/include/rclcpp/rclcpp/executors/multi_threaded_executor.hpp:25[m[K,
[2.155s]                  from [01m[K/opt/ros/humble/include/rclcpp/rclcpp/executors.hpp:21[m[K,
[2.155s]                  from [01m[K/opt/ros/humble/include/rclcpp/rclcpp/rclcpp.hpp:155[m[K,
[2.155s]                  from [01m[K/home/thinhcuong/bumperbot_ws/src/bumperbot_cpp_examples/src/simple_service_client.cpp:1[m[K:
[2.155s] [01m[K/home/thinhcuong/bumperbot_ws/src/bumperbot_cpp_examples/src/simple_service_client.cpp:35:87:[m[K [01;31m[Kerror: [m[K‘[01m[Kusing element_type = std::remove_extent<rclcpp::Client<bumperbot_msgs::srv::AddTwoInt> >::type[m[K’ {aka ‘[01m[Kclass rclcpp::Client<bumperbot_msgs::srv::AddTwoInt>[m[K’} has no member named ‘[01m[Ksum[m[K’
[2.155s]    35 |                 RCLCPP_INFO_STREAM(get_logger(), "Service response " << future.get()->[01;31m[Ksum[m[K);
[2.155s]       |                                                                                       [01;31m[K^~~[m[K
[2.574s] gmake[2]: *** [CMakeFiles/simple_service_client.dir/build.make:76: CMakeFiles/simple_service_client.dir/src/simple_service_client.cpp.o] Error 1
[2.574s] gmake[1]: *** [CMakeFiles/Makefile2:305: CMakeFiles/simple_service_client.dir/all] Error 2
[2.574s] gmake: *** [Makefile:146: all] Error 2
[2.576s] Invoked command in '/home/thinhcuong/bumperbot_ws/build/bumperbot_cpp_examples' returned '2': AMENT_PREFIX_PATH=/home/thinhcuong/bumperbot_ws/install/bumperbot_msgs:${AMENT_PREFIX_PATH} CMAKE_PREFIX_PATH=/home/thinhcuong/bumperbot_ws/install/bumperbot_msgs:/opt/ros/humble LD_LIBRARY_PATH=/home/thinhcuong/bumperbot_ws/install/bumperbot_msgs/lib:${LD_LIBRARY_PATH} PYTHONPATH=/home/thinhcuong/bumperbot_ws/install/bumperbot_msgs/local/lib/python3.10/dist-packages:${PYTHONPATH} /usr/bin/cmake --build /home/thinhcuong/bumperbot_ws/build/bumperbot_cpp_examples -- -j12 -l12
