[0.012s] Invoking command in '/home/thinhcuong/bumperbot_ws/build/bumperbot_controller': /usr/bin/cmake --build /home/thinhcuong/bumperbot_ws/build/bumperbot_controller -- -j12 -l12
[0.185s] Invoked command in '/home/thinhcuong/bumperbot_ws/build/bumperbot_controller' returned '0': /usr/bin/cmake --build /home/thinhcuong/bumperbot_ws/build/bumperbot_controller -- -j12 -l12
[0.210s] Invoking command in '/home/thinhcuong/bumperbot_ws/build/bumperbot_controller': /usr/bin/cmake --install /home/thinhcuong/bumperbot_ws/build/bumperbot_controller
[0.218s] -- Install configuration: ""
[0.218s] -- Up-to-date: /home/thinhcuong/bumperbot_ws/install/bumperbot_controller/share/bumperbot_controller/config
[0.218s] -- Up-to-date: /home/thinhcuong/bumperbot_ws/install/bumperbot_controller/share/bumperbot_controller/config/bumerpbot_controllers.yaml
[0.219s] -- Up-to-date: /home/thinhcuong/bumperbot_ws/install/bumperbot_controller/share/ament_index/resource_index/package_run_dependencies/bumperbot_controller
[0.219s] -- Up-to-date: /home/thinhcuong/bumperbot_ws/install/bumperbot_controller/share/ament_index/resource_index/parent_prefix_path/bumperbot_controller
[0.219s] -- Up-to-date: /home/thinhcuong/bumperbot_ws/install/bumperbot_controller/share/bumperbot_controller/environment/ament_prefix_path.sh
[0.219s] -- Up-to-date: /home/thinhcuong/bumperbot_ws/install/bumperbot_controller/share/bumperbot_controller/environment/ament_prefix_path.dsv
[0.219s] -- Up-to-date: /home/thinhcuong/bumperbot_ws/install/bumperbot_controller/share/bumperbot_controller/environment/path.sh
[0.219s] -- Up-to-date: /home/thinhcuong/bumperbot_ws/install/bumperbot_controller/share/bumperbot_controller/environment/path.dsv
[0.219s] -- Up-to-date: /home/thinhcuong/bumperbot_ws/install/bumperbot_controller/share/bumperbot_controller/local_setup.bash
[0.219s] -- Up-to-date: /home/thinhcuong/bumperbot_ws/install/bumperbot_controller/share/bumperbot_controller/local_setup.sh
[0.220s] -- Up-to-date: /home/thinhcuong/bumperbot_ws/install/bumperbot_controller/share/bumperbot_controller/local_setup.zsh
[0.220s] -- Up-to-date: /home/thinhcuong/bumperbot_ws/install/bumperbot_controller/share/bumperbot_controller/local_setup.dsv
[0.220s] -- Installing: /home/thinhcuong/bumperbot_ws/install/bumperbot_controller/share/bumperbot_controller/package.dsv
[0.220s] -- Up-to-date: /home/thinhcuong/bumperbot_ws/install/bumperbot_controller/share/ament_index/resource_index/packages/bumperbot_controller
[0.220s] -- Up-to-date: /home/thinhcuong/bumperbot_ws/install/bumperbot_controller/share/bumperbot_controller/cmake/bumperbot_controllerConfig.cmake
[0.220s] -- Up-to-date: /home/thinhcuong/bumperbot_ws/install/bumperbot_controller/share/bumperbot_controller/cmake/bumperbot_controllerConfig-version.cmake
[0.220s] -- Up-to-date: /home/thinhcuong/bumperbot_ws/install/bumperbot_controller/share/bumperbot_controller/package.xml
[0.233s] Invoked command in '/home/thinhcuong/bumperbot_ws/build/bumperbot_controller' returned '0': /usr/bin/cmake --install /home/thinhcuong/bumperbot_ws/build/bumperbot_controller
