[33mCMake Warning at CMakeLists.txt:17 (find_package):
  By not providing "Findchrono.cmake" in CMAKE_MODULE_PATH this project has
  asked CMake to find a package configuration file provided by "chrono", but
  CMake did not find one.

  Could not find a package configuration file provided by "chrono" with any
  of the following names:

    chronoConfig.cmake
    chrono-config.cmake

  Add the installation prefix of "chrono" to CMAKE_PREFIX_PATH or set
  "chrono_DIR" to a directory containing one of the above files.  If "chrono"
  provides a separate development package or SDK, be sure it has been
  installed.

[0m
[31mCMake Error at /opt/ros/humble/share/ament_cmake_target_dependencies/cmake/ament_target_dependencies.cmake:77 (message):
  ament_target_dependencies() the passed package name 'chrono' was not found
  before
Call Stack (most recent call first):
  CMakeLists.txt:41 (ament_target_dependencies)

[0m
gmake: *** [Makefile:472: cmake_check_build_system] Error 1
