-- Found ament_cmake: 1.3.8 (/opt/ros/humble/share/ament_cmake/cmake)
-- Found rclcpp: 16.0.8 (/opt/ros/humble/share/rclcpp/cmake)
-- Found rosidl_generator_c: 3.1.5 (/opt/ros/humble/share/rosidl_generator_c/cmake)
-- Found rosidl_adapter: 3.1.5 (/opt/ros/humble/share/rosidl_adapter/cmake)
-- Found rosidl_generator_cpp: 3.1.5 (/opt/ros/humble/share/rosidl_generator_cpp/cmake)
-- Using all available rosidl_typesupport_c: rosidl_typesupport_fastrtps_c;rosidl_typesupport_introspection_c
-- Using all available rosidl_typesupport_cpp: rosidl_typesupport_fastrtps_cpp;rosidl_typesupport_introspection_cpp
-- Found rmw_implementation_cmake: 6.1.1 (/opt/ros/humble/share/rmw_implementation_cmake/cmake)
-- Found rmw_fastrtps_cpp: 6.2.6 (/opt/ros/humble/share/rmw_fastrtps_cpp/cmake)
-- Using RMW implementation 'rmw_fastrtps_cpp' as default
-- Found turtlesim: 1.4.2 (/opt/ros/humble/share/turtlesim/cmake)
-- Found geometry_msgs: 4.2.3 (/opt/ros/humble/share/geometry_msgs/cmake)
-- Found tf2_ros: 0.25.6 (/opt/ros/humble/share/tf2_ros/cmake)
-- Found bumperbot_msgs: 0.0.0 (/home/thinhcuong/bumperbot_ws/install/bumperbot_msgs/share/bumperbot_msgs/cmake)
[33mCMake Warning at CMakeLists.txt:17 (find_package):
  By not providing "Findchrono.cmake" in CMAKE_MODULE_PATH this project has
  asked CMake to find a package configuration file provided by "chrono", but
  CMake did not find one.

  Could not find a package configuration file provided by "chrono" with any
  of the following names:

    chronoConfig.cmake
    chrono-config.cmake

  Add the installation prefix of "chrono" to CMAKE_PREFIX_PATH or set
  "chrono_DIR" to a directory containing one of the above files.  If "chrono"
  provides a separate development package or SDK, be sure it has been
  installed.

[0m
[31mCMake Error at /opt/ros/humble/share/ament_cmake_target_dependencies/cmake/ament_target_dependencies.cmake:77 (message):
  ament_target_dependencies() the passed package name 'chrono' was not found
  before
Call Stack (most recent call first):
  CMakeLists.txt:41 (ament_target_dependencies)

[0m
-- Configuring incomplete, errors occurred!
See also "/home/thinhcuong/bumperbot_ws/build/bumperbot_cpp_examples/CMakeFiles/CMakeOutput.log".
gmake: *** [Makefile:472: cmake_check_build_system] Error 1
