[0.095s] Invoking command in '/home/thinhcuong/bumperbot_ws/src/build/bumperbot_description': CMAKE_PREFIX_PATH=/opt/ros/humble /usr/bin/cmake /home/thinhcuong/bumperbot_ws/src/bumperbot_description -DCMAKE_INSTALL_PREFIX=/home/thinhcuong/bumperbot_ws/src/install/bumperbot_description
[0.174s] -- The C compiler identification is GNU 11.4.0
[0.242s] -- The CXX compiler identification is GNU 11.4.0
[0.252s] -- Detecting C compiler ABI info
[0.314s] -- Detecting C compiler ABI info - done
[0.319s] -- Check for working C compiler: /usr/bin/cc - skipped
[0.320s] -- Detecting C compile features
[0.320s] -- Detecting C compile features - done
[0.323s] -- Detecting CXX compiler ABI info
[0.392s] -- Detecting CXX compiler ABI info - done
[0.397s] -- Check for working CXX compiler: /usr/bin/c++ - skipped
[0.397s] -- Detecting CXX compile features
[0.397s] -- Detecting CXX compile features - done
[0.401s] -- Found ament_cmake: 1.3.7 (/opt/ros/humble/share/ament_cmake/cmake)
[0.534s] -- Found Python3: /usr/bin/python3.10 (found version "3.10.12") found components: Interpreter 
[0.617s] -- Found ament_lint_auto: 0.12.10 (/opt/ros/humble/share/ament_lint_auto/cmake)
[0.683s] -- Added test 'lint_cmake' to check CMake code style
[0.685s] -- Added test 'xmllint' to check XML markup files
[0.686s] -- Configuring done
[0.689s] -- Generating done
[0.689s] -- Build files have been written to: /home/thinhcuong/bumperbot_ws/src/build/bumperbot_description
[0.693s] Invoked command in '/home/thinhcuong/bumperbot_ws/src/build/bumperbot_description' returned '0': CMAKE_PREFIX_PATH=/opt/ros/humble /usr/bin/cmake /home/thinhcuong/bumperbot_ws/src/bumperbot_description -DCMAKE_INSTALL_PREFIX=/home/thinhcuong/bumperbot_ws/src/install/bumperbot_description
[0.695s] Invoking command in '/home/thinhcuong/bumperbot_ws/src/build/bumperbot_description': CMAKE_PREFIX_PATH=/opt/ros/humble /usr/bin/cmake --build /home/thinhcuong/bumperbot_ws/src/build/bumperbot_description -- -j12 -l12
[0.729s] Invoked command in '/home/thinhcuong/bumperbot_ws/src/build/bumperbot_description' returned '0': CMAKE_PREFIX_PATH=/opt/ros/humble /usr/bin/cmake --build /home/thinhcuong/bumperbot_ws/src/build/bumperbot_description -- -j12 -l12
[0.750s] Invoking command in '/home/thinhcuong/bumperbot_ws/src/build/bumperbot_description': CMAKE_PREFIX_PATH=/opt/ros/humble /usr/bin/cmake --install /home/thinhcuong/bumperbot_ws/src/build/bumperbot_description
[0.756s] -- Install configuration: ""
[0.757s] -- Installing: /home/thinhcuong/bumperbot_ws/src/install/bumperbot_description/share/bumperbot_description/meshes
[0.757s] -- Installing: /home/thinhcuong/bumperbot_ws/src/install/bumperbot_description/share/bumperbot_description/meshes/imu_link.STL
[0.757s] -- Installing: /home/thinhcuong/bumperbot_ws/src/install/bumperbot_description/share/bumperbot_description/meshes/caster_rear_link.STL
[0.758s] -- Installing: /home/thinhcuong/bumperbot_ws/src/install/bumperbot_description/share/bumperbot_description/meshes/wheel_left_link.STL
[0.759s] -- Installing: /home/thinhcuong/bumperbot_ws/src/install/bumperbot_description/share/bumperbot_description/meshes/caster_front_link.STL
[0.760s] -- Installing: /home/thinhcuong/bumperbot_ws/src/install/bumperbot_description/share/bumperbot_description/meshes/base_link.STL
[0.778s] -- Installing: /home/thinhcuong/bumperbot_ws/src/install/bumperbot_description/share/bumperbot_description/meshes/wheel_right_link.STL
[0.779s] -- Installing: /home/thinhcuong/bumperbot_ws/src/install/bumperbot_description/share/bumperbot_description/urdf
[0.779s] -- Installing: /home/thinhcuong/bumperbot_ws/src/install/bumperbot_description/share/bumperbot_description/urdf/bumperbot.urdf.xacro
[0.779s] -- Installing: /home/thinhcuong/bumperbot_ws/src/install/bumperbot_description/share/ament_index/resource_index/package_run_dependencies/bumperbot_description
[0.780s] -- Installing: /home/thinhcuong/bumperbot_ws/src/install/bumperbot_description/share/ament_index/resource_index/parent_prefix_path/bumperbot_description
[0.780s] -- Installing: /home/thinhcuong/bumperbot_ws/src/install/bumperbot_description/share/bumperbot_description/environment/ament_prefix_path.sh
[0.780s] -- Installing: /home/thinhcuong/bumperbot_ws/src/install/bumperbot_description/share/bumperbot_description/environment/ament_prefix_path.dsv
[0.780s] -- Installing: /home/thinhcuong/bumperbot_ws/src/install/bumperbot_description/share/bumperbot_description/environment/path.sh
[0.780s] -- Installing: /home/thinhcuong/bumperbot_ws/src/install/bumperbot_description/share/bumperbot_description/environment/path.dsv
[0.780s] -- Installing: /home/thinhcuong/bumperbot_ws/src/install/bumperbot_description/share/bumperbot_description/local_setup.bash
[0.781s] -- Installing: /home/thinhcuong/bumperbot_ws/src/install/bumperbot_description/share/bumperbot_description/local_setup.sh
[0.781s] -- Installing: /home/thinhcuong/bumperbot_ws/src/install/bumperbot_description/share/bumperbot_description/local_setup.zsh
[0.781s] -- Installing: /home/thinhcuong/bumperbot_ws/src/install/bumperbot_description/share/bumperbot_description/local_setup.dsv
[0.781s] -- Installing: /home/thinhcuong/bumperbot_ws/src/install/bumperbot_description/share/bumperbot_description/package.dsv
[0.781s] -- Installing: /home/thinhcuong/bumperbot_ws/src/install/bumperbot_description/share/ament_index/resource_index/packages/bumperbot_description
[0.781s] -- Installing: /home/thinhcuong/bumperbot_ws/src/install/bumperbot_description/share/bumperbot_description/cmake/bumperbot_descriptionConfig.cmake
[0.781s] -- Installing: /home/thinhcuong/bumperbot_ws/src/install/bumperbot_description/share/bumperbot_description/cmake/bumperbot_descriptionConfig-version.cmake
[0.782s] -- Installing: /home/thinhcuong/bumperbot_ws/src/install/bumperbot_description/share/bumperbot_description/package.xml
[0.784s] Invoked command in '/home/thinhcuong/bumperbot_ws/src/build/bumperbot_description' returned '0': CMAKE_PREFIX_PATH=/opt/ros/humble /usr/bin/cmake --install /home/thinhcuong/bumperbot_ws/src/build/bumperbot_description
