[0.018s] Invoking command in '/home/thinhcuong/bumperbot_ws/build/bumperbot_msgs': CMAKE_PREFIX_PATH=/opt/ros/humble /usr/bin/cmake /home/thinhcuong/bumperbot_ws/src/bumperbot_msgs -DCMAKE_INSTALL_PREFIX=/home/thinhcuong/bumperbot_ws/install/bumperbot_msgs
[0.028s] -- Found ament_cmake: 1.3.8 (/opt/ros/humble/share/ament_cmake/cmake)
[0.146s] -- Found std_msgs: 4.2.3 (/opt/ros/humble/share/std_msgs/cmake)
[0.166s] -- Found rosidl_generator_c: 3.1.5 (/opt/ros/humble/share/rosidl_generator_c/cmake)
[0.168s] -- Found rosidl_adapter: 3.1.5 (/opt/ros/humble/share/rosidl_adapter/cmake)
[0.173s] -- Found rosidl_generator_cpp: 3.1.5 (/opt/ros/humble/share/rosidl_generator_cpp/cmake)
[0.181s] -- Using all available rosidl_typesupport_c: rosidl_typesupport_fastrtps_c;rosidl_typesupport_introspection_c
[0.193s] -- Using all available rosidl_typesupport_cpp: rosidl_typesupport_fastrtps_cpp;rosidl_typesupport_introspection_cpp
[0.234s] -- Found rosidl_default_generators: 1.2.0 (/opt/ros/humble/share/rosidl_default_generators/cmake)
[0.399s] [31mCMake Error at /opt/ros/humble/share/rosidl_adapter/cmake/rosidl_adapt_interfaces.cmake:59 (message):
[0.399s]   execute_process(/usr/bin/python3 -m rosidl_adapter --package-name
[0.399s]   bumperbot_msgs --arguments-file
[0.399s]   /home/thinhcuong/bumperbot_ws/build/bumperbot_msgs/rosidl_adapter__arguments__$(PROJECT_NAME).json
[0.399s]   --output-dir
[0.400s]   /home/thinhcuong/bumperbot_ws/build/bumperbot_msgs/rosidl_adapter/bumperbot_msgs
[0.400s]   --output-file
[0.400s]   /home/thinhcuong/bumperbot_ws/build/bumperbot_msgs/rosidl_adapter/$(PROJECT_NAME).idls)
[0.400s]   returned error code 1:
[0.400s] 
[0.400s]   Traceback (most recent call last):
[0.400s] 
[0.400s]     File "/usr/lib/python3.10/runpy.py", line 196, in _run_module_as_main
[0.400s]       return _run_code(code, main_globals, None,
[0.400s]     File "/usr/lib/python3.10/runpy.py", line 86, in _run_code
[0.400s]       exec(code, run_globals)
[0.401s]     File "/opt/ros/humble/local/lib/python3.10/dist-packages/rosidl_adapter/__main__.py", line 19, in <module>
[0.401s]       sys.exit(main())
[0.401s]     File "/opt/ros/humble/local/lib/python3.10/dist-packages/rosidl_adapter/main.py", line 53, in main
[0.401s]       abs_idl_file = convert_to_idl(
[0.401s]     File "/opt/ros/humble/local/lib/python3.10/dist-packages/rosidl_adapter/__init__.py", line 24, in convert_to_idl
[0.401s]       return convert_srv_to_idl(
[0.401s]     File "/opt/ros/humble/local/lib/python3.10/dist-packages/rosidl_adapter/srv/__init__.py", line 28, in convert_srv_to_idl
[0.401s]       srv = parse_service_string(package_name, input_file.stem, content)
[0.401s]     File "/opt/ros/humble/local/lib/python3.10/dist-packages/rosidl_adapter/parser.py", line 850, in parse_service_string
[0.401s]       raise InvalidServiceSpecification(
[0.401s] 
[0.401s]   rosidl_adapter.parser.InvalidServiceSpecification: Could not find separator
[0.402s]   '---' between request and response
[0.402s] 
[0.402s] Call Stack (most recent call first):
[0.402s]   /opt/ros/humble/share/rosidl_cmake/cmake/rosidl_generate_interfaces.cmake:130 (rosidl_adapt_interfaces)
[0.402s]   CMakeLists.txt:12 (rosidl_generate_interfaces)
[0.402s] 
[0.403s] [0m
[0.403s] -- Configuring incomplete, errors occurred!
[0.403s] See also "/home/thinhcuong/bumperbot_ws/build/bumperbot_msgs/CMakeFiles/CMakeOutput.log".
[0.410s] Invoked command in '/home/thinhcuong/bumperbot_ws/build/bumperbot_msgs' returned '1': CMAKE_PREFIX_PATH=/opt/ros/humble /usr/bin/cmake /home/thinhcuong/bumperbot_ws/src/bumperbot_msgs -DCMAKE_INSTALL_PREFIX=/home/thinhcuong/bumperbot_ws/install/bumperbot_msgs
