[0.048s] Invoking command in '/home/thinhcuong/bumperbot_ws/build/bumperbot_description': CMAKE_PREFIX_PATH=/opt/ros/humble /usr/bin/cmake --build /home/thinhcuong/bumperbot_ws/build/bumperbot_description -- -j12 -l12
[0.692s] Invoked command in '/home/thinhcuong/bumperbot_ws/build/bumperbot_description' returned '0': CMAKE_PREFIX_PATH=/opt/ros/humble /usr/bin/cmake --build /home/thinhcuong/bumperbot_ws/build/bumperbot_description -- -j12 -l12
[0.773s] Invoking command in '/home/thinhcuong/bumperbot_ws/build/bumperbot_description': CMAKE_PREFIX_PATH=/opt/ros/humble /usr/bin/cmake --install /home/thinhcuong/bumperbot_ws/build/bumperbot_description
[0.797s] -- Install configuration: ""
[0.797s] -- Up-to-date: /home/thinhcuong/bumperbot_ws/install/bumperbot_description/share/bumperbot_description/meshes
[0.798s] -- Up-to-date: /home/thinhcuong/bumperbot_ws/install/bumperbot_description/share/bumperbot_description/meshes/imu_link.STL
[0.798s] -- Up-to-date: /home/thinhcuong/bumperbot_ws/install/bumperbot_description/share/bumperbot_description/meshes/caster_rear_link.STL
[0.798s] -- Up-to-date: /home/thinhcuong/bumperbot_ws/install/bumperbot_description/share/bumperbot_description/meshes/wheel_left_link.STL
[0.799s] -- Up-to-date: /home/thinhcuong/bumperbot_ws/install/bumperbot_description/share/bumperbot_description/meshes/caster_front_link.STL
[0.799s] -- Up-to-date: /home/thinhcuong/bumperbot_ws/install/bumperbot_description/share/bumperbot_description/meshes/base_link.STL
[0.799s] -- Up-to-date: /home/thinhcuong/bumperbot_ws/install/bumperbot_description/share/bumperbot_description/meshes/wheel_right_link.STL
[0.799s] -- Up-to-date: /home/thinhcuong/bumperbot_ws/install/bumperbot_description/share/bumperbot_description/urdf
[0.800s] -- Up-to-date: /home/thinhcuong/bumperbot_ws/install/bumperbot_description/share/bumperbot_description/urdf/bumperbot.urdf.xacro
[0.800s] -- Up-to-date: /home/thinhcuong/bumperbot_ws/install/bumperbot_description/share/bumperbot_description/urdf/bumperbot_gazebo.xacro
[0.800s] -- Up-to-date: /home/thinhcuong/bumperbot_ws/install/bumperbot_description/share/bumperbot_description/urdf/bumperbot_ros2_control.xacro
[0.800s] -- Up-to-date: /home/thinhcuong/bumperbot_ws/install/bumperbot_description/share/bumperbot_description/launch
[0.802s] -- Up-to-date: /home/thinhcuong/bumperbot_ws/install/bumperbot_description/share/bumperbot_description/launch/display.launch.py
[0.802s] -- Up-to-date: /home/thinhcuong/bumperbot_ws/install/bumperbot_description/share/bumperbot_description/launch/gazebo.launch.py
[0.803s] -- Up-to-date: /home/thinhcuong/bumperbot_ws/install/bumperbot_description/share/bumperbot_description/rviz
[0.804s] -- Up-to-date: /home/thinhcuong/bumperbot_ws/install/bumperbot_description/share/bumperbot_description/rviz/display.rviz
[0.804s] -- Up-to-date: /home/thinhcuong/bumperbot_ws/install/bumperbot_description/share/ament_index/resource_index/package_run_dependencies/bumperbot_description
[0.805s] -- Up-to-date: /home/thinhcuong/bumperbot_ws/install/bumperbot_description/share/ament_index/resource_index/parent_prefix_path/bumperbot_description
[0.805s] -- Up-to-date: /home/thinhcuong/bumperbot_ws/install/bumperbot_description/share/bumperbot_description/environment/ament_prefix_path.sh
[0.805s] -- Up-to-date: /home/thinhcuong/bumperbot_ws/install/bumperbot_description/share/bumperbot_description/environment/ament_prefix_path.dsv
[0.805s] -- Up-to-date: /home/thinhcuong/bumperbot_ws/install/bumperbot_description/share/bumperbot_description/environment/path.sh
[0.805s] -- Up-to-date: /home/thinhcuong/bumperbot_ws/install/bumperbot_description/share/bumperbot_description/environment/path.dsv
[0.805s] -- Up-to-date: /home/thinhcuong/bumperbot_ws/install/bumperbot_description/share/bumperbot_description/local_setup.bash
[0.806s] -- Up-to-date: /home/thinhcuong/bumperbot_ws/install/bumperbot_description/share/bumperbot_description/local_setup.sh
[0.806s] -- Up-to-date: /home/thinhcuong/bumperbot_ws/install/bumperbot_description/share/bumperbot_description/local_setup.zsh
[0.806s] -- Up-to-date: /home/thinhcuong/bumperbot_ws/install/bumperbot_description/share/bumperbot_description/local_setup.dsv
[0.806s] -- Installing: /home/thinhcuong/bumperbot_ws/install/bumperbot_description/share/bumperbot_description/package.dsv
[0.807s] -- Up-to-date: /home/thinhcuong/bumperbot_ws/install/bumperbot_description/share/ament_index/resource_index/packages/bumperbot_description
[0.807s] -- Up-to-date: /home/thinhcuong/bumperbot_ws/install/bumperbot_description/share/bumperbot_description/cmake/bumperbot_descriptionConfig.cmake
[0.807s] -- Up-to-date: /home/thinhcuong/bumperbot_ws/install/bumperbot_description/share/bumperbot_description/cmake/bumperbot_descriptionConfig-version.cmake
[0.808s] -- Up-to-date: /home/thinhcuong/bumperbot_ws/install/bumperbot_description/share/bumperbot_description/package.xml
[0.837s] Invoked command in '/home/thinhcuong/bumperbot_ws/build/bumperbot_description' returned '0': CMAKE_PREFIX_PATH=/opt/ros/humble /usr/bin/cmake --install /home/thinhcuong/bumperbot_ws/build/bumperbot_description
