[1.064s] DEBUG:colcon:Command line arguments: ['/usr/bin/colcon', 'build']
[1.065s] DEBUG:colcon:Parsed command line arguments: Namespace(log_base=None, log_level=None, verb_name='build', build_base='build', install_base='install', merge_install=False, symlink_install=False, test_result_base=None, continue_on_error=False, executor='parallel', parallel_workers=12, event_handlers=None, ignore_user_meta=False, metas=['./colcon.meta'], base_paths=['.'], packages_ignore=None, packages_ignore_regex=None, paths=None, packages_up_to=None, packages_up_to_regex=None, packages_above=None, packages_above_and_dependencies=None, packages_above_depth=None, packages_select_by_dep=None, packages_skip_by_dep=None, packages_skip_up_to=None, packages_select_build_failed=False, packages_skip_build_finished=False, packages_select_test_failures=False, packages_skip_test_passed=False, packages_select=None, packages_skip=None, packages_select_regex=None, packages_skip_regex=None, packages_start=None, packages_end=None, allow_overriding=[], cmake_args=None, cmake_target=None, cmake_target_skip_unavailable=False, cmake_clean_cache=False, cmake_clean_first=False, cmake_force_configure=False, ament_cmake_args=None, catkin_cmake_args=None, catkin_skip_building_tests=False, verb_parser=<colcon_defaults.argument_parser.defaults.DefaultArgumentsDecorator object at 0x7b18412d7790>, verb_extension=<colcon_core.verb.build.BuildVerb object at 0x7b184122b490>, main=<bound method BuildVerb.main of <colcon_core.verb.build.BuildVerb object at 0x7b184122b490>>)
[1.122s] Level 1:colcon.colcon_core.package_discovery:discover_packages(colcon_meta) check parameters
[1.122s] Level 1:colcon.colcon_core.package_discovery:discover_packages(recursive) check parameters
[1.122s] Level 1:colcon.colcon_core.package_discovery:discover_packages(ignore) check parameters
[1.122s] Level 1:colcon.colcon_core.package_discovery:discover_packages(path) check parameters
[1.122s] Level 1:colcon.colcon_core.package_discovery:discover_packages(colcon_meta) discover
[1.122s] Level 1:colcon.colcon_core.package_discovery:discover_packages(recursive) discover
[1.122s] INFO:colcon.colcon_core.package_discovery:Crawling recursively for packages in '/home/thinhcuong/bumperbot_ws'
[1.122s] Level 1:colcon.colcon_core.package_identification:_identify(.) by extensions ['ignore', 'ignore_ament_install']
[1.123s] Level 1:colcon.colcon_core.package_identification:_identify(.) by extension 'ignore'
[1.123s] Level 1:colcon.colcon_core.package_identification:_identify(.) by extension 'ignore_ament_install'
[1.123s] Level 1:colcon.colcon_core.package_identification:_identify(.) by extensions ['colcon_pkg']
[1.123s] Level 1:colcon.colcon_core.package_identification:_identify(.) by extension 'colcon_pkg'
[1.123s] Level 1:colcon.colcon_core.package_identification:_identify(.) by extensions ['colcon_meta']
[1.123s] Level 1:colcon.colcon_core.package_identification:_identify(.) by extension 'colcon_meta'
[1.123s] Level 1:colcon.colcon_core.package_identification:_identify(.) by extensions ['ros']
[1.123s] Level 1:colcon.colcon_core.package_identification:_identify(.) by extension 'ros'
[1.132s] Level 1:colcon.colcon_core.package_identification:_identify(.) by extensions ['cmake', 'python']
[1.132s] Level 1:colcon.colcon_core.package_identification:_identify(.) by extension 'cmake'
[1.132s] Level 1:colcon.colcon_core.package_identification:_identify(.) by extension 'python'
[1.132s] Level 1:colcon.colcon_core.package_identification:_identify(.) by extensions ['python_setup_py']
[1.132s] Level 1:colcon.colcon_core.package_identification:_identify(.) by extension 'python_setup_py'
[1.132s] Level 1:colcon.colcon_core.package_identification:_identify(build) by extensions ['ignore', 'ignore_ament_install']
[1.132s] Level 1:colcon.colcon_core.package_identification:_identify(build) by extension 'ignore'
[1.132s] Level 1:colcon.colcon_core.package_identification:_identify(build) ignored
[1.132s] Level 1:colcon.colcon_core.package_identification:_identify(install) by extensions ['ignore', 'ignore_ament_install']
[1.132s] Level 1:colcon.colcon_core.package_identification:_identify(install) by extension 'ignore'
[1.132s] Level 1:colcon.colcon_core.package_identification:_identify(install) ignored
[1.133s] Level 1:colcon.colcon_core.package_identification:_identify(log) by extensions ['ignore', 'ignore_ament_install']
[1.133s] Level 1:colcon.colcon_core.package_identification:_identify(log) by extension 'ignore'
[1.133s] Level 1:colcon.colcon_core.package_identification:_identify(log) ignored
[1.133s] Level 1:colcon.colcon_core.package_identification:_identify(src) by extensions ['ignore', 'ignore_ament_install']
[1.133s] Level 1:colcon.colcon_core.package_identification:_identify(src) by extension 'ignore'
[1.133s] Level 1:colcon.colcon_core.package_identification:_identify(src) by extension 'ignore_ament_install'
[1.133s] Level 1:colcon.colcon_core.package_identification:_identify(src) by extensions ['colcon_pkg']
[1.133s] Level 1:colcon.colcon_core.package_identification:_identify(src) by extension 'colcon_pkg'
[1.133s] Level 1:colcon.colcon_core.package_identification:_identify(src) by extensions ['colcon_meta']
[1.133s] Level 1:colcon.colcon_core.package_identification:_identify(src) by extension 'colcon_meta'
[1.133s] Level 1:colcon.colcon_core.package_identification:_identify(src) by extensions ['ros']
[1.133s] Level 1:colcon.colcon_core.package_identification:_identify(src) by extension 'ros'
[1.133s] Level 1:colcon.colcon_core.package_identification:_identify(src) by extensions ['cmake', 'python']
[1.133s] Level 1:colcon.colcon_core.package_identification:_identify(src) by extension 'cmake'
[1.133s] Level 1:colcon.colcon_core.package_identification:_identify(src) by extension 'python'
[1.133s] Level 1:colcon.colcon_core.package_identification:_identify(src) by extensions ['python_setup_py']
[1.133s] Level 1:colcon.colcon_core.package_identification:_identify(src) by extension 'python_setup_py'
[1.134s] Level 1:colcon.colcon_core.package_identification:_identify(src/build) by extensions ['ignore', 'ignore_ament_install']
[1.134s] Level 1:colcon.colcon_core.package_identification:_identify(src/build) by extension 'ignore'
[1.134s] Level 1:colcon.colcon_core.package_identification:_identify(src/build) ignored
[1.134s] Level 1:colcon.colcon_core.package_identification:_identify(src/bumperbot_cpp_examples) by extensions ['ignore', 'ignore_ament_install']
[1.134s] Level 1:colcon.colcon_core.package_identification:_identify(src/bumperbot_cpp_examples) by extension 'ignore'
[1.134s] Level 1:colcon.colcon_core.package_identification:_identify(src/bumperbot_cpp_examples) by extension 'ignore_ament_install'
[1.134s] Level 1:colcon.colcon_core.package_identification:_identify(src/bumperbot_cpp_examples) by extensions ['colcon_pkg']
[1.134s] Level 1:colcon.colcon_core.package_identification:_identify(src/bumperbot_cpp_examples) by extension 'colcon_pkg'
[1.134s] Level 1:colcon.colcon_core.package_identification:_identify(src/bumperbot_cpp_examples) by extensions ['colcon_meta']
[1.134s] Level 1:colcon.colcon_core.package_identification:_identify(src/bumperbot_cpp_examples) by extension 'colcon_meta'
[1.134s] Level 1:colcon.colcon_core.package_identification:_identify(src/bumperbot_cpp_examples) by extensions ['ros']
[1.134s] Level 1:colcon.colcon_core.package_identification:_identify(src/bumperbot_cpp_examples) by extension 'ros'
[1.137s] DEBUG:colcon.colcon_core.package_identification:Package 'src/bumperbot_cpp_examples' with type 'ros.ament_cmake' and name 'bumperbot_cpp_examples'
[1.137s] Level 1:colcon.colcon_core.package_identification:_identify(src/bumperbot_description) by extensions ['ignore', 'ignore_ament_install']
[1.137s] Level 1:colcon.colcon_core.package_identification:_identify(src/bumperbot_description) by extension 'ignore'
[1.137s] Level 1:colcon.colcon_core.package_identification:_identify(src/bumperbot_description) by extension 'ignore_ament_install'
[1.137s] Level 1:colcon.colcon_core.package_identification:_identify(src/bumperbot_description) by extensions ['colcon_pkg']
[1.137s] Level 1:colcon.colcon_core.package_identification:_identify(src/bumperbot_description) by extension 'colcon_pkg'
[1.137s] Level 1:colcon.colcon_core.package_identification:_identify(src/bumperbot_description) by extensions ['colcon_meta']
[1.137s] Level 1:colcon.colcon_core.package_identification:_identify(src/bumperbot_description) by extension 'colcon_meta'
[1.137s] Level 1:colcon.colcon_core.package_identification:_identify(src/bumperbot_description) by extensions ['ros']
[1.137s] Level 1:colcon.colcon_core.package_identification:_identify(src/bumperbot_description) by extension 'ros'
[1.138s] DEBUG:colcon.colcon_core.package_identification:Package 'src/bumperbot_description' with type 'ros.ament_cmake' and name 'bumperbot_description'
[1.138s] Level 1:colcon.colcon_core.package_identification:_identify(src/bumperbot_py_examples) by extensions ['ignore', 'ignore_ament_install']
[1.138s] Level 1:colcon.colcon_core.package_identification:_identify(src/bumperbot_py_examples) by extension 'ignore'
[1.138s] Level 1:colcon.colcon_core.package_identification:_identify(src/bumperbot_py_examples) by extension 'ignore_ament_install'
[1.138s] Level 1:colcon.colcon_core.package_identification:_identify(src/bumperbot_py_examples) by extensions ['colcon_pkg']
[1.138s] Level 1:colcon.colcon_core.package_identification:_identify(src/bumperbot_py_examples) by extension 'colcon_pkg'
[1.139s] Level 1:colcon.colcon_core.package_identification:_identify(src/bumperbot_py_examples) by extensions ['colcon_meta']
[1.139s] Level 1:colcon.colcon_core.package_identification:_identify(src/bumperbot_py_examples) by extension 'colcon_meta'
[1.139s] Level 1:colcon.colcon_core.package_identification:_identify(src/bumperbot_py_examples) by extensions ['ros']
[1.139s] Level 1:colcon.colcon_core.package_identification:_identify(src/bumperbot_py_examples) by extension 'ros'
[1.139s] DEBUG:colcon.colcon_core.package_identification:Package 'src/bumperbot_py_examples' with type 'ros.ament_python' and name 'bumperbot_py_examples'
[1.140s] Level 1:colcon.colcon_core.package_identification:_identify(src/install) by extensions ['ignore', 'ignore_ament_install']
[1.140s] Level 1:colcon.colcon_core.package_identification:_identify(src/install) by extension 'ignore'
[1.140s] Level 1:colcon.colcon_core.package_identification:_identify(src/install) ignored
[1.140s] Level 1:colcon.colcon_core.package_identification:_identify(src/log) by extensions ['ignore', 'ignore_ament_install']
[1.140s] Level 1:colcon.colcon_core.package_identification:_identify(src/log) by extension 'ignore'
[1.140s] Level 1:colcon.colcon_core.package_identification:_identify(src/log) ignored
[1.140s] Level 1:colcon.colcon_core.package_discovery:discover_packages(recursive) using defaults
[1.140s] Level 1:colcon.colcon_core.package_discovery:discover_packages(ignore) discover
[1.140s] Level 1:colcon.colcon_core.package_discovery:discover_packages(ignore) using defaults
[1.140s] Level 1:colcon.colcon_core.package_discovery:discover_packages(path) discover
[1.140s] Level 1:colcon.colcon_core.package_discovery:discover_packages(path) using defaults
[1.223s] Level 1:colcon.colcon_core.package_discovery:discover_packages(prefix_path) check parameters
[1.223s] Level 1:colcon.colcon_core.package_discovery:discover_packages(prefix_path) discover
[1.250s] DEBUG:colcon.colcon_installed_package_information.package_discovery:Found 329 installed packages in /opt/ros/humble
[1.251s] Level 1:colcon.colcon_core.package_discovery:discover_packages(prefix_path) using defaults
[1.334s] Level 5:colcon.colcon_core.verb:set package 'bumperbot_cpp_examples' build argument 'cmake_args' from command line to 'None'
[1.334s] Level 5:colcon.colcon_core.verb:set package 'bumperbot_cpp_examples' build argument 'cmake_target' from command line to 'None'
[1.334s] Level 5:colcon.colcon_core.verb:set package 'bumperbot_cpp_examples' build argument 'cmake_target_skip_unavailable' from command line to 'False'
[1.335s] Level 5:colcon.colcon_core.verb:set package 'bumperbot_cpp_examples' build argument 'cmake_clean_cache' from command line to 'False'
[1.335s] Level 5:colcon.colcon_core.verb:set package 'bumperbot_cpp_examples' build argument 'cmake_clean_first' from command line to 'False'
[1.335s] Level 5:colcon.colcon_core.verb:set package 'bumperbot_cpp_examples' build argument 'cmake_force_configure' from command line to 'False'
[1.335s] Level 5:colcon.colcon_core.verb:set package 'bumperbot_cpp_examples' build argument 'ament_cmake_args' from command line to 'None'
[1.335s] Level 5:colcon.colcon_core.verb:set package 'bumperbot_cpp_examples' build argument 'catkin_cmake_args' from command line to 'None'
[1.335s] Level 5:colcon.colcon_core.verb:set package 'bumperbot_cpp_examples' build argument 'catkin_skip_building_tests' from command line to 'False'
[1.335s] DEBUG:colcon.colcon_core.verb:Building package 'bumperbot_cpp_examples' with the following arguments: {'ament_cmake_args': None, 'build_base': '/home/thinhcuong/bumperbot_ws/build/bumperbot_cpp_examples', 'catkin_cmake_args': None, 'catkin_skip_building_tests': False, 'cmake_args': None, 'cmake_clean_cache': False, 'cmake_clean_first': False, 'cmake_force_configure': False, 'cmake_target': None, 'cmake_target_skip_unavailable': False, 'install_base': '/home/thinhcuong/bumperbot_ws/install/bumperbot_cpp_examples', 'merge_install': False, 'path': '/home/thinhcuong/bumperbot_ws/src/bumperbot_cpp_examples', 'symlink_install': False, 'test_result_base': None}
[1.347s] Level 5:colcon.colcon_core.verb:set package 'bumperbot_description' build argument 'cmake_args' from command line to 'None'
[1.347s] Level 5:colcon.colcon_core.verb:set package 'bumperbot_description' build argument 'cmake_target' from command line to 'None'
[1.347s] Level 5:colcon.colcon_core.verb:set package 'bumperbot_description' build argument 'cmake_target_skip_unavailable' from command line to 'False'
[1.347s] Level 5:colcon.colcon_core.verb:set package 'bumperbot_description' build argument 'cmake_clean_cache' from command line to 'False'
[1.347s] Level 5:colcon.colcon_core.verb:set package 'bumperbot_description' build argument 'cmake_clean_first' from command line to 'False'
[1.347s] Level 5:colcon.colcon_core.verb:set package 'bumperbot_description' build argument 'cmake_force_configure' from command line to 'False'
[1.347s] Level 5:colcon.colcon_core.verb:set package 'bumperbot_description' build argument 'ament_cmake_args' from command line to 'None'
[1.347s] Level 5:colcon.colcon_core.verb:set package 'bumperbot_description' build argument 'catkin_cmake_args' from command line to 'None'
[1.347s] Level 5:colcon.colcon_core.verb:set package 'bumperbot_description' build argument 'catkin_skip_building_tests' from command line to 'False'
[1.347s] DEBUG:colcon.colcon_core.verb:Building package 'bumperbot_description' with the following arguments: {'ament_cmake_args': None, 'build_base': '/home/thinhcuong/bumperbot_ws/build/bumperbot_description', 'catkin_cmake_args': None, 'catkin_skip_building_tests': False, 'cmake_args': None, 'cmake_clean_cache': False, 'cmake_clean_first': False, 'cmake_force_configure': False, 'cmake_target': None, 'cmake_target_skip_unavailable': False, 'install_base': '/home/thinhcuong/bumperbot_ws/install/bumperbot_description', 'merge_install': False, 'path': '/home/thinhcuong/bumperbot_ws/src/bumperbot_description', 'symlink_install': False, 'test_result_base': None}
[1.359s] Level 5:colcon.colcon_core.verb:set package 'bumperbot_py_examples' build argument 'cmake_args' from command line to 'None'
[1.359s] Level 5:colcon.colcon_core.verb:set package 'bumperbot_py_examples' build argument 'cmake_target' from command line to 'None'
[1.359s] Level 5:colcon.colcon_core.verb:set package 'bumperbot_py_examples' build argument 'cmake_target_skip_unavailable' from command line to 'False'
[1.359s] Level 5:colcon.colcon_core.verb:set package 'bumperbot_py_examples' build argument 'cmake_clean_cache' from command line to 'False'
[1.359s] Level 5:colcon.colcon_core.verb:set package 'bumperbot_py_examples' build argument 'cmake_clean_first' from command line to 'False'
[1.359s] Level 5:colcon.colcon_core.verb:set package 'bumperbot_py_examples' build argument 'cmake_force_configure' from command line to 'False'
[1.360s] Level 5:colcon.colcon_core.verb:set package 'bumperbot_py_examples' build argument 'ament_cmake_args' from command line to 'None'
[1.360s] Level 5:colcon.colcon_core.verb:set package 'bumperbot_py_examples' build argument 'catkin_cmake_args' from command line to 'None'
[1.360s] Level 5:colcon.colcon_core.verb:set package 'bumperbot_py_examples' build argument 'catkin_skip_building_tests' from command line to 'False'
[1.360s] DEBUG:colcon.colcon_core.verb:Building package 'bumperbot_py_examples' with the following arguments: {'ament_cmake_args': None, 'build_base': '/home/thinhcuong/bumperbot_ws/build/bumperbot_py_examples', 'catkin_cmake_args': None, 'catkin_skip_building_tests': False, 'cmake_args': None, 'cmake_clean_cache': False, 'cmake_clean_first': False, 'cmake_force_configure': False, 'cmake_target': None, 'cmake_target_skip_unavailable': False, 'install_base': '/home/thinhcuong/bumperbot_ws/install/bumperbot_py_examples', 'merge_install': False, 'path': '/home/thinhcuong/bumperbot_ws/src/bumperbot_py_examples', 'symlink_install': False, 'test_result_base': None}
[1.372s] INFO:colcon.colcon_core.executor:Executing jobs using 'parallel' executor
[1.384s] DEBUG:colcon.colcon_parallel_executor.executor.parallel:run_until_complete
[1.384s] INFO:colcon.colcon_ros.task.ament_cmake.build:Building ROS package in '/home/thinhcuong/bumperbot_ws/src/bumperbot_cpp_examples' with build type 'ament_cmake'
[1.385s] INFO:colcon.colcon_cmake.task.cmake.build:Building CMake package in '/home/thinhcuong/bumperbot_ws/src/bumperbot_cpp_examples'
[1.401s] INFO:colcon.colcon_core.plugin_system:Skipping extension 'colcon_core.shell.bat': Not used on non-Windows systems
[1.401s] INFO:colcon.colcon_core.shell:Skip shell extension 'powershell' for command environment: Not usable outside of PowerShell
[1.401s] DEBUG:colcon.colcon_core.shell:Skip shell extension 'dsv' for command environment
[1.428s] INFO:colcon.colcon_ros.task.ament_cmake.build:Building ROS package in '/home/thinhcuong/bumperbot_ws/src/bumperbot_description' with build type 'ament_cmake'
[1.428s] INFO:colcon.colcon_cmake.task.cmake.build:Building CMake package in '/home/thinhcuong/bumperbot_ws/src/bumperbot_description'
[1.440s] INFO:colcon.colcon_core.shell:Skip shell extension 'powershell' for command environment: Not usable outside of PowerShell
[1.440s] DEBUG:colcon.colcon_core.shell:Skip shell extension 'dsv' for command environment
[1.466s] INFO:colcon.colcon_ros.task.ament_python.build:Building ROS package in '/home/thinhcuong/bumperbot_ws/src/bumperbot_py_examples' with build type 'ament_python'
[1.466s] Level 1:colcon.colcon_core.shell:create_environment_hook('bumperbot_py_examples', 'ament_prefix_path')
[1.479s] INFO:colcon.colcon_core.shell:Creating environment hook '/home/thinhcuong/bumperbot_ws/install/bumperbot_py_examples/share/bumperbot_py_examples/hook/ament_prefix_path.ps1'
[1.480s] INFO:colcon.colcon_core.shell:Creating environment descriptor '/home/thinhcuong/bumperbot_ws/install/bumperbot_py_examples/share/bumperbot_py_examples/hook/ament_prefix_path.dsv'
[1.481s] INFO:colcon.colcon_core.shell:Creating environment hook '/home/thinhcuong/bumperbot_ws/install/bumperbot_py_examples/share/bumperbot_py_examples/hook/ament_prefix_path.sh'
[1.493s] INFO:colcon.colcon_core.shell:Skip shell extension 'powershell' for command environment: Not usable outside of PowerShell
[1.493s] DEBUG:colcon.colcon_core.shell:Skip shell extension 'dsv' for command environment
[1.523s] DEBUG:colcon.colcon_core.event_handler.log_command:Invoking command in '/home/thinhcuong/bumperbot_ws/build/bumperbot_cpp_examples': CMAKE_PREFIX_PATH=/opt/ros/humble /usr/bin/cmake --build /home/thinhcuong/bumperbot_ws/build/bumperbot_cpp_examples -- -j12 -l12
[1.529s] DEBUG:colcon.colcon_core.event_handler.log_command:Invoking command in '/home/thinhcuong/bumperbot_ws/build/bumperbot_description': CMAKE_PREFIX_PATH=/opt/ros/humble /usr/bin/cmake --build /home/thinhcuong/bumperbot_ws/build/bumperbot_description -- -j12 -l12
[1.726s] INFO:colcon.colcon_core.task.python.build:Building Python package in '/home/thinhcuong/bumperbot_ws/src/bumperbot_py_examples'
[1.738s] INFO:colcon.colcon_core.shell:Skip shell extension 'powershell' for command environment: Not usable outside of PowerShell
[1.738s] DEBUG:colcon.colcon_core.shell:Skip shell extension 'dsv' for command environment
[1.768s] DEBUG:colcon.colcon_core.event_handler.log_command:Invoked command in '/home/thinhcuong/bumperbot_ws/build/bumperbot_description' returned '0': CMAKE_PREFIX_PATH=/opt/ros/humble /usr/bin/cmake --build /home/thinhcuong/bumperbot_ws/build/bumperbot_description -- -j12 -l12
[1.769s] DEBUG:colcon.colcon_core.event_handler.log_command:Invoked command in '/home/thinhcuong/bumperbot_ws/build/bumperbot_cpp_examples' returned '0': CMAKE_PREFIX_PATH=/opt/ros/humble /usr/bin/cmake --build /home/thinhcuong/bumperbot_ws/build/bumperbot_cpp_examples -- -j12 -l12
[1.795s] DEBUG:colcon.colcon_core.event_handler.log_command:Invoking command in '/home/thinhcuong/bumperbot_ws/build/bumperbot_description': CMAKE_PREFIX_PATH=/opt/ros/humble /usr/bin/cmake --install /home/thinhcuong/bumperbot_ws/build/bumperbot_description
[1.796s] DEBUG:colcon.colcon_core.event_handler.log_command:Invoking command in '/home/thinhcuong/bumperbot_ws/build/bumperbot_cpp_examples': CMAKE_PREFIX_PATH=/opt/ros/humble /usr/bin/cmake --install /home/thinhcuong/bumperbot_ws/build/bumperbot_cpp_examples
[1.811s] Level 1:colcon.colcon_core.environment:create_environment_scripts_only(bumperbot_description)
[1.811s] DEBUG:colcon.colcon_core.event_handler.log_command:Invoked command in '/home/thinhcuong/bumperbot_ws/build/bumperbot_description' returned '0': CMAKE_PREFIX_PATH=/opt/ros/humble /usr/bin/cmake --install /home/thinhcuong/bumperbot_ws/build/bumperbot_description
[1.829s] Level 1:colcon.colcon_core.environment:checking '/home/thinhcuong/bumperbot_ws/install/bumperbot_description' for CMake module files
[1.830s] Level 1:colcon.colcon_core.environment:checking '/home/thinhcuong/bumperbot_ws/install/bumperbot_description' for CMake config files
[1.830s] Level 1:colcon.colcon_core.shell:create_environment_hook('bumperbot_description', 'cmake_prefix_path')
[1.843s] INFO:colcon.colcon_core.shell:Creating environment hook '/home/thinhcuong/bumperbot_ws/install/bumperbot_description/share/bumperbot_description/hook/cmake_prefix_path.ps1'
[1.843s] INFO:colcon.colcon_core.shell:Creating environment descriptor '/home/thinhcuong/bumperbot_ws/install/bumperbot_description/share/bumperbot_description/hook/cmake_prefix_path.dsv'
[1.844s] INFO:colcon.colcon_core.shell:Creating environment hook '/home/thinhcuong/bumperbot_ws/install/bumperbot_description/share/bumperbot_description/hook/cmake_prefix_path.sh'
[1.844s] Level 1:colcon.colcon_core.environment:checking '/home/thinhcuong/bumperbot_ws/install/bumperbot_description/bin'
[1.844s] Level 1:colcon.colcon_core.environment:checking '/home/thinhcuong/bumperbot_ws/install/bumperbot_description/lib/pkgconfig/bumperbot_description.pc'
[1.845s] Level 1:colcon.colcon_core.environment:checking '/home/thinhcuong/bumperbot_ws/install/bumperbot_description/lib/python3.10/site-packages'
[1.845s] Level 1:colcon.colcon_core.environment:checking '/home/thinhcuong/bumperbot_ws/install/bumperbot_description/bin'
[1.857s] INFO:colcon.colcon_core.shell:Creating package script '/home/thinhcuong/bumperbot_ws/install/bumperbot_description/share/bumperbot_description/package.ps1'
[1.858s] INFO:colcon.colcon_core.shell:Creating package descriptor '/home/thinhcuong/bumperbot_ws/install/bumperbot_description/share/bumperbot_description/package.dsv'
[1.858s] INFO:colcon.colcon_core.shell:Creating package script '/home/thinhcuong/bumperbot_ws/install/bumperbot_description/share/bumperbot_description/package.sh'
[1.859s] INFO:colcon.colcon_core.shell:Creating package script '/home/thinhcuong/bumperbot_ws/install/bumperbot_description/share/bumperbot_description/package.bash'
[1.860s] INFO:colcon.colcon_core.shell:Creating package script '/home/thinhcuong/bumperbot_ws/install/bumperbot_description/share/bumperbot_description/package.zsh'
[1.861s] Level 1:colcon.colcon_core.environment:create_file_with_runtime_dependencies(/home/thinhcuong/bumperbot_ws/install/bumperbot_description/share/colcon-core/packages/bumperbot_description)
[1.862s] Level 1:colcon.colcon_core.environment:create_environment_scripts_only(bumperbot_cpp_examples)
[1.863s] DEBUG:colcon.colcon_core.event_handler.log_command:Invoked command in '/home/thinhcuong/bumperbot_ws/build/bumperbot_cpp_examples' returned '0': CMAKE_PREFIX_PATH=/opt/ros/humble /usr/bin/cmake --install /home/thinhcuong/bumperbot_ws/build/bumperbot_cpp_examples
[1.876s] Level 1:colcon.colcon_core.environment:checking '/home/thinhcuong/bumperbot_ws/install/bumperbot_cpp_examples' for CMake module files
[1.877s] Level 1:colcon.colcon_core.environment:checking '/home/thinhcuong/bumperbot_ws/install/bumperbot_cpp_examples' for CMake config files
[1.878s] Level 1:colcon.colcon_core.shell:create_environment_hook('bumperbot_cpp_examples', 'cmake_prefix_path')
[1.890s] INFO:colcon.colcon_core.shell:Creating environment hook '/home/thinhcuong/bumperbot_ws/install/bumperbot_cpp_examples/share/bumperbot_cpp_examples/hook/cmake_prefix_path.ps1'
[1.890s] INFO:colcon.colcon_core.shell:Creating environment descriptor '/home/thinhcuong/bumperbot_ws/install/bumperbot_cpp_examples/share/bumperbot_cpp_examples/hook/cmake_prefix_path.dsv'
[1.891s] INFO:colcon.colcon_core.shell:Creating environment hook '/home/thinhcuong/bumperbot_ws/install/bumperbot_cpp_examples/share/bumperbot_cpp_examples/hook/cmake_prefix_path.sh'
[1.891s] Level 1:colcon.colcon_core.environment:checking '/home/thinhcuong/bumperbot_ws/install/bumperbot_cpp_examples/lib'
[1.891s] Level 1:colcon.colcon_core.environment:checking '/home/thinhcuong/bumperbot_ws/install/bumperbot_cpp_examples/bin'
[1.891s] Level 1:colcon.colcon_core.environment:checking '/home/thinhcuong/bumperbot_ws/install/bumperbot_cpp_examples/lib/pkgconfig/bumperbot_cpp_examples.pc'
[1.892s] Level 1:colcon.colcon_core.environment:checking '/home/thinhcuong/bumperbot_ws/install/bumperbot_cpp_examples/lib/python3.10/site-packages'
[1.892s] Level 1:colcon.colcon_core.environment:checking '/home/thinhcuong/bumperbot_ws/install/bumperbot_cpp_examples/bin'
[1.904s] INFO:colcon.colcon_core.shell:Creating package script '/home/thinhcuong/bumperbot_ws/install/bumperbot_cpp_examples/share/bumperbot_cpp_examples/package.ps1'
[1.904s] INFO:colcon.colcon_core.shell:Creating package descriptor '/home/thinhcuong/bumperbot_ws/install/bumperbot_cpp_examples/share/bumperbot_cpp_examples/package.dsv'
[1.904s] INFO:colcon.colcon_core.shell:Creating package script '/home/thinhcuong/bumperbot_ws/install/bumperbot_cpp_examples/share/bumperbot_cpp_examples/package.sh'
[1.904s] INFO:colcon.colcon_core.shell:Creating package script '/home/thinhcuong/bumperbot_ws/install/bumperbot_cpp_examples/share/bumperbot_cpp_examples/package.bash'
[1.905s] INFO:colcon.colcon_core.shell:Creating package script '/home/thinhcuong/bumperbot_ws/install/bumperbot_cpp_examples/share/bumperbot_cpp_examples/package.zsh'
[1.905s] Level 1:colcon.colcon_core.environment:create_file_with_runtime_dependencies(/home/thinhcuong/bumperbot_ws/install/bumperbot_cpp_examples/share/colcon-core/packages/bumperbot_cpp_examples)
[1.920s] Level 1:colcon.colcon_core.environment:create_environment_scripts_only(bumperbot_description)
[1.933s] Level 1:colcon.colcon_core.environment:checking '/home/thinhcuong/bumperbot_ws/install/bumperbot_description' for CMake module files
[1.933s] Level 1:colcon.colcon_core.environment:checking '/home/thinhcuong/bumperbot_ws/install/bumperbot_description' for CMake config files
[1.934s] Level 1:colcon.colcon_core.shell:create_environment_hook('bumperbot_description', 'cmake_prefix_path')
[1.945s] INFO:colcon.colcon_core.shell:Creating environment hook '/home/thinhcuong/bumperbot_ws/install/bumperbot_description/share/bumperbot_description/hook/cmake_prefix_path.ps1'
[1.946s] INFO:colcon.colcon_core.shell:Creating environment descriptor '/home/thinhcuong/bumperbot_ws/install/bumperbot_description/share/bumperbot_description/hook/cmake_prefix_path.dsv'
[1.946s] INFO:colcon.colcon_core.shell:Creating environment hook '/home/thinhcuong/bumperbot_ws/install/bumperbot_description/share/bumperbot_description/hook/cmake_prefix_path.sh'
[1.946s] Level 1:colcon.colcon_core.environment:checking '/home/thinhcuong/bumperbot_ws/install/bumperbot_description/bin'
[1.947s] Level 1:colcon.colcon_core.environment:checking '/home/thinhcuong/bumperbot_ws/install/bumperbot_description/lib/pkgconfig/bumperbot_description.pc'
[1.947s] Level 1:colcon.colcon_core.environment:checking '/home/thinhcuong/bumperbot_ws/install/bumperbot_description/lib/python3.10/site-packages'
[1.947s] Level 1:colcon.colcon_core.environment:checking '/home/thinhcuong/bumperbot_ws/install/bumperbot_description/bin'
[1.959s] INFO:colcon.colcon_core.shell:Creating package script '/home/thinhcuong/bumperbot_ws/install/bumperbot_description/share/bumperbot_description/package.ps1'
[1.959s] INFO:colcon.colcon_core.shell:Creating package descriptor '/home/thinhcuong/bumperbot_ws/install/bumperbot_description/share/bumperbot_description/package.dsv'
[1.960s] INFO:colcon.colcon_core.shell:Creating package script '/home/thinhcuong/bumperbot_ws/install/bumperbot_description/share/bumperbot_description/package.sh'
[1.960s] INFO:colcon.colcon_core.shell:Creating package script '/home/thinhcuong/bumperbot_ws/install/bumperbot_description/share/bumperbot_description/package.bash'
[1.960s] INFO:colcon.colcon_core.shell:Creating package script '/home/thinhcuong/bumperbot_ws/install/bumperbot_description/share/bumperbot_description/package.zsh'
[1.961s] Level 1:colcon.colcon_core.environment:create_file_with_runtime_dependencies(/home/thinhcuong/bumperbot_ws/install/bumperbot_description/share/colcon-core/packages/bumperbot_description)
[1.974s] Level 1:colcon.colcon_core.environment:create_environment_scripts_only(bumperbot_cpp_examples)
[1.988s] Level 1:colcon.colcon_core.environment:checking '/home/thinhcuong/bumperbot_ws/install/bumperbot_cpp_examples' for CMake module files
[1.988s] Level 1:colcon.colcon_core.environment:checking '/home/thinhcuong/bumperbot_ws/install/bumperbot_cpp_examples' for CMake config files
[1.989s] Level 1:colcon.colcon_core.shell:create_environment_hook('bumperbot_cpp_examples', 'cmake_prefix_path')
[2.003s] INFO:colcon.colcon_core.shell:Creating environment hook '/home/thinhcuong/bumperbot_ws/install/bumperbot_cpp_examples/share/bumperbot_cpp_examples/hook/cmake_prefix_path.ps1'
[2.003s] INFO:colcon.colcon_core.shell:Creating environment descriptor '/home/thinhcuong/bumperbot_ws/install/bumperbot_cpp_examples/share/bumperbot_cpp_examples/hook/cmake_prefix_path.dsv'
[2.004s] INFO:colcon.colcon_core.shell:Creating environment hook '/home/thinhcuong/bumperbot_ws/install/bumperbot_cpp_examples/share/bumperbot_cpp_examples/hook/cmake_prefix_path.sh'
[2.004s] Level 1:colcon.colcon_core.environment:checking '/home/thinhcuong/bumperbot_ws/install/bumperbot_cpp_examples/lib'
[2.004s] Level 1:colcon.colcon_core.environment:checking '/home/thinhcuong/bumperbot_ws/install/bumperbot_cpp_examples/bin'
[2.004s] Level 1:colcon.colcon_core.environment:checking '/home/thinhcuong/bumperbot_ws/install/bumperbot_cpp_examples/lib/pkgconfig/bumperbot_cpp_examples.pc'
[2.004s] Level 1:colcon.colcon_core.environment:checking '/home/thinhcuong/bumperbot_ws/install/bumperbot_cpp_examples/lib/python3.10/site-packages'
[2.005s] Level 1:colcon.colcon_core.environment:checking '/home/thinhcuong/bumperbot_ws/install/bumperbot_cpp_examples/bin'
[2.017s] INFO:colcon.colcon_core.shell:Creating package script '/home/thinhcuong/bumperbot_ws/install/bumperbot_cpp_examples/share/bumperbot_cpp_examples/package.ps1'
[2.017s] INFO:colcon.colcon_core.shell:Creating package descriptor '/home/thinhcuong/bumperbot_ws/install/bumperbot_cpp_examples/share/bumperbot_cpp_examples/package.dsv'
[2.018s] INFO:colcon.colcon_core.shell:Creating package script '/home/thinhcuong/bumperbot_ws/install/bumperbot_cpp_examples/share/bumperbot_cpp_examples/package.sh'
[2.018s] INFO:colcon.colcon_core.shell:Creating package script '/home/thinhcuong/bumperbot_ws/install/bumperbot_cpp_examples/share/bumperbot_cpp_examples/package.bash'
[2.018s] INFO:colcon.colcon_core.shell:Creating package script '/home/thinhcuong/bumperbot_ws/install/bumperbot_cpp_examples/share/bumperbot_cpp_examples/package.zsh'
[2.019s] Level 1:colcon.colcon_core.environment:create_file_with_runtime_dependencies(/home/thinhcuong/bumperbot_ws/install/bumperbot_cpp_examples/share/colcon-core/packages/bumperbot_cpp_examples)
[2.239s] DEBUG:colcon.colcon_core.event_handler.log_command:Invoking command in '/home/thinhcuong/bumperbot_ws/src/bumperbot_py_examples': PYTHONPATH=/home/thinhcuong/bumperbot_ws/build/bumperbot_py_examples/prefix_override:/home/thinhcuong/bumperbot_ws/install/bumperbot_py_examples/lib/python3.10/site-packages:${PYTHONPATH} /usr/bin/python3 setup.py egg_info --egg-base ../../build/bumperbot_py_examples build --build-base /home/thinhcuong/bumperbot_ws/build/bumperbot_py_examples/build install --record /home/thinhcuong/bumperbot_ws/build/bumperbot_py_examples/install.log --single-version-externally-managed
[2.462s] DEBUG:colcon.colcon_core.event_handler.log_command:Invoked command in '/home/thinhcuong/bumperbot_ws/src/bumperbot_py_examples' returned '0': PYTHONPATH=/home/thinhcuong/bumperbot_ws/build/bumperbot_py_examples/prefix_override:/home/thinhcuong/bumperbot_ws/install/bumperbot_py_examples/lib/python3.10/site-packages:${PYTHONPATH} /usr/bin/python3 setup.py egg_info --egg-base ../../build/bumperbot_py_examples build --build-base /home/thinhcuong/bumperbot_ws/build/bumperbot_py_examples/build install --record /home/thinhcuong/bumperbot_ws/build/bumperbot_py_examples/install.log --single-version-externally-managed
[2.474s] Level 1:colcon.colcon_core.environment:checking '/home/thinhcuong/bumperbot_ws/install/bumperbot_py_examples' for CMake module files
[2.474s] Level 1:colcon.colcon_core.environment:checking '/home/thinhcuong/bumperbot_ws/install/bumperbot_py_examples' for CMake config files
[2.475s] Level 1:colcon.colcon_core.environment:checking '/home/thinhcuong/bumperbot_ws/install/bumperbot_py_examples/lib'
[2.475s] Level 1:colcon.colcon_core.environment:checking '/home/thinhcuong/bumperbot_ws/install/bumperbot_py_examples/bin'
[2.475s] Level 1:colcon.colcon_core.environment:checking '/home/thinhcuong/bumperbot_ws/install/bumperbot_py_examples/lib/pkgconfig/bumperbot_py_examples.pc'
[2.475s] Level 1:colcon.colcon_core.environment:checking '/home/thinhcuong/bumperbot_ws/install/bumperbot_py_examples/lib/python3.10/site-packages'
[2.475s] Level 1:colcon.colcon_core.shell:create_environment_hook('bumperbot_py_examples', 'pythonpath')
[2.487s] INFO:colcon.colcon_core.shell:Creating environment hook '/home/thinhcuong/bumperbot_ws/install/bumperbot_py_examples/share/bumperbot_py_examples/hook/pythonpath.ps1'
[2.488s] INFO:colcon.colcon_core.shell:Creating environment descriptor '/home/thinhcuong/bumperbot_ws/install/bumperbot_py_examples/share/bumperbot_py_examples/hook/pythonpath.dsv'
[2.488s] INFO:colcon.colcon_core.shell:Creating environment hook '/home/thinhcuong/bumperbot_ws/install/bumperbot_py_examples/share/bumperbot_py_examples/hook/pythonpath.sh'
[2.488s] Level 1:colcon.colcon_core.environment:checking '/home/thinhcuong/bumperbot_ws/install/bumperbot_py_examples/bin'
[2.488s] Level 1:colcon.colcon_core.environment:create_environment_scripts_only(bumperbot_py_examples)
[2.500s] INFO:colcon.colcon_core.shell:Creating package script '/home/thinhcuong/bumperbot_ws/install/bumperbot_py_examples/share/bumperbot_py_examples/package.ps1'
[2.501s] INFO:colcon.colcon_core.shell:Creating package descriptor '/home/thinhcuong/bumperbot_ws/install/bumperbot_py_examples/share/bumperbot_py_examples/package.dsv'
[2.501s] INFO:colcon.colcon_core.shell:Creating package script '/home/thinhcuong/bumperbot_ws/install/bumperbot_py_examples/share/bumperbot_py_examples/package.sh'
[2.501s] INFO:colcon.colcon_core.shell:Creating package script '/home/thinhcuong/bumperbot_ws/install/bumperbot_py_examples/share/bumperbot_py_examples/package.bash'
[2.502s] INFO:colcon.colcon_core.shell:Creating package script '/home/thinhcuong/bumperbot_ws/install/bumperbot_py_examples/share/bumperbot_py_examples/package.zsh'
[2.502s] Level 1:colcon.colcon_core.environment:create_file_with_runtime_dependencies(/home/thinhcuong/bumperbot_ws/install/bumperbot_py_examples/share/colcon-core/packages/bumperbot_py_examples)
[2.502s] DEBUG:colcon.colcon_parallel_executor.executor.parallel:closing loop
[2.502s] DEBUG:colcon.colcon_parallel_executor.executor.parallel:loop closed
[2.502s] DEBUG:colcon.colcon_parallel_executor.executor.parallel:run_until_complete finished with '0'
[2.502s] DEBUG:colcon.colcon_core.event_reactor:joining thread
[2.520s] INFO:colcon.colcon_core.plugin_system:Skipping extension 'colcon_notification.desktop_notification.terminal_notifier': Not used on non-Darwin systems
[2.520s] INFO:colcon.colcon_core.plugin_system:Skipping extension 'colcon_notification.desktop_notification.win32': Not used on non-Windows systems
[2.520s] INFO:colcon.colcon_notification.desktop_notification:Sending desktop notification using 'notify2'
[2.537s] DEBUG:colcon.colcon_core.event_reactor:joined thread
[2.549s] INFO:colcon.colcon_core.shell:Creating prefix script '/home/thinhcuong/bumperbot_ws/install/local_setup.ps1'
[2.550s] INFO:colcon.colcon_core.shell:Creating prefix util module '/home/thinhcuong/bumperbot_ws/install/_local_setup_util_ps1.py'
[2.551s] INFO:colcon.colcon_core.shell:Creating prefix chain script '/home/thinhcuong/bumperbot_ws/install/setup.ps1'
[2.567s] INFO:colcon.colcon_core.shell:Creating prefix script '/home/thinhcuong/bumperbot_ws/install/local_setup.sh'
[2.568s] INFO:colcon.colcon_core.shell:Creating prefix util module '/home/thinhcuong/bumperbot_ws/install/_local_setup_util_sh.py'
[2.568s] INFO:colcon.colcon_core.shell:Creating prefix chain script '/home/thinhcuong/bumperbot_ws/install/setup.sh'
[2.585s] INFO:colcon.colcon_core.shell:Creating prefix script '/home/thinhcuong/bumperbot_ws/install/local_setup.bash'
[2.586s] INFO:colcon.colcon_core.shell:Creating prefix chain script '/home/thinhcuong/bumperbot_ws/install/setup.bash'
[2.603s] INFO:colcon.colcon_core.shell:Creating prefix script '/home/thinhcuong/bumperbot_ws/install/local_setup.zsh'
[2.604s] INFO:colcon.colcon_core.shell:Creating prefix chain script '/home/thinhcuong/bumperbot_ws/install/setup.zsh'
