-- Install configuration: ""
-- Up-to-date: /home/thinhcuong/bumperbot_ws/src/install/bumberbot_description/share/bumberbot_description/meshes
-- Up-to-date: /home/thinhcuong/bumperbot_ws/src/install/bumberbot_description/share/bumberbot_description/meshes/imu_link.STL
-- Up-to-date: /home/thinhcuong/bumperbot_ws/src/install/bumberbot_description/share/bumberbot_description/meshes/caster_rear_link.STL
-- Up-to-date: /home/thinhcuong/bumperbot_ws/src/install/bumberbot_description/share/bumberbot_description/meshes/wheel_left_link.STL
-- Up-to-date: /home/thinhcuong/bumperbot_ws/src/install/bumberbot_description/share/bumberbot_description/meshes/caster_front_link.STL
-- Up-to-date: /home/thinhcuong/bumperbot_ws/src/install/bumberbot_description/share/bumberbot_description/meshes/base_link.STL
-- Up-to-date: /home/thinhcuong/bumperbot_ws/src/install/bumberbot_description/share/bumberbot_description/meshes/wheel_right_link.STL
-- Up-to-date: /home/thinhcuong/bumperbot_ws/src/install/bumberbot_description/share/bumberbot_description/urdf
-- Installing: /home/thinhcuong/bumperbot_ws/src/install/bumberbot_description/share/bumberbot_description/urdf/bumperbot.urdf.xacro
-- Up-to-date: /home/thinhcuong/bumperbot_ws/src/install/bumberbot_description/share/ament_index/resource_index/package_run_dependencies/bumberbot_description
-- Up-to-date: /home/thinhcuong/bumperbot_ws/src/install/bumberbot_description/share/ament_index/resource_index/parent_prefix_path/bumberbot_description
-- Up-to-date: /home/thinhcuong/bumperbot_ws/src/install/bumberbot_description/share/bumberbot_description/environment/ament_prefix_path.sh
-- Up-to-date: /home/thinhcuong/bumperbot_ws/src/install/bumberbot_description/share/bumberbot_description/environment/ament_prefix_path.dsv
-- Up-to-date: /home/thinhcuong/bumperbot_ws/src/install/bumberbot_description/share/bumberbot_description/environment/path.sh
-- Up-to-date: /home/thinhcuong/bumperbot_ws/src/install/bumberbot_description/share/bumberbot_description/environment/path.dsv
-- Up-to-date: /home/thinhcuong/bumperbot_ws/src/install/bumberbot_description/share/bumberbot_description/local_setup.bash
-- Up-to-date: /home/thinhcuong/bumperbot_ws/src/install/bumberbot_description/share/bumberbot_description/local_setup.sh
-- Up-to-date: /home/thinhcuong/bumperbot_ws/src/install/bumberbot_description/share/bumberbot_description/local_setup.zsh
-- Up-to-date: /home/thinhcuong/bumperbot_ws/src/install/bumberbot_description/share/bumberbot_description/local_setup.dsv
-- Installing: /home/thinhcuong/bumperbot_ws/src/install/bumberbot_description/share/bumberbot_description/package.dsv
-- Up-to-date: /home/thinhcuong/bumperbot_ws/src/install/bumberbot_description/share/ament_index/resource_index/packages/bumberbot_description
-- Up-to-date: /home/thinhcuong/bumperbot_ws/src/install/bumberbot_description/share/bumberbot_description/cmake/bumberbot_descriptionConfig.cmake
-- Up-to-date: /home/thinhcuong/bumperbot_ws/src/install/bumberbot_description/share/bumberbot_description/cmake/bumberbot_descriptionConfig-version.cmake
-- Up-to-date: /home/thinhcuong/bumperbot_ws/src/install/bumberbot_description/share/bumberbot_description/package.xml
