-- Found ament_cmake: 1.3.7 (/opt/ros/humble/share/ament_cmake/cmake)
-- Found xacro: 2.0.8 (/opt/ros/humble/share/xacro/cmake)
-- xacro: determining deps for: urdf/bumperbot.urdf.xacro ...
-- xacro: determining deps for: urdf/bumperbot.urdf.xacro ...
[31mCMake Error at /opt/ros/humble/share/xacro/cmake/xacro-extras.cmake:139 (add_custom_target):
  add_custom_target cannot create target
  "bumperbot_description__xacro_auto_generate" because another target with
  the same name already exists.  The existing target is a custom target
  created in source directory
  "/home/thinhcuong/bumperbot_ws/src/bumperbot_description".  See
  documentation for policy CMP0002 for more details.
Call Stack (most recent call first):
  CMakeLists.txt:12 (xacro_add_files)

[0m
-- Found ament_lint_auto: 0.12.10 (/opt/ros/humble/share/ament_lint_auto/cmake)
-- Added test 'flake8' to check Python code syntax and style conventions
-- Added test 'lint_cmake' to check CMake code style
-- Added test 'pep257' to check Python code against some of the docstring style conventions in PEP 257
-- Added test 'xmllint' to check XML markup files
-- Configuring incomplete, errors occurred!
See also "/home/thinhcuong/bumperbot_ws/build/bumperbot_description/CMakeFiles/CMakeOutput.log".
gmake: *** [Makefile:226: cmake_check_build_system] Error 1
