[0.131s] Invoking command in '/home/thinhcuong/bumperbot_ws/src/build/bumberbot_description': CMAKE_PREFIX_PATH=/opt/ros/humble /usr/bin/cmake /home/thinhcuong/bumperbot_ws/src/bumperbot_description -DCMAKE_INSTALL_PREFIX=/home/thinhcuong/bumperbot_ws/src/install/bumberbot_description
[0.174s] -- The C compiler identification is GNU 11.4.0
[0.217s] -- The CXX compiler identification is GNU 11.4.0
[0.223s] -- Detecting C compiler ABI info
[0.280s] -- Detecting C compiler ABI info - done
[0.285s] -- Check for working C compiler: /usr/bin/cc - skipped
[0.285s] -- Detecting C compile features
[0.286s] -- Detecting C compile features - done
[0.288s] -- Detecting CXX compiler ABI info
[0.356s] -- Detecting CXX compiler ABI info - done
[0.361s] -- Check for working CXX compiler: /usr/bin/c++ - skipped
[0.361s] -- Detecting CXX compile features
[0.362s] -- Detecting CXX compile features - done
[0.364s] -- Found ament_cmake: 1.3.7 (/opt/ros/humble/share/ament_cmake/cmake)
[0.497s] -- Found Python3: /usr/bin/python3.10 (found version "3.10.12") found components: Interpreter 
[0.566s] -- Found ament_lint_auto: 0.12.10 (/opt/ros/humble/share/ament_lint_auto/cmake)
[0.624s] -- Added test 'lint_cmake' to check CMake code style
[0.626s] -- Added test 'xmllint' to check XML markup files
[0.627s] -- Configuring done
[0.630s] -- Generating done
[0.630s] -- Build files have been written to: /home/thinhcuong/bumperbot_ws/src/build/bumberbot_description
[0.634s] Invoked command in '/home/thinhcuong/bumperbot_ws/src/build/bumberbot_description' returned '0': CMAKE_PREFIX_PATH=/opt/ros/humble /usr/bin/cmake /home/thinhcuong/bumperbot_ws/src/bumperbot_description -DCMAKE_INSTALL_PREFIX=/home/thinhcuong/bumperbot_ws/src/install/bumberbot_description
[0.636s] Invoking command in '/home/thinhcuong/bumperbot_ws/src/build/bumberbot_description': CMAKE_PREFIX_PATH=/opt/ros/humble /usr/bin/cmake --build /home/thinhcuong/bumperbot_ws/src/build/bumberbot_description -- -j12 -l12
[0.670s] Invoked command in '/home/thinhcuong/bumperbot_ws/src/build/bumberbot_description' returned '0': CMAKE_PREFIX_PATH=/opt/ros/humble /usr/bin/cmake --build /home/thinhcuong/bumperbot_ws/src/build/bumberbot_description -- -j12 -l12
[0.700s] Invoking command in '/home/thinhcuong/bumperbot_ws/src/build/bumberbot_description': CMAKE_PREFIX_PATH=/opt/ros/humble /usr/bin/cmake --install /home/thinhcuong/bumperbot_ws/src/build/bumberbot_description
[0.706s] -- Install configuration: ""
[0.706s] -- Installing: /home/thinhcuong/bumperbot_ws/src/install/bumberbot_description/share/bumberbot_description/meshes
[0.706s] -- Installing: /home/thinhcuong/bumperbot_ws/src/install/bumberbot_description/share/bumberbot_description/meshes/imu_link.STL
[0.707s] -- Installing: /home/thinhcuong/bumperbot_ws/src/install/bumberbot_description/share/bumberbot_description/meshes/caster_rear_link.STL
[0.707s] -- Installing: /home/thinhcuong/bumperbot_ws/src/install/bumberbot_description/share/bumberbot_description/meshes/wheel_left_link.STL
[0.708s] -- Installing: /home/thinhcuong/bumperbot_ws/src/install/bumberbot_description/share/bumberbot_description/meshes/caster_front_link.STL
[0.709s] -- Installing: /home/thinhcuong/bumperbot_ws/src/install/bumberbot_description/share/bumberbot_description/meshes/base_link.STL
[0.726s] -- Installing: /home/thinhcuong/bumperbot_ws/src/install/bumberbot_description/share/bumberbot_description/meshes/wheel_right_link.STL
[0.727s] -- Installing: /home/thinhcuong/bumperbot_ws/src/install/bumberbot_description/share/bumberbot_description/urdf
[0.728s] -- Installing: /home/thinhcuong/bumperbot_ws/src/install/bumberbot_description/share/bumberbot_description/urdf/bumperbot.urdf.xacro
[0.728s] -- Installing: /home/thinhcuong/bumperbot_ws/src/install/bumberbot_description/share/ament_index/resource_index/package_run_dependencies/bumberbot_description
[0.728s] -- Installing: /home/thinhcuong/bumperbot_ws/src/install/bumberbot_description/share/ament_index/resource_index/parent_prefix_path/bumberbot_description
[0.728s] -- Installing: /home/thinhcuong/bumperbot_ws/src/install/bumberbot_description/share/bumberbot_description/environment/ament_prefix_path.sh
[0.728s] -- Installing: /home/thinhcuong/bumperbot_ws/src/install/bumberbot_description/share/bumberbot_description/environment/ament_prefix_path.dsv
[0.728s] -- Installing: /home/thinhcuong/bumperbot_ws/src/install/bumberbot_description/share/bumberbot_description/environment/path.sh
[0.728s] -- Installing: /home/thinhcuong/bumperbot_ws/src/install/bumberbot_description/share/bumberbot_description/environment/path.dsv
[0.729s] -- Installing: /home/thinhcuong/bumperbot_ws/src/install/bumberbot_description/share/bumberbot_description/local_setup.bash
[0.729s] -- Installing: /home/thinhcuong/bumperbot_ws/src/install/bumberbot_description/share/bumberbot_description/local_setup.sh
[0.729s] -- Installing: /home/thinhcuong/bumperbot_ws/src/install/bumberbot_description/share/bumberbot_description/local_setup.zsh
[0.729s] -- Installing: /home/thinhcuong/bumperbot_ws/src/install/bumberbot_description/share/bumberbot_description/local_setup.dsv
[0.729s] -- Installing: /home/thinhcuong/bumperbot_ws/src/install/bumberbot_description/share/bumberbot_description/package.dsv
[0.729s] -- Installing: /home/thinhcuong/bumperbot_ws/src/install/bumberbot_description/share/ament_index/resource_index/packages/bumberbot_description
[0.729s] -- Installing: /home/thinhcuong/bumperbot_ws/src/install/bumberbot_description/share/bumberbot_description/cmake/bumberbot_descriptionConfig.cmake
[0.730s] -- Installing: /home/thinhcuong/bumperbot_ws/src/install/bumberbot_description/share/bumberbot_description/cmake/bumberbot_descriptionConfig-version.cmake
[0.730s] -- Installing: /home/thinhcuong/bumperbot_ws/src/install/bumberbot_description/share/bumberbot_description/package.xml
[0.733s] Invoked command in '/home/thinhcuong/bumperbot_ws/src/build/bumberbot_description' returned '0': CMAKE_PREFIX_PATH=/opt/ros/humble /usr/bin/cmake --install /home/thinhcuong/bumperbot_ws/src/build/bumberbot_description
