[0.097s] Invoking command in '/home/thinhcuong/bumperbot_ws/build/bumperbot_description': CMAKE_PREFIX_PATH=/opt/ros/humble /usr/bin/cmake --build /home/thinhcuong/bumperbot_ws/build/bumperbot_description -- -j12 -l12
[0.117s] -- Found ament_cmake: 1.3.7 (/opt/ros/humble/share/ament_cmake/cmake)
[0.240s] -- Found ament_lint_auto: 0.12.10 (/opt/ros/humble/share/ament_lint_auto/cmake)
[0.299s] -- Added test 'lint_cmake' to check CMake code style
[0.301s] -- Added test 'xmllint' to check XML markup files
[0.302s] -- Configuring done
[0.306s] -- Generating done
[0.307s] -- Build files have been written to: /home/thinhcuong/bumperbot_ws/build/bumperbot_description
[0.350s] Invoked command in '/home/thinhcuong/bumperbot_ws/build/bumperbot_description' returned '0': CMAKE_PREFIX_PATH=/opt/ros/humble /usr/bin/cmake --build /home/thinhcuong/bumperbot_ws/build/bumperbot_description -- -j12 -l12
[0.380s] Invoking command in '/home/thinhcuong/bumperbot_ws/build/bumperbot_description': CMAKE_PREFIX_PATH=/opt/ros/humble /usr/bin/cmake --install /home/thinhcuong/bumperbot_ws/build/bumperbot_description
[0.387s] -- Install configuration: ""
[0.387s] -- Up-to-date: /home/thinhcuong/bumperbot_ws/install/bumperbot_description/share/bumperbot_description/meshes
[0.387s] -- Up-to-date: /home/thinhcuong/bumperbot_ws/install/bumperbot_description/share/bumperbot_description/meshes/imu_link.STL
[0.387s] -- Up-to-date: /home/thinhcuong/bumperbot_ws/install/bumperbot_description/share/bumperbot_description/meshes/caster_rear_link.STL
[0.387s] -- Up-to-date: /home/thinhcuong/bumperbot_ws/install/bumperbot_description/share/bumperbot_description/meshes/wheel_left_link.STL
[0.387s] -- Up-to-date: /home/thinhcuong/bumperbot_ws/install/bumperbot_description/share/bumperbot_description/meshes/caster_front_link.STL
[0.387s] -- Up-to-date: /home/thinhcuong/bumperbot_ws/install/bumperbot_description/share/bumperbot_description/meshes/base_link.STL
[0.388s] -- Up-to-date: /home/thinhcuong/bumperbot_ws/install/bumperbot_description/share/bumperbot_description/meshes/wheel_right_link.STL
[0.388s] -- Up-to-date: /home/thinhcuong/bumperbot_ws/install/bumperbot_description/share/bumperbot_description/urdf
[0.388s] -- Up-to-date: /home/thinhcuong/bumperbot_ws/install/bumperbot_description/share/bumperbot_description/urdf/bumperbot.urdf.xacro
[0.388s] -- Up-to-date: /home/thinhcuong/bumperbot_ws/install/bumperbot_description/share/ament_index/resource_index/package_run_dependencies/bumperbot_description
[0.388s] -- Up-to-date: /home/thinhcuong/bumperbot_ws/install/bumperbot_description/share/ament_index/resource_index/parent_prefix_path/bumperbot_description
[0.388s] -- Up-to-date: /home/thinhcuong/bumperbot_ws/install/bumperbot_description/share/bumperbot_description/environment/ament_prefix_path.sh
[0.388s] -- Installing: /home/thinhcuong/bumperbot_ws/install/bumperbot_description/share/bumperbot_description/environment/ament_prefix_path.dsv
[0.389s] -- Up-to-date: /home/thinhcuong/bumperbot_ws/install/bumperbot_description/share/bumperbot_description/environment/path.sh
[0.389s] -- Installing: /home/thinhcuong/bumperbot_ws/install/bumperbot_description/share/bumperbot_description/environment/path.dsv
[0.389s] -- Up-to-date: /home/thinhcuong/bumperbot_ws/install/bumperbot_description/share/bumperbot_description/local_setup.bash
[0.389s] -- Up-to-date: /home/thinhcuong/bumperbot_ws/install/bumperbot_description/share/bumperbot_description/local_setup.sh
[0.389s] -- Up-to-date: /home/thinhcuong/bumperbot_ws/install/bumperbot_description/share/bumperbot_description/local_setup.zsh
[0.389s] -- Installing: /home/thinhcuong/bumperbot_ws/install/bumperbot_description/share/bumperbot_description/local_setup.dsv
[0.389s] -- Installing: /home/thinhcuong/bumperbot_ws/install/bumperbot_description/share/bumperbot_description/package.dsv
[0.389s] -- Up-to-date: /home/thinhcuong/bumperbot_ws/install/bumperbot_description/share/ament_index/resource_index/packages/bumperbot_description
[0.389s] -- Up-to-date: /home/thinhcuong/bumperbot_ws/install/bumperbot_description/share/bumperbot_description/cmake/bumperbot_descriptionConfig.cmake
[0.389s] -- Up-to-date: /home/thinhcuong/bumperbot_ws/install/bumperbot_description/share/bumperbot_description/cmake/bumperbot_descriptionConfig-version.cmake
[0.389s] -- Up-to-date: /home/thinhcuong/bumperbot_ws/install/bumperbot_description/share/bumperbot_description/package.xml
[0.391s] Invoked command in '/home/thinhcuong/bumperbot_ws/build/bumperbot_description' returned '0': CMAKE_PREFIX_PATH=/opt/ros/humble /usr/bin/cmake --install /home/thinhcuong/bumperbot_ws/build/bumperbot_description
