[0.042s] Invoking command in '/home/thinhcuong/bumperbot_ws/build/bumperbot_msgs': CMAKE_PREFIX_PATH=/opt/ros/humble /usr/bin/cmake --build /home/thinhcuong/bumperbot_ws/build/bumperbot_msgs -- -j12 -l12
[0.096s] -- Found ament_cmake: 1.3.8 (/opt/ros/humble/share/ament_cmake/cmake)
[0.369s] -- Found std_msgs: 4.2.3 (/opt/ros/humble/share/std_msgs/cmake)
[0.433s] -- Found rosidl_generator_c: 3.1.5 (/opt/ros/humble/share/rosidl_generator_c/cmake)
[0.437s] -- Found rosidl_adapter: 3.1.5 (/opt/ros/humble/share/rosidl_adapter/cmake)
[0.449s] -- Found rosidl_generator_cpp: 3.1.5 (/opt/ros/humble/share/rosidl_generator_cpp/cmake)
[0.473s] -- Using all available rosidl_typesupport_c: rosidl_typesupport_fastrtps_c;rosidl_typesupport_introspection_c
[0.507s] -- Using all available rosidl_typesupport_cpp: rosidl_typesupport_fastrtps_cpp;rosidl_typesupport_introspection_cpp
[0.636s] -- Found rosidl_default_generators: 1.2.0 (/opt/ros/humble/share/rosidl_default_generators/cmake)
[0.652s] -- Found geometry_msgs: 4.2.3 (/opt/ros/humble/share/geometry_msgs/cmake)
[1.307s] -- Found ament_cmake_ros: 0.10.0 (/opt/ros/humble/share/ament_cmake_ros/cmake)
[1.938s] -- Using all available rosidl_typesupport_c: rosidl_typesupport_fastrtps_c;rosidl_typesupport_introspection_c
[2.187s] -- Using all available rosidl_typesupport_cpp: rosidl_typesupport_fastrtps_cpp;rosidl_typesupport_introspection_cpp
[2.237s] -- Found python_cmake_module: 0.10.0 (/opt/ros/humble/share/python_cmake_module/cmake)
[2.286s] -- Using PYTHON_EXECUTABLE: /usr/bin/python3
[2.287s] -- Using PYTHON_INCLUDE_DIRS: /usr/include/python3.10
[2.287s] -- Using PYTHON_LIBRARIES: /usr/lib/x86_64-linux-gnu/libpython3.10.so
[2.310s] -- Found ament_lint_auto: 0.12.10 (/opt/ros/humble/share/ament_lint_auto/cmake)
[2.347s] -- Added test 'lint_cmake' to check CMake code style
[2.350s] -- Added test 'xmllint' to check XML markup files
[2.357s] -- Configuring done
[2.450s] -- Generating done
[2.461s] -- Build files have been written to: /home/thinhcuong/bumperbot_ws/build/bumperbot_msgs
[2.515s] [  2%] [34m[1mGenerating C code for ROS interfaces[0m
[2.539s] [  5%] [34m[1mGenerating C++ code for ROS interfaces[0m
[2.561s] [  5%] Built target ament_cmake_python_copy_bumperbot_msgs
[3.123s] running egg_info
[3.124s] writing bumperbot_msgs.egg-info/PKG-INFO
[3.125s] writing dependency_links to bumperbot_msgs.egg-info/dependency_links.txt
[3.126s] writing top-level names to bumperbot_msgs.egg-info/top_level.txt
[3.132s] reading manifest file 'bumperbot_msgs.egg-info/SOURCES.txt'
[3.133s] writing manifest file 'bumperbot_msgs.egg-info/SOURCES.txt'
[3.186s] [  5%] Built target ament_cmake_python_build_bumperbot_msgs_egg
[3.292s] [  5%] Built target bumperbot_msgs__cpp
[3.323s] [  7%] [34m[1mGenerating C++ type support for eProsima Fast-RTPS[0m
[3.324s] [ 10%] [34m[1mGenerating C++ type support dispatch for ROS interfaces[0m
[3.329s] [ 12%] [34m[1mGenerating C++ introspection for ROS interfaces[0m
[3.344s] [35m[1mConsolidate compiler generated dependencies of target bumperbot_msgs__rosidl_generator_c[0m
[3.375s] [ 15%] [32mBuilding C object CMakeFiles/bumperbot_msgs__rosidl_generator_c.dir/rosidl_generator_c/bumperbot_msgs/srv/detail/get_transform__functions.c.o[0m
[3.375s] [ 17%] [32mBuilding C object CMakeFiles/bumperbot_msgs__rosidl_generator_c.dir/rosidl_generator_c/bumperbot_msgs/srv/detail/add_two_int__functions.c.o[0m
[3.411s] In file included from [01m[K/home/thinhcuong/bumperbot_ws/build/bumperbot_msgs/rosidl_generator_c/bumperbot_msgs/srv/detail/get_transform__functions.h:19[m[K,
[3.411s]                  from [01m[K/home/thinhcuong/bumperbot_ws/build/bumperbot_msgs/rosidl_generator_c/bumperbot_msgs/srv/detail/get_transform__functions.c:4[m[K:
[3.411s] [01m[K/home/thinhcuong/bumperbot_ws/build/bumperbot_msgs/rosidl_generator_c/bumperbot_msgs/srv/detail/get_transform__struct.h:47:10:[m[K [01;31m[Kfatal error: [m[Kgeometry_msgs/msg/detail/transform_stamped__struct.h: No such file or directory
[3.412s]    47 | #include [01;31m[K"geometry_msgs/msg/detail/transform_stamped__struct.h"[m[K
[3.412s]       |          [01;31m[K^~~~~~~~~~~~~~~~~~~~~~~~~~~~~~~~~~~~~~~~~~~~~~~~~~~~~~[m[K
[3.412s] compilation terminated.
[3.413s] gmake[2]: *** [CMakeFiles/bumperbot_msgs__rosidl_generator_c.dir/build.make:135: CMakeFiles/bumperbot_msgs__rosidl_generator_c.dir/rosidl_generator_c/bumperbot_msgs/srv/detail/get_transform__functions.c.o] Error 1
[3.414s] gmake[2]: *** Waiting for unfinished jobs....
[3.506s] gmake[1]: *** [CMakeFiles/Makefile2:213: CMakeFiles/bumperbot_msgs__rosidl_generator_c.dir/all] Error 2
[3.507s] gmake[1]: *** Waiting for unfinished jobs....
[3.924s] [35m[1mConsolidate compiler generated dependencies of target bumperbot_msgs__rosidl_typesupport_cpp[0m
[3.958s] [ 23%] [32mBuilding CXX object CMakeFiles/bumperbot_msgs__rosidl_typesupport_cpp.dir/rosidl_typesupport_cpp/bumperbot_msgs/srv/get_transform__type_support.cpp.o[0m
[3.959s] [ 23%] [32mBuilding CXX object CMakeFiles/bumperbot_msgs__rosidl_typesupport_cpp.dir/rosidl_typesupport_cpp/bumperbot_msgs/srv/add_two_int__type_support.cpp.o[0m
[4.004s] [35m[1mConsolidate compiler generated dependencies of target bumperbot_msgs__rosidl_typesupport_introspection_cpp[0m
[4.042s] [ 28%] [32mBuilding CXX object CMakeFiles/bumperbot_msgs__rosidl_typesupport_introspection_cpp.dir/rosidl_typesupport_introspection_cpp/bumperbot_msgs/srv/detail/get_transform__type_support.cpp.o[0m
[4.042s] [ 28%] [32mBuilding CXX object CMakeFiles/bumperbot_msgs__rosidl_typesupport_introspection_cpp.dir/rosidl_typesupport_introspection_cpp/bumperbot_msgs/srv/detail/add_two_int__type_support.cpp.o[0m
[4.130s] In file included from [01m[K/home/thinhcuong/bumperbot_ws/build/bumperbot_msgs/rosidl_typesupport_cpp/bumperbot_msgs/srv/get_transform__type_support.cpp:7[m[K:
[4.131s] [01m[K/home/thinhcuong/bumperbot_ws/build/bumperbot_msgs/rosidl_generator_cpp/bumperbot_msgs/srv/detail/get_transform__struct.hpp:149:10:[m[K [01;31m[Kfatal error: [m[Kgeometry_msgs/msg/detail/transform_stamped__struct.hpp: No such file or directory
[4.131s]   149 | #include [01;31m[K"geometry_msgs/msg/detail/transform_stamped__struct.hpp"[m[K
[4.132s]       |          [01;31m[K^~~~~~~~~~~~~~~~~~~~~~~~~~~~~~~~~~~~~~~~~~~~~~~~~~~~~~~~[m[K
[4.132s] compilation terminated.
[4.136s] gmake[2]: *** [CMakeFiles/bumperbot_msgs__rosidl_typesupport_cpp.dir/build.make:104: CMakeFiles/bumperbot_msgs__rosidl_typesupport_cpp.dir/rosidl_typesupport_cpp/bumperbot_msgs/srv/get_transform__type_support.cpp.o] Error 1
[4.136s] gmake[2]: *** Waiting for unfinished jobs....
[4.181s] [35m[1mConsolidate compiler generated dependencies of target bumperbot_msgs__rosidl_typesupport_fastrtps_cpp[0m
[4.193s] In file included from [01m[K/home/thinhcuong/bumperbot_ws/build/bumperbot_msgs/rosidl_typesupport_introspection_cpp/bumperbot_msgs/srv/detail/get_transform__type_support.cpp:12[m[K:
[4.194s] [01m[K/home/thinhcuong/bumperbot_ws/build/bumperbot_msgs/rosidl_generator_cpp/bumperbot_msgs/srv/detail/get_transform__struct.hpp:149:10:[m[K [01;31m[Kfatal error: [m[Kgeometry_msgs/msg/detail/transform_stamped__struct.hpp: No such file or directory
[4.194s]   149 | #include [01;31m[K"geometry_msgs/msg/detail/transform_stamped__struct.hpp"[m[K
[4.194s]       |          [01;31m[K^~~~~~~~~~~~~~~~~~~~~~~~~~~~~~~~~~~~~~~~~~~~~~~~~~~~~~~~[m[K
[4.195s] compilation terminated.
[4.197s] gmake[2]: *** [CMakeFiles/bumperbot_msgs__rosidl_typesupport_introspection_cpp.dir/build.make:112: CMakeFiles/bumperbot_msgs__rosidl_typesupport_introspection_cpp.dir/rosidl_typesupport_introspection_cpp/bumperbot_msgs/srv/detail/get_transform__type_support.cpp.o] Error 1
[4.197s] gmake[2]: *** Waiting for unfinished jobs....
[4.219s] [ 30%] [32mBuilding CXX object CMakeFiles/bumperbot_msgs__rosidl_typesupport_fastrtps_cpp.dir/rosidl_typesupport_fastrtps_cpp/bumperbot_msgs/srv/detail/dds_fastrtps/add_two_int__type_support.cpp.o[0m
[4.220s] [ 33%] [32mBuilding CXX object CMakeFiles/bumperbot_msgs__rosidl_typesupport_fastrtps_cpp.dir/rosidl_typesupport_fastrtps_cpp/bumperbot_msgs/srv/detail/dds_fastrtps/get_transform__type_support.cpp.o[0m
[4.356s] In file included from [01m[K/home/thinhcuong/bumperbot_ws/build/bumperbot_msgs/rosidl_typesupport_fastrtps_cpp/bumperbot_msgs/srv/detail/get_transform__rosidl_typesupport_fastrtps_cpp.hpp:11[m[K,
[4.356s]                  from [01m[K/home/thinhcuong/bumperbot_ws/build/bumperbot_msgs/rosidl_typesupport_fastrtps_cpp/bumperbot_msgs/srv/detail/dds_fastrtps/get_transform__type_support.cpp:4[m[K:
[4.356s] [01m[K/home/thinhcuong/bumperbot_ws/build/bumperbot_msgs/rosidl_generator_cpp/bumperbot_msgs/srv/detail/get_transform__struct.hpp:149:10:[m[K [01;31m[Kfatal error: [m[Kgeometry_msgs/msg/detail/transform_stamped__struct.hpp: No such file or directory
[4.357s]   149 | #include [01;31m[K"geometry_msgs/msg/detail/transform_stamped__struct.hpp"[m[K
[4.357s]       |          [01;31m[K^~~~~~~~~~~~~~~~~~~~~~~~~~~~~~~~~~~~~~~~~~~~~~~~~~~~~~~~[m[K
[4.357s] compilation terminated.
[4.359s] gmake[2]: *** [CMakeFiles/bumperbot_msgs__rosidl_typesupport_fastrtps_cpp.dir/build.make:112: CMakeFiles/bumperbot_msgs__rosidl_typesupport_fastrtps_cpp.dir/rosidl_typesupport_fastrtps_cpp/bumperbot_msgs/srv/detail/dds_fastrtps/get_transform__type_support.cpp.o] Error 1
[4.359s] gmake[2]: *** Waiting for unfinished jobs....
[4.677s] gmake[1]: *** [CMakeFiles/Makefile2:395: CMakeFiles/bumperbot_msgs__rosidl_typesupport_cpp.dir/all] Error 2
[4.829s] gmake[1]: *** [CMakeFiles/Makefile2:369: CMakeFiles/bumperbot_msgs__rosidl_typesupport_introspection_cpp.dir/all] Error 2
[5.027s] gmake[1]: *** [CMakeFiles/Makefile2:291: CMakeFiles/bumperbot_msgs__rosidl_typesupport_fastrtps_cpp.dir/all] Error 2
[5.028s] gmake: *** [Makefile:146: all] Error 2
[5.033s] Invoked command in '/home/thinhcuong/bumperbot_ws/build/bumperbot_msgs' returned '2': CMAKE_PREFIX_PATH=/opt/ros/humble /usr/bin/cmake --build /home/thinhcuong/bumperbot_ws/build/bumperbot_msgs -- -j12 -l12
