[0.012s] Invoking command in '/home/thinhcuong/bumperbot_ws/build/bumperbot_msgs': CMAKE_PREFIX_PATH=/opt/ros/humble /usr/bin/cmake --build /home/thinhcuong/bumperbot_ws/build/bumperbot_msgs -- -j12 -l12
[0.032s] -- Found ament_cmake: 1.3.8 (/opt/ros/humble/share/ament_cmake/cmake)
[0.130s] -- Found ament_lint_auto: 0.12.10 (/opt/ros/humble/share/ament_lint_auto/cmake)
[0.182s] -- Added test 'lint_cmake' to check CMake code style
[0.183s] -- Added test 'xmllint' to check XML markup files
[0.184s] -- Configuring done
[0.187s] -- Generating done
[0.188s] -- Build files have been written to: /home/thinhcuong/bumperbot_ws/build/bumperbot_msgs
[0.207s] Invoked command in '/home/thinhcuong/bumperbot_ws/build/bumperbot_msgs' returned '0': CMAKE_PREFIX_PATH=/opt/ros/humble /usr/bin/cmake --build /home/thinhcuong/bumperbot_ws/build/bumperbot_msgs -- -j12 -l12
[0.228s] Invoking command in '/home/thinhcuong/bumperbot_ws/build/bumperbot_msgs': CMAKE_PREFIX_PATH=/opt/ros/humble /usr/bin/cmake --install /home/thinhcuong/bumperbot_ws/build/bumperbot_msgs
[0.234s] -- Install configuration: ""
[0.234s] -- Installing: /home/thinhcuong/bumperbot_ws/install/bumperbot_msgs/share/ament_index/resource_index/package_run_dependencies/bumperbot_msgs
[0.234s] -- Up-to-date: /home/thinhcuong/bumperbot_ws/install/bumperbot_msgs/share/ament_index/resource_index/parent_prefix_path/bumperbot_msgs
[0.235s] -- Up-to-date: /home/thinhcuong/bumperbot_ws/install/bumperbot_msgs/share/bumperbot_msgs/environment/ament_prefix_path.sh
[0.235s] -- Installing: /home/thinhcuong/bumperbot_ws/install/bumperbot_msgs/share/bumperbot_msgs/environment/ament_prefix_path.dsv
[0.235s] -- Up-to-date: /home/thinhcuong/bumperbot_ws/install/bumperbot_msgs/share/bumperbot_msgs/environment/path.sh
[0.235s] -- Installing: /home/thinhcuong/bumperbot_ws/install/bumperbot_msgs/share/bumperbot_msgs/environment/path.dsv
[0.235s] -- Up-to-date: /home/thinhcuong/bumperbot_ws/install/bumperbot_msgs/share/bumperbot_msgs/local_setup.bash
[0.235s] -- Installing: /home/thinhcuong/bumperbot_ws/install/bumperbot_msgs/share/bumperbot_msgs/local_setup.sh
[0.235s] -- Up-to-date: /home/thinhcuong/bumperbot_ws/install/bumperbot_msgs/share/bumperbot_msgs/local_setup.zsh
[0.235s] -- Installing: /home/thinhcuong/bumperbot_ws/install/bumperbot_msgs/share/bumperbot_msgs/local_setup.dsv
[0.235s] -- Installing: /home/thinhcuong/bumperbot_ws/install/bumperbot_msgs/share/bumperbot_msgs/package.dsv
[0.235s] -- Up-to-date: /home/thinhcuong/bumperbot_ws/install/bumperbot_msgs/share/ament_index/resource_index/packages/bumperbot_msgs
[0.236s] -- Installing: /home/thinhcuong/bumperbot_ws/install/bumperbot_msgs/share/bumperbot_msgs/cmake/bumperbot_msgsConfig.cmake
[0.236s] -- Up-to-date: /home/thinhcuong/bumperbot_ws/install/bumperbot_msgs/share/bumperbot_msgs/cmake/bumperbot_msgsConfig-version.cmake
[0.236s] -- Installing: /home/thinhcuong/bumperbot_ws/install/bumperbot_msgs/share/bumperbot_msgs/package.xml
[0.237s] Invoked command in '/home/thinhcuong/bumperbot_ws/build/bumperbot_msgs' returned '0': CMAKE_PREFIX_PATH=/opt/ros/humble /usr/bin/cmake --install /home/thinhcuong/bumperbot_ws/build/bumperbot_msgs
