[  8%] [32mBuilding CXX object CMakeFiles/simple_service_server.dir/src/simple_service_server.cpp.o[0m
[ 41%] Built target simple_turtlesim_kinematics
[ 41%] Built target simple_parameter
[ 58%] Built target simple_subscriber
[ 75%] Built target simple_tf_kinematics
[ 91%] Built target simple_publisher
[01m[K/home/thinhcuong/bumperbot_ws/src/bumperbot_cpp_examples/src/simple_service_server.cpp:10:30:[m[K [01;31m[Kerror: [m[K‘[01m[Kself[m[K’ has not been declared
   10 |         void serviceCallback([01;31m[Kself[m[K, req, res);
      |                              [01;31m[K^~~~[m[K
[01m[K/home/thinhcuong/bumperbot_ws/src/bumperbot_cpp_examples/src/simple_service_server.cpp:10:36:[m[K [01;31m[Kerror: [m[K‘[01m[Kreq[m[K’ has not been declared
   10 |         void serviceCallback(self, [01;31m[Kreq[m[K, res);
      |                                    [01;31m[K^~~[m[K
[01m[K/home/thinhcuong/bumperbot_ws/src/bumperbot_cpp_examples/src/simple_service_server.cpp:10:41:[m[K [01;31m[Kerror: [m[K‘[01m[Kres[m[K’ has not been declared
   10 |         void serviceCallback(self, req, [01;31m[Kres[m[K);
      |                                         [01;31m[K^~~[m[K
[01m[K/home/thinhcuong/bumperbot_ws/src/bumperbot_cpp_examples/src/simple_service_server.cpp:11:2:[m[K [01;31m[Kerror: [m[Kexpected ‘[01m[K;[m[K’ after class definition
   11 | }
      |  [01;31m[K^[m[K
      |  [32m[K;[m[K
gmake[2]: *** [CMakeFiles/simple_service_server.dir/build.make:76: CMakeFiles/simple_service_server.dir/src/simple_service_server.cpp.o] Error 1
gmake[1]: *** [CMakeFiles/Makefile2:277: CMakeFiles/simple_service_server.dir/all] Error 2
gmake: *** [Makefile:146: all] Error 2
