[0.031s] Invoking command in '/home/thinhcuong/bumperbot_ws/build/bumperbot_controller': CMAKE_PREFIX_PATH=/opt/ros/humble /usr/bin/cmake --build /home/thinhcuong/bumperbot_ws/build/bumperbot_controller -- -j12 -l12
[0.170s] [100%] Built target simple_controller
[0.171s] [100%] Built target ament_cmake_python_copy_bumperbot_controller
[0.771s] running egg_info
[0.772s] writing bumperbot_controller.egg-info/PKG-INFO
[0.773s] writing dependency_links to bumperbot_controller.egg-info/dependency_links.txt
[0.773s] writing top-level names to bumperbot_controller.egg-info/top_level.txt
[0.778s] reading manifest file 'bumperbot_controller.egg-info/SOURCES.txt'
[0.779s] writing manifest file 'bumperbot_controller.egg-info/SOURCES.txt'
[0.852s] [100%] Built target ament_cmake_python_build_bumperbot_controller_egg
[0.882s] Invoked command in '/home/thinhcuong/bumperbot_ws/build/bumperbot_controller' returned '0': CMAKE_PREFIX_PATH=/opt/ros/humble /usr/bin/cmake --build /home/thinhcuong/bumperbot_ws/build/bumperbot_controller -- -j12 -l12
[0.957s] Invoking command in '/home/thinhcuong/bumperbot_ws/build/bumperbot_controller': CMAKE_PREFIX_PATH=/opt/ros/humble /usr/bin/cmake --install /home/thinhcuong/bumperbot_ws/build/bumperbot_controller
[0.974s] -- Install configuration: ""
[0.974s] -- Up-to-date: /home/thinhcuong/bumperbot_ws/install/bumperbot_controller/share/bumperbot_controller/environment/pythonpath.sh
[0.975s] -- Up-to-date: /home/thinhcuong/bumperbot_ws/install/bumperbot_controller/share/bumperbot_controller/environment/pythonpath.dsv
[0.975s] -- Up-to-date: /home/thinhcuong/bumperbot_ws/install/bumperbot_controller/local/lib/python3.10/dist-packages/bumperbot_controller-0.0.0-py3.10.egg-info
[0.975s] -- Installing: /home/thinhcuong/bumperbot_ws/install/bumperbot_controller/local/lib/python3.10/dist-packages/bumperbot_controller-0.0.0-py3.10.egg-info/PKG-INFO
[0.975s] -- Installing: /home/thinhcuong/bumperbot_ws/install/bumperbot_controller/local/lib/python3.10/dist-packages/bumperbot_controller-0.0.0-py3.10.egg-info/dependency_links.txt
[0.976s] -- Installing: /home/thinhcuong/bumperbot_ws/install/bumperbot_controller/local/lib/python3.10/dist-packages/bumperbot_controller-0.0.0-py3.10.egg-info/top_level.txt
[0.976s] -- Installing: /home/thinhcuong/bumperbot_ws/install/bumperbot_controller/local/lib/python3.10/dist-packages/bumperbot_controller-0.0.0-py3.10.egg-info/SOURCES.txt
[0.976s] -- Up-to-date: /home/thinhcuong/bumperbot_ws/install/bumperbot_controller/local/lib/python3.10/dist-packages/bumperbot_controller
[0.977s] -- Up-to-date: /home/thinhcuong/bumperbot_ws/install/bumperbot_controller/local/lib/python3.10/dist-packages/bumperbot_controller/__init__.py
[0.977s] -- Up-to-date: /home/thinhcuong/bumperbot_ws/install/bumperbot_controller/local/lib/python3.10/dist-packages/bumperbot_controller/simple_controller.py
[1.046s] Listing '/home/thinhcuong/bumperbot_ws/install/bumperbot_controller/local/lib/python3.10/dist-packages/bumperbot_controller'...
[1.056s] -- Up-to-date: /home/thinhcuong/bumperbot_ws/install/bumperbot_controller/include/include
[1.056s] -- Up-to-date: /home/thinhcuong/bumperbot_ws/install/bumperbot_controller/include/include/bumperbot_controller
[1.056s] -- Up-to-date: /home/thinhcuong/bumperbot_ws/install/bumperbot_controller/include/include/bumperbot_controller/simple_controller.hpp
[1.060s] -- Up-to-date: /home/thinhcuong/bumperbot_ws/install/bumperbot_controller/lib/bumperbot_controller/simple_controller
[1.060s] -- Up-to-date: /home/thinhcuong/bumperbot_ws/install/bumperbot_controller/share/bumperbot_controller/config
[1.060s] -- Up-to-date: /home/thinhcuong/bumperbot_ws/install/bumperbot_controller/share/bumperbot_controller/config/joy_teleop.yaml
[1.060s] -- Up-to-date: /home/thinhcuong/bumperbot_ws/install/bumperbot_controller/share/bumperbot_controller/config/joy_config.yaml
[1.060s] -- Up-to-date: /home/thinhcuong/bumperbot_ws/install/bumperbot_controller/share/bumperbot_controller/config/bumperbot_controllers.yaml
[1.061s] -- Up-to-date: /home/thinhcuong/bumperbot_ws/install/bumperbot_controller/share/bumperbot_controller/launch
[1.062s] -- Up-to-date: /home/thinhcuong/bumperbot_ws/install/bumperbot_controller/share/bumperbot_controller/launch/joystick_teleop.launch.py
[1.063s] -- Up-to-date: /home/thinhcuong/bumperbot_ws/install/bumperbot_controller/share/bumperbot_controller/launch/controller.launch.py
[1.063s] -- Up-to-date: /home/thinhcuong/bumperbot_ws/install/bumperbot_controller/lib/bumperbot_controller/simple_controller.py
[1.063s] -- Up-to-date: /home/thinhcuong/bumperbot_ws/install/bumperbot_controller/share/ament_index/resource_index/package_run_dependencies/bumperbot_controller
[1.063s] -- Up-to-date: /home/thinhcuong/bumperbot_ws/install/bumperbot_controller/share/ament_index/resource_index/parent_prefix_path/bumperbot_controller
[1.063s] -- Up-to-date: /home/thinhcuong/bumperbot_ws/install/bumperbot_controller/share/bumperbot_controller/environment/ament_prefix_path.sh
[1.064s] -- Up-to-date: /home/thinhcuong/bumperbot_ws/install/bumperbot_controller/share/bumperbot_controller/environment/ament_prefix_path.dsv
[1.066s] -- Up-to-date: /home/thinhcuong/bumperbot_ws/install/bumperbot_controller/share/bumperbot_controller/environment/path.sh
[1.068s] -- Up-to-date: /home/thinhcuong/bumperbot_ws/install/bumperbot_controller/share/bumperbot_controller/environment/path.dsv
[1.068s] -- Up-to-date: /home/thinhcuong/bumperbot_ws/install/bumperbot_controller/share/bumperbot_controller/local_setup.bash
[1.069s] -- Up-to-date: /home/thinhcuong/bumperbot_ws/install/bumperbot_controller/share/bumperbot_controller/local_setup.sh
[1.072s] -- Up-to-date: /home/thinhcuong/bumperbot_ws/install/bumperbot_controller/share/bumperbot_controller/local_setup.zsh
[1.073s] -- Up-to-date: /home/thinhcuong/bumperbot_ws/install/bumperbot_controller/share/bumperbot_controller/local_setup.dsv
[1.073s] -- Installing: /home/thinhcuong/bumperbot_ws/install/bumperbot_controller/share/bumperbot_controller/package.dsv
[1.075s] -- Up-to-date: /home/thinhcuong/bumperbot_ws/install/bumperbot_controller/share/ament_index/resource_index/packages/bumperbot_controller
[1.075s] -- Up-to-date: /home/thinhcuong/bumperbot_ws/install/bumperbot_controller/share/bumperbot_controller/cmake/bumperbot_controllerConfig.cmake
[1.075s] -- Up-to-date: /home/thinhcuong/bumperbot_ws/install/bumperbot_controller/share/bumperbot_controller/cmake/bumperbot_controllerConfig-version.cmake
[1.075s] -- Up-to-date: /home/thinhcuong/bumperbot_ws/install/bumperbot_controller/share/bumperbot_controller/package.xml
[1.079s] Invoked command in '/home/thinhcuong/bumperbot_ws/build/bumperbot_controller' returned '0': CMAKE_PREFIX_PATH=/opt/ros/humble /usr/bin/cmake --install /home/thinhcuong/bumperbot_ws/build/bumperbot_controller
