[0.018s] Invoking command in '/home/thinhcuong/bumperbot_ws/src/build/bumperbot_controller': CMAKE_PREFIX_PATH=/opt/ros/humble /usr/bin/cmake --build /home/thinhcuong/bumperbot_ws/src/build/bumperbot_controller -- -j12 -l12
[0.038s] -- Found ament_cmake: 1.3.8 (/opt/ros/humble/share/ament_cmake/cmake)
[0.146s] -- Found ament_lint_auto: 0.12.10 (/opt/ros/humble/share/ament_lint_auto/cmake)
[0.203s] -- Added test 'lint_cmake' to check CMake code style
[0.204s] -- Added test 'xmllint' to check XML markup files
[0.205s] -- Configuring done
[0.209s] -- Generating done
[0.210s] -- Build files have been written to: /home/thinhcuong/bumperbot_ws/src/build/bumperbot_controller
[0.257s] Invoked command in '/home/thinhcuong/bumperbot_ws/src/build/bumperbot_controller' returned '0': CMAKE_PREFIX_PATH=/opt/ros/humble /usr/bin/cmake --build /home/thinhcuong/bumperbot_ws/src/build/bumperbot_controller -- -j12 -l12
[0.287s] Invoking command in '/home/thinhcuong/bumperbot_ws/src/build/bumperbot_controller': CMAKE_PREFIX_PATH=/opt/ros/humble /usr/bin/cmake --install /home/thinhcuong/bumperbot_ws/src/build/bumperbot_controller
[0.294s] -- Install configuration: ""
[0.295s] -- Installing: /home/thinhcuong/bumperbot_ws/src/install/bumperbot_controller/share/$(PROJECT_NAME)/config
[0.296s] -- Installing: /home/thinhcuong/bumperbot_ws/src/install/bumperbot_controller/share/$(PROJECT_NAME)/config/bumerpbot_controllers.yaml
[0.296s] -- Up-to-date: /home/thinhcuong/bumperbot_ws/src/install/bumperbot_controller/share/ament_index/resource_index/package_run_dependencies/bumperbot_controller
[0.296s] -- Up-to-date: /home/thinhcuong/bumperbot_ws/src/install/bumperbot_controller/share/ament_index/resource_index/parent_prefix_path/bumperbot_controller
[0.296s] -- Up-to-date: /home/thinhcuong/bumperbot_ws/src/install/bumperbot_controller/share/bumperbot_controller/environment/ament_prefix_path.sh
[0.297s] -- Installing: /home/thinhcuong/bumperbot_ws/src/install/bumperbot_controller/share/bumperbot_controller/environment/ament_prefix_path.dsv
[0.298s] -- Up-to-date: /home/thinhcuong/bumperbot_ws/src/install/bumperbot_controller/share/bumperbot_controller/environment/path.sh
[0.299s] -- Installing: /home/thinhcuong/bumperbot_ws/src/install/bumperbot_controller/share/bumperbot_controller/environment/path.dsv
[0.302s] -- Up-to-date: /home/thinhcuong/bumperbot_ws/src/install/bumperbot_controller/share/bumperbot_controller/local_setup.bash
[0.302s] -- Up-to-date: /home/thinhcuong/bumperbot_ws/src/install/bumperbot_controller/share/bumperbot_controller/local_setup.sh
[0.302s] -- Up-to-date: /home/thinhcuong/bumperbot_ws/src/install/bumperbot_controller/share/bumperbot_controller/local_setup.zsh
[0.303s] -- Installing: /home/thinhcuong/bumperbot_ws/src/install/bumperbot_controller/share/bumperbot_controller/local_setup.dsv
[0.303s] -- Installing: /home/thinhcuong/bumperbot_ws/src/install/bumperbot_controller/share/bumperbot_controller/package.dsv
[0.303s] -- Up-to-date: /home/thinhcuong/bumperbot_ws/src/install/bumperbot_controller/share/ament_index/resource_index/packages/bumperbot_controller
[0.304s] -- Up-to-date: /home/thinhcuong/bumperbot_ws/src/install/bumperbot_controller/share/bumperbot_controller/cmake/bumperbot_controllerConfig.cmake
[0.304s] -- Up-to-date: /home/thinhcuong/bumperbot_ws/src/install/bumperbot_controller/share/bumperbot_controller/cmake/bumperbot_controllerConfig-version.cmake
[0.304s] -- Up-to-date: /home/thinhcuong/bumperbot_ws/src/install/bumperbot_controller/share/bumperbot_controller/package.xml
[0.314s] Invoked command in '/home/thinhcuong/bumperbot_ws/src/build/bumperbot_controller' returned '0': CMAKE_PREFIX_PATH=/opt/ros/humble /usr/bin/cmake --install /home/thinhcuong/bumperbot_ws/src/build/bumperbot_controller
