[0.081s] DEBUG:colcon:Command line arguments: ['/usr/bin/colcon', 'build']
[0.082s] DEBUG:colcon:Parsed command line arguments: Namespace(log_base=None, log_level=None, verb_name='build', build_base='build', install_base='install', merge_install=False, symlink_install=False, test_result_base=None, continue_on_error=False, executor='parallel', parallel_workers=12, event_handlers=None, ignore_user_meta=False, metas=['./colcon.meta'], base_paths=['.'], packages_ignore=None, packages_ignore_regex=None, paths=None, packages_up_to=None, packages_up_to_regex=None, packages_above=None, packages_above_and_dependencies=None, packages_above_depth=None, packages_select_by_dep=None, packages_skip_by_dep=None, packages_skip_up_to=None, packages_select_build_failed=False, packages_skip_build_finished=False, packages_select_test_failures=False, packages_skip_test_passed=False, packages_select=None, packages_skip=None, packages_select_regex=None, packages_skip_regex=None, packages_start=None, packages_end=None, allow_overriding=[], cmake_args=None, cmake_target=None, cmake_target_skip_unavailable=False, cmake_clean_cache=False, cmake_clean_first=False, cmake_force_configure=False, ament_cmake_args=None, catkin_cmake_args=None, catkin_skip_building_tests=False, mixin_files=None, mixin=None, verb_parser=<colcon_mixin.mixin.mixin_argument.MixinArgumentDecorator object at 0x7ee77abf6a40>, verb_extension=<colcon_core.verb.build.BuildVerb object at 0x7ee77ad06fe0>, main=<bound method BuildVerb.main of <colcon_core.verb.build.BuildVerb object at 0x7ee77ad06fe0>>, mixin_verb=('build',))
[0.218s] Level 1:colcon.colcon_core.package_discovery:discover_packages(colcon_meta) check parameters
[0.218s] Level 1:colcon.colcon_core.package_discovery:discover_packages(recursive) check parameters
[0.218s] Level 1:colcon.colcon_core.package_discovery:discover_packages(ignore) check parameters
[0.218s] Level 1:colcon.colcon_core.package_discovery:discover_packages(path) check parameters
[0.218s] Level 1:colcon.colcon_core.package_discovery:discover_packages(colcon_meta) discover
[0.218s] Level 1:colcon.colcon_core.package_discovery:discover_packages(recursive) discover
[0.218s] INFO:colcon.colcon_core.package_discovery:Crawling recursively for packages in '/home/thinhcuong/bumperbot_ws'
[0.218s] Level 1:colcon.colcon_core.package_identification:_identify(.) by extensions ['ignore', 'ignore_ament_install']
[0.218s] Level 1:colcon.colcon_core.package_identification:_identify(.) by extension 'ignore'
[0.218s] Level 1:colcon.colcon_core.package_identification:_identify(.) by extension 'ignore_ament_install'
[0.218s] Level 1:colcon.colcon_core.package_identification:_identify(.) by extensions ['colcon_pkg']
[0.219s] Level 1:colcon.colcon_core.package_identification:_identify(.) by extension 'colcon_pkg'
[0.219s] Level 1:colcon.colcon_core.package_identification:_identify(.) by extensions ['colcon_meta']
[0.219s] Level 1:colcon.colcon_core.package_identification:_identify(.) by extension 'colcon_meta'
[0.219s] Level 1:colcon.colcon_core.package_identification:_identify(.) by extensions ['ros']
[0.219s] Level 1:colcon.colcon_core.package_identification:_identify(.) by extension 'ros'
[0.226s] Level 1:colcon.colcon_core.package_identification:_identify(.) by extensions ['cmake', 'python']
[0.226s] Level 1:colcon.colcon_core.package_identification:_identify(.) by extension 'cmake'
[0.227s] Level 1:colcon.colcon_core.package_identification:_identify(.) by extension 'python'
[0.227s] Level 1:colcon.colcon_core.package_identification:_identify(.) by extensions ['python_setup_py']
[0.227s] Level 1:colcon.colcon_core.package_identification:_identify(.) by extension 'python_setup_py'
[0.227s] Level 1:colcon.colcon_core.package_identification:_identify(build) by extensions ['ignore', 'ignore_ament_install']
[0.227s] Level 1:colcon.colcon_core.package_identification:_identify(build) by extension 'ignore'
[0.227s] Level 1:colcon.colcon_core.package_identification:_identify(build) ignored
[0.227s] Level 1:colcon.colcon_core.package_identification:_identify(install) by extensions ['ignore', 'ignore_ament_install']
[0.227s] Level 1:colcon.colcon_core.package_identification:_identify(install) by extension 'ignore'
[0.227s] Level 1:colcon.colcon_core.package_identification:_identify(install) ignored
[0.227s] Level 1:colcon.colcon_core.package_identification:_identify(log) by extensions ['ignore', 'ignore_ament_install']
[0.227s] Level 1:colcon.colcon_core.package_identification:_identify(log) by extension 'ignore'
[0.227s] Level 1:colcon.colcon_core.package_identification:_identify(log) ignored
[0.228s] Level 1:colcon.colcon_core.package_identification:_identify(src) by extensions ['ignore', 'ignore_ament_install']
[0.228s] Level 1:colcon.colcon_core.package_identification:_identify(src) by extension 'ignore'
[0.228s] Level 1:colcon.colcon_core.package_identification:_identify(src) by extension 'ignore_ament_install'
[0.228s] Level 1:colcon.colcon_core.package_identification:_identify(src) by extensions ['colcon_pkg']
[0.228s] Level 1:colcon.colcon_core.package_identification:_identify(src) by extension 'colcon_pkg'
[0.228s] Level 1:colcon.colcon_core.package_identification:_identify(src) by extensions ['colcon_meta']
[0.228s] Level 1:colcon.colcon_core.package_identification:_identify(src) by extension 'colcon_meta'
[0.228s] Level 1:colcon.colcon_core.package_identification:_identify(src) by extensions ['ros']
[0.228s] Level 1:colcon.colcon_core.package_identification:_identify(src) by extension 'ros'
[0.228s] Level 1:colcon.colcon_core.package_identification:_identify(src) by extensions ['cmake', 'python']
[0.228s] Level 1:colcon.colcon_core.package_identification:_identify(src) by extension 'cmake'
[0.228s] Level 1:colcon.colcon_core.package_identification:_identify(src) by extension 'python'
[0.228s] Level 1:colcon.colcon_core.package_identification:_identify(src) by extensions ['python_setup_py']
[0.228s] Level 1:colcon.colcon_core.package_identification:_identify(src) by extension 'python_setup_py'
[0.228s] Level 1:colcon.colcon_core.package_identification:_identify(src/build) by extensions ['ignore', 'ignore_ament_install']
[0.228s] Level 1:colcon.colcon_core.package_identification:_identify(src/build) by extension 'ignore'
[0.228s] Level 1:colcon.colcon_core.package_identification:_identify(src/build) ignored
[0.228s] Level 1:colcon.colcon_core.package_identification:_identify(src/bumperbot_controller) by extensions ['ignore', 'ignore_ament_install']
[0.229s] Level 1:colcon.colcon_core.package_identification:_identify(src/bumperbot_controller) by extension 'ignore'
[0.229s] Level 1:colcon.colcon_core.package_identification:_identify(src/bumperbot_controller) by extension 'ignore_ament_install'
[0.229s] Level 1:colcon.colcon_core.package_identification:_identify(src/bumperbot_controller) by extensions ['colcon_pkg']
[0.229s] Level 1:colcon.colcon_core.package_identification:_identify(src/bumperbot_controller) by extension 'colcon_pkg'
[0.229s] Level 1:colcon.colcon_core.package_identification:_identify(src/bumperbot_controller) by extensions ['colcon_meta']
[0.229s] Level 1:colcon.colcon_core.package_identification:_identify(src/bumperbot_controller) by extension 'colcon_meta'
[0.229s] Level 1:colcon.colcon_core.package_identification:_identify(src/bumperbot_controller) by extensions ['ros']
[0.229s] Level 1:colcon.colcon_core.package_identification:_identify(src/bumperbot_controller) by extension 'ros'
[0.231s] DEBUG:colcon.colcon_core.package_identification:Package 'src/bumperbot_controller' with type 'ros.ament_cmake' and name 'bumperbot_controller'
[0.231s] Level 1:colcon.colcon_core.package_identification:_identify(src/bumperbot_cpp_examples) by extensions ['ignore', 'ignore_ament_install']
[0.231s] Level 1:colcon.colcon_core.package_identification:_identify(src/bumperbot_cpp_examples) by extension 'ignore'
[0.231s] Level 1:colcon.colcon_core.package_identification:_identify(src/bumperbot_cpp_examples) by extension 'ignore_ament_install'
[0.231s] Level 1:colcon.colcon_core.package_identification:_identify(src/bumperbot_cpp_examples) by extensions ['colcon_pkg']
[0.231s] Level 1:colcon.colcon_core.package_identification:_identify(src/bumperbot_cpp_examples) by extension 'colcon_pkg'
[0.231s] Level 1:colcon.colcon_core.package_identification:_identify(src/bumperbot_cpp_examples) by extensions ['colcon_meta']
[0.231s] Level 1:colcon.colcon_core.package_identification:_identify(src/bumperbot_cpp_examples) by extension 'colcon_meta'
[0.231s] Level 1:colcon.colcon_core.package_identification:_identify(src/bumperbot_cpp_examples) by extensions ['ros']
[0.231s] Level 1:colcon.colcon_core.package_identification:_identify(src/bumperbot_cpp_examples) by extension 'ros'
[0.232s] DEBUG:colcon.colcon_core.package_identification:Package 'src/bumperbot_cpp_examples' with type 'ros.ament_cmake' and name 'bumperbot_cpp_examples'
[0.232s] Level 1:colcon.colcon_core.package_identification:_identify(src/bumperbot_description) by extensions ['ignore', 'ignore_ament_install']
[0.232s] Level 1:colcon.colcon_core.package_identification:_identify(src/bumperbot_description) by extension 'ignore'
[0.232s] Level 1:colcon.colcon_core.package_identification:_identify(src/bumperbot_description) by extension 'ignore_ament_install'
[0.232s] Level 1:colcon.colcon_core.package_identification:_identify(src/bumperbot_description) by extensions ['colcon_pkg']
[0.232s] Level 1:colcon.colcon_core.package_identification:_identify(src/bumperbot_description) by extension 'colcon_pkg'
[0.232s] Level 1:colcon.colcon_core.package_identification:_identify(src/bumperbot_description) by extensions ['colcon_meta']
[0.232s] Level 1:colcon.colcon_core.package_identification:_identify(src/bumperbot_description) by extension 'colcon_meta'
[0.232s] Level 1:colcon.colcon_core.package_identification:_identify(src/bumperbot_description) by extensions ['ros']
[0.232s] Level 1:colcon.colcon_core.package_identification:_identify(src/bumperbot_description) by extension 'ros'
[0.232s] DEBUG:colcon.colcon_core.package_identification:Package 'src/bumperbot_description' with type 'ros.ament_cmake' and name 'bumperbot_description'
[0.232s] Level 1:colcon.colcon_core.package_identification:_identify(src/bumperbot_msgs) by extensions ['ignore', 'ignore_ament_install']
[0.233s] Level 1:colcon.colcon_core.package_identification:_identify(src/bumperbot_msgs) by extension 'ignore'
[0.233s] Level 1:colcon.colcon_core.package_identification:_identify(src/bumperbot_msgs) by extension 'ignore_ament_install'
[0.233s] Level 1:colcon.colcon_core.package_identification:_identify(src/bumperbot_msgs) by extensions ['colcon_pkg']
[0.233s] Level 1:colcon.colcon_core.package_identification:_identify(src/bumperbot_msgs) by extension 'colcon_pkg'
[0.233s] Level 1:colcon.colcon_core.package_identification:_identify(src/bumperbot_msgs) by extensions ['colcon_meta']
[0.233s] Level 1:colcon.colcon_core.package_identification:_identify(src/bumperbot_msgs) by extension 'colcon_meta'
[0.233s] Level 1:colcon.colcon_core.package_identification:_identify(src/bumperbot_msgs) by extensions ['ros']
[0.233s] Level 1:colcon.colcon_core.package_identification:_identify(src/bumperbot_msgs) by extension 'ros'
[0.233s] DEBUG:colcon.colcon_core.package_identification:Package 'src/bumperbot_msgs' with type 'ros.ament_cmake' and name 'bumperbot_msgs'
[0.233s] Level 1:colcon.colcon_core.package_identification:_identify(src/bumperbot_py_examples) by extensions ['ignore', 'ignore_ament_install']
[0.233s] Level 1:colcon.colcon_core.package_identification:_identify(src/bumperbot_py_examples) by extension 'ignore'
[0.233s] Level 1:colcon.colcon_core.package_identification:_identify(src/bumperbot_py_examples) by extension 'ignore_ament_install'
[0.234s] Level 1:colcon.colcon_core.package_identification:_identify(src/bumperbot_py_examples) by extensions ['colcon_pkg']
[0.234s] Level 1:colcon.colcon_core.package_identification:_identify(src/bumperbot_py_examples) by extension 'colcon_pkg'
[0.234s] Level 1:colcon.colcon_core.package_identification:_identify(src/bumperbot_py_examples) by extensions ['colcon_meta']
[0.234s] Level 1:colcon.colcon_core.package_identification:_identify(src/bumperbot_py_examples) by extension 'colcon_meta'
[0.234s] Level 1:colcon.colcon_core.package_identification:_identify(src/bumperbot_py_examples) by extensions ['ros']
[0.234s] Level 1:colcon.colcon_core.package_identification:_identify(src/bumperbot_py_examples) by extension 'ros'
[0.234s] DEBUG:colcon.colcon_core.package_identification:Package 'src/bumperbot_py_examples' with type 'ros.ament_python' and name 'bumperbot_py_examples'
[0.234s] Level 1:colcon.colcon_core.package_identification:_identify(src/install) by extensions ['ignore', 'ignore_ament_install']
[0.234s] Level 1:colcon.colcon_core.package_identification:_identify(src/install) by extension 'ignore'
[0.234s] Level 1:colcon.colcon_core.package_identification:_identify(src/install) ignored
[0.234s] Level 1:colcon.colcon_core.package_identification:_identify(src/log) by extensions ['ignore', 'ignore_ament_install']
[0.234s] Level 1:colcon.colcon_core.package_identification:_identify(src/log) by extension 'ignore'
[0.234s] Level 1:colcon.colcon_core.package_identification:_identify(src/log) ignored
[0.234s] Level 1:colcon.colcon_core.package_discovery:discover_packages(recursive) using defaults
[0.234s] Level 1:colcon.colcon_core.package_discovery:discover_packages(ignore) discover
[0.235s] Level 1:colcon.colcon_core.package_discovery:discover_packages(ignore) using defaults
[0.235s] Level 1:colcon.colcon_core.package_discovery:discover_packages(path) discover
[0.235s] Level 1:colcon.colcon_core.package_discovery:discover_packages(path) using defaults
[0.257s] Level 1:colcon.colcon_core.package_discovery:discover_packages(prefix_path) check parameters
[0.257s] Level 1:colcon.colcon_core.package_discovery:discover_packages(prefix_path) discover
[0.259s] DEBUG:colcon.colcon_installed_package_information.package_discovery:Found 334 installed packages in /opt/ros/humble
[0.260s] Level 1:colcon.colcon_core.package_discovery:discover_packages(prefix_path) using defaults
[0.291s] Level 5:colcon.colcon_core.verb:set package 'bumperbot_controller' build argument 'cmake_args' from command line to 'None'
[0.291s] Level 5:colcon.colcon_core.verb:set package 'bumperbot_controller' build argument 'cmake_target' from command line to 'None'
[0.291s] Level 5:colcon.colcon_core.verb:set package 'bumperbot_controller' build argument 'cmake_target_skip_unavailable' from command line to 'False'
[0.291s] Level 5:colcon.colcon_core.verb:set package 'bumperbot_controller' build argument 'cmake_clean_cache' from command line to 'False'
[0.291s] Level 5:colcon.colcon_core.verb:set package 'bumperbot_controller' build argument 'cmake_clean_first' from command line to 'False'
[0.291s] Level 5:colcon.colcon_core.verb:set package 'bumperbot_controller' build argument 'cmake_force_configure' from command line to 'False'
[0.291s] Level 5:colcon.colcon_core.verb:set package 'bumperbot_controller' build argument 'ament_cmake_args' from command line to 'None'
[0.291s] Level 5:colcon.colcon_core.verb:set package 'bumperbot_controller' build argument 'catkin_cmake_args' from command line to 'None'
[0.291s] Level 5:colcon.colcon_core.verb:set package 'bumperbot_controller' build argument 'catkin_skip_building_tests' from command line to 'False'
[0.292s] DEBUG:colcon.colcon_core.verb:Building package 'bumperbot_controller' with the following arguments: {'ament_cmake_args': None, 'build_base': '/home/thinhcuong/bumperbot_ws/build/bumperbot_controller', 'catkin_cmake_args': None, 'catkin_skip_building_tests': False, 'cmake_args': None, 'cmake_clean_cache': False, 'cmake_clean_first': False, 'cmake_force_configure': False, 'cmake_target': None, 'cmake_target_skip_unavailable': False, 'install_base': '/home/thinhcuong/bumperbot_ws/install/bumperbot_controller', 'merge_install': False, 'path': '/home/thinhcuong/bumperbot_ws/src/bumperbot_controller', 'symlink_install': False, 'test_result_base': None}
[0.292s] Level 5:colcon.colcon_core.verb:set package 'bumperbot_description' build argument 'cmake_args' from command line to 'None'
[0.292s] Level 5:colcon.colcon_core.verb:set package 'bumperbot_description' build argument 'cmake_target' from command line to 'None'
[0.292s] Level 5:colcon.colcon_core.verb:set package 'bumperbot_description' build argument 'cmake_target_skip_unavailable' from command line to 'False'
[0.292s] Level 5:colcon.colcon_core.verb:set package 'bumperbot_description' build argument 'cmake_clean_cache' from command line to 'False'
[0.292s] Level 5:colcon.colcon_core.verb:set package 'bumperbot_description' build argument 'cmake_clean_first' from command line to 'False'
[0.292s] Level 5:colcon.colcon_core.verb:set package 'bumperbot_description' build argument 'cmake_force_configure' from command line to 'False'
[0.292s] Level 5:colcon.colcon_core.verb:set package 'bumperbot_description' build argument 'ament_cmake_args' from command line to 'None'
[0.292s] Level 5:colcon.colcon_core.verb:set package 'bumperbot_description' build argument 'catkin_cmake_args' from command line to 'None'
[0.292s] Level 5:colcon.colcon_core.verb:set package 'bumperbot_description' build argument 'catkin_skip_building_tests' from command line to 'False'
[0.292s] DEBUG:colcon.colcon_core.verb:Building package 'bumperbot_description' with the following arguments: {'ament_cmake_args': None, 'build_base': '/home/thinhcuong/bumperbot_ws/build/bumperbot_description', 'catkin_cmake_args': None, 'catkin_skip_building_tests': False, 'cmake_args': None, 'cmake_clean_cache': False, 'cmake_clean_first': False, 'cmake_force_configure': False, 'cmake_target': None, 'cmake_target_skip_unavailable': False, 'install_base': '/home/thinhcuong/bumperbot_ws/install/bumperbot_description', 'merge_install': False, 'path': '/home/thinhcuong/bumperbot_ws/src/bumperbot_description', 'symlink_install': False, 'test_result_base': None}
[0.292s] Level 5:colcon.colcon_core.verb:set package 'bumperbot_msgs' build argument 'cmake_args' from command line to 'None'
[0.292s] Level 5:colcon.colcon_core.verb:set package 'bumperbot_msgs' build argument 'cmake_target' from command line to 'None'
[0.292s] Level 5:colcon.colcon_core.verb:set package 'bumperbot_msgs' build argument 'cmake_target_skip_unavailable' from command line to 'False'
[0.292s] Level 5:colcon.colcon_core.verb:set package 'bumperbot_msgs' build argument 'cmake_clean_cache' from command line to 'False'
[0.292s] Level 5:colcon.colcon_core.verb:set package 'bumperbot_msgs' build argument 'cmake_clean_first' from command line to 'False'
[0.292s] Level 5:colcon.colcon_core.verb:set package 'bumperbot_msgs' build argument 'cmake_force_configure' from command line to 'False'
[0.292s] Level 5:colcon.colcon_core.verb:set package 'bumperbot_msgs' build argument 'ament_cmake_args' from command line to 'None'
[0.293s] Level 5:colcon.colcon_core.verb:set package 'bumperbot_msgs' build argument 'catkin_cmake_args' from command line to 'None'
[0.293s] Level 5:colcon.colcon_core.verb:set package 'bumperbot_msgs' build argument 'catkin_skip_building_tests' from command line to 'False'
[0.293s] DEBUG:colcon.colcon_core.verb:Building package 'bumperbot_msgs' with the following arguments: {'ament_cmake_args': None, 'build_base': '/home/thinhcuong/bumperbot_ws/build/bumperbot_msgs', 'catkin_cmake_args': None, 'catkin_skip_building_tests': False, 'cmake_args': None, 'cmake_clean_cache': False, 'cmake_clean_first': False, 'cmake_force_configure': False, 'cmake_target': None, 'cmake_target_skip_unavailable': False, 'install_base': '/home/thinhcuong/bumperbot_ws/install/bumperbot_msgs', 'merge_install': False, 'path': '/home/thinhcuong/bumperbot_ws/src/bumperbot_msgs', 'symlink_install': False, 'test_result_base': None}
[0.293s] Level 5:colcon.colcon_core.verb:set package 'bumperbot_cpp_examples' build argument 'cmake_args' from command line to 'None'
[0.293s] Level 5:colcon.colcon_core.verb:set package 'bumperbot_cpp_examples' build argument 'cmake_target' from command line to 'None'
[0.293s] Level 5:colcon.colcon_core.verb:set package 'bumperbot_cpp_examples' build argument 'cmake_target_skip_unavailable' from command line to 'False'
[0.293s] Level 5:colcon.colcon_core.verb:set package 'bumperbot_cpp_examples' build argument 'cmake_clean_cache' from command line to 'False'
[0.293s] Level 5:colcon.colcon_core.verb:set package 'bumperbot_cpp_examples' build argument 'cmake_clean_first' from command line to 'False'
[0.293s] Level 5:colcon.colcon_core.verb:set package 'bumperbot_cpp_examples' build argument 'cmake_force_configure' from command line to 'False'
[0.293s] Level 5:colcon.colcon_core.verb:set package 'bumperbot_cpp_examples' build argument 'ament_cmake_args' from command line to 'None'
[0.293s] Level 5:colcon.colcon_core.verb:set package 'bumperbot_cpp_examples' build argument 'catkin_cmake_args' from command line to 'None'
[0.293s] Level 5:colcon.colcon_core.verb:set package 'bumperbot_cpp_examples' build argument 'catkin_skip_building_tests' from command line to 'False'
[0.293s] DEBUG:colcon.colcon_core.verb:Building package 'bumperbot_cpp_examples' with the following arguments: {'ament_cmake_args': None, 'build_base': '/home/thinhcuong/bumperbot_ws/build/bumperbot_cpp_examples', 'catkin_cmake_args': None, 'catkin_skip_building_tests': False, 'cmake_args': None, 'cmake_clean_cache': False, 'cmake_clean_first': False, 'cmake_force_configure': False, 'cmake_target': None, 'cmake_target_skip_unavailable': False, 'install_base': '/home/thinhcuong/bumperbot_ws/install/bumperbot_cpp_examples', 'merge_install': False, 'path': '/home/thinhcuong/bumperbot_ws/src/bumperbot_cpp_examples', 'symlink_install': False, 'test_result_base': None}
[0.293s] Level 5:colcon.colcon_core.verb:set package 'bumperbot_py_examples' build argument 'cmake_args' from command line to 'None'
[0.293s] Level 5:colcon.colcon_core.verb:set package 'bumperbot_py_examples' build argument 'cmake_target' from command line to 'None'
[0.293s] Level 5:colcon.colcon_core.verb:set package 'bumperbot_py_examples' build argument 'cmake_target_skip_unavailable' from command line to 'False'
[0.293s] Level 5:colcon.colcon_core.verb:set package 'bumperbot_py_examples' build argument 'cmake_clean_cache' from command line to 'False'
[0.293s] Level 5:colcon.colcon_core.verb:set package 'bumperbot_py_examples' build argument 'cmake_clean_first' from command line to 'False'
[0.293s] Level 5:colcon.colcon_core.verb:set package 'bumperbot_py_examples' build argument 'cmake_force_configure' from command line to 'False'
[0.293s] Level 5:colcon.colcon_core.verb:set package 'bumperbot_py_examples' build argument 'ament_cmake_args' from command line to 'None'
[0.293s] Level 5:colcon.colcon_core.verb:set package 'bumperbot_py_examples' build argument 'catkin_cmake_args' from command line to 'None'
[0.293s] Level 5:colcon.colcon_core.verb:set package 'bumperbot_py_examples' build argument 'catkin_skip_building_tests' from command line to 'False'
[0.293s] DEBUG:colcon.colcon_core.verb:Building package 'bumperbot_py_examples' with the following arguments: {'ament_cmake_args': None, 'build_base': '/home/thinhcuong/bumperbot_ws/build/bumperbot_py_examples', 'catkin_cmake_args': None, 'catkin_skip_building_tests': False, 'cmake_args': None, 'cmake_clean_cache': False, 'cmake_clean_first': False, 'cmake_force_configure': False, 'cmake_target': None, 'cmake_target_skip_unavailable': False, 'install_base': '/home/thinhcuong/bumperbot_ws/install/bumperbot_py_examples', 'merge_install': False, 'path': '/home/thinhcuong/bumperbot_ws/src/bumperbot_py_examples', 'symlink_install': False, 'test_result_base': None}
[0.294s] INFO:colcon.colcon_core.executor:Executing jobs using 'parallel' executor
[0.294s] DEBUG:colcon.colcon_parallel_executor.executor.parallel:run_until_complete
[0.295s] INFO:colcon.colcon_ros.task.ament_cmake.build:Building ROS package in '/home/thinhcuong/bumperbot_ws/src/bumperbot_msgs' with build type 'ament_cmake'
[0.295s] INFO:colcon.colcon_cmake.task.cmake.build:Building CMake package in '/home/thinhcuong/bumperbot_ws/src/bumperbot_msgs'
[0.296s] INFO:colcon.colcon_core.plugin_system:Skipping extension 'colcon_core.shell.bat': Not used on non-Windows systems
[0.296s] INFO:colcon.colcon_core.shell:Skip shell extension 'powershell' for command environment: Not usable outside of PowerShell
[0.296s] DEBUG:colcon.colcon_core.shell:Skip shell extension 'dsv' for command environment
[0.299s] INFO:colcon.colcon_ros.task.ament_cmake.build:Building ROS package in '/home/thinhcuong/bumperbot_ws/src/bumperbot_controller' with build type 'ament_cmake'
[0.299s] INFO:colcon.colcon_cmake.task.cmake.build:Building CMake package in '/home/thinhcuong/bumperbot_ws/src/bumperbot_controller'
[0.299s] INFO:colcon.colcon_core.shell:Skip shell extension 'powershell' for command environment: Not usable outside of PowerShell
[0.299s] DEBUG:colcon.colcon_core.shell:Skip shell extension 'dsv' for command environment
[0.301s] INFO:colcon.colcon_ros.task.ament_cmake.build:Building ROS package in '/home/thinhcuong/bumperbot_ws/src/bumperbot_description' with build type 'ament_cmake'
[0.301s] INFO:colcon.colcon_cmake.task.cmake.build:Building CMake package in '/home/thinhcuong/bumperbot_ws/src/bumperbot_description'
[0.302s] INFO:colcon.colcon_core.shell:Skip shell extension 'powershell' for command environment: Not usable outside of PowerShell
[0.302s] DEBUG:colcon.colcon_core.shell:Skip shell extension 'dsv' for command environment
[0.308s] DEBUG:colcon.colcon_core.event_handler.log_command:Invoking command in '/home/thinhcuong/bumperbot_ws/build/bumperbot_msgs': CMAKE_PREFIX_PATH=/opt/ros/humble /usr/bin/cmake --build /home/thinhcuong/bumperbot_ws/build/bumperbot_msgs -- -j12 -l12
[0.311s] DEBUG:colcon.colcon_core.event_handler.log_command:Invoking command in '/home/thinhcuong/bumperbot_ws/build/bumperbot_controller': CMAKE_PREFIX_PATH=/opt/ros/humble /usr/bin/cmake --build /home/thinhcuong/bumperbot_ws/build/bumperbot_controller -- -j12 -l12
[0.313s] DEBUG:colcon.colcon_core.event_handler.log_command:Invoking command in '/home/thinhcuong/bumperbot_ws/build/bumperbot_description': CMAKE_PREFIX_PATH=/opt/ros/humble /usr/bin/cmake --build /home/thinhcuong/bumperbot_ws/build/bumperbot_description -- -j12 -l12
[0.346s] DEBUG:colcon.colcon_core.event_handler.log_command:Invoked command in '/home/thinhcuong/bumperbot_ws/build/bumperbot_description' returned '0': CMAKE_PREFIX_PATH=/opt/ros/humble /usr/bin/cmake --build /home/thinhcuong/bumperbot_ws/build/bumperbot_description -- -j12 -l12
[0.387s] DEBUG:colcon.colcon_core.event_handler.log_command:Invoking command in '/home/thinhcuong/bumperbot_ws/build/bumperbot_description': CMAKE_PREFIX_PATH=/opt/ros/humble /usr/bin/cmake --install /home/thinhcuong/bumperbot_ws/build/bumperbot_description
[0.398s] Level 1:colcon.colcon_core.environment:create_environment_scripts_only(bumperbot_description)
[0.398s] DEBUG:colcon.colcon_core.event_handler.log_command:Invoked command in '/home/thinhcuong/bumperbot_ws/build/bumperbot_description' returned '0': CMAKE_PREFIX_PATH=/opt/ros/humble /usr/bin/cmake --install /home/thinhcuong/bumperbot_ws/build/bumperbot_description
[0.400s] Level 1:colcon.colcon_core.environment:checking '/home/thinhcuong/bumperbot_ws/install/bumperbot_description' for CMake module files
[0.400s] Level 1:colcon.colcon_core.environment:checking '/home/thinhcuong/bumperbot_ws/install/bumperbot_description' for CMake config files
[0.401s] Level 1:colcon.colcon_core.shell:create_environment_hook('bumperbot_description', 'cmake_prefix_path')
[0.401s] INFO:colcon.colcon_core.shell:Creating environment hook '/home/thinhcuong/bumperbot_ws/install/bumperbot_description/share/bumperbot_description/hook/cmake_prefix_path.ps1'
[0.402s] INFO:colcon.colcon_core.shell:Creating environment descriptor '/home/thinhcuong/bumperbot_ws/install/bumperbot_description/share/bumperbot_description/hook/cmake_prefix_path.dsv'
[0.402s] INFO:colcon.colcon_core.shell:Creating environment hook '/home/thinhcuong/bumperbot_ws/install/bumperbot_description/share/bumperbot_description/hook/cmake_prefix_path.sh'
[0.403s] Level 1:colcon.colcon_core.environment:checking '/home/thinhcuong/bumperbot_ws/install/bumperbot_description/bin'
[0.403s] Level 1:colcon.colcon_core.environment:checking '/home/thinhcuong/bumperbot_ws/install/bumperbot_description/lib/pkgconfig/bumperbot_description.pc'
[0.403s] Level 1:colcon.colcon_core.environment:checking '/home/thinhcuong/bumperbot_ws/install/bumperbot_description/lib/python3.10/site-packages'
[0.403s] Level 1:colcon.colcon_core.environment:checking '/home/thinhcuong/bumperbot_ws/install/bumperbot_description/bin'
[0.404s] INFO:colcon.colcon_core.shell:Creating package script '/home/thinhcuong/bumperbot_ws/install/bumperbot_description/share/bumperbot_description/package.ps1'
[0.404s] INFO:colcon.colcon_core.shell:Creating package descriptor '/home/thinhcuong/bumperbot_ws/install/bumperbot_description/share/bumperbot_description/package.dsv'
[0.405s] INFO:colcon.colcon_core.shell:Creating package script '/home/thinhcuong/bumperbot_ws/install/bumperbot_description/share/bumperbot_description/package.sh'
[0.405s] INFO:colcon.colcon_core.shell:Creating package script '/home/thinhcuong/bumperbot_ws/install/bumperbot_description/share/bumperbot_description/package.bash'
[0.406s] INFO:colcon.colcon_core.shell:Creating package script '/home/thinhcuong/bumperbot_ws/install/bumperbot_description/share/bumperbot_description/package.zsh'
[0.406s] Level 1:colcon.colcon_core.environment:create_file_with_runtime_dependencies(/home/thinhcuong/bumperbot_ws/install/bumperbot_description/share/colcon-core/packages/bumperbot_description)
[0.427s] Level 1:colcon.colcon_core.environment:create_environment_scripts_only(bumperbot_description)
[0.427s] Level 1:colcon.colcon_core.environment:checking '/home/thinhcuong/bumperbot_ws/install/bumperbot_description' for CMake module files
[0.428s] Level 1:colcon.colcon_core.environment:checking '/home/thinhcuong/bumperbot_ws/install/bumperbot_description' for CMake config files
[0.428s] Level 1:colcon.colcon_core.shell:create_environment_hook('bumperbot_description', 'cmake_prefix_path')
[0.428s] INFO:colcon.colcon_core.shell:Creating environment hook '/home/thinhcuong/bumperbot_ws/install/bumperbot_description/share/bumperbot_description/hook/cmake_prefix_path.ps1'
[0.429s] INFO:colcon.colcon_core.shell:Creating environment descriptor '/home/thinhcuong/bumperbot_ws/install/bumperbot_description/share/bumperbot_description/hook/cmake_prefix_path.dsv'
[0.429s] INFO:colcon.colcon_core.shell:Creating environment hook '/home/thinhcuong/bumperbot_ws/install/bumperbot_description/share/bumperbot_description/hook/cmake_prefix_path.sh'
[0.430s] Level 1:colcon.colcon_core.environment:checking '/home/thinhcuong/bumperbot_ws/install/bumperbot_description/bin'
[0.430s] Level 1:colcon.colcon_core.environment:checking '/home/thinhcuong/bumperbot_ws/install/bumperbot_description/lib/pkgconfig/bumperbot_description.pc'
[0.430s] Level 1:colcon.colcon_core.environment:checking '/home/thinhcuong/bumperbot_ws/install/bumperbot_description/lib/python3.10/site-packages'
[0.430s] Level 1:colcon.colcon_core.environment:checking '/home/thinhcuong/bumperbot_ws/install/bumperbot_description/bin'
[0.430s] INFO:colcon.colcon_core.shell:Creating package script '/home/thinhcuong/bumperbot_ws/install/bumperbot_description/share/bumperbot_description/package.ps1'
[0.431s] INFO:colcon.colcon_core.shell:Creating package descriptor '/home/thinhcuong/bumperbot_ws/install/bumperbot_description/share/bumperbot_description/package.dsv'
[0.431s] INFO:colcon.colcon_core.shell:Creating package script '/home/thinhcuong/bumperbot_ws/install/bumperbot_description/share/bumperbot_description/package.sh'
[0.431s] INFO:colcon.colcon_core.shell:Creating package script '/home/thinhcuong/bumperbot_ws/install/bumperbot_description/share/bumperbot_description/package.bash'
[0.432s] INFO:colcon.colcon_core.shell:Creating package script '/home/thinhcuong/bumperbot_ws/install/bumperbot_description/share/bumperbot_description/package.zsh'
[0.432s] Level 1:colcon.colcon_core.environment:create_file_with_runtime_dependencies(/home/thinhcuong/bumperbot_ws/install/bumperbot_description/share/colcon-core/packages/bumperbot_description)
[0.635s] DEBUG:colcon.colcon_core.event_handler.log_command:Invoked command in '/home/thinhcuong/bumperbot_ws/build/bumperbot_controller' returned '0': CMAKE_PREFIX_PATH=/opt/ros/humble /usr/bin/cmake --build /home/thinhcuong/bumperbot_ws/build/bumperbot_controller -- -j12 -l12
[0.637s] DEBUG:colcon.colcon_core.event_handler.log_command:Invoked command in '/home/thinhcuong/bumperbot_ws/build/bumperbot_msgs' returned '0': CMAKE_PREFIX_PATH=/opt/ros/humble /usr/bin/cmake --build /home/thinhcuong/bumperbot_ws/build/bumperbot_msgs -- -j12 -l12
[0.659s] DEBUG:colcon.colcon_core.event_handler.log_command:Invoking command in '/home/thinhcuong/bumperbot_ws/build/bumperbot_controller': CMAKE_PREFIX_PATH=/opt/ros/humble /usr/bin/cmake --install /home/thinhcuong/bumperbot_ws/build/bumperbot_controller
[0.698s] Level 1:colcon.colcon_core.environment:create_environment_scripts_only(bumperbot_controller)
[0.698s] Level 1:colcon.colcon_core.environment:checking '/home/thinhcuong/bumperbot_ws/install/bumperbot_controller' for CMake module files
[0.698s] DEBUG:colcon.colcon_core.event_handler.log_command:Invoked command in '/home/thinhcuong/bumperbot_ws/build/bumperbot_controller' returned '0': CMAKE_PREFIX_PATH=/opt/ros/humble /usr/bin/cmake --install /home/thinhcuong/bumperbot_ws/build/bumperbot_controller
[0.698s] Level 1:colcon.colcon_core.environment:checking '/home/thinhcuong/bumperbot_ws/install/bumperbot_controller' for CMake config files
[0.699s] Level 1:colcon.colcon_core.shell:create_environment_hook('bumperbot_controller', 'cmake_prefix_path')
[0.699s] INFO:colcon.colcon_core.shell:Creating environment hook '/home/thinhcuong/bumperbot_ws/install/bumperbot_controller/share/bumperbot_controller/hook/cmake_prefix_path.ps1'
[0.699s] INFO:colcon.colcon_core.shell:Creating environment descriptor '/home/thinhcuong/bumperbot_ws/install/bumperbot_controller/share/bumperbot_controller/hook/cmake_prefix_path.dsv'
[0.700s] INFO:colcon.colcon_core.shell:Creating environment hook '/home/thinhcuong/bumperbot_ws/install/bumperbot_controller/share/bumperbot_controller/hook/cmake_prefix_path.sh'
[0.700s] Level 1:colcon.colcon_core.environment:checking '/home/thinhcuong/bumperbot_ws/install/bumperbot_controller/lib'
[0.700s] Level 1:colcon.colcon_core.environment:checking '/home/thinhcuong/bumperbot_ws/install/bumperbot_controller/bin'
[0.700s] Level 1:colcon.colcon_core.environment:checking '/home/thinhcuong/bumperbot_ws/install/bumperbot_controller/lib/pkgconfig/bumperbot_controller.pc'
[0.700s] Level 1:colcon.colcon_core.environment:checking '/home/thinhcuong/bumperbot_ws/install/bumperbot_controller/lib/python3.10/site-packages'
[0.701s] Level 1:colcon.colcon_core.environment:checking '/home/thinhcuong/bumperbot_ws/install/bumperbot_controller/bin'
[0.701s] INFO:colcon.colcon_core.shell:Creating package script '/home/thinhcuong/bumperbot_ws/install/bumperbot_controller/share/bumperbot_controller/package.ps1'
[0.701s] INFO:colcon.colcon_core.shell:Creating package descriptor '/home/thinhcuong/bumperbot_ws/install/bumperbot_controller/share/bumperbot_controller/package.dsv'
[0.701s] INFO:colcon.colcon_core.shell:Creating package script '/home/thinhcuong/bumperbot_ws/install/bumperbot_controller/share/bumperbot_controller/package.sh'
[0.702s] INFO:colcon.colcon_core.shell:Creating package script '/home/thinhcuong/bumperbot_ws/install/bumperbot_controller/share/bumperbot_controller/package.bash'
[0.702s] INFO:colcon.colcon_core.shell:Creating package script '/home/thinhcuong/bumperbot_ws/install/bumperbot_controller/share/bumperbot_controller/package.zsh'
[0.702s] Level 1:colcon.colcon_core.environment:create_file_with_runtime_dependencies(/home/thinhcuong/bumperbot_ws/install/bumperbot_controller/share/colcon-core/packages/bumperbot_controller)
[0.706s] DEBUG:colcon.colcon_core.event_handler.log_command:Invoking command in '/home/thinhcuong/bumperbot_ws/build/bumperbot_msgs': CMAKE_PREFIX_PATH=/opt/ros/humble /usr/bin/cmake --install /home/thinhcuong/bumperbot_ws/build/bumperbot_msgs
[0.727s] Level 1:colcon.colcon_core.environment:create_environment_scripts_only(bumperbot_controller)
[0.727s] Level 1:colcon.colcon_core.environment:checking '/home/thinhcuong/bumperbot_ws/install/bumperbot_controller' for CMake module files
[0.728s] Level 1:colcon.colcon_core.environment:checking '/home/thinhcuong/bumperbot_ws/install/bumperbot_controller' for CMake config files
[0.728s] Level 1:colcon.colcon_core.shell:create_environment_hook('bumperbot_controller', 'cmake_prefix_path')
[0.728s] INFO:colcon.colcon_core.shell:Creating environment hook '/home/thinhcuong/bumperbot_ws/install/bumperbot_controller/share/bumperbot_controller/hook/cmake_prefix_path.ps1'
[0.729s] INFO:colcon.colcon_core.shell:Creating environment descriptor '/home/thinhcuong/bumperbot_ws/install/bumperbot_controller/share/bumperbot_controller/hook/cmake_prefix_path.dsv'
[0.729s] INFO:colcon.colcon_core.shell:Creating environment hook '/home/thinhcuong/bumperbot_ws/install/bumperbot_controller/share/bumperbot_controller/hook/cmake_prefix_path.sh'
[0.729s] Level 1:colcon.colcon_core.environment:checking '/home/thinhcuong/bumperbot_ws/install/bumperbot_controller/lib'
[0.729s] Level 1:colcon.colcon_core.environment:checking '/home/thinhcuong/bumperbot_ws/install/bumperbot_controller/bin'
[0.729s] Level 1:colcon.colcon_core.environment:checking '/home/thinhcuong/bumperbot_ws/install/bumperbot_controller/lib/pkgconfig/bumperbot_controller.pc'
[0.730s] Level 1:colcon.colcon_core.environment:checking '/home/thinhcuong/bumperbot_ws/install/bumperbot_controller/lib/python3.10/site-packages'
[0.730s] Level 1:colcon.colcon_core.environment:checking '/home/thinhcuong/bumperbot_ws/install/bumperbot_controller/bin'
[0.730s] INFO:colcon.colcon_core.shell:Creating package script '/home/thinhcuong/bumperbot_ws/install/bumperbot_controller/share/bumperbot_controller/package.ps1'
[0.730s] INFO:colcon.colcon_core.shell:Creating package descriptor '/home/thinhcuong/bumperbot_ws/install/bumperbot_controller/share/bumperbot_controller/package.dsv'
[0.731s] INFO:colcon.colcon_core.shell:Creating package script '/home/thinhcuong/bumperbot_ws/install/bumperbot_controller/share/bumperbot_controller/package.sh'
[0.731s] INFO:colcon.colcon_core.shell:Creating package script '/home/thinhcuong/bumperbot_ws/install/bumperbot_controller/share/bumperbot_controller/package.bash'
[0.731s] INFO:colcon.colcon_core.shell:Creating package script '/home/thinhcuong/bumperbot_ws/install/bumperbot_controller/share/bumperbot_controller/package.zsh'
[0.731s] Level 1:colcon.colcon_core.environment:create_file_with_runtime_dependencies(/home/thinhcuong/bumperbot_ws/install/bumperbot_controller/share/colcon-core/packages/bumperbot_controller)
[0.765s] Level 1:colcon.colcon_core.environment:create_environment_scripts_only(bumperbot_msgs)
[0.765s] DEBUG:colcon.colcon_core.event_handler.log_command:Invoked command in '/home/thinhcuong/bumperbot_ws/build/bumperbot_msgs' returned '0': CMAKE_PREFIX_PATH=/opt/ros/humble /usr/bin/cmake --install /home/thinhcuong/bumperbot_ws/build/bumperbot_msgs
[0.765s] Level 1:colcon.colcon_core.environment:checking '/home/thinhcuong/bumperbot_ws/install/bumperbot_msgs' for CMake module files
[0.766s] Level 1:colcon.colcon_core.environment:checking '/home/thinhcuong/bumperbot_ws/install/bumperbot_msgs' for CMake config files
[0.767s] Level 1:colcon.colcon_core.shell:create_environment_hook('bumperbot_msgs', 'cmake_prefix_path')
[0.767s] INFO:colcon.colcon_core.shell:Creating environment hook '/home/thinhcuong/bumperbot_ws/install/bumperbot_msgs/share/bumperbot_msgs/hook/cmake_prefix_path.ps1'
[0.767s] INFO:colcon.colcon_core.shell:Creating environment descriptor '/home/thinhcuong/bumperbot_ws/install/bumperbot_msgs/share/bumperbot_msgs/hook/cmake_prefix_path.dsv'
[0.767s] INFO:colcon.colcon_core.shell:Creating environment hook '/home/thinhcuong/bumperbot_ws/install/bumperbot_msgs/share/bumperbot_msgs/hook/cmake_prefix_path.sh'
[0.768s] Level 1:colcon.colcon_core.environment:checking '/home/thinhcuong/bumperbot_ws/install/bumperbot_msgs/lib'
[0.768s] Level 1:colcon.colcon_core.shell:create_environment_hook('bumperbot_msgs', 'ld_library_path_lib')
[0.768s] INFO:colcon.colcon_core.shell:Creating environment hook '/home/thinhcuong/bumperbot_ws/install/bumperbot_msgs/share/bumperbot_msgs/hook/ld_library_path_lib.ps1'
[0.768s] INFO:colcon.colcon_core.shell:Creating environment descriptor '/home/thinhcuong/bumperbot_ws/install/bumperbot_msgs/share/bumperbot_msgs/hook/ld_library_path_lib.dsv'
[0.769s] INFO:colcon.colcon_core.shell:Creating environment hook '/home/thinhcuong/bumperbot_ws/install/bumperbot_msgs/share/bumperbot_msgs/hook/ld_library_path_lib.sh'
[0.769s] Level 1:colcon.colcon_core.environment:checking '/home/thinhcuong/bumperbot_ws/install/bumperbot_msgs/bin'
[0.769s] Level 1:colcon.colcon_core.environment:checking '/home/thinhcuong/bumperbot_ws/install/bumperbot_msgs/lib/pkgconfig/bumperbot_msgs.pc'
[0.769s] Level 1:colcon.colcon_core.environment:checking '/home/thinhcuong/bumperbot_ws/install/bumperbot_msgs/lib/python3.10/site-packages'
[0.769s] Level 1:colcon.colcon_core.environment:checking '/home/thinhcuong/bumperbot_ws/install/bumperbot_msgs/bin'
[0.770s] INFO:colcon.colcon_core.shell:Creating package script '/home/thinhcuong/bumperbot_ws/install/bumperbot_msgs/share/bumperbot_msgs/package.ps1'
[0.770s] INFO:colcon.colcon_core.shell:Creating package descriptor '/home/thinhcuong/bumperbot_ws/install/bumperbot_msgs/share/bumperbot_msgs/package.dsv'
[0.770s] INFO:colcon.colcon_core.shell:Creating package script '/home/thinhcuong/bumperbot_ws/install/bumperbot_msgs/share/bumperbot_msgs/package.sh'
[0.771s] INFO:colcon.colcon_core.shell:Creating package script '/home/thinhcuong/bumperbot_ws/install/bumperbot_msgs/share/bumperbot_msgs/package.bash'
[0.771s] INFO:colcon.colcon_core.shell:Creating package script '/home/thinhcuong/bumperbot_ws/install/bumperbot_msgs/share/bumperbot_msgs/package.zsh'
[0.771s] Level 1:colcon.colcon_core.environment:create_file_with_runtime_dependencies(/home/thinhcuong/bumperbot_ws/install/bumperbot_msgs/share/colcon-core/packages/bumperbot_msgs)
[0.841s] Level 1:colcon.colcon_core.environment:create_environment_scripts_only(bumperbot_msgs)
[0.841s] Level 1:colcon.colcon_core.environment:checking '/home/thinhcuong/bumperbot_ws/install/bumperbot_msgs' for CMake module files
[0.842s] Level 1:colcon.colcon_core.environment:checking '/home/thinhcuong/bumperbot_ws/install/bumperbot_msgs' for CMake config files
[0.842s] Level 1:colcon.colcon_core.shell:create_environment_hook('bumperbot_msgs', 'cmake_prefix_path')
[0.843s] INFO:colcon.colcon_core.shell:Creating environment hook '/home/thinhcuong/bumperbot_ws/install/bumperbot_msgs/share/bumperbot_msgs/hook/cmake_prefix_path.ps1'
[0.843s] INFO:colcon.colcon_core.shell:Creating environment descriptor '/home/thinhcuong/bumperbot_ws/install/bumperbot_msgs/share/bumperbot_msgs/hook/cmake_prefix_path.dsv'
[0.844s] INFO:colcon.colcon_core.shell:Creating environment hook '/home/thinhcuong/bumperbot_ws/install/bumperbot_msgs/share/bumperbot_msgs/hook/cmake_prefix_path.sh'
[0.844s] Level 1:colcon.colcon_core.environment:checking '/home/thinhcuong/bumperbot_ws/install/bumperbot_msgs/lib'
[0.844s] Level 1:colcon.colcon_core.shell:create_environment_hook('bumperbot_msgs', 'ld_library_path_lib')
[0.845s] INFO:colcon.colcon_core.shell:Creating environment hook '/home/thinhcuong/bumperbot_ws/install/bumperbot_msgs/share/bumperbot_msgs/hook/ld_library_path_lib.ps1'
[0.845s] INFO:colcon.colcon_core.shell:Creating environment descriptor '/home/thinhcuong/bumperbot_ws/install/bumperbot_msgs/share/bumperbot_msgs/hook/ld_library_path_lib.dsv'
[0.845s] INFO:colcon.colcon_core.shell:Creating environment hook '/home/thinhcuong/bumperbot_ws/install/bumperbot_msgs/share/bumperbot_msgs/hook/ld_library_path_lib.sh'
[0.846s] Level 1:colcon.colcon_core.environment:checking '/home/thinhcuong/bumperbot_ws/install/bumperbot_msgs/bin'
[0.846s] Level 1:colcon.colcon_core.environment:checking '/home/thinhcuong/bumperbot_ws/install/bumperbot_msgs/lib/pkgconfig/bumperbot_msgs.pc'
[0.846s] Level 1:colcon.colcon_core.environment:checking '/home/thinhcuong/bumperbot_ws/install/bumperbot_msgs/lib/python3.10/site-packages'
[0.846s] Level 1:colcon.colcon_core.environment:checking '/home/thinhcuong/bumperbot_ws/install/bumperbot_msgs/bin'
[0.847s] INFO:colcon.colcon_core.shell:Creating package script '/home/thinhcuong/bumperbot_ws/install/bumperbot_msgs/share/bumperbot_msgs/package.ps1'
[0.847s] INFO:colcon.colcon_core.shell:Creating package descriptor '/home/thinhcuong/bumperbot_ws/install/bumperbot_msgs/share/bumperbot_msgs/package.dsv'
[0.848s] INFO:colcon.colcon_core.shell:Creating package script '/home/thinhcuong/bumperbot_ws/install/bumperbot_msgs/share/bumperbot_msgs/package.sh'
[0.848s] INFO:colcon.colcon_core.shell:Creating package script '/home/thinhcuong/bumperbot_ws/install/bumperbot_msgs/share/bumperbot_msgs/package.bash'
[0.849s] INFO:colcon.colcon_core.shell:Creating package script '/home/thinhcuong/bumperbot_ws/install/bumperbot_msgs/share/bumperbot_msgs/package.zsh'
[0.849s] Level 1:colcon.colcon_core.environment:create_file_with_runtime_dependencies(/home/thinhcuong/bumperbot_ws/install/bumperbot_msgs/share/colcon-core/packages/bumperbot_msgs)
[0.849s] INFO:colcon.colcon_ros.task.ament_cmake.build:Building ROS package in '/home/thinhcuong/bumperbot_ws/src/bumperbot_cpp_examples' with build type 'ament_cmake'
[0.850s] INFO:colcon.colcon_cmake.task.cmake.build:Building CMake package in '/home/thinhcuong/bumperbot_ws/src/bumperbot_cpp_examples'
[0.850s] INFO:colcon.colcon_core.shell:Skip shell extension 'powershell' for command environment: Not usable outside of PowerShell
[0.850s] DEBUG:colcon.colcon_core.shell:Skip shell extension 'dsv' for command environment
[0.854s] INFO:colcon.colcon_ros.task.ament_python.build:Building ROS package in '/home/thinhcuong/bumperbot_ws/src/bumperbot_py_examples' with build type 'ament_python'
[0.854s] Level 1:colcon.colcon_core.shell:create_environment_hook('bumperbot_py_examples', 'ament_prefix_path')
[0.854s] INFO:colcon.colcon_core.shell:Creating environment hook '/home/thinhcuong/bumperbot_ws/install/bumperbot_py_examples/share/bumperbot_py_examples/hook/ament_prefix_path.ps1'
[0.855s] INFO:colcon.colcon_core.shell:Creating environment descriptor '/home/thinhcuong/bumperbot_ws/install/bumperbot_py_examples/share/bumperbot_py_examples/hook/ament_prefix_path.dsv'
[0.855s] INFO:colcon.colcon_core.shell:Creating environment hook '/home/thinhcuong/bumperbot_ws/install/bumperbot_py_examples/share/bumperbot_py_examples/hook/ament_prefix_path.sh'
[0.856s] INFO:colcon.colcon_core.shell:Skip shell extension 'powershell' for command environment: Not usable outside of PowerShell
[0.856s] DEBUG:colcon.colcon_core.shell:Skip shell extension 'dsv' for command environment
[0.864s] DEBUG:colcon.colcon_core.event_handler.log_command:Invoking command in '/home/thinhcuong/bumperbot_ws/build/bumperbot_cpp_examples': AMENT_PREFIX_PATH=/home/thinhcuong/bumperbot_ws/install/bumperbot_msgs:${AMENT_PREFIX_PATH} CMAKE_PREFIX_PATH=/home/thinhcuong/bumperbot_ws/install/bumperbot_msgs:/opt/ros/humble LD_LIBRARY_PATH=/home/thinhcuong/bumperbot_ws/install/bumperbot_msgs/lib:${LD_LIBRARY_PATH} PYTHONPATH=/home/thinhcuong/bumperbot_ws/install/bumperbot_msgs/local/lib/python3.10/dist-packages:${PYTHONPATH} /usr/bin/cmake --build /home/thinhcuong/bumperbot_ws/build/bumperbot_cpp_examples -- -j12 -l12
[1.111s] INFO:colcon.colcon_core.task.python.build:Building Python package in '/home/thinhcuong/bumperbot_ws/src/bumperbot_py_examples'
[1.112s] INFO:colcon.colcon_core.shell:Skip shell extension 'powershell' for command environment: Not usable outside of PowerShell
[1.112s] DEBUG:colcon.colcon_core.shell:Skip shell extension 'dsv' for command environment
[1.540s] DEBUG:colcon.colcon_core.event_handler.log_command:Invoking command in '/home/thinhcuong/bumperbot_ws/src/bumperbot_py_examples': AMENT_PREFIX_PATH=/home/thinhcuong/bumperbot_ws/install/bumperbot_msgs:${AMENT_PREFIX_PATH} CMAKE_PREFIX_PATH=/home/thinhcuong/bumperbot_ws/install/bumperbot_msgs LD_LIBRARY_PATH=/home/thinhcuong/bumperbot_ws/install/bumperbot_msgs/lib:${LD_LIBRARY_PATH} PYTHONPATH=/home/thinhcuong/bumperbot_ws/build/bumperbot_py_examples/prefix_override:/home/thinhcuong/bumperbot_ws/install/bumperbot_py_examples/lib/python3.10/site-packages:/home/thinhcuong/bumperbot_ws/install/bumperbot_msgs/local/lib/python3.10/dist-packages:${PYTHONPATH} /usr/bin/python3 -W ignore:setup.py install is deprecated setup.py egg_info --egg-base ../../build/bumperbot_py_examples build --build-base /home/thinhcuong/bumperbot_ws/build/bumperbot_py_examples/build install --record /home/thinhcuong/bumperbot_ws/build/bumperbot_py_examples/install.log --single-version-externally-managed install_data
[1.791s] Level 1:colcon.colcon_core.environment:checking '/home/thinhcuong/bumperbot_ws/install/bumperbot_py_examples' for CMake module files
[1.791s] DEBUG:colcon.colcon_core.event_handler.log_command:Invoked command in '/home/thinhcuong/bumperbot_ws/src/bumperbot_py_examples' returned '0': AMENT_PREFIX_PATH=/home/thinhcuong/bumperbot_ws/install/bumperbot_msgs:${AMENT_PREFIX_PATH} CMAKE_PREFIX_PATH=/home/thinhcuong/bumperbot_ws/install/bumperbot_msgs LD_LIBRARY_PATH=/home/thinhcuong/bumperbot_ws/install/bumperbot_msgs/lib:${LD_LIBRARY_PATH} PYTHONPATH=/home/thinhcuong/bumperbot_ws/build/bumperbot_py_examples/prefix_override:/home/thinhcuong/bumperbot_ws/install/bumperbot_py_examples/lib/python3.10/site-packages:/home/thinhcuong/bumperbot_ws/install/bumperbot_msgs/local/lib/python3.10/dist-packages:${PYTHONPATH} /usr/bin/python3 -W ignore:setup.py install is deprecated setup.py egg_info --egg-base ../../build/bumperbot_py_examples build --build-base /home/thinhcuong/bumperbot_ws/build/bumperbot_py_examples/build install --record /home/thinhcuong/bumperbot_ws/build/bumperbot_py_examples/install.log --single-version-externally-managed install_data
[1.791s] Level 1:colcon.colcon_core.environment:checking '/home/thinhcuong/bumperbot_ws/install/bumperbot_py_examples' for CMake config files
[1.792s] Level 1:colcon.colcon_core.environment:checking '/home/thinhcuong/bumperbot_ws/install/bumperbot_py_examples/lib'
[1.792s] Level 1:colcon.colcon_core.environment:checking '/home/thinhcuong/bumperbot_ws/install/bumperbot_py_examples/bin'
[1.792s] Level 1:colcon.colcon_core.environment:checking '/home/thinhcuong/bumperbot_ws/install/bumperbot_py_examples/lib/pkgconfig/bumperbot_py_examples.pc'
[1.792s] Level 1:colcon.colcon_core.environment:checking '/home/thinhcuong/bumperbot_ws/install/bumperbot_py_examples/lib/python3.10/site-packages'
[1.792s] Level 1:colcon.colcon_core.shell:create_environment_hook('bumperbot_py_examples', 'pythonpath')
[1.792s] INFO:colcon.colcon_core.shell:Creating environment hook '/home/thinhcuong/bumperbot_ws/install/bumperbot_py_examples/share/bumperbot_py_examples/hook/pythonpath.ps1'
[1.793s] INFO:colcon.colcon_core.shell:Creating environment descriptor '/home/thinhcuong/bumperbot_ws/install/bumperbot_py_examples/share/bumperbot_py_examples/hook/pythonpath.dsv'
[1.793s] INFO:colcon.colcon_core.shell:Creating environment hook '/home/thinhcuong/bumperbot_ws/install/bumperbot_py_examples/share/bumperbot_py_examples/hook/pythonpath.sh'
[1.793s] Level 1:colcon.colcon_core.environment:checking '/home/thinhcuong/bumperbot_ws/install/bumperbot_py_examples/bin'
[1.793s] Level 1:colcon.colcon_core.environment:create_environment_scripts_only(bumperbot_py_examples)
[1.794s] INFO:colcon.colcon_core.shell:Creating package script '/home/thinhcuong/bumperbot_ws/install/bumperbot_py_examples/share/bumperbot_py_examples/package.ps1'
[1.794s] INFO:colcon.colcon_core.shell:Creating package descriptor '/home/thinhcuong/bumperbot_ws/install/bumperbot_py_examples/share/bumperbot_py_examples/package.dsv'
[1.794s] INFO:colcon.colcon_core.shell:Creating package script '/home/thinhcuong/bumperbot_ws/install/bumperbot_py_examples/share/bumperbot_py_examples/package.sh'
[1.795s] INFO:colcon.colcon_core.shell:Creating package script '/home/thinhcuong/bumperbot_ws/install/bumperbot_py_examples/share/bumperbot_py_examples/package.bash'
[1.795s] INFO:colcon.colcon_core.shell:Creating package script '/home/thinhcuong/bumperbot_ws/install/bumperbot_py_examples/share/bumperbot_py_examples/package.zsh'
[1.795s] Level 1:colcon.colcon_core.environment:create_file_with_runtime_dependencies(/home/thinhcuong/bumperbot_ws/install/bumperbot_py_examples/share/colcon-core/packages/bumperbot_py_examples)
[2.094s] DEBUG:colcon.colcon_core.event_handler.log_command:Invoked command in '/home/thinhcuong/bumperbot_ws/build/bumperbot_cpp_examples' returned '2': AMENT_PREFIX_PATH=/home/thinhcuong/bumperbot_ws/install/bumperbot_msgs:${AMENT_PREFIX_PATH} CMAKE_PREFIX_PATH=/home/thinhcuong/bumperbot_ws/install/bumperbot_msgs:/opt/ros/humble LD_LIBRARY_PATH=/home/thinhcuong/bumperbot_ws/install/bumperbot_msgs/lib:${LD_LIBRARY_PATH} PYTHONPATH=/home/thinhcuong/bumperbot_ws/install/bumperbot_msgs/local/lib/python3.10/dist-packages:${PYTHONPATH} /usr/bin/cmake --build /home/thinhcuong/bumperbot_ws/build/bumperbot_cpp_examples -- -j12 -l12
[2.133s] Level 1:colcon.colcon_core.environment:create_environment_scripts_only(bumperbot_cpp_examples)
[2.133s] Level 1:colcon.colcon_core.environment:checking '/home/thinhcuong/bumperbot_ws/install/bumperbot_cpp_examples' for CMake module files
[2.133s] Level 1:colcon.colcon_core.environment:checking '/home/thinhcuong/bumperbot_ws/install/bumperbot_cpp_examples' for CMake config files
[2.134s] Level 1:colcon.colcon_core.shell:create_environment_hook('bumperbot_cpp_examples', 'cmake_prefix_path')
[2.134s] INFO:colcon.colcon_core.shell:Creating environment hook '/home/thinhcuong/bumperbot_ws/install/bumperbot_cpp_examples/share/bumperbot_cpp_examples/hook/cmake_prefix_path.ps1'
[2.135s] INFO:colcon.colcon_core.shell:Creating environment descriptor '/home/thinhcuong/bumperbot_ws/install/bumperbot_cpp_examples/share/bumperbot_cpp_examples/hook/cmake_prefix_path.dsv'
[2.135s] INFO:colcon.colcon_core.shell:Creating environment hook '/home/thinhcuong/bumperbot_ws/install/bumperbot_cpp_examples/share/bumperbot_cpp_examples/hook/cmake_prefix_path.sh'
[2.135s] Level 1:colcon.colcon_core.environment:checking '/home/thinhcuong/bumperbot_ws/install/bumperbot_cpp_examples/lib'
[2.135s] Level 1:colcon.colcon_core.environment:checking '/home/thinhcuong/bumperbot_ws/install/bumperbot_cpp_examples/bin'
[2.135s] Level 1:colcon.colcon_core.environment:checking '/home/thinhcuong/bumperbot_ws/install/bumperbot_cpp_examples/lib/pkgconfig/bumperbot_cpp_examples.pc'
[2.136s] Level 1:colcon.colcon_core.environment:checking '/home/thinhcuong/bumperbot_ws/install/bumperbot_cpp_examples/lib/python3.10/site-packages'
[2.136s] Level 1:colcon.colcon_core.environment:checking '/home/thinhcuong/bumperbot_ws/install/bumperbot_cpp_examples/bin'
[2.136s] INFO:colcon.colcon_core.shell:Creating package script '/home/thinhcuong/bumperbot_ws/install/bumperbot_cpp_examples/share/bumperbot_cpp_examples/package.ps1'
[2.137s] INFO:colcon.colcon_core.shell:Creating package descriptor '/home/thinhcuong/bumperbot_ws/install/bumperbot_cpp_examples/share/bumperbot_cpp_examples/package.dsv'
[2.137s] INFO:colcon.colcon_core.shell:Creating package script '/home/thinhcuong/bumperbot_ws/install/bumperbot_cpp_examples/share/bumperbot_cpp_examples/package.sh'
[2.137s] INFO:colcon.colcon_core.shell:Creating package script '/home/thinhcuong/bumperbot_ws/install/bumperbot_cpp_examples/share/bumperbot_cpp_examples/package.bash'
[2.138s] INFO:colcon.colcon_core.shell:Creating package script '/home/thinhcuong/bumperbot_ws/install/bumperbot_cpp_examples/share/bumperbot_cpp_examples/package.zsh'
[2.138s] Level 1:colcon.colcon_core.environment:create_file_with_runtime_dependencies(/home/thinhcuong/bumperbot_ws/install/bumperbot_cpp_examples/share/colcon-core/packages/bumperbot_cpp_examples)
[2.149s] DEBUG:colcon.colcon_parallel_executor.executor.parallel:closing loop
[2.149s] DEBUG:colcon.colcon_parallel_executor.executor.parallel:loop closed
[2.149s] DEBUG:colcon.colcon_parallel_executor.executor.parallel:run_until_complete finished with '2'
[2.149s] DEBUG:colcon.colcon_core.event_reactor:joining thread
[2.153s] INFO:colcon.colcon_core.plugin_system:Skipping extension 'colcon_notification.desktop_notification.terminal_notifier': Not used on non-Darwin systems
[2.154s] INFO:colcon.colcon_core.plugin_system:Skipping extension 'colcon_notification.desktop_notification.win32': Not used on non-Windows systems
[2.154s] INFO:colcon.colcon_notification.desktop_notification:Sending desktop notification using 'notify2'
[2.165s] DEBUG:colcon.colcon_core.event_reactor:joined thread
[2.166s] INFO:colcon.colcon_core.shell:Creating prefix script '/home/thinhcuong/bumperbot_ws/install/local_setup.ps1'
[2.167s] INFO:colcon.colcon_core.shell:Creating prefix util module '/home/thinhcuong/bumperbot_ws/install/_local_setup_util_ps1.py'
[2.168s] INFO:colcon.colcon_core.shell:Creating prefix chain script '/home/thinhcuong/bumperbot_ws/install/setup.ps1'
[2.169s] INFO:colcon.colcon_core.shell:Creating prefix script '/home/thinhcuong/bumperbot_ws/install/local_setup.sh'
[2.170s] INFO:colcon.colcon_core.shell:Creating prefix util module '/home/thinhcuong/bumperbot_ws/install/_local_setup_util_sh.py'
[2.170s] INFO:colcon.colcon_core.shell:Creating prefix chain script '/home/thinhcuong/bumperbot_ws/install/setup.sh'
[2.172s] INFO:colcon.colcon_core.shell:Creating prefix script '/home/thinhcuong/bumperbot_ws/install/local_setup.bash'
[2.172s] INFO:colcon.colcon_core.shell:Creating prefix chain script '/home/thinhcuong/bumperbot_ws/install/setup.bash'
[2.173s] INFO:colcon.colcon_core.shell:Creating prefix script '/home/thinhcuong/bumperbot_ws/install/local_setup.zsh'
[2.174s] INFO:colcon.colcon_core.shell:Creating prefix chain script '/home/thinhcuong/bumperbot_ws/install/setup.zsh'
