[0.031s] Invoking command in '/home/thinhcuong/bumperbot_ws/build/bumperbot_controller': CMAKE_PREFIX_PATH=/opt/ros/humble /usr/bin/cmake --build /home/thinhcuong/bumperbot_ws/build/bumperbot_controller -- -j12 -l12
[0.185s] [  0%] Built target ament_cmake_python_copy_bumperbot_controller
[0.193s] [100%] Built target simple_controller
[0.795s] running egg_info
[0.796s] writing bumperbot_controller.egg-info/PKG-INFO
[0.798s] writing dependency_links to bumperbot_controller.egg-info/dependency_links.txt
[0.798s] writing top-level names to bumperbot_controller.egg-info/top_level.txt
[0.803s] reading manifest file 'bumperbot_controller.egg-info/SOURCES.txt'
[0.805s] writing manifest file 'bumperbot_controller.egg-info/SOURCES.txt'
[0.877s] [100%] Built target ament_cmake_python_build_bumperbot_controller_egg
[0.905s] Invoked command in '/home/thinhcuong/bumperbot_ws/build/bumperbot_controller' returned '0': CMAKE_PREFIX_PATH=/opt/ros/humble /usr/bin/cmake --build /home/thinhcuong/bumperbot_ws/build/bumperbot_controller -- -j12 -l12
[0.980s] Invoking command in '/home/thinhcuong/bumperbot_ws/build/bumperbot_controller': CMAKE_PREFIX_PATH=/opt/ros/humble /usr/bin/cmake --install /home/thinhcuong/bumperbot_ws/build/bumperbot_controller
[1.001s] -- Install configuration: ""
[1.001s] -- Up-to-date: /home/thinhcuong/bumperbot_ws/install/bumperbot_controller/share/bumperbot_controller/environment/pythonpath.sh
[1.002s] -- Up-to-date: /home/thinhcuong/bumperbot_ws/install/bumperbot_controller/share/bumperbot_controller/environment/pythonpath.dsv
[1.002s] -- Up-to-date: /home/thinhcuong/bumperbot_ws/install/bumperbot_controller/local/lib/python3.10/dist-packages/bumperbot_controller-0.0.0-py3.10.egg-info
[1.002s] -- Installing: /home/thinhcuong/bumperbot_ws/install/bumperbot_controller/local/lib/python3.10/dist-packages/bumperbot_controller-0.0.0-py3.10.egg-info/PKG-INFO
[1.003s] -- Installing: /home/thinhcuong/bumperbot_ws/install/bumperbot_controller/local/lib/python3.10/dist-packages/bumperbot_controller-0.0.0-py3.10.egg-info/dependency_links.txt
[1.003s] -- Installing: /home/thinhcuong/bumperbot_ws/install/bumperbot_controller/local/lib/python3.10/dist-packages/bumperbot_controller-0.0.0-py3.10.egg-info/top_level.txt
[1.004s] -- Installing: /home/thinhcuong/bumperbot_ws/install/bumperbot_controller/local/lib/python3.10/dist-packages/bumperbot_controller-0.0.0-py3.10.egg-info/SOURCES.txt
[1.004s] -- Up-to-date: /home/thinhcuong/bumperbot_ws/install/bumperbot_controller/local/lib/python3.10/dist-packages/bumperbot_controller
[1.005s] -- Up-to-date: /home/thinhcuong/bumperbot_ws/install/bumperbot_controller/local/lib/python3.10/dist-packages/bumperbot_controller/__init__.py
[1.005s] -- Up-to-date: /home/thinhcuong/bumperbot_ws/install/bumperbot_controller/local/lib/python3.10/dist-packages/bumperbot_controller/simple_controller.py
[1.085s] Listing '/home/thinhcuong/bumperbot_ws/install/bumperbot_controller/local/lib/python3.10/dist-packages/bumperbot_controller'...
[1.099s] -- Up-to-date: /home/thinhcuong/bumperbot_ws/install/bumperbot_controller/include/include
[1.100s] -- Up-to-date: /home/thinhcuong/bumperbot_ws/install/bumperbot_controller/include/include/bumperbot_controller
[1.100s] -- Up-to-date: /home/thinhcuong/bumperbot_ws/install/bumperbot_controller/include/include/bumperbot_controller/simple_controller.hpp
[1.103s] -- Up-to-date: /home/thinhcuong/bumperbot_ws/install/bumperbot_controller/lib/bumperbot_controller/simple_controller
[1.106s] -- Up-to-date: /home/thinhcuong/bumperbot_ws/install/bumperbot_controller/share/bumperbot_controller/config
[1.106s] -- Up-to-date: /home/thinhcuong/bumperbot_ws/install/bumperbot_controller/share/bumperbot_controller/config/joy_teleop.yaml
[1.106s] -- Up-to-date: /home/thinhcuong/bumperbot_ws/install/bumperbot_controller/share/bumperbot_controller/config/joy_config.yaml
[1.107s] -- Up-to-date: /home/thinhcuong/bumperbot_ws/install/bumperbot_controller/share/bumperbot_controller/config/bumperbot_controllers.yaml
[1.107s] -- Up-to-date: /home/thinhcuong/bumperbot_ws/install/bumperbot_controller/share/bumperbot_controller/launch
[1.107s] -- Up-to-date: /home/thinhcuong/bumperbot_ws/install/bumperbot_controller/share/bumperbot_controller/launch/joystick_teleop.launch.py
[1.107s] -- Up-to-date: /home/thinhcuong/bumperbot_ws/install/bumperbot_controller/share/bumperbot_controller/launch/controller.launch.py
[1.109s] -- Up-to-date: /home/thinhcuong/bumperbot_ws/install/bumperbot_controller/lib/bumperbot_controller/simple_controller.py
[1.115s] -- Up-to-date: /home/thinhcuong/bumperbot_ws/install/bumperbot_controller/share/ament_index/resource_index/package_run_dependencies/bumperbot_controller
[1.116s] -- Up-to-date: /home/thinhcuong/bumperbot_ws/install/bumperbot_controller/share/ament_index/resource_index/parent_prefix_path/bumperbot_controller
[1.116s] -- Up-to-date: /home/thinhcuong/bumperbot_ws/install/bumperbot_controller/share/bumperbot_controller/environment/ament_prefix_path.sh
[1.119s] -- Up-to-date: /home/thinhcuong/bumperbot_ws/install/bumperbot_controller/share/bumperbot_controller/environment/ament_prefix_path.dsv
[1.119s] -- Up-to-date: /home/thinhcuong/bumperbot_ws/install/bumperbot_controller/share/bumperbot_controller/environment/path.sh
[1.119s] -- Up-to-date: /home/thinhcuong/bumperbot_ws/install/bumperbot_controller/share/bumperbot_controller/environment/path.dsv
[1.119s] -- Up-to-date: /home/thinhcuong/bumperbot_ws/install/bumperbot_controller/share/bumperbot_controller/local_setup.bash
[1.119s] -- Up-to-date: /home/thinhcuong/bumperbot_ws/install/bumperbot_controller/share/bumperbot_controller/local_setup.sh
[1.119s] -- Up-to-date: /home/thinhcuong/bumperbot_ws/install/bumperbot_controller/share/bumperbot_controller/local_setup.zsh
[1.119s] -- Up-to-date: /home/thinhcuong/bumperbot_ws/install/bumperbot_controller/share/bumperbot_controller/local_setup.dsv
[1.120s] -- Installing: /home/thinhcuong/bumperbot_ws/install/bumperbot_controller/share/bumperbot_controller/package.dsv
[1.123s] -- Up-to-date: /home/thinhcuong/bumperbot_ws/install/bumperbot_controller/share/ament_index/resource_index/packages/bumperbot_controller
[1.124s] -- Up-to-date: /home/thinhcuong/bumperbot_ws/install/bumperbot_controller/share/bumperbot_controller/cmake/bumperbot_controllerConfig.cmake
[1.124s] -- Up-to-date: /home/thinhcuong/bumperbot_ws/install/bumperbot_controller/share/bumperbot_controller/cmake/bumperbot_controllerConfig-version.cmake
[1.124s] -- Up-to-date: /home/thinhcuong/bumperbot_ws/install/bumperbot_controller/share/bumperbot_controller/package.xml
[1.132s] Invoked command in '/home/thinhcuong/bumperbot_ws/build/bumperbot_controller' returned '0': CMAKE_PREFIX_PATH=/opt/ros/humble /usr/bin/cmake --install /home/thinhcuong/bumperbot_ws/build/bumperbot_controller
