[0.047s] Invoking command in '/home/thinhcuong/bumperbot_ws/build/bumperbot_msgs': CMAKE_PREFIX_PATH=/opt/ros/humble /usr/bin/cmake --build /home/thinhcuong/bumperbot_ws/build/bumperbot_msgs -- -j12 -l12
[0.168s] [  3%] Built target bumperbot_msgs__cpp
[0.171s] [ 12%] Built target bumperbot_msgs__rosidl_generator_c
[0.205s] [ 12%] Built target ament_cmake_python_copy_bumperbot_msgs
[0.236s] [ 22%] Built target bumperbot_msgs__rosidl_typesupport_introspection_cpp
[0.237s] [ 32%] Built target bumperbot_msgs__rosidl_typesupport_fastrtps_cpp
[0.238s] [ 51%] Built target bumperbot_msgs__rosidl_typesupport_fastrtps_c
[0.238s] [ 51%] Built target bumperbot_msgs__rosidl_typesupport_introspection_c
[0.241s] [ 61%] Built target bumperbot_msgs__rosidl_typesupport_cpp
[0.257s] [ 70%] Built target bumperbot_msgs__rosidl_typesupport_c
[0.310s] [ 70%] Built target bumperbot_msgs
[0.360s] [ 74%] Built target bumperbot_msgs__py
[0.412s] [ 80%] Built target bumperbot_msgs__rosidl_generator_py
[0.466s] [ 90%] Built target bumperbot_msgs__rosidl_typesupport_fastrtps_c__pyext
[0.466s] [ 96%] Built target bumperbot_msgs__rosidl_typesupport_c__pyext
[0.466s] [100%] Built target bumperbot_msgs__rosidl_typesupport_introspection_c__pyext
[0.797s] running egg_info
[0.798s] writing bumperbot_msgs.egg-info/PKG-INFO
[0.799s] writing dependency_links to bumperbot_msgs.egg-info/dependency_links.txt
[0.799s] writing top-level names to bumperbot_msgs.egg-info/top_level.txt
[0.805s] reading manifest file 'bumperbot_msgs.egg-info/SOURCES.txt'
[0.806s] writing manifest file 'bumperbot_msgs.egg-info/SOURCES.txt'
[0.901s] [100%] Built target ament_cmake_python_build_bumperbot_msgs_egg
[0.938s] Invoked command in '/home/thinhcuong/bumperbot_ws/build/bumperbot_msgs' returned '0': CMAKE_PREFIX_PATH=/opt/ros/humble /usr/bin/cmake --build /home/thinhcuong/bumperbot_ws/build/bumperbot_msgs -- -j12 -l12
[1.086s] Invoking command in '/home/thinhcuong/bumperbot_ws/build/bumperbot_msgs': CMAKE_PREFIX_PATH=/opt/ros/humble /usr/bin/cmake --install /home/thinhcuong/bumperbot_ws/build/bumperbot_msgs
[1.107s] -- Install configuration: ""
[1.108s] -- Up-to-date: /home/thinhcuong/bumperbot_ws/install/bumperbot_msgs/share/ament_index/resource_index/rosidl_interfaces/bumperbot_msgs
[1.109s] -- Up-to-date: /home/thinhcuong/bumperbot_ws/install/bumperbot_msgs/include/bumperbot_msgs/bumperbot_msgs
[1.110s] -- Up-to-date: /home/thinhcuong/bumperbot_ws/install/bumperbot_msgs/include/bumperbot_msgs/bumperbot_msgs/msg
[1.110s] -- Up-to-date: /home/thinhcuong/bumperbot_ws/install/bumperbot_msgs/include/bumperbot_msgs/bumperbot_msgs/msg/rosidl_generator_c__visibility_control.h
[1.111s] -- Up-to-date: /home/thinhcuong/bumperbot_ws/install/bumperbot_msgs/include/bumperbot_msgs/bumperbot_msgs/srv
[1.112s] -- Up-to-date: /home/thinhcuong/bumperbot_ws/install/bumperbot_msgs/include/bumperbot_msgs/bumperbot_msgs/srv/add_two_int.h
[1.112s] -- Up-to-date: /home/thinhcuong/bumperbot_ws/install/bumperbot_msgs/include/bumperbot_msgs/bumperbot_msgs/srv/detail
[1.113s] -- Up-to-date: /home/thinhcuong/bumperbot_ws/install/bumperbot_msgs/include/bumperbot_msgs/bumperbot_msgs/srv/detail/add_two_int__functions.c
[1.113s] -- Up-to-date: /home/thinhcuong/bumperbot_ws/install/bumperbot_msgs/include/bumperbot_msgs/bumperbot_msgs/srv/detail/add_two_int__type_support.h
[1.114s] -- Up-to-date: /home/thinhcuong/bumperbot_ws/install/bumperbot_msgs/include/bumperbot_msgs/bumperbot_msgs/srv/detail/add_two_int__struct.h
[1.114s] -- Up-to-date: /home/thinhcuong/bumperbot_ws/install/bumperbot_msgs/include/bumperbot_msgs/bumperbot_msgs/srv/detail/add_two_int__functions.h
[1.115s] -- Up-to-date: /home/thinhcuong/bumperbot_ws/install/bumperbot_msgs/share/bumperbot_msgs/environment/library_path.sh
[1.116s] -- Up-to-date: /home/thinhcuong/bumperbot_ws/install/bumperbot_msgs/share/bumperbot_msgs/environment/library_path.dsv
[1.116s] -- Up-to-date: /home/thinhcuong/bumperbot_ws/install/bumperbot_msgs/lib/libbumperbot_msgs__rosidl_generator_c.so
[1.116s] -- Up-to-date: /home/thinhcuong/bumperbot_ws/install/bumperbot_msgs/include/bumperbot_msgs/bumperbot_msgs
[1.117s] -- Up-to-date: /home/thinhcuong/bumperbot_ws/install/bumperbot_msgs/include/bumperbot_msgs/bumperbot_msgs/msg
[1.118s] -- Up-to-date: /home/thinhcuong/bumperbot_ws/install/bumperbot_msgs/include/bumperbot_msgs/bumperbot_msgs/msg/rosidl_typesupport_fastrtps_c__visibility_control.h
[1.118s] -- Up-to-date: /home/thinhcuong/bumperbot_ws/install/bumperbot_msgs/include/bumperbot_msgs/bumperbot_msgs/srv
[1.119s] -- Up-to-date: /home/thinhcuong/bumperbot_ws/install/bumperbot_msgs/include/bumperbot_msgs/bumperbot_msgs/srv/detail
[1.120s] -- Up-to-date: /home/thinhcuong/bumperbot_ws/install/bumperbot_msgs/include/bumperbot_msgs/bumperbot_msgs/srv/detail/add_two_int__rosidl_typesupport_fastrtps_c.h
[1.120s] -- Up-to-date: /home/thinhcuong/bumperbot_ws/install/bumperbot_msgs/lib/libbumperbot_msgs__rosidl_typesupport_fastrtps_c.so
[1.121s] -- Up-to-date: /home/thinhcuong/bumperbot_ws/install/bumperbot_msgs/include/bumperbot_msgs/bumperbot_msgs
[1.121s] -- Up-to-date: /home/thinhcuong/bumperbot_ws/install/bumperbot_msgs/include/bumperbot_msgs/bumperbot_msgs/srv
[1.122s] -- Up-to-date: /home/thinhcuong/bumperbot_ws/install/bumperbot_msgs/include/bumperbot_msgs/bumperbot_msgs/srv/add_two_int.hpp
[1.123s] -- Up-to-date: /home/thinhcuong/bumperbot_ws/install/bumperbot_msgs/include/bumperbot_msgs/bumperbot_msgs/srv/detail
[1.124s] -- Up-to-date: /home/thinhcuong/bumperbot_ws/install/bumperbot_msgs/include/bumperbot_msgs/bumperbot_msgs/srv/detail/add_two_int__builder.hpp
[1.125s] -- Up-to-date: /home/thinhcuong/bumperbot_ws/install/bumperbot_msgs/include/bumperbot_msgs/bumperbot_msgs/srv/detail/add_two_int__traits.hpp
[1.125s] -- Up-to-date: /home/thinhcuong/bumperbot_ws/install/bumperbot_msgs/include/bumperbot_msgs/bumperbot_msgs/srv/detail/add_two_int__struct.hpp
[1.126s] -- Up-to-date: /home/thinhcuong/bumperbot_ws/install/bumperbot_msgs/include/bumperbot_msgs/bumperbot_msgs
[1.129s] -- Up-to-date: /home/thinhcuong/bumperbot_ws/install/bumperbot_msgs/include/bumperbot_msgs/bumperbot_msgs/msg
[1.129s] -- Up-to-date: /home/thinhcuong/bumperbot_ws/install/bumperbot_msgs/include/bumperbot_msgs/bumperbot_msgs/msg/rosidl_typesupport_fastrtps_cpp__visibility_control.h
[1.129s] -- Up-to-date: /home/thinhcuong/bumperbot_ws/install/bumperbot_msgs/include/bumperbot_msgs/bumperbot_msgs/srv
[1.130s] -- Up-to-date: /home/thinhcuong/bumperbot_ws/install/bumperbot_msgs/include/bumperbot_msgs/bumperbot_msgs/srv/detail
[1.131s] -- Up-to-date: /home/thinhcuong/bumperbot_ws/install/bumperbot_msgs/include/bumperbot_msgs/bumperbot_msgs/srv/detail/add_two_int__rosidl_typesupport_fastrtps_cpp.hpp
[1.132s] -- Up-to-date: /home/thinhcuong/bumperbot_ws/install/bumperbot_msgs/include/bumperbot_msgs/bumperbot_msgs/srv/detail/dds_fastrtps
[1.132s] -- Up-to-date: /home/thinhcuong/bumperbot_ws/install/bumperbot_msgs/lib/libbumperbot_msgs__rosidl_typesupport_fastrtps_cpp.so
[1.133s] -- Up-to-date: /home/thinhcuong/bumperbot_ws/install/bumperbot_msgs/include/bumperbot_msgs/bumperbot_msgs
[1.133s] -- Up-to-date: /home/thinhcuong/bumperbot_ws/install/bumperbot_msgs/include/bumperbot_msgs/bumperbot_msgs/msg
[1.134s] -- Up-to-date: /home/thinhcuong/bumperbot_ws/install/bumperbot_msgs/include/bumperbot_msgs/bumperbot_msgs/msg/rosidl_typesupport_introspection_c__visibility_control.h
[1.134s] -- Up-to-date: /home/thinhcuong/bumperbot_ws/install/bumperbot_msgs/include/bumperbot_msgs/bumperbot_msgs/srv
[1.135s] -- Up-to-date: /home/thinhcuong/bumperbot_ws/install/bumperbot_msgs/include/bumperbot_msgs/bumperbot_msgs/srv/detail
[1.135s] -- Up-to-date: /home/thinhcuong/bumperbot_ws/install/bumperbot_msgs/include/bumperbot_msgs/bumperbot_msgs/srv/detail/add_two_int__rosidl_typesupport_introspection_c.h
[1.135s] -- Up-to-date: /home/thinhcuong/bumperbot_ws/install/bumperbot_msgs/include/bumperbot_msgs/bumperbot_msgs/srv/detail/add_two_int__type_support.c
[1.136s] -- Up-to-date: /home/thinhcuong/bumperbot_ws/install/bumperbot_msgs/lib/libbumperbot_msgs__rosidl_typesupport_introspection_c.so
[1.136s] -- Up-to-date: /home/thinhcuong/bumperbot_ws/install/bumperbot_msgs/lib/libbumperbot_msgs__rosidl_typesupport_c.so
[1.139s] -- Up-to-date: /home/thinhcuong/bumperbot_ws/install/bumperbot_msgs/include/bumperbot_msgs/bumperbot_msgs
[1.139s] -- Up-to-date: /home/thinhcuong/bumperbot_ws/install/bumperbot_msgs/include/bumperbot_msgs/bumperbot_msgs/srv
[1.140s] -- Up-to-date: /home/thinhcuong/bumperbot_ws/install/bumperbot_msgs/include/bumperbot_msgs/bumperbot_msgs/srv/detail
[1.140s] -- Up-to-date: /home/thinhcuong/bumperbot_ws/install/bumperbot_msgs/include/bumperbot_msgs/bumperbot_msgs/srv/detail/add_two_int__type_support.cpp
[1.140s] -- Up-to-date: /home/thinhcuong/bumperbot_ws/install/bumperbot_msgs/include/bumperbot_msgs/bumperbot_msgs/srv/detail/add_two_int__rosidl_typesupport_introspection_cpp.hpp
[1.140s] -- Up-to-date: /home/thinhcuong/bumperbot_ws/install/bumperbot_msgs/lib/libbumperbot_msgs__rosidl_typesupport_introspection_cpp.so
[1.141s] -- Up-to-date: /home/thinhcuong/bumperbot_ws/install/bumperbot_msgs/lib/libbumperbot_msgs__rosidl_typesupport_cpp.so
[1.141s] -- Up-to-date: /home/thinhcuong/bumperbot_ws/install/bumperbot_msgs/share/bumperbot_msgs/environment/pythonpath.sh
[1.141s] -- Up-to-date: /home/thinhcuong/bumperbot_ws/install/bumperbot_msgs/share/bumperbot_msgs/environment/pythonpath.dsv
[1.142s] -- Up-to-date: /home/thinhcuong/bumperbot_ws/install/bumperbot_msgs/local/lib/python3.10/dist-packages/bumperbot_msgs-0.0.0-py3.10.egg-info
[1.142s] -- Installing: /home/thinhcuong/bumperbot_ws/install/bumperbot_msgs/local/lib/python3.10/dist-packages/bumperbot_msgs-0.0.0-py3.10.egg-info/PKG-INFO
[1.142s] -- Installing: /home/thinhcuong/bumperbot_ws/install/bumperbot_msgs/local/lib/python3.10/dist-packages/bumperbot_msgs-0.0.0-py3.10.egg-info/dependency_links.txt
[1.143s] -- Installing: /home/thinhcuong/bumperbot_ws/install/bumperbot_msgs/local/lib/python3.10/dist-packages/bumperbot_msgs-0.0.0-py3.10.egg-info/top_level.txt
[1.143s] -- Installing: /home/thinhcuong/bumperbot_ws/install/bumperbot_msgs/local/lib/python3.10/dist-packages/bumperbot_msgs-0.0.0-py3.10.egg-info/SOURCES.txt
[1.143s] -- Up-to-date: /home/thinhcuong/bumperbot_ws/install/bumperbot_msgs/local/lib/python3.10/dist-packages/bumperbot_msgs
[1.144s] -- Up-to-date: /home/thinhcuong/bumperbot_ws/install/bumperbot_msgs/local/lib/python3.10/dist-packages/bumperbot_msgs/__init__.py
[1.144s] -- Up-to-date: /home/thinhcuong/bumperbot_ws/install/bumperbot_msgs/local/lib/python3.10/dist-packages/bumperbot_msgs/bumperbot_msgs_s__rosidl_typesupport_introspection_c.cpython-310-x86_64-linux-gnu.so
[1.144s] -- Up-to-date: /home/thinhcuong/bumperbot_ws/install/bumperbot_msgs/local/lib/python3.10/dist-packages/bumperbot_msgs/_bumperbot_msgs_s.ep.rosidl_typesupport_fastrtps_c.c
[1.144s] -- Up-to-date: /home/thinhcuong/bumperbot_ws/install/bumperbot_msgs/local/lib/python3.10/dist-packages/bumperbot_msgs/bumperbot_msgs_s__rosidl_typesupport_fastrtps_c.cpython-310-x86_64-linux-gnu.so
[1.145s] -- Up-to-date: /home/thinhcuong/bumperbot_ws/install/bumperbot_msgs/local/lib/python3.10/dist-packages/bumperbot_msgs/srv
[1.145s] -- Up-to-date: /home/thinhcuong/bumperbot_ws/install/bumperbot_msgs/local/lib/python3.10/dist-packages/bumperbot_msgs/srv/__init__.py
[1.145s] -- Up-to-date: /home/thinhcuong/bumperbot_ws/install/bumperbot_msgs/local/lib/python3.10/dist-packages/bumperbot_msgs/srv/_add_two_int.py
[1.146s] -- Up-to-date: /home/thinhcuong/bumperbot_ws/install/bumperbot_msgs/local/lib/python3.10/dist-packages/bumperbot_msgs/srv/_add_two_int_s.c
[1.146s] -- Up-to-date: /home/thinhcuong/bumperbot_ws/install/bumperbot_msgs/local/lib/python3.10/dist-packages/bumperbot_msgs/bumperbot_msgs_s__rosidl_typesupport_c.cpython-310-x86_64-linux-gnu.so
[1.146s] -- Up-to-date: /home/thinhcuong/bumperbot_ws/install/bumperbot_msgs/local/lib/python3.10/dist-packages/bumperbot_msgs/_bumperbot_msgs_s.ep.rosidl_typesupport_c.c
[1.146s] -- Up-to-date: /home/thinhcuong/bumperbot_ws/install/bumperbot_msgs/local/lib/python3.10/dist-packages/bumperbot_msgs/libbumperbot_msgs__rosidl_generator_py.so
[1.147s] -- Up-to-date: /home/thinhcuong/bumperbot_ws/install/bumperbot_msgs/local/lib/python3.10/dist-packages/bumperbot_msgs/_bumperbot_msgs_s.ep.rosidl_typesupport_introspection_c.c
[1.188s] Listing '/home/thinhcuong/bumperbot_ws/install/bumperbot_msgs/local/lib/python3.10/dist-packages/bumperbot_msgs'...
[1.188s] Listing '/home/thinhcuong/bumperbot_ws/install/bumperbot_msgs/local/lib/python3.10/dist-packages/bumperbot_msgs/srv'...
[1.198s] -- Up-to-date: /home/thinhcuong/bumperbot_ws/install/bumperbot_msgs/local/lib/python3.10/dist-packages/bumperbot_msgs/bumperbot_msgs_s__rosidl_typesupport_fastrtps_c.cpython-310-x86_64-linux-gnu.so
[1.199s] -- Up-to-date: /home/thinhcuong/bumperbot_ws/install/bumperbot_msgs/local/lib/python3.10/dist-packages/bumperbot_msgs/bumperbot_msgs_s__rosidl_typesupport_introspection_c.cpython-310-x86_64-linux-gnu.so
[1.200s] -- Up-to-date: /home/thinhcuong/bumperbot_ws/install/bumperbot_msgs/local/lib/python3.10/dist-packages/bumperbot_msgs/bumperbot_msgs_s__rosidl_typesupport_c.cpython-310-x86_64-linux-gnu.so
[1.201s] -- Up-to-date: /home/thinhcuong/bumperbot_ws/install/bumperbot_msgs/lib/libbumperbot_msgs__rosidl_generator_py.so
[1.201s] -- Up-to-date: /home/thinhcuong/bumperbot_ws/install/bumperbot_msgs/share/bumperbot_msgs/srv/AddTwoInt.idl
[1.202s] -- Up-to-date: /home/thinhcuong/bumperbot_ws/install/bumperbot_msgs/share/bumperbot_msgs/srv/AddTwoInt.srv
[1.202s] -- Up-to-date: /home/thinhcuong/bumperbot_ws/install/bumperbot_msgs/share/bumperbot_msgs/srv/AddTwoInt_Request.msg
[1.202s] -- Up-to-date: /home/thinhcuong/bumperbot_ws/install/bumperbot_msgs/share/bumperbot_msgs/srv/AddTwoInt_Response.msg
[1.203s] -- Up-to-date: /home/thinhcuong/bumperbot_ws/install/bumperbot_msgs/share/ament_index/resource_index/package_run_dependencies/bumperbot_msgs
[1.203s] -- Up-to-date: /home/thinhcuong/bumperbot_ws/install/bumperbot_msgs/share/ament_index/resource_index/parent_prefix_path/bumperbot_msgs
[1.203s] -- Up-to-date: /home/thinhcuong/bumperbot_ws/install/bumperbot_msgs/share/bumperbot_msgs/environment/ament_prefix_path.sh
[1.204s] -- Up-to-date: /home/thinhcuong/bumperbot_ws/install/bumperbot_msgs/share/bumperbot_msgs/environment/ament_prefix_path.dsv
[1.204s] -- Up-to-date: /home/thinhcuong/bumperbot_ws/install/bumperbot_msgs/share/bumperbot_msgs/environment/path.sh
[1.207s] -- Up-to-date: /home/thinhcuong/bumperbot_ws/install/bumperbot_msgs/share/bumperbot_msgs/environment/path.dsv
[1.207s] -- Up-to-date: /home/thinhcuong/bumperbot_ws/install/bumperbot_msgs/share/bumperbot_msgs/local_setup.bash
[1.207s] -- Up-to-date: /home/thinhcuong/bumperbot_ws/install/bumperbot_msgs/share/bumperbot_msgs/local_setup.sh
[1.208s] -- Up-to-date: /home/thinhcuong/bumperbot_ws/install/bumperbot_msgs/share/bumperbot_msgs/local_setup.zsh
[1.208s] -- Up-to-date: /home/thinhcuong/bumperbot_ws/install/bumperbot_msgs/share/bumperbot_msgs/local_setup.dsv
[1.209s] -- Installing: /home/thinhcuong/bumperbot_ws/install/bumperbot_msgs/share/bumperbot_msgs/package.dsv
[1.209s] -- Up-to-date: /home/thinhcuong/bumperbot_ws/install/bumperbot_msgs/share/ament_index/resource_index/packages/bumperbot_msgs
[1.209s] -- Up-to-date: /home/thinhcuong/bumperbot_ws/install/bumperbot_msgs/share/bumperbot_msgs/cmake/export_bumperbot_msgs__rosidl_generator_cExport.cmake
[1.210s] -- Up-to-date: /home/thinhcuong/bumperbot_ws/install/bumperbot_msgs/share/bumperbot_msgs/cmake/export_bumperbot_msgs__rosidl_generator_cExport-noconfig.cmake
[1.210s] -- Up-to-date: /home/thinhcuong/bumperbot_ws/install/bumperbot_msgs/share/bumperbot_msgs/cmake/export_bumperbot_msgs__rosidl_typesupport_fastrtps_cExport.cmake
[1.211s] -- Up-to-date: /home/thinhcuong/bumperbot_ws/install/bumperbot_msgs/share/bumperbot_msgs/cmake/export_bumperbot_msgs__rosidl_typesupport_fastrtps_cExport-noconfig.cmake
[1.211s] -- Up-to-date: /home/thinhcuong/bumperbot_ws/install/bumperbot_msgs/share/bumperbot_msgs/cmake/export_bumperbot_msgs__rosidl_generator_cppExport.cmake
[1.212s] -- Up-to-date: /home/thinhcuong/bumperbot_ws/install/bumperbot_msgs/share/bumperbot_msgs/cmake/export_bumperbot_msgs__rosidl_typesupport_fastrtps_cppExport.cmake
[1.212s] -- Up-to-date: /home/thinhcuong/bumperbot_ws/install/bumperbot_msgs/share/bumperbot_msgs/cmake/export_bumperbot_msgs__rosidl_typesupport_fastrtps_cppExport-noconfig.cmake
[1.212s] -- Up-to-date: /home/thinhcuong/bumperbot_ws/install/bumperbot_msgs/share/bumperbot_msgs/cmake/bumperbot_msgs__rosidl_typesupport_introspection_cExport.cmake
[1.213s] -- Up-to-date: /home/thinhcuong/bumperbot_ws/install/bumperbot_msgs/share/bumperbot_msgs/cmake/bumperbot_msgs__rosidl_typesupport_introspection_cExport-noconfig.cmake
[1.213s] -- Up-to-date: /home/thinhcuong/bumperbot_ws/install/bumperbot_msgs/share/bumperbot_msgs/cmake/bumperbot_msgs__rosidl_typesupport_cExport.cmake
[1.213s] -- Up-to-date: /home/thinhcuong/bumperbot_ws/install/bumperbot_msgs/share/bumperbot_msgs/cmake/bumperbot_msgs__rosidl_typesupport_cExport-noconfig.cmake
[1.214s] -- Up-to-date: /home/thinhcuong/bumperbot_ws/install/bumperbot_msgs/share/bumperbot_msgs/cmake/bumperbot_msgs__rosidl_typesupport_introspection_cppExport.cmake
[1.214s] -- Up-to-date: /home/thinhcuong/bumperbot_ws/install/bumperbot_msgs/share/bumperbot_msgs/cmake/bumperbot_msgs__rosidl_typesupport_introspection_cppExport-noconfig.cmake
[1.214s] -- Up-to-date: /home/thinhcuong/bumperbot_ws/install/bumperbot_msgs/share/bumperbot_msgs/cmake/bumperbot_msgs__rosidl_typesupport_cppExport.cmake
[1.214s] -- Up-to-date: /home/thinhcuong/bumperbot_ws/install/bumperbot_msgs/share/bumperbot_msgs/cmake/bumperbot_msgs__rosidl_typesupport_cppExport-noconfig.cmake
[1.215s] -- Up-to-date: /home/thinhcuong/bumperbot_ws/install/bumperbot_msgs/share/bumperbot_msgs/cmake/export_bumperbot_msgs__rosidl_generator_pyExport.cmake
[1.215s] -- Up-to-date: /home/thinhcuong/bumperbot_ws/install/bumperbot_msgs/share/bumperbot_msgs/cmake/export_bumperbot_msgs__rosidl_generator_pyExport-noconfig.cmake
[1.215s] -- Up-to-date: /home/thinhcuong/bumperbot_ws/install/bumperbot_msgs/share/bumperbot_msgs/cmake/rosidl_cmake-extras.cmake
[1.215s] -- Up-to-date: /home/thinhcuong/bumperbot_ws/install/bumperbot_msgs/share/bumperbot_msgs/cmake/ament_cmake_export_include_directories-extras.cmake
[1.216s] -- Up-to-date: /home/thinhcuong/bumperbot_ws/install/bumperbot_msgs/share/bumperbot_msgs/cmake/ament_cmake_export_libraries-extras.cmake
[1.216s] -- Up-to-date: /home/thinhcuong/bumperbot_ws/install/bumperbot_msgs/share/bumperbot_msgs/cmake/ament_cmake_export_targets-extras.cmake
[1.216s] -- Up-to-date: /home/thinhcuong/bumperbot_ws/install/bumperbot_msgs/share/bumperbot_msgs/cmake/rosidl_cmake_export_typesupport_targets-extras.cmake
[1.216s] -- Up-to-date: /home/thinhcuong/bumperbot_ws/install/bumperbot_msgs/share/bumperbot_msgs/cmake/ament_cmake_export_dependencies-extras.cmake
[1.217s] -- Up-to-date: /home/thinhcuong/bumperbot_ws/install/bumperbot_msgs/share/bumperbot_msgs/cmake/rosidl_cmake_export_typesupport_libraries-extras.cmake
[1.218s] -- Up-to-date: /home/thinhcuong/bumperbot_ws/install/bumperbot_msgs/share/bumperbot_msgs/cmake/bumperbot_msgsConfig.cmake
[1.218s] -- Up-to-date: /home/thinhcuong/bumperbot_ws/install/bumperbot_msgs/share/bumperbot_msgs/cmake/bumperbot_msgsConfig-version.cmake
[1.219s] -- Up-to-date: /home/thinhcuong/bumperbot_ws/install/bumperbot_msgs/share/bumperbot_msgs/package.xml
[1.232s] Invoked command in '/home/thinhcuong/bumperbot_ws/build/bumperbot_msgs' returned '0': CMAKE_PREFIX_PATH=/opt/ros/humble /usr/bin/cmake --install /home/thinhcuong/bumperbot_ws/build/bumperbot_msgs
