[0.095s] Invoking command in '/home/thinhcuong/bumperbot_ws/build/bumperbot_description': CMAKE_PREFIX_PATH=/opt/ros/humble /usr/bin/cmake /home/thinhcuong/bumperbot_ws/src/bumperbot_description -DCMAKE_INSTALL_PREFIX=/home/thinhcuong/bumperbot_ws/install/bumperbot_description
[0.106s] -- Found ament_cmake: 1.3.7 (/opt/ros/humble/share/ament_cmake/cmake)
[0.238s] -- Found Python3: /usr/bin/python3.10 (found version "3.10.12") found components: Interpreter 
[0.321s] -- Found ament_lint_auto: 0.12.10 (/opt/ros/humble/share/ament_lint_auto/cmake)
[0.387s] -- Added test 'lint_cmake' to check CMake code style
[0.389s] -- Added test 'xmllint' to check XML markup files
[0.391s] -- Configuring done
[0.394s] -- Generating done
[0.395s] -- Build files have been written to: /home/thinhcuong/bumperbot_ws/build/bumperbot_description
[0.420s] Invoked command in '/home/thinhcuong/bumperbot_ws/build/bumperbot_description' returned '0': CMAKE_PREFIX_PATH=/opt/ros/humble /usr/bin/cmake /home/thinhcuong/bumperbot_ws/src/bumperbot_description -DCMAKE_INSTALL_PREFIX=/home/thinhcuong/bumperbot_ws/install/bumperbot_description
[0.421s] Invoking command in '/home/thinhcuong/bumperbot_ws/build/bumperbot_description': CMAKE_PREFIX_PATH=/opt/ros/humble /usr/bin/cmake --build /home/thinhcuong/bumperbot_ws/build/bumperbot_description -- -j12 -l12
[0.496s] Invoked command in '/home/thinhcuong/bumperbot_ws/build/bumperbot_description' returned '0': CMAKE_PREFIX_PATH=/opt/ros/humble /usr/bin/cmake --build /home/thinhcuong/bumperbot_ws/build/bumperbot_description -- -j12 -l12
[0.516s] Invoking command in '/home/thinhcuong/bumperbot_ws/build/bumperbot_description': CMAKE_PREFIX_PATH=/opt/ros/humble /usr/bin/cmake --install /home/thinhcuong/bumperbot_ws/build/bumperbot_description
[0.523s] -- Install configuration: ""
[0.524s] -- Installing: /home/thinhcuong/bumperbot_ws/install/bumperbot_description/share/bumperbot_description/meshes
[0.524s] -- Installing: /home/thinhcuong/bumperbot_ws/install/bumperbot_description/share/bumperbot_description/meshes/imu_link.STL
[0.525s] -- Installing: /home/thinhcuong/bumperbot_ws/install/bumperbot_description/share/bumperbot_description/meshes/caster_rear_link.STL
[0.526s] -- Installing: /home/thinhcuong/bumperbot_ws/install/bumperbot_description/share/bumperbot_description/meshes/wheel_left_link.STL
[0.528s] -- Installing: /home/thinhcuong/bumperbot_ws/install/bumperbot_description/share/bumperbot_description/meshes/caster_front_link.STL
[0.529s] -- Installing: /home/thinhcuong/bumperbot_ws/install/bumperbot_description/share/bumperbot_description/meshes/base_link.STL
[0.553s] -- Installing: /home/thinhcuong/bumperbot_ws/install/bumperbot_description/share/bumperbot_description/meshes/wheel_right_link.STL
[0.555s] -- Installing: /home/thinhcuong/bumperbot_ws/install/bumperbot_description/share/bumperbot_description/urdf
[0.555s] -- Installing: /home/thinhcuong/bumperbot_ws/install/bumperbot_description/share/bumperbot_description/urdf/bumperbot.urdf.xacro
[0.555s] -- Installing: /home/thinhcuong/bumperbot_ws/install/bumperbot_description/share/ament_index/resource_index/package_run_dependencies/bumperbot_description
[0.555s] -- Installing: /home/thinhcuong/bumperbot_ws/install/bumperbot_description/share/ament_index/resource_index/parent_prefix_path/bumperbot_description
[0.556s] -- Installing: /home/thinhcuong/bumperbot_ws/install/bumperbot_description/share/bumperbot_description/environment/ament_prefix_path.sh
[0.556s] -- Installing: /home/thinhcuong/bumperbot_ws/install/bumperbot_description/share/bumperbot_description/environment/ament_prefix_path.dsv
[0.556s] -- Installing: /home/thinhcuong/bumperbot_ws/install/bumperbot_description/share/bumperbot_description/environment/path.sh
[0.556s] -- Installing: /home/thinhcuong/bumperbot_ws/install/bumperbot_description/share/bumperbot_description/environment/path.dsv
[0.556s] -- Installing: /home/thinhcuong/bumperbot_ws/install/bumperbot_description/share/bumperbot_description/local_setup.bash
[0.556s] -- Installing: /home/thinhcuong/bumperbot_ws/install/bumperbot_description/share/bumperbot_description/local_setup.sh
[0.556s] -- Installing: /home/thinhcuong/bumperbot_ws/install/bumperbot_description/share/bumperbot_description/local_setup.zsh
[0.556s] -- Installing: /home/thinhcuong/bumperbot_ws/install/bumperbot_description/share/bumperbot_description/local_setup.dsv
[0.557s] -- Installing: /home/thinhcuong/bumperbot_ws/install/bumperbot_description/share/bumperbot_description/package.dsv
[0.557s] -- Installing: /home/thinhcuong/bumperbot_ws/install/bumperbot_description/share/ament_index/resource_index/packages/bumperbot_description
[0.557s] -- Installing: /home/thinhcuong/bumperbot_ws/install/bumperbot_description/share/bumperbot_description/cmake/bumperbot_descriptionConfig.cmake
[0.557s] -- Installing: /home/thinhcuong/bumperbot_ws/install/bumperbot_description/share/bumperbot_description/cmake/bumperbot_descriptionConfig-version.cmake
[0.557s] -- Installing: /home/thinhcuong/bumperbot_ws/install/bumperbot_description/share/bumperbot_description/package.xml
[0.559s] Invoked command in '/home/thinhcuong/bumperbot_ws/build/bumperbot_description' returned '0': CMAKE_PREFIX_PATH=/opt/ros/humble /usr/bin/cmake --install /home/thinhcuong/bumperbot_ws/build/bumperbot_description
