[0.085s] DEBUG:colcon:Command line arguments: ['/usr/bin/colcon', 'build']
[0.085s] DEBUG:colcon:Parsed command line arguments: Namespace(log_base=None, log_level=None, verb_name='build', build_base='build', install_base='install', merge_install=False, symlink_install=False, test_result_base=None, continue_on_error=False, executor='parallel', parallel_workers=12, event_handlers=None, ignore_user_meta=False, metas=['./colcon.meta'], base_paths=['.'], packages_ignore=None, packages_ignore_regex=None, paths=None, packages_up_to=None, packages_up_to_regex=None, packages_above=None, packages_above_and_dependencies=None, packages_above_depth=None, packages_select_by_dep=None, packages_skip_by_dep=None, packages_skip_up_to=None, packages_select_build_failed=False, packages_skip_build_finished=False, packages_select_test_failures=False, packages_skip_test_passed=False, packages_select=None, packages_skip=None, packages_select_regex=None, packages_skip_regex=None, packages_start=None, packages_end=None, allow_overriding=[], cmake_args=None, cmake_target=None, cmake_target_skip_unavailable=False, cmake_clean_cache=False, cmake_clean_first=False, cmake_force_configure=False, ament_cmake_args=None, catkin_cmake_args=None, catkin_skip_building_tests=False, mixin_files=None, mixin=None, verb_parser=<colcon_mixin.mixin.mixin_argument.MixinArgumentDecorator object at 0x7b901e0f6a40>, verb_extension=<colcon_core.verb.build.BuildVerb object at 0x7b901e206fe0>, main=<bound method BuildVerb.main of <colcon_core.verb.build.BuildVerb object at 0x7b901e206fe0>>, mixin_verb=('build',))
[0.236s] Level 1:colcon.colcon_core.package_discovery:discover_packages(colcon_meta) check parameters
[0.236s] Level 1:colcon.colcon_core.package_discovery:discover_packages(recursive) check parameters
[0.236s] Level 1:colcon.colcon_core.package_discovery:discover_packages(ignore) check parameters
[0.236s] Level 1:colcon.colcon_core.package_discovery:discover_packages(path) check parameters
[0.236s] Level 1:colcon.colcon_core.package_discovery:discover_packages(colcon_meta) discover
[0.236s] Level 1:colcon.colcon_core.package_discovery:discover_packages(recursive) discover
[0.236s] INFO:colcon.colcon_core.package_discovery:Crawling recursively for packages in '/home/thinhcuong/bumperbot_ws'
[0.236s] Level 1:colcon.colcon_core.package_identification:_identify(.) by extensions ['ignore', 'ignore_ament_install']
[0.237s] Level 1:colcon.colcon_core.package_identification:_identify(.) by extension 'ignore'
[0.237s] Level 1:colcon.colcon_core.package_identification:_identify(.) by extension 'ignore_ament_install'
[0.237s] Level 1:colcon.colcon_core.package_identification:_identify(.) by extensions ['colcon_pkg']
[0.237s] Level 1:colcon.colcon_core.package_identification:_identify(.) by extension 'colcon_pkg'
[0.237s] Level 1:colcon.colcon_core.package_identification:_identify(.) by extensions ['colcon_meta']
[0.237s] Level 1:colcon.colcon_core.package_identification:_identify(.) by extension 'colcon_meta'
[0.237s] Level 1:colcon.colcon_core.package_identification:_identify(.) by extensions ['ros']
[0.237s] Level 1:colcon.colcon_core.package_identification:_identify(.) by extension 'ros'
[0.245s] Level 1:colcon.colcon_core.package_identification:_identify(.) by extensions ['cmake', 'python']
[0.245s] Level 1:colcon.colcon_core.package_identification:_identify(.) by extension 'cmake'
[0.245s] Level 1:colcon.colcon_core.package_identification:_identify(.) by extension 'python'
[0.245s] Level 1:colcon.colcon_core.package_identification:_identify(.) by extensions ['python_setup_py']
[0.245s] Level 1:colcon.colcon_core.package_identification:_identify(.) by extension 'python_setup_py'
[0.245s] Level 1:colcon.colcon_core.package_identification:_identify(build) by extensions ['ignore', 'ignore_ament_install']
[0.245s] Level 1:colcon.colcon_core.package_identification:_identify(build) by extension 'ignore'
[0.245s] Level 1:colcon.colcon_core.package_identification:_identify(build) ignored
[0.245s] Level 1:colcon.colcon_core.package_identification:_identify(install) by extensions ['ignore', 'ignore_ament_install']
[0.245s] Level 1:colcon.colcon_core.package_identification:_identify(install) by extension 'ignore'
[0.245s] Level 1:colcon.colcon_core.package_identification:_identify(install) ignored
[0.245s] Level 1:colcon.colcon_core.package_identification:_identify(log) by extensions ['ignore', 'ignore_ament_install']
[0.246s] Level 1:colcon.colcon_core.package_identification:_identify(log) by extension 'ignore'
[0.246s] Level 1:colcon.colcon_core.package_identification:_identify(log) ignored
[0.246s] Level 1:colcon.colcon_core.package_identification:_identify(src) by extensions ['ignore', 'ignore_ament_install']
[0.246s] Level 1:colcon.colcon_core.package_identification:_identify(src) by extension 'ignore'
[0.246s] Level 1:colcon.colcon_core.package_identification:_identify(src) by extension 'ignore_ament_install'
[0.246s] Level 1:colcon.colcon_core.package_identification:_identify(src) by extensions ['colcon_pkg']
[0.246s] Level 1:colcon.colcon_core.package_identification:_identify(src) by extension 'colcon_pkg'
[0.246s] Level 1:colcon.colcon_core.package_identification:_identify(src) by extensions ['colcon_meta']
[0.246s] Level 1:colcon.colcon_core.package_identification:_identify(src) by extension 'colcon_meta'
[0.246s] Level 1:colcon.colcon_core.package_identification:_identify(src) by extensions ['ros']
[0.246s] Level 1:colcon.colcon_core.package_identification:_identify(src) by extension 'ros'
[0.246s] Level 1:colcon.colcon_core.package_identification:_identify(src) by extensions ['cmake', 'python']
[0.246s] Level 1:colcon.colcon_core.package_identification:_identify(src) by extension 'cmake'
[0.246s] Level 1:colcon.colcon_core.package_identification:_identify(src) by extension 'python'
[0.246s] Level 1:colcon.colcon_core.package_identification:_identify(src) by extensions ['python_setup_py']
[0.246s] Level 1:colcon.colcon_core.package_identification:_identify(src) by extension 'python_setup_py'
[0.246s] Level 1:colcon.colcon_core.package_identification:_identify(src/build) by extensions ['ignore', 'ignore_ament_install']
[0.246s] Level 1:colcon.colcon_core.package_identification:_identify(src/build) by extension 'ignore'
[0.246s] Level 1:colcon.colcon_core.package_identification:_identify(src/build) ignored
[0.246s] Level 1:colcon.colcon_core.package_identification:_identify(src/bumperbot_controller) by extensions ['ignore', 'ignore_ament_install']
[0.247s] Level 1:colcon.colcon_core.package_identification:_identify(src/bumperbot_controller) by extension 'ignore'
[0.247s] Level 1:colcon.colcon_core.package_identification:_identify(src/bumperbot_controller) by extension 'ignore_ament_install'
[0.247s] Level 1:colcon.colcon_core.package_identification:_identify(src/bumperbot_controller) by extensions ['colcon_pkg']
[0.247s] Level 1:colcon.colcon_core.package_identification:_identify(src/bumperbot_controller) by extension 'colcon_pkg'
[0.247s] Level 1:colcon.colcon_core.package_identification:_identify(src/bumperbot_controller) by extensions ['colcon_meta']
[0.247s] Level 1:colcon.colcon_core.package_identification:_identify(src/bumperbot_controller) by extension 'colcon_meta'
[0.247s] Level 1:colcon.colcon_core.package_identification:_identify(src/bumperbot_controller) by extensions ['ros']
[0.247s] Level 1:colcon.colcon_core.package_identification:_identify(src/bumperbot_controller) by extension 'ros'
[0.249s] DEBUG:colcon.colcon_core.package_identification:Package 'src/bumperbot_controller' with type 'ros.ament_cmake' and name 'bumperbot_controller'
[0.249s] Level 1:colcon.colcon_core.package_identification:_identify(src/bumperbot_cpp_examples) by extensions ['ignore', 'ignore_ament_install']
[0.249s] Level 1:colcon.colcon_core.package_identification:_identify(src/bumperbot_cpp_examples) by extension 'ignore'
[0.249s] Level 1:colcon.colcon_core.package_identification:_identify(src/bumperbot_cpp_examples) by extension 'ignore_ament_install'
[0.249s] Level 1:colcon.colcon_core.package_identification:_identify(src/bumperbot_cpp_examples) by extensions ['colcon_pkg']
[0.249s] Level 1:colcon.colcon_core.package_identification:_identify(src/bumperbot_cpp_examples) by extension 'colcon_pkg'
[0.249s] Level 1:colcon.colcon_core.package_identification:_identify(src/bumperbot_cpp_examples) by extensions ['colcon_meta']
[0.249s] Level 1:colcon.colcon_core.package_identification:_identify(src/bumperbot_cpp_examples) by extension 'colcon_meta'
[0.249s] Level 1:colcon.colcon_core.package_identification:_identify(src/bumperbot_cpp_examples) by extensions ['ros']
[0.249s] Level 1:colcon.colcon_core.package_identification:_identify(src/bumperbot_cpp_examples) by extension 'ros'
[0.250s] DEBUG:colcon.colcon_core.package_identification:Package 'src/bumperbot_cpp_examples' with type 'ros.ament_cmake' and name 'bumperbot_cpp_examples'
[0.250s] Level 1:colcon.colcon_core.package_identification:_identify(src/bumperbot_description) by extensions ['ignore', 'ignore_ament_install']
[0.250s] Level 1:colcon.colcon_core.package_identification:_identify(src/bumperbot_description) by extension 'ignore'
[0.250s] Level 1:colcon.colcon_core.package_identification:_identify(src/bumperbot_description) by extension 'ignore_ament_install'
[0.250s] Level 1:colcon.colcon_core.package_identification:_identify(src/bumperbot_description) by extensions ['colcon_pkg']
[0.250s] Level 1:colcon.colcon_core.package_identification:_identify(src/bumperbot_description) by extension 'colcon_pkg'
[0.250s] Level 1:colcon.colcon_core.package_identification:_identify(src/bumperbot_description) by extensions ['colcon_meta']
[0.250s] Level 1:colcon.colcon_core.package_identification:_identify(src/bumperbot_description) by extension 'colcon_meta'
[0.250s] Level 1:colcon.colcon_core.package_identification:_identify(src/bumperbot_description) by extensions ['ros']
[0.250s] Level 1:colcon.colcon_core.package_identification:_identify(src/bumperbot_description) by extension 'ros'
[0.251s] DEBUG:colcon.colcon_core.package_identification:Package 'src/bumperbot_description' with type 'ros.ament_cmake' and name 'bumperbot_description'
[0.251s] Level 1:colcon.colcon_core.package_identification:_identify(src/bumperbot_msgs) by extensions ['ignore', 'ignore_ament_install']
[0.251s] Level 1:colcon.colcon_core.package_identification:_identify(src/bumperbot_msgs) by extension 'ignore'
[0.251s] Level 1:colcon.colcon_core.package_identification:_identify(src/bumperbot_msgs) by extension 'ignore_ament_install'
[0.251s] Level 1:colcon.colcon_core.package_identification:_identify(src/bumperbot_msgs) by extensions ['colcon_pkg']
[0.251s] Level 1:colcon.colcon_core.package_identification:_identify(src/bumperbot_msgs) by extension 'colcon_pkg'
[0.251s] Level 1:colcon.colcon_core.package_identification:_identify(src/bumperbot_msgs) by extensions ['colcon_meta']
[0.251s] Level 1:colcon.colcon_core.package_identification:_identify(src/bumperbot_msgs) by extension 'colcon_meta'
[0.251s] Level 1:colcon.colcon_core.package_identification:_identify(src/bumperbot_msgs) by extensions ['ros']
[0.251s] Level 1:colcon.colcon_core.package_identification:_identify(src/bumperbot_msgs) by extension 'ros'
[0.252s] DEBUG:colcon.colcon_core.package_identification:Package 'src/bumperbot_msgs' with type 'ros.ament_cmake' and name 'bumperbot_msgs'
[0.252s] Level 1:colcon.colcon_core.package_identification:_identify(src/bumperbot_py_examples) by extensions ['ignore', 'ignore_ament_install']
[0.252s] Level 1:colcon.colcon_core.package_identification:_identify(src/bumperbot_py_examples) by extension 'ignore'
[0.252s] Level 1:colcon.colcon_core.package_identification:_identify(src/bumperbot_py_examples) by extension 'ignore_ament_install'
[0.252s] Level 1:colcon.colcon_core.package_identification:_identify(src/bumperbot_py_examples) by extensions ['colcon_pkg']
[0.252s] Level 1:colcon.colcon_core.package_identification:_identify(src/bumperbot_py_examples) by extension 'colcon_pkg'
[0.252s] Level 1:colcon.colcon_core.package_identification:_identify(src/bumperbot_py_examples) by extensions ['colcon_meta']
[0.252s] Level 1:colcon.colcon_core.package_identification:_identify(src/bumperbot_py_examples) by extension 'colcon_meta'
[0.252s] Level 1:colcon.colcon_core.package_identification:_identify(src/bumperbot_py_examples) by extensions ['ros']
[0.252s] Level 1:colcon.colcon_core.package_identification:_identify(src/bumperbot_py_examples) by extension 'ros'
[0.252s] DEBUG:colcon.colcon_core.package_identification:Package 'src/bumperbot_py_examples' with type 'ros.ament_python' and name 'bumperbot_py_examples'
[0.252s] Level 1:colcon.colcon_core.package_identification:_identify(src/install) by extensions ['ignore', 'ignore_ament_install']
[0.252s] Level 1:colcon.colcon_core.package_identification:_identify(src/install) by extension 'ignore'
[0.253s] Level 1:colcon.colcon_core.package_identification:_identify(src/install) ignored
[0.253s] Level 1:colcon.colcon_core.package_identification:_identify(src/log) by extensions ['ignore', 'ignore_ament_install']
[0.253s] Level 1:colcon.colcon_core.package_identification:_identify(src/log) by extension 'ignore'
[0.253s] Level 1:colcon.colcon_core.package_identification:_identify(src/log) ignored
[0.253s] Level 1:colcon.colcon_core.package_discovery:discover_packages(recursive) using defaults
[0.253s] Level 1:colcon.colcon_core.package_discovery:discover_packages(ignore) discover
[0.253s] Level 1:colcon.colcon_core.package_discovery:discover_packages(ignore) using defaults
[0.253s] Level 1:colcon.colcon_core.package_discovery:discover_packages(path) discover
[0.253s] Level 1:colcon.colcon_core.package_discovery:discover_packages(path) using defaults
[0.276s] Level 1:colcon.colcon_core.package_discovery:discover_packages(prefix_path) check parameters
[0.276s] Level 1:colcon.colcon_core.package_discovery:discover_packages(prefix_path) discover
[0.278s] DEBUG:colcon.colcon_installed_package_information.package_discovery:Found 334 installed packages in /opt/ros/humble
[0.279s] Level 1:colcon.colcon_core.package_discovery:discover_packages(prefix_path) using defaults
[0.314s] Level 5:colcon.colcon_core.verb:set package 'bumperbot_controller' build argument 'cmake_args' from command line to 'None'
[0.314s] Level 5:colcon.colcon_core.verb:set package 'bumperbot_controller' build argument 'cmake_target' from command line to 'None'
[0.314s] Level 5:colcon.colcon_core.verb:set package 'bumperbot_controller' build argument 'cmake_target_skip_unavailable' from command line to 'False'
[0.314s] Level 5:colcon.colcon_core.verb:set package 'bumperbot_controller' build argument 'cmake_clean_cache' from command line to 'False'
[0.314s] Level 5:colcon.colcon_core.verb:set package 'bumperbot_controller' build argument 'cmake_clean_first' from command line to 'False'
[0.314s] Level 5:colcon.colcon_core.verb:set package 'bumperbot_controller' build argument 'cmake_force_configure' from command line to 'False'
[0.314s] Level 5:colcon.colcon_core.verb:set package 'bumperbot_controller' build argument 'ament_cmake_args' from command line to 'None'
[0.314s] Level 5:colcon.colcon_core.verb:set package 'bumperbot_controller' build argument 'catkin_cmake_args' from command line to 'None'
[0.314s] Level 5:colcon.colcon_core.verb:set package 'bumperbot_controller' build argument 'catkin_skip_building_tests' from command line to 'False'
[0.314s] DEBUG:colcon.colcon_core.verb:Building package 'bumperbot_controller' with the following arguments: {'ament_cmake_args': None, 'build_base': '/home/thinhcuong/bumperbot_ws/build/bumperbot_controller', 'catkin_cmake_args': None, 'catkin_skip_building_tests': False, 'cmake_args': None, 'cmake_clean_cache': False, 'cmake_clean_first': False, 'cmake_force_configure': False, 'cmake_target': None, 'cmake_target_skip_unavailable': False, 'install_base': '/home/thinhcuong/bumperbot_ws/install/bumperbot_controller', 'merge_install': False, 'path': '/home/thinhcuong/bumperbot_ws/src/bumperbot_controller', 'symlink_install': False, 'test_result_base': None}
[0.315s] Level 5:colcon.colcon_core.verb:set package 'bumperbot_description' build argument 'cmake_args' from command line to 'None'
[0.315s] Level 5:colcon.colcon_core.verb:set package 'bumperbot_description' build argument 'cmake_target' from command line to 'None'
[0.315s] Level 5:colcon.colcon_core.verb:set package 'bumperbot_description' build argument 'cmake_target_skip_unavailable' from command line to 'False'
[0.315s] Level 5:colcon.colcon_core.verb:set package 'bumperbot_description' build argument 'cmake_clean_cache' from command line to 'False'
[0.315s] Level 5:colcon.colcon_core.verb:set package 'bumperbot_description' build argument 'cmake_clean_first' from command line to 'False'
[0.315s] Level 5:colcon.colcon_core.verb:set package 'bumperbot_description' build argument 'cmake_force_configure' from command line to 'False'
[0.315s] Level 5:colcon.colcon_core.verb:set package 'bumperbot_description' build argument 'ament_cmake_args' from command line to 'None'
[0.315s] Level 5:colcon.colcon_core.verb:set package 'bumperbot_description' build argument 'catkin_cmake_args' from command line to 'None'
[0.315s] Level 5:colcon.colcon_core.verb:set package 'bumperbot_description' build argument 'catkin_skip_building_tests' from command line to 'False'
[0.315s] DEBUG:colcon.colcon_core.verb:Building package 'bumperbot_description' with the following arguments: {'ament_cmake_args': None, 'build_base': '/home/thinhcuong/bumperbot_ws/build/bumperbot_description', 'catkin_cmake_args': None, 'catkin_skip_building_tests': False, 'cmake_args': None, 'cmake_clean_cache': False, 'cmake_clean_first': False, 'cmake_force_configure': False, 'cmake_target': None, 'cmake_target_skip_unavailable': False, 'install_base': '/home/thinhcuong/bumperbot_ws/install/bumperbot_description', 'merge_install': False, 'path': '/home/thinhcuong/bumperbot_ws/src/bumperbot_description', 'symlink_install': False, 'test_result_base': None}
[0.315s] Level 5:colcon.colcon_core.verb:set package 'bumperbot_msgs' build argument 'cmake_args' from command line to 'None'
[0.315s] Level 5:colcon.colcon_core.verb:set package 'bumperbot_msgs' build argument 'cmake_target' from command line to 'None'
[0.315s] Level 5:colcon.colcon_core.verb:set package 'bumperbot_msgs' build argument 'cmake_target_skip_unavailable' from command line to 'False'
[0.315s] Level 5:colcon.colcon_core.verb:set package 'bumperbot_msgs' build argument 'cmake_clean_cache' from command line to 'False'
[0.315s] Level 5:colcon.colcon_core.verb:set package 'bumperbot_msgs' build argument 'cmake_clean_first' from command line to 'False'
[0.315s] Level 5:colcon.colcon_core.verb:set package 'bumperbot_msgs' build argument 'cmake_force_configure' from command line to 'False'
[0.315s] Level 5:colcon.colcon_core.verb:set package 'bumperbot_msgs' build argument 'ament_cmake_args' from command line to 'None'
[0.315s] Level 5:colcon.colcon_core.verb:set package 'bumperbot_msgs' build argument 'catkin_cmake_args' from command line to 'None'
[0.315s] Level 5:colcon.colcon_core.verb:set package 'bumperbot_msgs' build argument 'catkin_skip_building_tests' from command line to 'False'
[0.315s] DEBUG:colcon.colcon_core.verb:Building package 'bumperbot_msgs' with the following arguments: {'ament_cmake_args': None, 'build_base': '/home/thinhcuong/bumperbot_ws/build/bumperbot_msgs', 'catkin_cmake_args': None, 'catkin_skip_building_tests': False, 'cmake_args': None, 'cmake_clean_cache': False, 'cmake_clean_first': False, 'cmake_force_configure': False, 'cmake_target': None, 'cmake_target_skip_unavailable': False, 'install_base': '/home/thinhcuong/bumperbot_ws/install/bumperbot_msgs', 'merge_install': False, 'path': '/home/thinhcuong/bumperbot_ws/src/bumperbot_msgs', 'symlink_install': False, 'test_result_base': None}
[0.315s] Level 5:colcon.colcon_core.verb:set package 'bumperbot_cpp_examples' build argument 'cmake_args' from command line to 'None'
[0.315s] Level 5:colcon.colcon_core.verb:set package 'bumperbot_cpp_examples' build argument 'cmake_target' from command line to 'None'
[0.316s] Level 5:colcon.colcon_core.verb:set package 'bumperbot_cpp_examples' build argument 'cmake_target_skip_unavailable' from command line to 'False'
[0.316s] Level 5:colcon.colcon_core.verb:set package 'bumperbot_cpp_examples' build argument 'cmake_clean_cache' from command line to 'False'
[0.316s] Level 5:colcon.colcon_core.verb:set package 'bumperbot_cpp_examples' build argument 'cmake_clean_first' from command line to 'False'
[0.316s] Level 5:colcon.colcon_core.verb:set package 'bumperbot_cpp_examples' build argument 'cmake_force_configure' from command line to 'False'
[0.316s] Level 5:colcon.colcon_core.verb:set package 'bumperbot_cpp_examples' build argument 'ament_cmake_args' from command line to 'None'
[0.316s] Level 5:colcon.colcon_core.verb:set package 'bumperbot_cpp_examples' build argument 'catkin_cmake_args' from command line to 'None'
[0.316s] Level 5:colcon.colcon_core.verb:set package 'bumperbot_cpp_examples' build argument 'catkin_skip_building_tests' from command line to 'False'
[0.316s] DEBUG:colcon.colcon_core.verb:Building package 'bumperbot_cpp_examples' with the following arguments: {'ament_cmake_args': None, 'build_base': '/home/thinhcuong/bumperbot_ws/build/bumperbot_cpp_examples', 'catkin_cmake_args': None, 'catkin_skip_building_tests': False, 'cmake_args': None, 'cmake_clean_cache': False, 'cmake_clean_first': False, 'cmake_force_configure': False, 'cmake_target': None, 'cmake_target_skip_unavailable': False, 'install_base': '/home/thinhcuong/bumperbot_ws/install/bumperbot_cpp_examples', 'merge_install': False, 'path': '/home/thinhcuong/bumperbot_ws/src/bumperbot_cpp_examples', 'symlink_install': False, 'test_result_base': None}
[0.316s] Level 5:colcon.colcon_core.verb:set package 'bumperbot_py_examples' build argument 'cmake_args' from command line to 'None'
[0.316s] Level 5:colcon.colcon_core.verb:set package 'bumperbot_py_examples' build argument 'cmake_target' from command line to 'None'
[0.316s] Level 5:colcon.colcon_core.verb:set package 'bumperbot_py_examples' build argument 'cmake_target_skip_unavailable' from command line to 'False'
[0.316s] Level 5:colcon.colcon_core.verb:set package 'bumperbot_py_examples' build argument 'cmake_clean_cache' from command line to 'False'
[0.316s] Level 5:colcon.colcon_core.verb:set package 'bumperbot_py_examples' build argument 'cmake_clean_first' from command line to 'False'
[0.316s] Level 5:colcon.colcon_core.verb:set package 'bumperbot_py_examples' build argument 'cmake_force_configure' from command line to 'False'
[0.316s] Level 5:colcon.colcon_core.verb:set package 'bumperbot_py_examples' build argument 'ament_cmake_args' from command line to 'None'
[0.316s] Level 5:colcon.colcon_core.verb:set package 'bumperbot_py_examples' build argument 'catkin_cmake_args' from command line to 'None'
[0.316s] Level 5:colcon.colcon_core.verb:set package 'bumperbot_py_examples' build argument 'catkin_skip_building_tests' from command line to 'False'
[0.316s] DEBUG:colcon.colcon_core.verb:Building package 'bumperbot_py_examples' with the following arguments: {'ament_cmake_args': None, 'build_base': '/home/thinhcuong/bumperbot_ws/build/bumperbot_py_examples', 'catkin_cmake_args': None, 'catkin_skip_building_tests': False, 'cmake_args': None, 'cmake_clean_cache': False, 'cmake_clean_first': False, 'cmake_force_configure': False, 'cmake_target': None, 'cmake_target_skip_unavailable': False, 'install_base': '/home/thinhcuong/bumperbot_ws/install/bumperbot_py_examples', 'merge_install': False, 'path': '/home/thinhcuong/bumperbot_ws/src/bumperbot_py_examples', 'symlink_install': False, 'test_result_base': None}
[0.316s] INFO:colcon.colcon_core.executor:Executing jobs using 'parallel' executor
[0.317s] DEBUG:colcon.colcon_parallel_executor.executor.parallel:run_until_complete
[0.317s] INFO:colcon.colcon_ros.task.ament_cmake.build:Building ROS package in '/home/thinhcuong/bumperbot_ws/src/bumperbot_msgs' with build type 'ament_cmake'
[0.317s] INFO:colcon.colcon_cmake.task.cmake.build:Building CMake package in '/home/thinhcuong/bumperbot_ws/src/bumperbot_msgs'
[0.319s] INFO:colcon.colcon_core.plugin_system:Skipping extension 'colcon_core.shell.bat': Not used on non-Windows systems
[0.319s] INFO:colcon.colcon_core.shell:Skip shell extension 'powershell' for command environment: Not usable outside of PowerShell
[0.319s] DEBUG:colcon.colcon_core.shell:Skip shell extension 'dsv' for command environment
[0.322s] INFO:colcon.colcon_ros.task.ament_cmake.build:Building ROS package in '/home/thinhcuong/bumperbot_ws/src/bumperbot_controller' with build type 'ament_cmake'
[0.322s] INFO:colcon.colcon_cmake.task.cmake.build:Building CMake package in '/home/thinhcuong/bumperbot_ws/src/bumperbot_controller'
[0.322s] INFO:colcon.colcon_core.shell:Skip shell extension 'powershell' for command environment: Not usable outside of PowerShell
[0.322s] DEBUG:colcon.colcon_core.shell:Skip shell extension 'dsv' for command environment
[0.324s] INFO:colcon.colcon_ros.task.ament_cmake.build:Building ROS package in '/home/thinhcuong/bumperbot_ws/src/bumperbot_description' with build type 'ament_cmake'
[0.324s] INFO:colcon.colcon_cmake.task.cmake.build:Building CMake package in '/home/thinhcuong/bumperbot_ws/src/bumperbot_description'
[0.324s] INFO:colcon.colcon_core.shell:Skip shell extension 'powershell' for command environment: Not usable outside of PowerShell
[0.324s] DEBUG:colcon.colcon_core.shell:Skip shell extension 'dsv' for command environment
[0.330s] DEBUG:colcon.colcon_core.event_handler.log_command:Invoking command in '/home/thinhcuong/bumperbot_ws/build/bumperbot_msgs': CMAKE_PREFIX_PATH=/opt/ros/humble /usr/bin/cmake --build /home/thinhcuong/bumperbot_ws/build/bumperbot_msgs -- -j12 -l12
[0.333s] DEBUG:colcon.colcon_core.event_handler.log_command:Invoking command in '/home/thinhcuong/bumperbot_ws/build/bumperbot_controller': CMAKE_PREFIX_PATH=/opt/ros/humble /usr/bin/cmake --build /home/thinhcuong/bumperbot_ws/build/bumperbot_controller -- -j12 -l12
[0.336s] DEBUG:colcon.colcon_core.event_handler.log_command:Invoking command in '/home/thinhcuong/bumperbot_ws/build/bumperbot_description': CMAKE_PREFIX_PATH=/opt/ros/humble /usr/bin/cmake --build /home/thinhcuong/bumperbot_ws/build/bumperbot_description -- -j12 -l12
[0.369s] DEBUG:colcon.colcon_core.event_handler.log_command:Invoked command in '/home/thinhcuong/bumperbot_ws/build/bumperbot_description' returned '0': CMAKE_PREFIX_PATH=/opt/ros/humble /usr/bin/cmake --build /home/thinhcuong/bumperbot_ws/build/bumperbot_description -- -j12 -l12
[0.404s] DEBUG:colcon.colcon_core.event_handler.log_command:Invoking command in '/home/thinhcuong/bumperbot_ws/build/bumperbot_description': CMAKE_PREFIX_PATH=/opt/ros/humble /usr/bin/cmake --install /home/thinhcuong/bumperbot_ws/build/bumperbot_description
[0.413s] Level 1:colcon.colcon_core.environment:create_environment_scripts_only(bumperbot_description)
[0.413s] DEBUG:colcon.colcon_core.event_handler.log_command:Invoked command in '/home/thinhcuong/bumperbot_ws/build/bumperbot_description' returned '0': CMAKE_PREFIX_PATH=/opt/ros/humble /usr/bin/cmake --install /home/thinhcuong/bumperbot_ws/build/bumperbot_description
[0.415s] Level 1:colcon.colcon_core.environment:checking '/home/thinhcuong/bumperbot_ws/install/bumperbot_description' for CMake module files
[0.416s] Level 1:colcon.colcon_core.environment:checking '/home/thinhcuong/bumperbot_ws/install/bumperbot_description' for CMake config files
[0.416s] Level 1:colcon.colcon_core.shell:create_environment_hook('bumperbot_description', 'cmake_prefix_path')
[0.417s] INFO:colcon.colcon_core.shell:Creating environment hook '/home/thinhcuong/bumperbot_ws/install/bumperbot_description/share/bumperbot_description/hook/cmake_prefix_path.ps1'
[0.417s] INFO:colcon.colcon_core.shell:Creating environment descriptor '/home/thinhcuong/bumperbot_ws/install/bumperbot_description/share/bumperbot_description/hook/cmake_prefix_path.dsv'
[0.417s] INFO:colcon.colcon_core.shell:Creating environment hook '/home/thinhcuong/bumperbot_ws/install/bumperbot_description/share/bumperbot_description/hook/cmake_prefix_path.sh'
[0.418s] Level 1:colcon.colcon_core.environment:checking '/home/thinhcuong/bumperbot_ws/install/bumperbot_description/bin'
[0.418s] Level 1:colcon.colcon_core.environment:checking '/home/thinhcuong/bumperbot_ws/install/bumperbot_description/lib/pkgconfig/bumperbot_description.pc'
[0.418s] Level 1:colcon.colcon_core.environment:checking '/home/thinhcuong/bumperbot_ws/install/bumperbot_description/lib/python3.10/site-packages'
[0.419s] Level 1:colcon.colcon_core.environment:checking '/home/thinhcuong/bumperbot_ws/install/bumperbot_description/bin'
[0.419s] INFO:colcon.colcon_core.shell:Creating package script '/home/thinhcuong/bumperbot_ws/install/bumperbot_description/share/bumperbot_description/package.ps1'
[0.419s] INFO:colcon.colcon_core.shell:Creating package descriptor '/home/thinhcuong/bumperbot_ws/install/bumperbot_description/share/bumperbot_description/package.dsv'
[0.420s] INFO:colcon.colcon_core.shell:Creating package script '/home/thinhcuong/bumperbot_ws/install/bumperbot_description/share/bumperbot_description/package.sh'
[0.420s] INFO:colcon.colcon_core.shell:Creating package script '/home/thinhcuong/bumperbot_ws/install/bumperbot_description/share/bumperbot_description/package.bash'
[0.421s] INFO:colcon.colcon_core.shell:Creating package script '/home/thinhcuong/bumperbot_ws/install/bumperbot_description/share/bumperbot_description/package.zsh'
[0.422s] Level 1:colcon.colcon_core.environment:create_file_with_runtime_dependencies(/home/thinhcuong/bumperbot_ws/install/bumperbot_description/share/colcon-core/packages/bumperbot_description)
[0.441s] Level 1:colcon.colcon_core.environment:create_environment_scripts_only(bumperbot_description)
[0.442s] Level 1:colcon.colcon_core.environment:checking '/home/thinhcuong/bumperbot_ws/install/bumperbot_description' for CMake module files
[0.442s] Level 1:colcon.colcon_core.environment:checking '/home/thinhcuong/bumperbot_ws/install/bumperbot_description' for CMake config files
[0.443s] Level 1:colcon.colcon_core.shell:create_environment_hook('bumperbot_description', 'cmake_prefix_path')
[0.443s] INFO:colcon.colcon_core.shell:Creating environment hook '/home/thinhcuong/bumperbot_ws/install/bumperbot_description/share/bumperbot_description/hook/cmake_prefix_path.ps1'
[0.444s] INFO:colcon.colcon_core.shell:Creating environment descriptor '/home/thinhcuong/bumperbot_ws/install/bumperbot_description/share/bumperbot_description/hook/cmake_prefix_path.dsv'
[0.444s] INFO:colcon.colcon_core.shell:Creating environment hook '/home/thinhcuong/bumperbot_ws/install/bumperbot_description/share/bumperbot_description/hook/cmake_prefix_path.sh'
[0.445s] Level 1:colcon.colcon_core.environment:checking '/home/thinhcuong/bumperbot_ws/install/bumperbot_description/bin'
[0.445s] Level 1:colcon.colcon_core.environment:checking '/home/thinhcuong/bumperbot_ws/install/bumperbot_description/lib/pkgconfig/bumperbot_description.pc'
[0.445s] Level 1:colcon.colcon_core.environment:checking '/home/thinhcuong/bumperbot_ws/install/bumperbot_description/lib/python3.10/site-packages'
[0.445s] Level 1:colcon.colcon_core.environment:checking '/home/thinhcuong/bumperbot_ws/install/bumperbot_description/bin'
[0.446s] INFO:colcon.colcon_core.shell:Creating package script '/home/thinhcuong/bumperbot_ws/install/bumperbot_description/share/bumperbot_description/package.ps1'
[0.446s] INFO:colcon.colcon_core.shell:Creating package descriptor '/home/thinhcuong/bumperbot_ws/install/bumperbot_description/share/bumperbot_description/package.dsv'
[0.447s] INFO:colcon.colcon_core.shell:Creating package script '/home/thinhcuong/bumperbot_ws/install/bumperbot_description/share/bumperbot_description/package.sh'
[0.447s] INFO:colcon.colcon_core.shell:Creating package script '/home/thinhcuong/bumperbot_ws/install/bumperbot_description/share/bumperbot_description/package.bash'
[0.448s] INFO:colcon.colcon_core.shell:Creating package script '/home/thinhcuong/bumperbot_ws/install/bumperbot_description/share/bumperbot_description/package.zsh'
[0.448s] Level 1:colcon.colcon_core.environment:create_file_with_runtime_dependencies(/home/thinhcuong/bumperbot_ws/install/bumperbot_description/share/colcon-core/packages/bumperbot_description)
[0.629s] DEBUG:colcon.colcon_core.event_handler.log_command:Invoked command in '/home/thinhcuong/bumperbot_ws/build/bumperbot_controller' returned '0': CMAKE_PREFIX_PATH=/opt/ros/humble /usr/bin/cmake --build /home/thinhcuong/bumperbot_ws/build/bumperbot_controller -- -j12 -l12
[0.633s] DEBUG:colcon.colcon_core.event_handler.log_command:Invoked command in '/home/thinhcuong/bumperbot_ws/build/bumperbot_msgs' returned '0': CMAKE_PREFIX_PATH=/opt/ros/humble /usr/bin/cmake --build /home/thinhcuong/bumperbot_ws/build/bumperbot_msgs -- -j12 -l12
[0.655s] DEBUG:colcon.colcon_core.event_handler.log_command:Invoking command in '/home/thinhcuong/bumperbot_ws/build/bumperbot_controller': CMAKE_PREFIX_PATH=/opt/ros/humble /usr/bin/cmake --install /home/thinhcuong/bumperbot_ws/build/bumperbot_controller
[0.700s] Level 1:colcon.colcon_core.environment:create_environment_scripts_only(bumperbot_controller)
[0.701s] DEBUG:colcon.colcon_core.event_handler.log_command:Invoked command in '/home/thinhcuong/bumperbot_ws/build/bumperbot_controller' returned '0': CMAKE_PREFIX_PATH=/opt/ros/humble /usr/bin/cmake --install /home/thinhcuong/bumperbot_ws/build/bumperbot_controller
[0.701s] Level 1:colcon.colcon_core.environment:checking '/home/thinhcuong/bumperbot_ws/install/bumperbot_controller' for CMake module files
[0.702s] Level 1:colcon.colcon_core.environment:checking '/home/thinhcuong/bumperbot_ws/install/bumperbot_controller' for CMake config files
[0.702s] Level 1:colcon.colcon_core.shell:create_environment_hook('bumperbot_controller', 'cmake_prefix_path')
[0.702s] INFO:colcon.colcon_core.shell:Creating environment hook '/home/thinhcuong/bumperbot_ws/install/bumperbot_controller/share/bumperbot_controller/hook/cmake_prefix_path.ps1'
[0.703s] INFO:colcon.colcon_core.shell:Creating environment descriptor '/home/thinhcuong/bumperbot_ws/install/bumperbot_controller/share/bumperbot_controller/hook/cmake_prefix_path.dsv'
[0.703s] INFO:colcon.colcon_core.shell:Creating environment hook '/home/thinhcuong/bumperbot_ws/install/bumperbot_controller/share/bumperbot_controller/hook/cmake_prefix_path.sh'
[0.703s] Level 1:colcon.colcon_core.environment:checking '/home/thinhcuong/bumperbot_ws/install/bumperbot_controller/lib'
[0.704s] Level 1:colcon.colcon_core.environment:checking '/home/thinhcuong/bumperbot_ws/install/bumperbot_controller/bin'
[0.704s] Level 1:colcon.colcon_core.environment:checking '/home/thinhcuong/bumperbot_ws/install/bumperbot_controller/lib/pkgconfig/bumperbot_controller.pc'
[0.704s] Level 1:colcon.colcon_core.environment:checking '/home/thinhcuong/bumperbot_ws/install/bumperbot_controller/lib/python3.10/site-packages'
[0.704s] Level 1:colcon.colcon_core.environment:checking '/home/thinhcuong/bumperbot_ws/install/bumperbot_controller/bin'
[0.704s] INFO:colcon.colcon_core.shell:Creating package script '/home/thinhcuong/bumperbot_ws/install/bumperbot_controller/share/bumperbot_controller/package.ps1'
[0.704s] INFO:colcon.colcon_core.shell:Creating package descriptor '/home/thinhcuong/bumperbot_ws/install/bumperbot_controller/share/bumperbot_controller/package.dsv'
[0.705s] INFO:colcon.colcon_core.shell:Creating package script '/home/thinhcuong/bumperbot_ws/install/bumperbot_controller/share/bumperbot_controller/package.sh'
[0.705s] INFO:colcon.colcon_core.shell:Creating package script '/home/thinhcuong/bumperbot_ws/install/bumperbot_controller/share/bumperbot_controller/package.bash'
[0.705s] INFO:colcon.colcon_core.shell:Creating package script '/home/thinhcuong/bumperbot_ws/install/bumperbot_controller/share/bumperbot_controller/package.zsh'
[0.706s] Level 1:colcon.colcon_core.environment:create_file_with_runtime_dependencies(/home/thinhcuong/bumperbot_ws/install/bumperbot_controller/share/colcon-core/packages/bumperbot_controller)
[0.708s] DEBUG:colcon.colcon_core.event_handler.log_command:Invoking command in '/home/thinhcuong/bumperbot_ws/build/bumperbot_msgs': CMAKE_PREFIX_PATH=/opt/ros/humble /usr/bin/cmake --install /home/thinhcuong/bumperbot_ws/build/bumperbot_msgs
[0.731s] Level 1:colcon.colcon_core.environment:create_environment_scripts_only(bumperbot_controller)
[0.731s] Level 1:colcon.colcon_core.environment:checking '/home/thinhcuong/bumperbot_ws/install/bumperbot_controller' for CMake module files
[0.732s] Level 1:colcon.colcon_core.environment:checking '/home/thinhcuong/bumperbot_ws/install/bumperbot_controller' for CMake config files
[0.732s] Level 1:colcon.colcon_core.shell:create_environment_hook('bumperbot_controller', 'cmake_prefix_path')
[0.732s] INFO:colcon.colcon_core.shell:Creating environment hook '/home/thinhcuong/bumperbot_ws/install/bumperbot_controller/share/bumperbot_controller/hook/cmake_prefix_path.ps1'
[0.733s] INFO:colcon.colcon_core.shell:Creating environment descriptor '/home/thinhcuong/bumperbot_ws/install/bumperbot_controller/share/bumperbot_controller/hook/cmake_prefix_path.dsv'
[0.733s] INFO:colcon.colcon_core.shell:Creating environment hook '/home/thinhcuong/bumperbot_ws/install/bumperbot_controller/share/bumperbot_controller/hook/cmake_prefix_path.sh'
[0.733s] Level 1:colcon.colcon_core.environment:checking '/home/thinhcuong/bumperbot_ws/install/bumperbot_controller/lib'
[0.733s] Level 1:colcon.colcon_core.environment:checking '/home/thinhcuong/bumperbot_ws/install/bumperbot_controller/bin'
[0.733s] Level 1:colcon.colcon_core.environment:checking '/home/thinhcuong/bumperbot_ws/install/bumperbot_controller/lib/pkgconfig/bumperbot_controller.pc'
[0.733s] Level 1:colcon.colcon_core.environment:checking '/home/thinhcuong/bumperbot_ws/install/bumperbot_controller/lib/python3.10/site-packages'
[0.734s] Level 1:colcon.colcon_core.environment:checking '/home/thinhcuong/bumperbot_ws/install/bumperbot_controller/bin'
[0.734s] INFO:colcon.colcon_core.shell:Creating package script '/home/thinhcuong/bumperbot_ws/install/bumperbot_controller/share/bumperbot_controller/package.ps1'
[0.734s] INFO:colcon.colcon_core.shell:Creating package descriptor '/home/thinhcuong/bumperbot_ws/install/bumperbot_controller/share/bumperbot_controller/package.dsv'
[0.735s] INFO:colcon.colcon_core.shell:Creating package script '/home/thinhcuong/bumperbot_ws/install/bumperbot_controller/share/bumperbot_controller/package.sh'
[0.735s] INFO:colcon.colcon_core.shell:Creating package script '/home/thinhcuong/bumperbot_ws/install/bumperbot_controller/share/bumperbot_controller/package.bash'
[0.735s] INFO:colcon.colcon_core.shell:Creating package script '/home/thinhcuong/bumperbot_ws/install/bumperbot_controller/share/bumperbot_controller/package.zsh'
[0.735s] Level 1:colcon.colcon_core.environment:create_file_with_runtime_dependencies(/home/thinhcuong/bumperbot_ws/install/bumperbot_controller/share/colcon-core/packages/bumperbot_controller)
[0.759s] Level 1:colcon.colcon_core.environment:create_environment_scripts_only(bumperbot_msgs)
[0.759s] DEBUG:colcon.colcon_core.event_handler.log_command:Invoked command in '/home/thinhcuong/bumperbot_ws/build/bumperbot_msgs' returned '0': CMAKE_PREFIX_PATH=/opt/ros/humble /usr/bin/cmake --install /home/thinhcuong/bumperbot_ws/build/bumperbot_msgs
[0.759s] Level 1:colcon.colcon_core.environment:checking '/home/thinhcuong/bumperbot_ws/install/bumperbot_msgs' for CMake module files
[0.760s] Level 1:colcon.colcon_core.environment:checking '/home/thinhcuong/bumperbot_ws/install/bumperbot_msgs' for CMake config files
[0.760s] Level 1:colcon.colcon_core.shell:create_environment_hook('bumperbot_msgs', 'cmake_prefix_path')
[0.761s] INFO:colcon.colcon_core.shell:Creating environment hook '/home/thinhcuong/bumperbot_ws/install/bumperbot_msgs/share/bumperbot_msgs/hook/cmake_prefix_path.ps1'
[0.761s] INFO:colcon.colcon_core.shell:Creating environment descriptor '/home/thinhcuong/bumperbot_ws/install/bumperbot_msgs/share/bumperbot_msgs/hook/cmake_prefix_path.dsv'
[0.761s] INFO:colcon.colcon_core.shell:Creating environment hook '/home/thinhcuong/bumperbot_ws/install/bumperbot_msgs/share/bumperbot_msgs/hook/cmake_prefix_path.sh'
[0.762s] Level 1:colcon.colcon_core.environment:checking '/home/thinhcuong/bumperbot_ws/install/bumperbot_msgs/lib'
[0.762s] Level 1:colcon.colcon_core.shell:create_environment_hook('bumperbot_msgs', 'ld_library_path_lib')
[0.762s] INFO:colcon.colcon_core.shell:Creating environment hook '/home/thinhcuong/bumperbot_ws/install/bumperbot_msgs/share/bumperbot_msgs/hook/ld_library_path_lib.ps1'
[0.762s] INFO:colcon.colcon_core.shell:Creating environment descriptor '/home/thinhcuong/bumperbot_ws/install/bumperbot_msgs/share/bumperbot_msgs/hook/ld_library_path_lib.dsv'
[0.763s] INFO:colcon.colcon_core.shell:Creating environment hook '/home/thinhcuong/bumperbot_ws/install/bumperbot_msgs/share/bumperbot_msgs/hook/ld_library_path_lib.sh'
[0.763s] Level 1:colcon.colcon_core.environment:checking '/home/thinhcuong/bumperbot_ws/install/bumperbot_msgs/bin'
[0.763s] Level 1:colcon.colcon_core.environment:checking '/home/thinhcuong/bumperbot_ws/install/bumperbot_msgs/lib/pkgconfig/bumperbot_msgs.pc'
[0.763s] Level 1:colcon.colcon_core.environment:checking '/home/thinhcuong/bumperbot_ws/install/bumperbot_msgs/lib/python3.10/site-packages'
[0.763s] Level 1:colcon.colcon_core.environment:checking '/home/thinhcuong/bumperbot_ws/install/bumperbot_msgs/bin'
[0.764s] INFO:colcon.colcon_core.shell:Creating package script '/home/thinhcuong/bumperbot_ws/install/bumperbot_msgs/share/bumperbot_msgs/package.ps1'
[0.764s] INFO:colcon.colcon_core.shell:Creating package descriptor '/home/thinhcuong/bumperbot_ws/install/bumperbot_msgs/share/bumperbot_msgs/package.dsv'
[0.764s] INFO:colcon.colcon_core.shell:Creating package script '/home/thinhcuong/bumperbot_ws/install/bumperbot_msgs/share/bumperbot_msgs/package.sh'
[0.765s] INFO:colcon.colcon_core.shell:Creating package script '/home/thinhcuong/bumperbot_ws/install/bumperbot_msgs/share/bumperbot_msgs/package.bash'
[0.765s] INFO:colcon.colcon_core.shell:Creating package script '/home/thinhcuong/bumperbot_ws/install/bumperbot_msgs/share/bumperbot_msgs/package.zsh'
[0.765s] Level 1:colcon.colcon_core.environment:create_file_with_runtime_dependencies(/home/thinhcuong/bumperbot_ws/install/bumperbot_msgs/share/colcon-core/packages/bumperbot_msgs)
[0.837s] Level 1:colcon.colcon_core.environment:create_environment_scripts_only(bumperbot_msgs)
[0.838s] Level 1:colcon.colcon_core.environment:checking '/home/thinhcuong/bumperbot_ws/install/bumperbot_msgs' for CMake module files
[0.838s] Level 1:colcon.colcon_core.environment:checking '/home/thinhcuong/bumperbot_ws/install/bumperbot_msgs' for CMake config files
[0.838s] Level 1:colcon.colcon_core.shell:create_environment_hook('bumperbot_msgs', 'cmake_prefix_path')
[0.839s] INFO:colcon.colcon_core.shell:Creating environment hook '/home/thinhcuong/bumperbot_ws/install/bumperbot_msgs/share/bumperbot_msgs/hook/cmake_prefix_path.ps1'
[0.839s] INFO:colcon.colcon_core.shell:Creating environment descriptor '/home/thinhcuong/bumperbot_ws/install/bumperbot_msgs/share/bumperbot_msgs/hook/cmake_prefix_path.dsv'
[0.839s] INFO:colcon.colcon_core.shell:Creating environment hook '/home/thinhcuong/bumperbot_ws/install/bumperbot_msgs/share/bumperbot_msgs/hook/cmake_prefix_path.sh'
[0.840s] Level 1:colcon.colcon_core.environment:checking '/home/thinhcuong/bumperbot_ws/install/bumperbot_msgs/lib'
[0.840s] Level 1:colcon.colcon_core.shell:create_environment_hook('bumperbot_msgs', 'ld_library_path_lib')
[0.840s] INFO:colcon.colcon_core.shell:Creating environment hook '/home/thinhcuong/bumperbot_ws/install/bumperbot_msgs/share/bumperbot_msgs/hook/ld_library_path_lib.ps1'
[0.840s] INFO:colcon.colcon_core.shell:Creating environment descriptor '/home/thinhcuong/bumperbot_ws/install/bumperbot_msgs/share/bumperbot_msgs/hook/ld_library_path_lib.dsv'
[0.840s] INFO:colcon.colcon_core.shell:Creating environment hook '/home/thinhcuong/bumperbot_ws/install/bumperbot_msgs/share/bumperbot_msgs/hook/ld_library_path_lib.sh'
[0.841s] Level 1:colcon.colcon_core.environment:checking '/home/thinhcuong/bumperbot_ws/install/bumperbot_msgs/bin'
[0.841s] Level 1:colcon.colcon_core.environment:checking '/home/thinhcuong/bumperbot_ws/install/bumperbot_msgs/lib/pkgconfig/bumperbot_msgs.pc'
[0.841s] Level 1:colcon.colcon_core.environment:checking '/home/thinhcuong/bumperbot_ws/install/bumperbot_msgs/lib/python3.10/site-packages'
[0.841s] Level 1:colcon.colcon_core.environment:checking '/home/thinhcuong/bumperbot_ws/install/bumperbot_msgs/bin'
[0.841s] INFO:colcon.colcon_core.shell:Creating package script '/home/thinhcuong/bumperbot_ws/install/bumperbot_msgs/share/bumperbot_msgs/package.ps1'
[0.841s] INFO:colcon.colcon_core.shell:Creating package descriptor '/home/thinhcuong/bumperbot_ws/install/bumperbot_msgs/share/bumperbot_msgs/package.dsv'
[0.842s] INFO:colcon.colcon_core.shell:Creating package script '/home/thinhcuong/bumperbot_ws/install/bumperbot_msgs/share/bumperbot_msgs/package.sh'
[0.842s] INFO:colcon.colcon_core.shell:Creating package script '/home/thinhcuong/bumperbot_ws/install/bumperbot_msgs/share/bumperbot_msgs/package.bash'
[0.842s] INFO:colcon.colcon_core.shell:Creating package script '/home/thinhcuong/bumperbot_ws/install/bumperbot_msgs/share/bumperbot_msgs/package.zsh'
[0.843s] Level 1:colcon.colcon_core.environment:create_file_with_runtime_dependencies(/home/thinhcuong/bumperbot_ws/install/bumperbot_msgs/share/colcon-core/packages/bumperbot_msgs)
[0.843s] INFO:colcon.colcon_ros.task.ament_cmake.build:Building ROS package in '/home/thinhcuong/bumperbot_ws/src/bumperbot_cpp_examples' with build type 'ament_cmake'
[0.843s] INFO:colcon.colcon_cmake.task.cmake.build:Building CMake package in '/home/thinhcuong/bumperbot_ws/src/bumperbot_cpp_examples'
[0.843s] INFO:colcon.colcon_core.shell:Skip shell extension 'powershell' for command environment: Not usable outside of PowerShell
[0.843s] DEBUG:colcon.colcon_core.shell:Skip shell extension 'dsv' for command environment
[0.846s] INFO:colcon.colcon_ros.task.ament_python.build:Building ROS package in '/home/thinhcuong/bumperbot_ws/src/bumperbot_py_examples' with build type 'ament_python'
[0.847s] Level 1:colcon.colcon_core.shell:create_environment_hook('bumperbot_py_examples', 'ament_prefix_path')
[0.847s] INFO:colcon.colcon_core.shell:Creating environment hook '/home/thinhcuong/bumperbot_ws/install/bumperbot_py_examples/share/bumperbot_py_examples/hook/ament_prefix_path.ps1'
[0.847s] INFO:colcon.colcon_core.shell:Creating environment descriptor '/home/thinhcuong/bumperbot_ws/install/bumperbot_py_examples/share/bumperbot_py_examples/hook/ament_prefix_path.dsv'
[0.847s] INFO:colcon.colcon_core.shell:Creating environment hook '/home/thinhcuong/bumperbot_ws/install/bumperbot_py_examples/share/bumperbot_py_examples/hook/ament_prefix_path.sh'
[0.848s] INFO:colcon.colcon_core.shell:Skip shell extension 'powershell' for command environment: Not usable outside of PowerShell
[0.848s] DEBUG:colcon.colcon_core.shell:Skip shell extension 'dsv' for command environment
[0.853s] DEBUG:colcon.colcon_core.event_handler.log_command:Invoking command in '/home/thinhcuong/bumperbot_ws/build/bumperbot_cpp_examples': AMENT_PREFIX_PATH=/home/thinhcuong/bumperbot_ws/install/bumperbot_msgs:${AMENT_PREFIX_PATH} CMAKE_PREFIX_PATH=/home/thinhcuong/bumperbot_ws/install/bumperbot_msgs:/opt/ros/humble LD_LIBRARY_PATH=/home/thinhcuong/bumperbot_ws/install/bumperbot_msgs/lib:${LD_LIBRARY_PATH} PYTHONPATH=/home/thinhcuong/bumperbot_ws/install/bumperbot_msgs/local/lib/python3.10/dist-packages:${PYTHONPATH} /usr/bin/cmake --build /home/thinhcuong/bumperbot_ws/build/bumperbot_cpp_examples -- -j12 -l12
[1.070s] INFO:colcon.colcon_core.task.python.build:Building Python package in '/home/thinhcuong/bumperbot_ws/src/bumperbot_py_examples'
[1.070s] INFO:colcon.colcon_core.shell:Skip shell extension 'powershell' for command environment: Not usable outside of PowerShell
[1.071s] DEBUG:colcon.colcon_core.shell:Skip shell extension 'dsv' for command environment
[1.074s] DEBUG:colcon.colcon_core.event_handler.log_command:Invoked command in '/home/thinhcuong/bumperbot_ws/build/bumperbot_cpp_examples' returned '0': AMENT_PREFIX_PATH=/home/thinhcuong/bumperbot_ws/install/bumperbot_msgs:${AMENT_PREFIX_PATH} CMAKE_PREFIX_PATH=/home/thinhcuong/bumperbot_ws/install/bumperbot_msgs:/opt/ros/humble LD_LIBRARY_PATH=/home/thinhcuong/bumperbot_ws/install/bumperbot_msgs/lib:${LD_LIBRARY_PATH} PYTHONPATH=/home/thinhcuong/bumperbot_ws/install/bumperbot_msgs/local/lib/python3.10/dist-packages:${PYTHONPATH} /usr/bin/cmake --build /home/thinhcuong/bumperbot_ws/build/bumperbot_cpp_examples -- -j12 -l12
[1.112s] DEBUG:colcon.colcon_core.event_handler.log_command:Invoking command in '/home/thinhcuong/bumperbot_ws/build/bumperbot_cpp_examples': AMENT_PREFIX_PATH=/home/thinhcuong/bumperbot_ws/install/bumperbot_msgs:${AMENT_PREFIX_PATH} CMAKE_PREFIX_PATH=/home/thinhcuong/bumperbot_ws/install/bumperbot_msgs:/opt/ros/humble LD_LIBRARY_PATH=/home/thinhcuong/bumperbot_ws/install/bumperbot_msgs/lib:${LD_LIBRARY_PATH} PYTHONPATH=/home/thinhcuong/bumperbot_ws/install/bumperbot_msgs/local/lib/python3.10/dist-packages:${PYTHONPATH} /usr/bin/cmake --install /home/thinhcuong/bumperbot_ws/build/bumperbot_cpp_examples
[1.123s] Level 1:colcon.colcon_core.environment:create_environment_scripts_only(bumperbot_cpp_examples)
[1.123s] DEBUG:colcon.colcon_core.event_handler.log_command:Invoked command in '/home/thinhcuong/bumperbot_ws/build/bumperbot_cpp_examples' returned '0': AMENT_PREFIX_PATH=/home/thinhcuong/bumperbot_ws/install/bumperbot_msgs:${AMENT_PREFIX_PATH} CMAKE_PREFIX_PATH=/home/thinhcuong/bumperbot_ws/install/bumperbot_msgs:/opt/ros/humble LD_LIBRARY_PATH=/home/thinhcuong/bumperbot_ws/install/bumperbot_msgs/lib:${LD_LIBRARY_PATH} PYTHONPATH=/home/thinhcuong/bumperbot_ws/install/bumperbot_msgs/local/lib/python3.10/dist-packages:${PYTHONPATH} /usr/bin/cmake --install /home/thinhcuong/bumperbot_ws/build/bumperbot_cpp_examples
[1.124s] Level 1:colcon.colcon_core.environment:checking '/home/thinhcuong/bumperbot_ws/install/bumperbot_cpp_examples' for CMake module files
[1.124s] Level 1:colcon.colcon_core.environment:checking '/home/thinhcuong/bumperbot_ws/install/bumperbot_cpp_examples' for CMake config files
[1.125s] Level 1:colcon.colcon_core.shell:create_environment_hook('bumperbot_cpp_examples', 'cmake_prefix_path')
[1.125s] INFO:colcon.colcon_core.shell:Creating environment hook '/home/thinhcuong/bumperbot_ws/install/bumperbot_cpp_examples/share/bumperbot_cpp_examples/hook/cmake_prefix_path.ps1'
[1.125s] INFO:colcon.colcon_core.shell:Creating environment descriptor '/home/thinhcuong/bumperbot_ws/install/bumperbot_cpp_examples/share/bumperbot_cpp_examples/hook/cmake_prefix_path.dsv'
[1.126s] INFO:colcon.colcon_core.shell:Creating environment hook '/home/thinhcuong/bumperbot_ws/install/bumperbot_cpp_examples/share/bumperbot_cpp_examples/hook/cmake_prefix_path.sh'
[1.126s] Level 1:colcon.colcon_core.environment:checking '/home/thinhcuong/bumperbot_ws/install/bumperbot_cpp_examples/lib'
[1.126s] Level 1:colcon.colcon_core.environment:checking '/home/thinhcuong/bumperbot_ws/install/bumperbot_cpp_examples/bin'
[1.126s] Level 1:colcon.colcon_core.environment:checking '/home/thinhcuong/bumperbot_ws/install/bumperbot_cpp_examples/lib/pkgconfig/bumperbot_cpp_examples.pc'
[1.126s] Level 1:colcon.colcon_core.environment:checking '/home/thinhcuong/bumperbot_ws/install/bumperbot_cpp_examples/lib/python3.10/site-packages'
[1.126s] Level 1:colcon.colcon_core.environment:checking '/home/thinhcuong/bumperbot_ws/install/bumperbot_cpp_examples/bin'
[1.127s] INFO:colcon.colcon_core.shell:Creating package script '/home/thinhcuong/bumperbot_ws/install/bumperbot_cpp_examples/share/bumperbot_cpp_examples/package.ps1'
[1.127s] INFO:colcon.colcon_core.shell:Creating package descriptor '/home/thinhcuong/bumperbot_ws/install/bumperbot_cpp_examples/share/bumperbot_cpp_examples/package.dsv'
[1.127s] INFO:colcon.colcon_core.shell:Creating package script '/home/thinhcuong/bumperbot_ws/install/bumperbot_cpp_examples/share/bumperbot_cpp_examples/package.sh'
[1.127s] INFO:colcon.colcon_core.shell:Creating package script '/home/thinhcuong/bumperbot_ws/install/bumperbot_cpp_examples/share/bumperbot_cpp_examples/package.bash'
[1.128s] INFO:colcon.colcon_core.shell:Creating package script '/home/thinhcuong/bumperbot_ws/install/bumperbot_cpp_examples/share/bumperbot_cpp_examples/package.zsh'
[1.128s] Level 1:colcon.colcon_core.environment:create_file_with_runtime_dependencies(/home/thinhcuong/bumperbot_ws/install/bumperbot_cpp_examples/share/colcon-core/packages/bumperbot_cpp_examples)
[1.166s] Level 1:colcon.colcon_core.environment:create_environment_scripts_only(bumperbot_cpp_examples)
[1.167s] Level 1:colcon.colcon_core.environment:checking '/home/thinhcuong/bumperbot_ws/install/bumperbot_cpp_examples' for CMake module files
[1.167s] Level 1:colcon.colcon_core.environment:checking '/home/thinhcuong/bumperbot_ws/install/bumperbot_cpp_examples' for CMake config files
[1.167s] Level 1:colcon.colcon_core.shell:create_environment_hook('bumperbot_cpp_examples', 'cmake_prefix_path')
[1.167s] INFO:colcon.colcon_core.shell:Creating environment hook '/home/thinhcuong/bumperbot_ws/install/bumperbot_cpp_examples/share/bumperbot_cpp_examples/hook/cmake_prefix_path.ps1'
[1.168s] INFO:colcon.colcon_core.shell:Creating environment descriptor '/home/thinhcuong/bumperbot_ws/install/bumperbot_cpp_examples/share/bumperbot_cpp_examples/hook/cmake_prefix_path.dsv'
[1.168s] INFO:colcon.colcon_core.shell:Creating environment hook '/home/thinhcuong/bumperbot_ws/install/bumperbot_cpp_examples/share/bumperbot_cpp_examples/hook/cmake_prefix_path.sh'
[1.169s] Level 1:colcon.colcon_core.environment:checking '/home/thinhcuong/bumperbot_ws/install/bumperbot_cpp_examples/lib'
[1.169s] Level 1:colcon.colcon_core.environment:checking '/home/thinhcuong/bumperbot_ws/install/bumperbot_cpp_examples/bin'
[1.169s] Level 1:colcon.colcon_core.environment:checking '/home/thinhcuong/bumperbot_ws/install/bumperbot_cpp_examples/lib/pkgconfig/bumperbot_cpp_examples.pc'
[1.169s] Level 1:colcon.colcon_core.environment:checking '/home/thinhcuong/bumperbot_ws/install/bumperbot_cpp_examples/lib/python3.10/site-packages'
[1.169s] Level 1:colcon.colcon_core.environment:checking '/home/thinhcuong/bumperbot_ws/install/bumperbot_cpp_examples/bin'
[1.169s] INFO:colcon.colcon_core.shell:Creating package script '/home/thinhcuong/bumperbot_ws/install/bumperbot_cpp_examples/share/bumperbot_cpp_examples/package.ps1'
[1.169s] INFO:colcon.colcon_core.shell:Creating package descriptor '/home/thinhcuong/bumperbot_ws/install/bumperbot_cpp_examples/share/bumperbot_cpp_examples/package.dsv'
[1.170s] INFO:colcon.colcon_core.shell:Creating package script '/home/thinhcuong/bumperbot_ws/install/bumperbot_cpp_examples/share/bumperbot_cpp_examples/package.sh'
[1.170s] INFO:colcon.colcon_core.shell:Creating package script '/home/thinhcuong/bumperbot_ws/install/bumperbot_cpp_examples/share/bumperbot_cpp_examples/package.bash'
[1.170s] INFO:colcon.colcon_core.shell:Creating package script '/home/thinhcuong/bumperbot_ws/install/bumperbot_cpp_examples/share/bumperbot_cpp_examples/package.zsh'
[1.171s] Level 1:colcon.colcon_core.environment:create_file_with_runtime_dependencies(/home/thinhcuong/bumperbot_ws/install/bumperbot_cpp_examples/share/colcon-core/packages/bumperbot_cpp_examples)
[1.434s] DEBUG:colcon.colcon_core.event_handler.log_command:Invoking command in '/home/thinhcuong/bumperbot_ws/src/bumperbot_py_examples': AMENT_PREFIX_PATH=/home/thinhcuong/bumperbot_ws/install/bumperbot_msgs:${AMENT_PREFIX_PATH} CMAKE_PREFIX_PATH=/home/thinhcuong/bumperbot_ws/install/bumperbot_msgs LD_LIBRARY_PATH=/home/thinhcuong/bumperbot_ws/install/bumperbot_msgs/lib:${LD_LIBRARY_PATH} PYTHONPATH=/home/thinhcuong/bumperbot_ws/build/bumperbot_py_examples/prefix_override:/home/thinhcuong/bumperbot_ws/install/bumperbot_py_examples/lib/python3.10/site-packages:/home/thinhcuong/bumperbot_ws/install/bumperbot_msgs/local/lib/python3.10/dist-packages:${PYTHONPATH} /usr/bin/python3 -W ignore:setup.py install is deprecated setup.py egg_info --egg-base ../../build/bumperbot_py_examples build --build-base /home/thinhcuong/bumperbot_ws/build/bumperbot_py_examples/build install --record /home/thinhcuong/bumperbot_ws/build/bumperbot_py_examples/install.log --single-version-externally-managed install_data
[1.664s] Level 1:colcon.colcon_core.environment:checking '/home/thinhcuong/bumperbot_ws/install/bumperbot_py_examples' for CMake module files
[1.665s] DEBUG:colcon.colcon_core.event_handler.log_command:Invoked command in '/home/thinhcuong/bumperbot_ws/src/bumperbot_py_examples' returned '0': AMENT_PREFIX_PATH=/home/thinhcuong/bumperbot_ws/install/bumperbot_msgs:${AMENT_PREFIX_PATH} CMAKE_PREFIX_PATH=/home/thinhcuong/bumperbot_ws/install/bumperbot_msgs LD_LIBRARY_PATH=/home/thinhcuong/bumperbot_ws/install/bumperbot_msgs/lib:${LD_LIBRARY_PATH} PYTHONPATH=/home/thinhcuong/bumperbot_ws/build/bumperbot_py_examples/prefix_override:/home/thinhcuong/bumperbot_ws/install/bumperbot_py_examples/lib/python3.10/site-packages:/home/thinhcuong/bumperbot_ws/install/bumperbot_msgs/local/lib/python3.10/dist-packages:${PYTHONPATH} /usr/bin/python3 -W ignore:setup.py install is deprecated setup.py egg_info --egg-base ../../build/bumperbot_py_examples build --build-base /home/thinhcuong/bumperbot_ws/build/bumperbot_py_examples/build install --record /home/thinhcuong/bumperbot_ws/build/bumperbot_py_examples/install.log --single-version-externally-managed install_data
[1.665s] Level 1:colcon.colcon_core.environment:checking '/home/thinhcuong/bumperbot_ws/install/bumperbot_py_examples' for CMake config files
[1.665s] Level 1:colcon.colcon_core.environment:checking '/home/thinhcuong/bumperbot_ws/install/bumperbot_py_examples/lib'
[1.665s] Level 1:colcon.colcon_core.environment:checking '/home/thinhcuong/bumperbot_ws/install/bumperbot_py_examples/bin'
[1.665s] Level 1:colcon.colcon_core.environment:checking '/home/thinhcuong/bumperbot_ws/install/bumperbot_py_examples/lib/pkgconfig/bumperbot_py_examples.pc'
[1.666s] Level 1:colcon.colcon_core.environment:checking '/home/thinhcuong/bumperbot_ws/install/bumperbot_py_examples/lib/python3.10/site-packages'
[1.666s] Level 1:colcon.colcon_core.shell:create_environment_hook('bumperbot_py_examples', 'pythonpath')
[1.666s] INFO:colcon.colcon_core.shell:Creating environment hook '/home/thinhcuong/bumperbot_ws/install/bumperbot_py_examples/share/bumperbot_py_examples/hook/pythonpath.ps1'
[1.666s] INFO:colcon.colcon_core.shell:Creating environment descriptor '/home/thinhcuong/bumperbot_ws/install/bumperbot_py_examples/share/bumperbot_py_examples/hook/pythonpath.dsv'
[1.666s] INFO:colcon.colcon_core.shell:Creating environment hook '/home/thinhcuong/bumperbot_ws/install/bumperbot_py_examples/share/bumperbot_py_examples/hook/pythonpath.sh'
[1.667s] Level 1:colcon.colcon_core.environment:checking '/home/thinhcuong/bumperbot_ws/install/bumperbot_py_examples/bin'
[1.667s] Level 1:colcon.colcon_core.environment:create_environment_scripts_only(bumperbot_py_examples)
[1.667s] INFO:colcon.colcon_core.shell:Creating package script '/home/thinhcuong/bumperbot_ws/install/bumperbot_py_examples/share/bumperbot_py_examples/package.ps1'
[1.667s] INFO:colcon.colcon_core.shell:Creating package descriptor '/home/thinhcuong/bumperbot_ws/install/bumperbot_py_examples/share/bumperbot_py_examples/package.dsv'
[1.668s] INFO:colcon.colcon_core.shell:Creating package script '/home/thinhcuong/bumperbot_ws/install/bumperbot_py_examples/share/bumperbot_py_examples/package.sh'
[1.668s] INFO:colcon.colcon_core.shell:Creating package script '/home/thinhcuong/bumperbot_ws/install/bumperbot_py_examples/share/bumperbot_py_examples/package.bash'
[1.668s] INFO:colcon.colcon_core.shell:Creating package script '/home/thinhcuong/bumperbot_ws/install/bumperbot_py_examples/share/bumperbot_py_examples/package.zsh'
[1.669s] Level 1:colcon.colcon_core.environment:create_file_with_runtime_dependencies(/home/thinhcuong/bumperbot_ws/install/bumperbot_py_examples/share/colcon-core/packages/bumperbot_py_examples)
[1.669s] DEBUG:colcon.colcon_parallel_executor.executor.parallel:closing loop
[1.669s] DEBUG:colcon.colcon_parallel_executor.executor.parallel:loop closed
[1.669s] DEBUG:colcon.colcon_parallel_executor.executor.parallel:run_until_complete finished with '0'
[1.669s] DEBUG:colcon.colcon_core.event_reactor:joining thread
[1.673s] INFO:colcon.colcon_core.plugin_system:Skipping extension 'colcon_notification.desktop_notification.terminal_notifier': Not used on non-Darwin systems
[1.673s] INFO:colcon.colcon_core.plugin_system:Skipping extension 'colcon_notification.desktop_notification.win32': Not used on non-Windows systems
[1.673s] INFO:colcon.colcon_notification.desktop_notification:Sending desktop notification using 'notify2'
[1.682s] DEBUG:colcon.colcon_core.event_reactor:joined thread
[1.683s] INFO:colcon.colcon_core.shell:Creating prefix script '/home/thinhcuong/bumperbot_ws/install/local_setup.ps1'
[1.684s] INFO:colcon.colcon_core.shell:Creating prefix util module '/home/thinhcuong/bumperbot_ws/install/_local_setup_util_ps1.py'
[1.685s] INFO:colcon.colcon_core.shell:Creating prefix chain script '/home/thinhcuong/bumperbot_ws/install/setup.ps1'
[1.686s] INFO:colcon.colcon_core.shell:Creating prefix script '/home/thinhcuong/bumperbot_ws/install/local_setup.sh'
[1.686s] INFO:colcon.colcon_core.shell:Creating prefix util module '/home/thinhcuong/bumperbot_ws/install/_local_setup_util_sh.py'
[1.686s] INFO:colcon.colcon_core.shell:Creating prefix chain script '/home/thinhcuong/bumperbot_ws/install/setup.sh'
[1.687s] INFO:colcon.colcon_core.shell:Creating prefix script '/home/thinhcuong/bumperbot_ws/install/local_setup.bash'
[1.687s] INFO:colcon.colcon_core.shell:Creating prefix chain script '/home/thinhcuong/bumperbot_ws/install/setup.bash'
[1.688s] INFO:colcon.colcon_core.shell:Creating prefix script '/home/thinhcuong/bumperbot_ws/install/local_setup.zsh'
[1.688s] INFO:colcon.colcon_core.shell:Creating prefix chain script '/home/thinhcuong/bumperbot_ws/install/setup.zsh'
