[0.015s] Invoking command in '/home/thinhcuong/bumperbot_ws/src/build/bumperbot_controller': CMAKE_PREFIX_PATH=/opt/ros/humble /usr/bin/cmake /home/thinhcuong/bumperbot_ws/src/bumperbot_controller -DCMAKE_INSTALL_PREFIX=/home/thinhcuong/bumperbot_ws/src/install/bumperbot_controller
[0.147s] -- The C compiler identification is GNU 11.4.0
[0.232s] -- The CXX compiler identification is GNU 11.4.0
[0.240s] -- Detecting C compiler ABI info
[0.305s] -- Detecting C compiler ABI info - done
[0.313s] -- Check for working C compiler: /usr/bin/cc - skipped
[0.313s] -- Detecting C compile features
[0.314s] -- Detecting C compile features - done
[0.316s] -- Detecting CXX compiler ABI info
[0.388s] -- Detecting CXX compiler ABI info - done
[0.394s] -- Check for working CXX compiler: /usr/bin/c++ - skipped
[0.394s] -- Detecting CXX compile features
[0.394s] -- Detecting CXX compile features - done
[0.398s] -- Found ament_cmake: 1.3.8 (/opt/ros/humble/share/ament_cmake/cmake)
[0.529s] -- Found Python3: /usr/bin/python3 (found version "3.10.12") found components: Interpreter 
[0.599s] -- Found ament_lint_auto: 0.12.10 (/opt/ros/humble/share/ament_lint_auto/cmake)
[0.660s] -- Added test 'lint_cmake' to check CMake code style
[0.661s] -- Added test 'xmllint' to check XML markup files
[0.662s] -- Configuring done
[0.665s] -- Generating done
[0.666s] -- Build files have been written to: /home/thinhcuong/bumperbot_ws/src/build/bumperbot_controller
[0.675s] Invoked command in '/home/thinhcuong/bumperbot_ws/src/build/bumperbot_controller' returned '0': CMAKE_PREFIX_PATH=/opt/ros/humble /usr/bin/cmake /home/thinhcuong/bumperbot_ws/src/bumperbot_controller -DCMAKE_INSTALL_PREFIX=/home/thinhcuong/bumperbot_ws/src/install/bumperbot_controller
[0.676s] Invoking command in '/home/thinhcuong/bumperbot_ws/src/build/bumperbot_controller': CMAKE_PREFIX_PATH=/opt/ros/humble /usr/bin/cmake --build /home/thinhcuong/bumperbot_ws/src/build/bumperbot_controller -- -j12 -l12
[0.716s] Invoked command in '/home/thinhcuong/bumperbot_ws/src/build/bumperbot_controller' returned '0': CMAKE_PREFIX_PATH=/opt/ros/humble /usr/bin/cmake --build /home/thinhcuong/bumperbot_ws/src/build/bumperbot_controller -- -j12 -l12
[0.737s] Invoking command in '/home/thinhcuong/bumperbot_ws/src/build/bumperbot_controller': CMAKE_PREFIX_PATH=/opt/ros/humble /usr/bin/cmake --install /home/thinhcuong/bumperbot_ws/src/build/bumperbot_controller
[0.745s] -- Install configuration: ""
[0.745s] -- Installing: /home/thinhcuong/bumperbot_ws/src/install/bumperbot_controller/share/ament_index/resource_index/package_run_dependencies/bumperbot_controller
[0.746s] -- Installing: /home/thinhcuong/bumperbot_ws/src/install/bumperbot_controller/share/ament_index/resource_index/parent_prefix_path/bumperbot_controller
[0.746s] -- Installing: /home/thinhcuong/bumperbot_ws/src/install/bumperbot_controller/share/bumperbot_controller/environment/ament_prefix_path.sh
[0.746s] -- Installing: /home/thinhcuong/bumperbot_ws/src/install/bumperbot_controller/share/bumperbot_controller/environment/ament_prefix_path.dsv
[0.746s] -- Installing: /home/thinhcuong/bumperbot_ws/src/install/bumperbot_controller/share/bumperbot_controller/environment/path.sh
[0.746s] -- Installing: /home/thinhcuong/bumperbot_ws/src/install/bumperbot_controller/share/bumperbot_controller/environment/path.dsv
[0.747s] -- Installing: /home/thinhcuong/bumperbot_ws/src/install/bumperbot_controller/share/bumperbot_controller/local_setup.bash
[0.747s] -- Installing: /home/thinhcuong/bumperbot_ws/src/install/bumperbot_controller/share/bumperbot_controller/local_setup.sh
[0.747s] -- Installing: /home/thinhcuong/bumperbot_ws/src/install/bumperbot_controller/share/bumperbot_controller/local_setup.zsh
[0.747s] -- Installing: /home/thinhcuong/bumperbot_ws/src/install/bumperbot_controller/share/bumperbot_controller/local_setup.dsv
[0.747s] -- Installing: /home/thinhcuong/bumperbot_ws/src/install/bumperbot_controller/share/bumperbot_controller/package.dsv
[0.747s] -- Installing: /home/thinhcuong/bumperbot_ws/src/install/bumperbot_controller/share/ament_index/resource_index/packages/bumperbot_controller
[0.748s] -- Installing: /home/thinhcuong/bumperbot_ws/src/install/bumperbot_controller/share/bumperbot_controller/cmake/bumperbot_controllerConfig.cmake
[0.748s] -- Installing: /home/thinhcuong/bumperbot_ws/src/install/bumperbot_controller/share/bumperbot_controller/cmake/bumperbot_controllerConfig-version.cmake
[0.748s] -- Installing: /home/thinhcuong/bumperbot_ws/src/install/bumperbot_controller/share/bumperbot_controller/package.xml
[0.750s] Invoked command in '/home/thinhcuong/bumperbot_ws/src/build/bumperbot_controller' returned '0': CMAKE_PREFIX_PATH=/opt/ros/humble /usr/bin/cmake --install /home/thinhcuong/bumperbot_ws/src/build/bumperbot_controller
