[0.237s] DEBUG:colcon:Command line arguments: ['/usr/bin/colcon', 'build']
[0.238s] DEBUG:colcon:Parsed command line arguments: Namespace(log_base=None, log_level=None, verb_name='build', build_base='build', install_base='install', merge_install=False, symlink_install=False, test_result_base=None, continue_on_error=False, executor='parallel', parallel_workers=12, event_handlers=None, ignore_user_meta=False, metas=['./colcon.meta'], base_paths=['.'], packages_ignore=None, packages_ignore_regex=None, paths=None, packages_up_to=None, packages_up_to_regex=None, packages_above=None, packages_above_and_dependencies=None, packages_above_depth=None, packages_select_by_dep=None, packages_skip_by_dep=None, packages_skip_up_to=None, packages_select_build_failed=False, packages_skip_build_finished=False, packages_select_test_failures=False, packages_skip_test_passed=False, packages_select=None, packages_skip=None, packages_select_regex=None, packages_skip_regex=None, packages_start=None, packages_end=None, allow_overriding=[], cmake_args=None, cmake_target=None, cmake_target_skip_unavailable=False, cmake_clean_cache=False, cmake_clean_first=False, cmake_force_configure=False, ament_cmake_args=None, catkin_cmake_args=None, catkin_skip_building_tests=False, verb_parser=<colcon_defaults.argument_parser.defaults.DefaultArgumentsDecorator object at 0x737af5849420>, verb_extension=<colcon_core.verb.build.BuildVerb object at 0x737af5955f90>, main=<bound method BuildVerb.main of <colcon_core.verb.build.BuildVerb object at 0x737af5955f90>>)
[0.658s] Level 1:colcon.colcon_core.package_discovery:discover_packages(colcon_meta) check parameters
[0.658s] Level 1:colcon.colcon_core.package_discovery:discover_packages(recursive) check parameters
[0.658s] Level 1:colcon.colcon_core.package_discovery:discover_packages(ignore) check parameters
[0.658s] Level 1:colcon.colcon_core.package_discovery:discover_packages(path) check parameters
[0.659s] Level 1:colcon.colcon_core.package_discovery:discover_packages(colcon_meta) discover
[0.659s] Level 1:colcon.colcon_core.package_discovery:discover_packages(recursive) discover
[0.659s] INFO:colcon.colcon_core.package_discovery:Crawling recursively for packages in '/home/thinhcuong/bumperbot_ws'
[0.659s] Level 1:colcon.colcon_core.package_identification:_identify(.) by extensions ['ignore', 'ignore_ament_install']
[0.659s] Level 1:colcon.colcon_core.package_identification:_identify(.) by extension 'ignore'
[0.660s] Level 1:colcon.colcon_core.package_identification:_identify(.) by extension 'ignore_ament_install'
[0.660s] Level 1:colcon.colcon_core.package_identification:_identify(.) by extensions ['colcon_pkg']
[0.660s] Level 1:colcon.colcon_core.package_identification:_identify(.) by extension 'colcon_pkg'
[0.660s] Level 1:colcon.colcon_core.package_identification:_identify(.) by extensions ['colcon_meta']
[0.660s] Level 1:colcon.colcon_core.package_identification:_identify(.) by extension 'colcon_meta'
[0.660s] Level 1:colcon.colcon_core.package_identification:_identify(.) by extensions ['ros']
[0.660s] Level 1:colcon.colcon_core.package_identification:_identify(.) by extension 'ros'
[0.686s] Level 1:colcon.colcon_core.package_identification:_identify(.) by extensions ['cmake', 'python']
[0.686s] Level 1:colcon.colcon_core.package_identification:_identify(.) by extension 'cmake'
[0.686s] Level 1:colcon.colcon_core.package_identification:_identify(.) by extension 'python'
[0.687s] Level 1:colcon.colcon_core.package_identification:_identify(.) by extensions ['python_setup_py']
[0.687s] Level 1:colcon.colcon_core.package_identification:_identify(.) by extension 'python_setup_py'
[0.687s] Level 1:colcon.colcon_core.package_identification:_identify(build) by extensions ['ignore', 'ignore_ament_install']
[0.687s] Level 1:colcon.colcon_core.package_identification:_identify(build) by extension 'ignore'
[0.688s] Level 1:colcon.colcon_core.package_identification:_identify(build) ignored
[0.688s] Level 1:colcon.colcon_core.package_identification:_identify(install) by extensions ['ignore', 'ignore_ament_install']
[0.688s] Level 1:colcon.colcon_core.package_identification:_identify(install) by extension 'ignore'
[0.688s] Level 1:colcon.colcon_core.package_identification:_identify(install) ignored
[0.689s] Level 1:colcon.colcon_core.package_identification:_identify(log) by extensions ['ignore', 'ignore_ament_install']
[0.690s] Level 1:colcon.colcon_core.package_identification:_identify(log) by extension 'ignore'
[0.690s] Level 1:colcon.colcon_core.package_identification:_identify(log) ignored
[0.690s] Level 1:colcon.colcon_core.package_identification:_identify(src) by extensions ['ignore', 'ignore_ament_install']
[0.690s] Level 1:colcon.colcon_core.package_identification:_identify(src) by extension 'ignore'
[0.690s] Level 1:colcon.colcon_core.package_identification:_identify(src) by extension 'ignore_ament_install'
[0.691s] Level 1:colcon.colcon_core.package_identification:_identify(src) by extensions ['colcon_pkg']
[0.691s] Level 1:colcon.colcon_core.package_identification:_identify(src) by extension 'colcon_pkg'
[0.691s] Level 1:colcon.colcon_core.package_identification:_identify(src) by extensions ['colcon_meta']
[0.691s] Level 1:colcon.colcon_core.package_identification:_identify(src) by extension 'colcon_meta'
[0.691s] Level 1:colcon.colcon_core.package_identification:_identify(src) by extensions ['ros']
[0.691s] Level 1:colcon.colcon_core.package_identification:_identify(src) by extension 'ros'
[0.691s] Level 1:colcon.colcon_core.package_identification:_identify(src) by extensions ['cmake', 'python']
[0.691s] Level 1:colcon.colcon_core.package_identification:_identify(src) by extension 'cmake'
[0.691s] Level 1:colcon.colcon_core.package_identification:_identify(src) by extension 'python'
[0.692s] Level 1:colcon.colcon_core.package_identification:_identify(src) by extensions ['python_setup_py']
[0.692s] Level 1:colcon.colcon_core.package_identification:_identify(src) by extension 'python_setup_py'
[0.692s] Level 1:colcon.colcon_core.package_identification:_identify(src/build) by extensions ['ignore', 'ignore_ament_install']
[0.692s] Level 1:colcon.colcon_core.package_identification:_identify(src/build) by extension 'ignore'
[0.692s] Level 1:colcon.colcon_core.package_identification:_identify(src/build) ignored
[0.693s] Level 1:colcon.colcon_core.package_identification:_identify(src/bumperbot_controller) by extensions ['ignore', 'ignore_ament_install']
[0.693s] Level 1:colcon.colcon_core.package_identification:_identify(src/bumperbot_controller) by extension 'ignore'
[0.693s] Level 1:colcon.colcon_core.package_identification:_identify(src/bumperbot_controller) by extension 'ignore_ament_install'
[0.693s] Level 1:colcon.colcon_core.package_identification:_identify(src/bumperbot_controller) by extensions ['colcon_pkg']
[0.693s] Level 1:colcon.colcon_core.package_identification:_identify(src/bumperbot_controller) by extension 'colcon_pkg'
[0.693s] Level 1:colcon.colcon_core.package_identification:_identify(src/bumperbot_controller) by extensions ['colcon_meta']
[0.693s] Level 1:colcon.colcon_core.package_identification:_identify(src/bumperbot_controller) by extension 'colcon_meta'
[0.694s] Level 1:colcon.colcon_core.package_identification:_identify(src/bumperbot_controller) by extensions ['ros']
[0.694s] Level 1:colcon.colcon_core.package_identification:_identify(src/bumperbot_controller) by extension 'ros'
[0.700s] DEBUG:colcon.colcon_core.package_identification:Package 'src/bumperbot_controller' with type 'ros.ament_cmake' and name 'bumperbot_controller'
[0.701s] Level 1:colcon.colcon_core.package_identification:_identify(src/bumperbot_cpp_examples) by extensions ['ignore', 'ignore_ament_install']
[0.701s] Level 1:colcon.colcon_core.package_identification:_identify(src/bumperbot_cpp_examples) by extension 'ignore'
[0.701s] Level 1:colcon.colcon_core.package_identification:_identify(src/bumperbot_cpp_examples) by extension 'ignore_ament_install'
[0.701s] Level 1:colcon.colcon_core.package_identification:_identify(src/bumperbot_cpp_examples) by extensions ['colcon_pkg']
[0.702s] Level 1:colcon.colcon_core.package_identification:_identify(src/bumperbot_cpp_examples) by extension 'colcon_pkg'
[0.702s] Level 1:colcon.colcon_core.package_identification:_identify(src/bumperbot_cpp_examples) by extensions ['colcon_meta']
[0.702s] Level 1:colcon.colcon_core.package_identification:_identify(src/bumperbot_cpp_examples) by extension 'colcon_meta'
[0.702s] Level 1:colcon.colcon_core.package_identification:_identify(src/bumperbot_cpp_examples) by extensions ['ros']
[0.702s] Level 1:colcon.colcon_core.package_identification:_identify(src/bumperbot_cpp_examples) by extension 'ros'
[0.704s] DEBUG:colcon.colcon_core.package_identification:Package 'src/bumperbot_cpp_examples' with type 'ros.ament_cmake' and name 'bumperbot_cpp_examples'
[0.705s] Level 1:colcon.colcon_core.package_identification:_identify(src/bumperbot_description) by extensions ['ignore', 'ignore_ament_install']
[0.705s] Level 1:colcon.colcon_core.package_identification:_identify(src/bumperbot_description) by extension 'ignore'
[0.706s] Level 1:colcon.colcon_core.package_identification:_identify(src/bumperbot_description) by extension 'ignore_ament_install'
[0.706s] Level 1:colcon.colcon_core.package_identification:_identify(src/bumperbot_description) by extensions ['colcon_pkg']
[0.706s] Level 1:colcon.colcon_core.package_identification:_identify(src/bumperbot_description) by extension 'colcon_pkg'
[0.706s] Level 1:colcon.colcon_core.package_identification:_identify(src/bumperbot_description) by extensions ['colcon_meta']
[0.706s] Level 1:colcon.colcon_core.package_identification:_identify(src/bumperbot_description) by extension 'colcon_meta'
[0.706s] Level 1:colcon.colcon_core.package_identification:_identify(src/bumperbot_description) by extensions ['ros']
[0.706s] Level 1:colcon.colcon_core.package_identification:_identify(src/bumperbot_description) by extension 'ros'
[0.708s] DEBUG:colcon.colcon_core.package_identification:Package 'src/bumperbot_description' with type 'ros.ament_cmake' and name 'bumperbot_description'
[0.708s] Level 1:colcon.colcon_core.package_identification:_identify(src/bumperbot_msgs) by extensions ['ignore', 'ignore_ament_install']
[0.708s] Level 1:colcon.colcon_core.package_identification:_identify(src/bumperbot_msgs) by extension 'ignore'
[0.709s] Level 1:colcon.colcon_core.package_identification:_identify(src/bumperbot_msgs) by extension 'ignore_ament_install'
[0.709s] Level 1:colcon.colcon_core.package_identification:_identify(src/bumperbot_msgs) by extensions ['colcon_pkg']
[0.709s] Level 1:colcon.colcon_core.package_identification:_identify(src/bumperbot_msgs) by extension 'colcon_pkg'
[0.709s] Level 1:colcon.colcon_core.package_identification:_identify(src/bumperbot_msgs) by extensions ['colcon_meta']
[0.709s] Level 1:colcon.colcon_core.package_identification:_identify(src/bumperbot_msgs) by extension 'colcon_meta'
[0.709s] Level 1:colcon.colcon_core.package_identification:_identify(src/bumperbot_msgs) by extensions ['ros']
[0.709s] Level 1:colcon.colcon_core.package_identification:_identify(src/bumperbot_msgs) by extension 'ros'
[0.711s] DEBUG:colcon.colcon_core.package_identification:Package 'src/bumperbot_msgs' with type 'ros.ament_cmake' and name 'bumperbot_msgs'
[0.712s] Level 1:colcon.colcon_core.package_identification:_identify(src/bumperbot_py_examples) by extensions ['ignore', 'ignore_ament_install']
[0.712s] Level 1:colcon.colcon_core.package_identification:_identify(src/bumperbot_py_examples) by extension 'ignore'
[0.712s] Level 1:colcon.colcon_core.package_identification:_identify(src/bumperbot_py_examples) by extension 'ignore_ament_install'
[0.712s] Level 1:colcon.colcon_core.package_identification:_identify(src/bumperbot_py_examples) by extensions ['colcon_pkg']
[0.713s] Level 1:colcon.colcon_core.package_identification:_identify(src/bumperbot_py_examples) by extension 'colcon_pkg'
[0.713s] Level 1:colcon.colcon_core.package_identification:_identify(src/bumperbot_py_examples) by extensions ['colcon_meta']
[0.713s] Level 1:colcon.colcon_core.package_identification:_identify(src/bumperbot_py_examples) by extension 'colcon_meta'
[0.713s] Level 1:colcon.colcon_core.package_identification:_identify(src/bumperbot_py_examples) by extensions ['ros']
[0.713s] Level 1:colcon.colcon_core.package_identification:_identify(src/bumperbot_py_examples) by extension 'ros'
[0.714s] DEBUG:colcon.colcon_core.package_identification:Package 'src/bumperbot_py_examples' with type 'ros.ament_python' and name 'bumperbot_py_examples'
[0.714s] Level 1:colcon.colcon_core.package_identification:_identify(src/install) by extensions ['ignore', 'ignore_ament_install']
[0.714s] Level 1:colcon.colcon_core.package_identification:_identify(src/install) by extension 'ignore'
[0.714s] Level 1:colcon.colcon_core.package_identification:_identify(src/install) ignored
[0.715s] Level 1:colcon.colcon_core.package_identification:_identify(src/log) by extensions ['ignore', 'ignore_ament_install']
[0.715s] Level 1:colcon.colcon_core.package_identification:_identify(src/log) by extension 'ignore'
[0.715s] Level 1:colcon.colcon_core.package_identification:_identify(src/log) ignored
[0.715s] Level 1:colcon.colcon_core.package_discovery:discover_packages(recursive) using defaults
[0.715s] Level 1:colcon.colcon_core.package_discovery:discover_packages(ignore) discover
[0.715s] Level 1:colcon.colcon_core.package_discovery:discover_packages(ignore) using defaults
[0.715s] Level 1:colcon.colcon_core.package_discovery:discover_packages(path) discover
[0.715s] Level 1:colcon.colcon_core.package_discovery:discover_packages(path) using defaults
[0.784s] Level 1:colcon.colcon_core.package_discovery:discover_packages(prefix_path) check parameters
[0.785s] Level 1:colcon.colcon_core.package_discovery:discover_packages(prefix_path) discover
[0.791s] DEBUG:colcon.colcon_installed_package_information.package_discovery:Found 334 installed packages in /opt/ros/humble
[0.795s] Level 1:colcon.colcon_core.package_discovery:discover_packages(prefix_path) using defaults
[0.896s] Level 5:colcon.colcon_core.verb:set package 'bumperbot_controller' build argument 'cmake_args' from command line to 'None'
[0.896s] Level 5:colcon.colcon_core.verb:set package 'bumperbot_controller' build argument 'cmake_target' from command line to 'None'
[0.896s] Level 5:colcon.colcon_core.verb:set package 'bumperbot_controller' build argument 'cmake_target_skip_unavailable' from command line to 'False'
[0.896s] Level 5:colcon.colcon_core.verb:set package 'bumperbot_controller' build argument 'cmake_clean_cache' from command line to 'False'
[0.896s] Level 5:colcon.colcon_core.verb:set package 'bumperbot_controller' build argument 'cmake_clean_first' from command line to 'False'
[0.896s] Level 5:colcon.colcon_core.verb:set package 'bumperbot_controller' build argument 'cmake_force_configure' from command line to 'False'
[0.896s] Level 5:colcon.colcon_core.verb:set package 'bumperbot_controller' build argument 'ament_cmake_args' from command line to 'None'
[0.896s] Level 5:colcon.colcon_core.verb:set package 'bumperbot_controller' build argument 'catkin_cmake_args' from command line to 'None'
[0.896s] Level 5:colcon.colcon_core.verb:set package 'bumperbot_controller' build argument 'catkin_skip_building_tests' from command line to 'False'
[0.896s] DEBUG:colcon.colcon_core.verb:Building package 'bumperbot_controller' with the following arguments: {'ament_cmake_args': None, 'build_base': '/home/thinhcuong/bumperbot_ws/build/bumperbot_controller', 'catkin_cmake_args': None, 'catkin_skip_building_tests': False, 'cmake_args': None, 'cmake_clean_cache': False, 'cmake_clean_first': False, 'cmake_force_configure': False, 'cmake_target': None, 'cmake_target_skip_unavailable': False, 'install_base': '/home/thinhcuong/bumperbot_ws/install/bumperbot_controller', 'merge_install': False, 'path': '/home/thinhcuong/bumperbot_ws/src/bumperbot_controller', 'symlink_install': False, 'test_result_base': None}
[0.897s] Level 5:colcon.colcon_core.verb:set package 'bumperbot_description' build argument 'cmake_args' from command line to 'None'
[0.898s] Level 5:colcon.colcon_core.verb:set package 'bumperbot_description' build argument 'cmake_target' from command line to 'None'
[0.899s] Level 5:colcon.colcon_core.verb:set package 'bumperbot_description' build argument 'cmake_target_skip_unavailable' from command line to 'False'
[0.899s] Level 5:colcon.colcon_core.verb:set package 'bumperbot_description' build argument 'cmake_clean_cache' from command line to 'False'
[0.899s] Level 5:colcon.colcon_core.verb:set package 'bumperbot_description' build argument 'cmake_clean_first' from command line to 'False'
[0.899s] Level 5:colcon.colcon_core.verb:set package 'bumperbot_description' build argument 'cmake_force_configure' from command line to 'False'
[0.899s] Level 5:colcon.colcon_core.verb:set package 'bumperbot_description' build argument 'ament_cmake_args' from command line to 'None'
[0.899s] Level 5:colcon.colcon_core.verb:set package 'bumperbot_description' build argument 'catkin_cmake_args' from command line to 'None'
[0.899s] Level 5:colcon.colcon_core.verb:set package 'bumperbot_description' build argument 'catkin_skip_building_tests' from command line to 'False'
[0.899s] DEBUG:colcon.colcon_core.verb:Building package 'bumperbot_description' with the following arguments: {'ament_cmake_args': None, 'build_base': '/home/thinhcuong/bumperbot_ws/build/bumperbot_description', 'catkin_cmake_args': None, 'catkin_skip_building_tests': False, 'cmake_args': None, 'cmake_clean_cache': False, 'cmake_clean_first': False, 'cmake_force_configure': False, 'cmake_target': None, 'cmake_target_skip_unavailable': False, 'install_base': '/home/thinhcuong/bumperbot_ws/install/bumperbot_description', 'merge_install': False, 'path': '/home/thinhcuong/bumperbot_ws/src/bumperbot_description', 'symlink_install': False, 'test_result_base': None}
[0.900s] Level 5:colcon.colcon_core.verb:set package 'bumperbot_msgs' build argument 'cmake_args' from command line to 'None'
[0.900s] Level 5:colcon.colcon_core.verb:set package 'bumperbot_msgs' build argument 'cmake_target' from command line to 'None'
[0.900s] Level 5:colcon.colcon_core.verb:set package 'bumperbot_msgs' build argument 'cmake_target_skip_unavailable' from command line to 'False'
[0.900s] Level 5:colcon.colcon_core.verb:set package 'bumperbot_msgs' build argument 'cmake_clean_cache' from command line to 'False'
[0.901s] Level 5:colcon.colcon_core.verb:set package 'bumperbot_msgs' build argument 'cmake_clean_first' from command line to 'False'
[0.901s] Level 5:colcon.colcon_core.verb:set package 'bumperbot_msgs' build argument 'cmake_force_configure' from command line to 'False'
[0.901s] Level 5:colcon.colcon_core.verb:set package 'bumperbot_msgs' build argument 'ament_cmake_args' from command line to 'None'
[0.901s] Level 5:colcon.colcon_core.verb:set package 'bumperbot_msgs' build argument 'catkin_cmake_args' from command line to 'None'
[0.901s] Level 5:colcon.colcon_core.verb:set package 'bumperbot_msgs' build argument 'catkin_skip_building_tests' from command line to 'False'
[0.901s] DEBUG:colcon.colcon_core.verb:Building package 'bumperbot_msgs' with the following arguments: {'ament_cmake_args': None, 'build_base': '/home/thinhcuong/bumperbot_ws/build/bumperbot_msgs', 'catkin_cmake_args': None, 'catkin_skip_building_tests': False, 'cmake_args': None, 'cmake_clean_cache': False, 'cmake_clean_first': False, 'cmake_force_configure': False, 'cmake_target': None, 'cmake_target_skip_unavailable': False, 'install_base': '/home/thinhcuong/bumperbot_ws/install/bumperbot_msgs', 'merge_install': False, 'path': '/home/thinhcuong/bumperbot_ws/src/bumperbot_msgs', 'symlink_install': False, 'test_result_base': None}
[0.902s] Level 5:colcon.colcon_core.verb:set package 'bumperbot_cpp_examples' build argument 'cmake_args' from command line to 'None'
[0.902s] Level 5:colcon.colcon_core.verb:set package 'bumperbot_cpp_examples' build argument 'cmake_target' from command line to 'None'
[0.902s] Level 5:colcon.colcon_core.verb:set package 'bumperbot_cpp_examples' build argument 'cmake_target_skip_unavailable' from command line to 'False'
[0.902s] Level 5:colcon.colcon_core.verb:set package 'bumperbot_cpp_examples' build argument 'cmake_clean_cache' from command line to 'False'
[0.902s] Level 5:colcon.colcon_core.verb:set package 'bumperbot_cpp_examples' build argument 'cmake_clean_first' from command line to 'False'
[0.902s] Level 5:colcon.colcon_core.verb:set package 'bumperbot_cpp_examples' build argument 'cmake_force_configure' from command line to 'False'
[0.902s] Level 5:colcon.colcon_core.verb:set package 'bumperbot_cpp_examples' build argument 'ament_cmake_args' from command line to 'None'
[0.902s] Level 5:colcon.colcon_core.verb:set package 'bumperbot_cpp_examples' build argument 'catkin_cmake_args' from command line to 'None'
[0.902s] Level 5:colcon.colcon_core.verb:set package 'bumperbot_cpp_examples' build argument 'catkin_skip_building_tests' from command line to 'False'
[0.902s] DEBUG:colcon.colcon_core.verb:Building package 'bumperbot_cpp_examples' with the following arguments: {'ament_cmake_args': None, 'build_base': '/home/thinhcuong/bumperbot_ws/build/bumperbot_cpp_examples', 'catkin_cmake_args': None, 'catkin_skip_building_tests': False, 'cmake_args': None, 'cmake_clean_cache': False, 'cmake_clean_first': False, 'cmake_force_configure': False, 'cmake_target': None, 'cmake_target_skip_unavailable': False, 'install_base': '/home/thinhcuong/bumperbot_ws/install/bumperbot_cpp_examples', 'merge_install': False, 'path': '/home/thinhcuong/bumperbot_ws/src/bumperbot_cpp_examples', 'symlink_install': False, 'test_result_base': None}
[0.903s] Level 5:colcon.colcon_core.verb:set package 'bumperbot_py_examples' build argument 'cmake_args' from command line to 'None'
[0.903s] Level 5:colcon.colcon_core.verb:set package 'bumperbot_py_examples' build argument 'cmake_target' from command line to 'None'
[0.904s] Level 5:colcon.colcon_core.verb:set package 'bumperbot_py_examples' build argument 'cmake_target_skip_unavailable' from command line to 'False'
[0.904s] Level 5:colcon.colcon_core.verb:set package 'bumperbot_py_examples' build argument 'cmake_clean_cache' from command line to 'False'
[0.904s] Level 5:colcon.colcon_core.verb:set package 'bumperbot_py_examples' build argument 'cmake_clean_first' from command line to 'False'
[0.904s] Level 5:colcon.colcon_core.verb:set package 'bumperbot_py_examples' build argument 'cmake_force_configure' from command line to 'False'
[0.904s] Level 5:colcon.colcon_core.verb:set package 'bumperbot_py_examples' build argument 'ament_cmake_args' from command line to 'None'
[0.904s] Level 5:colcon.colcon_core.verb:set package 'bumperbot_py_examples' build argument 'catkin_cmake_args' from command line to 'None'
[0.904s] Level 5:colcon.colcon_core.verb:set package 'bumperbot_py_examples' build argument 'catkin_skip_building_tests' from command line to 'False'
[0.904s] DEBUG:colcon.colcon_core.verb:Building package 'bumperbot_py_examples' with the following arguments: {'ament_cmake_args': None, 'build_base': '/home/thinhcuong/bumperbot_ws/build/bumperbot_py_examples', 'catkin_cmake_args': None, 'catkin_skip_building_tests': False, 'cmake_args': None, 'cmake_clean_cache': False, 'cmake_clean_first': False, 'cmake_force_configure': False, 'cmake_target': None, 'cmake_target_skip_unavailable': False, 'install_base': '/home/thinhcuong/bumperbot_ws/install/bumperbot_py_examples', 'merge_install': False, 'path': '/home/thinhcuong/bumperbot_ws/src/bumperbot_py_examples', 'symlink_install': False, 'test_result_base': None}
[0.904s] INFO:colcon.colcon_core.executor:Executing jobs using 'parallel' executor
[0.907s] DEBUG:colcon.colcon_parallel_executor.executor.parallel:run_until_complete
[0.907s] INFO:colcon.colcon_ros.task.ament_cmake.build:Building ROS package in '/home/thinhcuong/bumperbot_ws/src/bumperbot_msgs' with build type 'ament_cmake'
[0.907s] INFO:colcon.colcon_cmake.task.cmake.build:Building CMake package in '/home/thinhcuong/bumperbot_ws/src/bumperbot_msgs'
[0.912s] INFO:colcon.colcon_core.plugin_system:Skipping extension 'colcon_core.shell.bat': Not used on non-Windows systems
[0.912s] INFO:colcon.colcon_core.shell:Skip shell extension 'powershell' for command environment: Not usable outside of PowerShell
[0.912s] DEBUG:colcon.colcon_core.shell:Skip shell extension 'dsv' for command environment
[0.919s] INFO:colcon.colcon_ros.task.ament_cmake.build:Building ROS package in '/home/thinhcuong/bumperbot_ws/src/bumperbot_controller' with build type 'ament_cmake'
[0.919s] INFO:colcon.colcon_cmake.task.cmake.build:Building CMake package in '/home/thinhcuong/bumperbot_ws/src/bumperbot_controller'
[0.919s] INFO:colcon.colcon_core.shell:Skip shell extension 'powershell' for command environment: Not usable outside of PowerShell
[0.920s] DEBUG:colcon.colcon_core.shell:Skip shell extension 'dsv' for command environment
[0.927s] INFO:colcon.colcon_ros.task.ament_cmake.build:Building ROS package in '/home/thinhcuong/bumperbot_ws/src/bumperbot_description' with build type 'ament_cmake'
[0.927s] INFO:colcon.colcon_cmake.task.cmake.build:Building CMake package in '/home/thinhcuong/bumperbot_ws/src/bumperbot_description'
[0.927s] INFO:colcon.colcon_core.shell:Skip shell extension 'powershell' for command environment: Not usable outside of PowerShell
[0.927s] DEBUG:colcon.colcon_core.shell:Skip shell extension 'dsv' for command environment
[0.945s] DEBUG:colcon.colcon_core.event_handler.log_command:Invoking command in '/home/thinhcuong/bumperbot_ws/build/bumperbot_msgs': CMAKE_PREFIX_PATH=/opt/ros/humble /usr/bin/cmake --build /home/thinhcuong/bumperbot_ws/build/bumperbot_msgs -- -j12 -l12
[0.952s] DEBUG:colcon.colcon_core.event_handler.log_command:Invoking command in '/home/thinhcuong/bumperbot_ws/build/bumperbot_controller': CMAKE_PREFIX_PATH=/opt/ros/humble /usr/bin/cmake --build /home/thinhcuong/bumperbot_ws/build/bumperbot_controller -- -j12 -l12
[0.958s] DEBUG:colcon.colcon_core.event_handler.log_command:Invoking command in '/home/thinhcuong/bumperbot_ws/build/bumperbot_description': CMAKE_PREFIX_PATH=/opt/ros/humble /usr/bin/cmake --build /home/thinhcuong/bumperbot_ws/build/bumperbot_description -- -j12 -l12
[1.048s] DEBUG:colcon.colcon_core.event_handler.log_command:Invoked command in '/home/thinhcuong/bumperbot_ws/build/bumperbot_description' returned '0': CMAKE_PREFIX_PATH=/opt/ros/humble /usr/bin/cmake --build /home/thinhcuong/bumperbot_ws/build/bumperbot_description -- -j12 -l12
[1.146s] DEBUG:colcon.colcon_core.event_handler.log_command:Invoking command in '/home/thinhcuong/bumperbot_ws/build/bumperbot_description': CMAKE_PREFIX_PATH=/opt/ros/humble /usr/bin/cmake --install /home/thinhcuong/bumperbot_ws/build/bumperbot_description
[1.177s] Level 1:colcon.colcon_core.environment:create_environment_scripts_only(bumperbot_description)
[1.178s] DEBUG:colcon.colcon_core.event_handler.log_command:Invoked command in '/home/thinhcuong/bumperbot_ws/build/bumperbot_description' returned '0': CMAKE_PREFIX_PATH=/opt/ros/humble /usr/bin/cmake --install /home/thinhcuong/bumperbot_ws/build/bumperbot_description
[1.186s] Level 1:colcon.colcon_core.environment:checking '/home/thinhcuong/bumperbot_ws/install/bumperbot_description' for CMake module files
[1.187s] Level 1:colcon.colcon_core.environment:checking '/home/thinhcuong/bumperbot_ws/install/bumperbot_description' for CMake config files
[1.189s] Level 1:colcon.colcon_core.shell:create_environment_hook('bumperbot_description', 'cmake_prefix_path')
[1.190s] INFO:colcon.colcon_core.shell:Creating environment hook '/home/thinhcuong/bumperbot_ws/install/bumperbot_description/share/bumperbot_description/hook/cmake_prefix_path.ps1'
[1.192s] INFO:colcon.colcon_core.shell:Creating environment descriptor '/home/thinhcuong/bumperbot_ws/install/bumperbot_description/share/bumperbot_description/hook/cmake_prefix_path.dsv'
[1.193s] INFO:colcon.colcon_core.shell:Creating environment hook '/home/thinhcuong/bumperbot_ws/install/bumperbot_description/share/bumperbot_description/hook/cmake_prefix_path.sh'
[1.196s] Level 1:colcon.colcon_core.environment:checking '/home/thinhcuong/bumperbot_ws/install/bumperbot_description/bin'
[1.197s] Level 1:colcon.colcon_core.environment:checking '/home/thinhcuong/bumperbot_ws/install/bumperbot_description/lib/pkgconfig/bumperbot_description.pc'
[1.197s] Level 1:colcon.colcon_core.environment:checking '/home/thinhcuong/bumperbot_ws/install/bumperbot_description/lib/python3.10/site-packages'
[1.198s] Level 1:colcon.colcon_core.environment:checking '/home/thinhcuong/bumperbot_ws/install/bumperbot_description/bin'
[1.199s] INFO:colcon.colcon_core.shell:Creating package script '/home/thinhcuong/bumperbot_ws/install/bumperbot_description/share/bumperbot_description/package.ps1'
[1.200s] INFO:colcon.colcon_core.shell:Creating package descriptor '/home/thinhcuong/bumperbot_ws/install/bumperbot_description/share/bumperbot_description/package.dsv'
[1.201s] INFO:colcon.colcon_core.shell:Creating package script '/home/thinhcuong/bumperbot_ws/install/bumperbot_description/share/bumperbot_description/package.sh'
[1.203s] INFO:colcon.colcon_core.shell:Creating package script '/home/thinhcuong/bumperbot_ws/install/bumperbot_description/share/bumperbot_description/package.bash'
[1.204s] INFO:colcon.colcon_core.shell:Creating package script '/home/thinhcuong/bumperbot_ws/install/bumperbot_description/share/bumperbot_description/package.zsh'
[1.206s] Level 1:colcon.colcon_core.environment:create_file_with_runtime_dependencies(/home/thinhcuong/bumperbot_ws/install/bumperbot_description/share/colcon-core/packages/bumperbot_description)
[1.258s] Level 1:colcon.colcon_core.environment:create_environment_scripts_only(bumperbot_description)
[1.259s] Level 1:colcon.colcon_core.environment:checking '/home/thinhcuong/bumperbot_ws/install/bumperbot_description' for CMake module files
[1.260s] Level 1:colcon.colcon_core.environment:checking '/home/thinhcuong/bumperbot_ws/install/bumperbot_description' for CMake config files
[1.261s] Level 1:colcon.colcon_core.shell:create_environment_hook('bumperbot_description', 'cmake_prefix_path')
[1.262s] INFO:colcon.colcon_core.shell:Creating environment hook '/home/thinhcuong/bumperbot_ws/install/bumperbot_description/share/bumperbot_description/hook/cmake_prefix_path.ps1'
[1.263s] INFO:colcon.colcon_core.shell:Creating environment descriptor '/home/thinhcuong/bumperbot_ws/install/bumperbot_description/share/bumperbot_description/hook/cmake_prefix_path.dsv'
[1.264s] INFO:colcon.colcon_core.shell:Creating environment hook '/home/thinhcuong/bumperbot_ws/install/bumperbot_description/share/bumperbot_description/hook/cmake_prefix_path.sh'
[1.265s] Level 1:colcon.colcon_core.environment:checking '/home/thinhcuong/bumperbot_ws/install/bumperbot_description/bin'
[1.265s] Level 1:colcon.colcon_core.environment:checking '/home/thinhcuong/bumperbot_ws/install/bumperbot_description/lib/pkgconfig/bumperbot_description.pc'
[1.266s] Level 1:colcon.colcon_core.environment:checking '/home/thinhcuong/bumperbot_ws/install/bumperbot_description/lib/python3.10/site-packages'
[1.267s] Level 1:colcon.colcon_core.environment:checking '/home/thinhcuong/bumperbot_ws/install/bumperbot_description/bin'
[1.268s] INFO:colcon.colcon_core.shell:Creating package script '/home/thinhcuong/bumperbot_ws/install/bumperbot_description/share/bumperbot_description/package.ps1'
[1.269s] INFO:colcon.colcon_core.shell:Creating package descriptor '/home/thinhcuong/bumperbot_ws/install/bumperbot_description/share/bumperbot_description/package.dsv'
[1.271s] INFO:colcon.colcon_core.shell:Creating package script '/home/thinhcuong/bumperbot_ws/install/bumperbot_description/share/bumperbot_description/package.sh'
[1.273s] INFO:colcon.colcon_core.shell:Creating package script '/home/thinhcuong/bumperbot_ws/install/bumperbot_description/share/bumperbot_description/package.bash'
[1.274s] INFO:colcon.colcon_core.shell:Creating package script '/home/thinhcuong/bumperbot_ws/install/bumperbot_description/share/bumperbot_description/package.zsh'
[1.275s] Level 1:colcon.colcon_core.environment:create_file_with_runtime_dependencies(/home/thinhcuong/bumperbot_ws/install/bumperbot_description/share/colcon-core/packages/bumperbot_description)
[1.803s] DEBUG:colcon.colcon_core.event_handler.log_command:Invoked command in '/home/thinhcuong/bumperbot_ws/build/bumperbot_controller' returned '0': CMAKE_PREFIX_PATH=/opt/ros/humble /usr/bin/cmake --build /home/thinhcuong/bumperbot_ws/build/bumperbot_controller -- -j12 -l12
[1.807s] DEBUG:colcon.colcon_core.event_handler.log_command:Invoked command in '/home/thinhcuong/bumperbot_ws/build/bumperbot_msgs' returned '0': CMAKE_PREFIX_PATH=/opt/ros/humble /usr/bin/cmake --build /home/thinhcuong/bumperbot_ws/build/bumperbot_msgs -- -j12 -l12
[1.877s] DEBUG:colcon.colcon_core.event_handler.log_command:Invoking command in '/home/thinhcuong/bumperbot_ws/build/bumperbot_controller': CMAKE_PREFIX_PATH=/opt/ros/humble /usr/bin/cmake --install /home/thinhcuong/bumperbot_ws/build/bumperbot_controller
[1.957s] DEBUG:colcon.colcon_core.event_handler.log_command:Invoking command in '/home/thinhcuong/bumperbot_ws/build/bumperbot_msgs': CMAKE_PREFIX_PATH=/opt/ros/humble /usr/bin/cmake --install /home/thinhcuong/bumperbot_ws/build/bumperbot_msgs
[1.986s] Level 1:colcon.colcon_core.environment:create_environment_scripts_only(bumperbot_controller)
[1.987s] Level 1:colcon.colcon_core.environment:checking '/home/thinhcuong/bumperbot_ws/install/bumperbot_controller' for CMake module files
[1.994s] Level 1:colcon.colcon_core.environment:checking '/home/thinhcuong/bumperbot_ws/install/bumperbot_controller' for CMake config files
[1.999s] DEBUG:colcon.colcon_core.event_handler.log_command:Invoked command in '/home/thinhcuong/bumperbot_ws/build/bumperbot_controller' returned '0': CMAKE_PREFIX_PATH=/opt/ros/humble /usr/bin/cmake --install /home/thinhcuong/bumperbot_ws/build/bumperbot_controller
[2.006s] Level 1:colcon.colcon_core.shell:create_environment_hook('bumperbot_controller', 'cmake_prefix_path')
[2.007s] INFO:colcon.colcon_core.shell:Creating environment hook '/home/thinhcuong/bumperbot_ws/install/bumperbot_controller/share/bumperbot_controller/hook/cmake_prefix_path.ps1'
[2.008s] INFO:colcon.colcon_core.shell:Creating environment descriptor '/home/thinhcuong/bumperbot_ws/install/bumperbot_controller/share/bumperbot_controller/hook/cmake_prefix_path.dsv'
[2.009s] INFO:colcon.colcon_core.shell:Creating environment hook '/home/thinhcuong/bumperbot_ws/install/bumperbot_controller/share/bumperbot_controller/hook/cmake_prefix_path.sh'
[2.010s] Level 1:colcon.colcon_core.environment:checking '/home/thinhcuong/bumperbot_ws/install/bumperbot_controller/lib'
[2.011s] Level 1:colcon.colcon_core.environment:checking '/home/thinhcuong/bumperbot_ws/install/bumperbot_controller/bin'
[2.011s] Level 1:colcon.colcon_core.environment:checking '/home/thinhcuong/bumperbot_ws/install/bumperbot_controller/lib/pkgconfig/bumperbot_controller.pc'
[2.011s] Level 1:colcon.colcon_core.environment:checking '/home/thinhcuong/bumperbot_ws/install/bumperbot_controller/lib/python3.10/site-packages'
[2.012s] Level 1:colcon.colcon_core.environment:checking '/home/thinhcuong/bumperbot_ws/install/bumperbot_controller/bin'
[2.012s] INFO:colcon.colcon_core.shell:Creating package script '/home/thinhcuong/bumperbot_ws/install/bumperbot_controller/share/bumperbot_controller/package.ps1'
[2.013s] INFO:colcon.colcon_core.shell:Creating package descriptor '/home/thinhcuong/bumperbot_ws/install/bumperbot_controller/share/bumperbot_controller/package.dsv'
[2.014s] INFO:colcon.colcon_core.shell:Creating package script '/home/thinhcuong/bumperbot_ws/install/bumperbot_controller/share/bumperbot_controller/package.sh'
[2.015s] INFO:colcon.colcon_core.shell:Creating package script '/home/thinhcuong/bumperbot_ws/install/bumperbot_controller/share/bumperbot_controller/package.bash'
[2.016s] INFO:colcon.colcon_core.shell:Creating package script '/home/thinhcuong/bumperbot_ws/install/bumperbot_controller/share/bumperbot_controller/package.zsh'
[2.017s] Level 1:colcon.colcon_core.environment:create_file_with_runtime_dependencies(/home/thinhcuong/bumperbot_ws/install/bumperbot_controller/share/colcon-core/packages/bumperbot_controller)
[2.084s] Level 1:colcon.colcon_core.environment:create_environment_scripts_only(bumperbot_controller)
[2.085s] Level 1:colcon.colcon_core.environment:checking '/home/thinhcuong/bumperbot_ws/install/bumperbot_controller' for CMake module files
[2.089s] Level 1:colcon.colcon_core.environment:checking '/home/thinhcuong/bumperbot_ws/install/bumperbot_controller' for CMake config files
[2.096s] Level 1:colcon.colcon_core.shell:create_environment_hook('bumperbot_controller', 'cmake_prefix_path')
[2.097s] INFO:colcon.colcon_core.shell:Creating environment hook '/home/thinhcuong/bumperbot_ws/install/bumperbot_controller/share/bumperbot_controller/hook/cmake_prefix_path.ps1'
[2.100s] INFO:colcon.colcon_core.shell:Creating environment descriptor '/home/thinhcuong/bumperbot_ws/install/bumperbot_controller/share/bumperbot_controller/hook/cmake_prefix_path.dsv'
[2.100s] INFO:colcon.colcon_core.shell:Creating environment hook '/home/thinhcuong/bumperbot_ws/install/bumperbot_controller/share/bumperbot_controller/hook/cmake_prefix_path.sh'
[2.102s] Level 1:colcon.colcon_core.environment:checking '/home/thinhcuong/bumperbot_ws/install/bumperbot_controller/lib'
[2.102s] Level 1:colcon.colcon_core.environment:checking '/home/thinhcuong/bumperbot_ws/install/bumperbot_controller/bin'
[2.102s] Level 1:colcon.colcon_core.environment:checking '/home/thinhcuong/bumperbot_ws/install/bumperbot_controller/lib/pkgconfig/bumperbot_controller.pc'
[2.103s] Level 1:colcon.colcon_core.environment:checking '/home/thinhcuong/bumperbot_ws/install/bumperbot_controller/lib/python3.10/site-packages'
[2.103s] Level 1:colcon.colcon_core.environment:checking '/home/thinhcuong/bumperbot_ws/install/bumperbot_controller/bin'
[2.104s] INFO:colcon.colcon_core.shell:Creating package script '/home/thinhcuong/bumperbot_ws/install/bumperbot_controller/share/bumperbot_controller/package.ps1'
[2.105s] INFO:colcon.colcon_core.shell:Creating package descriptor '/home/thinhcuong/bumperbot_ws/install/bumperbot_controller/share/bumperbot_controller/package.dsv'
[2.106s] INFO:colcon.colcon_core.shell:Creating package script '/home/thinhcuong/bumperbot_ws/install/bumperbot_controller/share/bumperbot_controller/package.sh'
[2.107s] INFO:colcon.colcon_core.shell:Creating package script '/home/thinhcuong/bumperbot_ws/install/bumperbot_controller/share/bumperbot_controller/package.bash'
[2.107s] INFO:colcon.colcon_core.shell:Creating package script '/home/thinhcuong/bumperbot_ws/install/bumperbot_controller/share/bumperbot_controller/package.zsh'
[2.108s] Level 1:colcon.colcon_core.environment:create_file_with_runtime_dependencies(/home/thinhcuong/bumperbot_ws/install/bumperbot_controller/share/colcon-core/packages/bumperbot_controller)
[2.110s] Level 1:colcon.colcon_core.environment:create_environment_scripts_only(bumperbot_msgs)
[2.110s] Level 1:colcon.colcon_core.environment:checking '/home/thinhcuong/bumperbot_ws/install/bumperbot_msgs' for CMake module files
[2.111s] DEBUG:colcon.colcon_core.event_handler.log_command:Invoked command in '/home/thinhcuong/bumperbot_ws/build/bumperbot_msgs' returned '0': CMAKE_PREFIX_PATH=/opt/ros/humble /usr/bin/cmake --install /home/thinhcuong/bumperbot_ws/build/bumperbot_msgs
[2.112s] Level 1:colcon.colcon_core.environment:checking '/home/thinhcuong/bumperbot_ws/install/bumperbot_msgs' for CMake config files
[2.113s] Level 1:colcon.colcon_core.shell:create_environment_hook('bumperbot_msgs', 'cmake_prefix_path')
[2.113s] INFO:colcon.colcon_core.shell:Creating environment hook '/home/thinhcuong/bumperbot_ws/install/bumperbot_msgs/share/bumperbot_msgs/hook/cmake_prefix_path.ps1'
[2.114s] INFO:colcon.colcon_core.shell:Creating environment descriptor '/home/thinhcuong/bumperbot_ws/install/bumperbot_msgs/share/bumperbot_msgs/hook/cmake_prefix_path.dsv'
[2.115s] INFO:colcon.colcon_core.shell:Creating environment hook '/home/thinhcuong/bumperbot_ws/install/bumperbot_msgs/share/bumperbot_msgs/hook/cmake_prefix_path.sh'
[2.116s] Level 1:colcon.colcon_core.environment:checking '/home/thinhcuong/bumperbot_ws/install/bumperbot_msgs/lib'
[2.116s] Level 1:colcon.colcon_core.shell:create_environment_hook('bumperbot_msgs', 'ld_library_path_lib')
[2.116s] INFO:colcon.colcon_core.shell:Creating environment hook '/home/thinhcuong/bumperbot_ws/install/bumperbot_msgs/share/bumperbot_msgs/hook/ld_library_path_lib.ps1'
[2.117s] INFO:colcon.colcon_core.shell:Creating environment descriptor '/home/thinhcuong/bumperbot_ws/install/bumperbot_msgs/share/bumperbot_msgs/hook/ld_library_path_lib.dsv'
[2.118s] INFO:colcon.colcon_core.shell:Creating environment hook '/home/thinhcuong/bumperbot_ws/install/bumperbot_msgs/share/bumperbot_msgs/hook/ld_library_path_lib.sh'
[2.119s] Level 1:colcon.colcon_core.environment:checking '/home/thinhcuong/bumperbot_ws/install/bumperbot_msgs/bin'
[2.119s] Level 1:colcon.colcon_core.environment:checking '/home/thinhcuong/bumperbot_ws/install/bumperbot_msgs/lib/pkgconfig/bumperbot_msgs.pc'
[2.120s] Level 1:colcon.colcon_core.environment:checking '/home/thinhcuong/bumperbot_ws/install/bumperbot_msgs/lib/python3.10/site-packages'
[2.120s] Level 1:colcon.colcon_core.environment:checking '/home/thinhcuong/bumperbot_ws/install/bumperbot_msgs/bin'
[2.121s] INFO:colcon.colcon_core.shell:Creating package script '/home/thinhcuong/bumperbot_ws/install/bumperbot_msgs/share/bumperbot_msgs/package.ps1'
[2.122s] INFO:colcon.colcon_core.shell:Creating package descriptor '/home/thinhcuong/bumperbot_ws/install/bumperbot_msgs/share/bumperbot_msgs/package.dsv'
[2.123s] INFO:colcon.colcon_core.shell:Creating package script '/home/thinhcuong/bumperbot_ws/install/bumperbot_msgs/share/bumperbot_msgs/package.sh'
[2.124s] INFO:colcon.colcon_core.shell:Creating package script '/home/thinhcuong/bumperbot_ws/install/bumperbot_msgs/share/bumperbot_msgs/package.bash'
[2.125s] INFO:colcon.colcon_core.shell:Creating package script '/home/thinhcuong/bumperbot_ws/install/bumperbot_msgs/share/bumperbot_msgs/package.zsh'
[2.126s] Level 1:colcon.colcon_core.environment:create_file_with_runtime_dependencies(/home/thinhcuong/bumperbot_ws/install/bumperbot_msgs/share/colcon-core/packages/bumperbot_msgs)
[2.272s] Level 1:colcon.colcon_core.environment:create_environment_scripts_only(bumperbot_msgs)
[2.273s] Level 1:colcon.colcon_core.environment:checking '/home/thinhcuong/bumperbot_ws/install/bumperbot_msgs' for CMake module files
[2.274s] Level 1:colcon.colcon_core.environment:checking '/home/thinhcuong/bumperbot_ws/install/bumperbot_msgs' for CMake config files
[2.275s] Level 1:colcon.colcon_core.shell:create_environment_hook('bumperbot_msgs', 'cmake_prefix_path')
[2.276s] INFO:colcon.colcon_core.shell:Creating environment hook '/home/thinhcuong/bumperbot_ws/install/bumperbot_msgs/share/bumperbot_msgs/hook/cmake_prefix_path.ps1'
[2.277s] INFO:colcon.colcon_core.shell:Creating environment descriptor '/home/thinhcuong/bumperbot_ws/install/bumperbot_msgs/share/bumperbot_msgs/hook/cmake_prefix_path.dsv'
[2.278s] INFO:colcon.colcon_core.shell:Creating environment hook '/home/thinhcuong/bumperbot_ws/install/bumperbot_msgs/share/bumperbot_msgs/hook/cmake_prefix_path.sh'
[2.279s] Level 1:colcon.colcon_core.environment:checking '/home/thinhcuong/bumperbot_ws/install/bumperbot_msgs/lib'
[2.280s] Level 1:colcon.colcon_core.shell:create_environment_hook('bumperbot_msgs', 'ld_library_path_lib')
[2.280s] INFO:colcon.colcon_core.shell:Creating environment hook '/home/thinhcuong/bumperbot_ws/install/bumperbot_msgs/share/bumperbot_msgs/hook/ld_library_path_lib.ps1'
[2.281s] INFO:colcon.colcon_core.shell:Creating environment descriptor '/home/thinhcuong/bumperbot_ws/install/bumperbot_msgs/share/bumperbot_msgs/hook/ld_library_path_lib.dsv'
[2.282s] INFO:colcon.colcon_core.shell:Creating environment hook '/home/thinhcuong/bumperbot_ws/install/bumperbot_msgs/share/bumperbot_msgs/hook/ld_library_path_lib.sh'
[2.283s] Level 1:colcon.colcon_core.environment:checking '/home/thinhcuong/bumperbot_ws/install/bumperbot_msgs/bin'
[2.283s] Level 1:colcon.colcon_core.environment:checking '/home/thinhcuong/bumperbot_ws/install/bumperbot_msgs/lib/pkgconfig/bumperbot_msgs.pc'
[2.284s] Level 1:colcon.colcon_core.environment:checking '/home/thinhcuong/bumperbot_ws/install/bumperbot_msgs/lib/python3.10/site-packages'
[2.284s] Level 1:colcon.colcon_core.environment:checking '/home/thinhcuong/bumperbot_ws/install/bumperbot_msgs/bin'
[2.285s] INFO:colcon.colcon_core.shell:Creating package script '/home/thinhcuong/bumperbot_ws/install/bumperbot_msgs/share/bumperbot_msgs/package.ps1'
[2.286s] INFO:colcon.colcon_core.shell:Creating package descriptor '/home/thinhcuong/bumperbot_ws/install/bumperbot_msgs/share/bumperbot_msgs/package.dsv'
[2.287s] INFO:colcon.colcon_core.shell:Creating package script '/home/thinhcuong/bumperbot_ws/install/bumperbot_msgs/share/bumperbot_msgs/package.sh'
[2.288s] INFO:colcon.colcon_core.shell:Creating package script '/home/thinhcuong/bumperbot_ws/install/bumperbot_msgs/share/bumperbot_msgs/package.bash'
[2.289s] INFO:colcon.colcon_core.shell:Creating package script '/home/thinhcuong/bumperbot_ws/install/bumperbot_msgs/share/bumperbot_msgs/package.zsh'
[2.290s] Level 1:colcon.colcon_core.environment:create_file_with_runtime_dependencies(/home/thinhcuong/bumperbot_ws/install/bumperbot_msgs/share/colcon-core/packages/bumperbot_msgs)
[2.291s] INFO:colcon.colcon_ros.task.ament_cmake.build:Building ROS package in '/home/thinhcuong/bumperbot_ws/src/bumperbot_cpp_examples' with build type 'ament_cmake'
[2.292s] INFO:colcon.colcon_cmake.task.cmake.build:Building CMake package in '/home/thinhcuong/bumperbot_ws/src/bumperbot_cpp_examples'
[2.292s] INFO:colcon.colcon_core.shell:Skip shell extension 'powershell' for command environment: Not usable outside of PowerShell
[2.292s] DEBUG:colcon.colcon_core.shell:Skip shell extension 'dsv' for command environment
[2.298s] INFO:colcon.colcon_ros.task.ament_python.build:Building ROS package in '/home/thinhcuong/bumperbot_ws/src/bumperbot_py_examples' with build type 'ament_python'
[2.299s] Level 1:colcon.colcon_core.shell:create_environment_hook('bumperbot_py_examples', 'ament_prefix_path')
[2.299s] INFO:colcon.colcon_core.shell:Creating environment hook '/home/thinhcuong/bumperbot_ws/install/bumperbot_py_examples/share/bumperbot_py_examples/hook/ament_prefix_path.ps1'
[2.300s] INFO:colcon.colcon_core.shell:Creating environment descriptor '/home/thinhcuong/bumperbot_ws/install/bumperbot_py_examples/share/bumperbot_py_examples/hook/ament_prefix_path.dsv'
[2.301s] INFO:colcon.colcon_core.shell:Creating environment hook '/home/thinhcuong/bumperbot_ws/install/bumperbot_py_examples/share/bumperbot_py_examples/hook/ament_prefix_path.sh'
[2.303s] INFO:colcon.colcon_core.shell:Skip shell extension 'powershell' for command environment: Not usable outside of PowerShell
[2.303s] DEBUG:colcon.colcon_core.shell:Skip shell extension 'dsv' for command environment
[2.318s] DEBUG:colcon.colcon_core.event_handler.log_command:Invoking command in '/home/thinhcuong/bumperbot_ws/build/bumperbot_cpp_examples': AMENT_PREFIX_PATH=/home/thinhcuong/bumperbot_ws/install/bumperbot_msgs:${AMENT_PREFIX_PATH} CMAKE_PREFIX_PATH=/home/thinhcuong/bumperbot_ws/install/bumperbot_msgs:/opt/ros/humble LD_LIBRARY_PATH=/home/thinhcuong/bumperbot_ws/install/bumperbot_msgs/lib:${LD_LIBRARY_PATH} PYTHONPATH=/home/thinhcuong/bumperbot_ws/install/bumperbot_msgs/local/lib/python3.10/dist-packages:${PYTHONPATH} /usr/bin/cmake --build /home/thinhcuong/bumperbot_ws/build/bumperbot_cpp_examples -- -j12 -l12
[2.928s] INFO:colcon.colcon_core.task.python.build:Building Python package in '/home/thinhcuong/bumperbot_ws/src/bumperbot_py_examples'
[2.929s] INFO:colcon.colcon_core.shell:Skip shell extension 'powershell' for command environment: Not usable outside of PowerShell
[2.929s] DEBUG:colcon.colcon_core.shell:Skip shell extension 'dsv' for command environment
[2.940s] DEBUG:colcon.colcon_core.event_handler.log_command:Invoked command in '/home/thinhcuong/bumperbot_ws/build/bumperbot_cpp_examples' returned '0': AMENT_PREFIX_PATH=/home/thinhcuong/bumperbot_ws/install/bumperbot_msgs:${AMENT_PREFIX_PATH} CMAKE_PREFIX_PATH=/home/thinhcuong/bumperbot_ws/install/bumperbot_msgs:/opt/ros/humble LD_LIBRARY_PATH=/home/thinhcuong/bumperbot_ws/install/bumperbot_msgs/lib:${LD_LIBRARY_PATH} PYTHONPATH=/home/thinhcuong/bumperbot_ws/install/bumperbot_msgs/local/lib/python3.10/dist-packages:${PYTHONPATH} /usr/bin/cmake --build /home/thinhcuong/bumperbot_ws/build/bumperbot_cpp_examples -- -j12 -l12
[3.052s] DEBUG:colcon.colcon_core.event_handler.log_command:Invoking command in '/home/thinhcuong/bumperbot_ws/build/bumperbot_cpp_examples': AMENT_PREFIX_PATH=/home/thinhcuong/bumperbot_ws/install/bumperbot_msgs:${AMENT_PREFIX_PATH} CMAKE_PREFIX_PATH=/home/thinhcuong/bumperbot_ws/install/bumperbot_msgs:/opt/ros/humble LD_LIBRARY_PATH=/home/thinhcuong/bumperbot_ws/install/bumperbot_msgs/lib:${LD_LIBRARY_PATH} PYTHONPATH=/home/thinhcuong/bumperbot_ws/install/bumperbot_msgs/local/lib/python3.10/dist-packages:${PYTHONPATH} /usr/bin/cmake --install /home/thinhcuong/bumperbot_ws/build/bumperbot_cpp_examples
[3.082s] Level 1:colcon.colcon_core.environment:create_environment_scripts_only(bumperbot_cpp_examples)
[3.083s] Level 1:colcon.colcon_core.environment:checking '/home/thinhcuong/bumperbot_ws/install/bumperbot_cpp_examples' for CMake module files
[3.084s] DEBUG:colcon.colcon_core.event_handler.log_command:Invoked command in '/home/thinhcuong/bumperbot_ws/build/bumperbot_cpp_examples' returned '0': AMENT_PREFIX_PATH=/home/thinhcuong/bumperbot_ws/install/bumperbot_msgs:${AMENT_PREFIX_PATH} CMAKE_PREFIX_PATH=/home/thinhcuong/bumperbot_ws/install/bumperbot_msgs:/opt/ros/humble LD_LIBRARY_PATH=/home/thinhcuong/bumperbot_ws/install/bumperbot_msgs/lib:${LD_LIBRARY_PATH} PYTHONPATH=/home/thinhcuong/bumperbot_ws/install/bumperbot_msgs/local/lib/python3.10/dist-packages:${PYTHONPATH} /usr/bin/cmake --install /home/thinhcuong/bumperbot_ws/build/bumperbot_cpp_examples
[3.085s] Level 1:colcon.colcon_core.environment:checking '/home/thinhcuong/bumperbot_ws/install/bumperbot_cpp_examples' for CMake config files
[3.086s] Level 1:colcon.colcon_core.shell:create_environment_hook('bumperbot_cpp_examples', 'cmake_prefix_path')
[3.087s] INFO:colcon.colcon_core.shell:Creating environment hook '/home/thinhcuong/bumperbot_ws/install/bumperbot_cpp_examples/share/bumperbot_cpp_examples/hook/cmake_prefix_path.ps1'
[3.088s] INFO:colcon.colcon_core.shell:Creating environment descriptor '/home/thinhcuong/bumperbot_ws/install/bumperbot_cpp_examples/share/bumperbot_cpp_examples/hook/cmake_prefix_path.dsv'
[3.089s] INFO:colcon.colcon_core.shell:Creating environment hook '/home/thinhcuong/bumperbot_ws/install/bumperbot_cpp_examples/share/bumperbot_cpp_examples/hook/cmake_prefix_path.sh'
[3.090s] Level 1:colcon.colcon_core.environment:checking '/home/thinhcuong/bumperbot_ws/install/bumperbot_cpp_examples/lib'
[3.090s] Level 1:colcon.colcon_core.environment:checking '/home/thinhcuong/bumperbot_ws/install/bumperbot_cpp_examples/bin'
[3.091s] Level 1:colcon.colcon_core.environment:checking '/home/thinhcuong/bumperbot_ws/install/bumperbot_cpp_examples/lib/pkgconfig/bumperbot_cpp_examples.pc'
[3.091s] Level 1:colcon.colcon_core.environment:checking '/home/thinhcuong/bumperbot_ws/install/bumperbot_cpp_examples/lib/python3.10/site-packages'
[3.092s] Level 1:colcon.colcon_core.environment:checking '/home/thinhcuong/bumperbot_ws/install/bumperbot_cpp_examples/bin'
[3.092s] INFO:colcon.colcon_core.shell:Creating package script '/home/thinhcuong/bumperbot_ws/install/bumperbot_cpp_examples/share/bumperbot_cpp_examples/package.ps1'
[3.093s] INFO:colcon.colcon_core.shell:Creating package descriptor '/home/thinhcuong/bumperbot_ws/install/bumperbot_cpp_examples/share/bumperbot_cpp_examples/package.dsv'
[3.094s] INFO:colcon.colcon_core.shell:Creating package script '/home/thinhcuong/bumperbot_ws/install/bumperbot_cpp_examples/share/bumperbot_cpp_examples/package.sh'
[3.095s] INFO:colcon.colcon_core.shell:Creating package script '/home/thinhcuong/bumperbot_ws/install/bumperbot_cpp_examples/share/bumperbot_cpp_examples/package.bash'
[3.095s] INFO:colcon.colcon_core.shell:Creating package script '/home/thinhcuong/bumperbot_ws/install/bumperbot_cpp_examples/share/bumperbot_cpp_examples/package.zsh'
[3.096s] Level 1:colcon.colcon_core.environment:create_file_with_runtime_dependencies(/home/thinhcuong/bumperbot_ws/install/bumperbot_cpp_examples/share/colcon-core/packages/bumperbot_cpp_examples)
[3.198s] Level 1:colcon.colcon_core.environment:create_environment_scripts_only(bumperbot_cpp_examples)
[3.198s] Level 1:colcon.colcon_core.environment:checking '/home/thinhcuong/bumperbot_ws/install/bumperbot_cpp_examples' for CMake module files
[3.199s] Level 1:colcon.colcon_core.environment:checking '/home/thinhcuong/bumperbot_ws/install/bumperbot_cpp_examples' for CMake config files
[3.200s] Level 1:colcon.colcon_core.shell:create_environment_hook('bumperbot_cpp_examples', 'cmake_prefix_path')
[3.201s] INFO:colcon.colcon_core.shell:Creating environment hook '/home/thinhcuong/bumperbot_ws/install/bumperbot_cpp_examples/share/bumperbot_cpp_examples/hook/cmake_prefix_path.ps1'
[3.202s] INFO:colcon.colcon_core.shell:Creating environment descriptor '/home/thinhcuong/bumperbot_ws/install/bumperbot_cpp_examples/share/bumperbot_cpp_examples/hook/cmake_prefix_path.dsv'
[3.202s] INFO:colcon.colcon_core.shell:Creating environment hook '/home/thinhcuong/bumperbot_ws/install/bumperbot_cpp_examples/share/bumperbot_cpp_examples/hook/cmake_prefix_path.sh'
[3.204s] Level 1:colcon.colcon_core.environment:checking '/home/thinhcuong/bumperbot_ws/install/bumperbot_cpp_examples/lib'
[3.204s] Level 1:colcon.colcon_core.environment:checking '/home/thinhcuong/bumperbot_ws/install/bumperbot_cpp_examples/bin'
[3.204s] Level 1:colcon.colcon_core.environment:checking '/home/thinhcuong/bumperbot_ws/install/bumperbot_cpp_examples/lib/pkgconfig/bumperbot_cpp_examples.pc'
[3.205s] Level 1:colcon.colcon_core.environment:checking '/home/thinhcuong/bumperbot_ws/install/bumperbot_cpp_examples/lib/python3.10/site-packages'
[3.205s] Level 1:colcon.colcon_core.environment:checking '/home/thinhcuong/bumperbot_ws/install/bumperbot_cpp_examples/bin'
[3.206s] INFO:colcon.colcon_core.shell:Creating package script '/home/thinhcuong/bumperbot_ws/install/bumperbot_cpp_examples/share/bumperbot_cpp_examples/package.ps1'
[3.207s] INFO:colcon.colcon_core.shell:Creating package descriptor '/home/thinhcuong/bumperbot_ws/install/bumperbot_cpp_examples/share/bumperbot_cpp_examples/package.dsv'
[3.208s] INFO:colcon.colcon_core.shell:Creating package script '/home/thinhcuong/bumperbot_ws/install/bumperbot_cpp_examples/share/bumperbot_cpp_examples/package.sh'
[3.208s] INFO:colcon.colcon_core.shell:Creating package script '/home/thinhcuong/bumperbot_ws/install/bumperbot_cpp_examples/share/bumperbot_cpp_examples/package.bash'
[3.209s] INFO:colcon.colcon_core.shell:Creating package script '/home/thinhcuong/bumperbot_ws/install/bumperbot_cpp_examples/share/bumperbot_cpp_examples/package.zsh'
[3.210s] Level 1:colcon.colcon_core.environment:create_file_with_runtime_dependencies(/home/thinhcuong/bumperbot_ws/install/bumperbot_cpp_examples/share/colcon-core/packages/bumperbot_cpp_examples)
[3.944s] DEBUG:colcon.colcon_core.event_handler.log_command:Invoking command in '/home/thinhcuong/bumperbot_ws/src/bumperbot_py_examples': AMENT_PREFIX_PATH=/home/thinhcuong/bumperbot_ws/install/bumperbot_msgs:${AMENT_PREFIX_PATH} CMAKE_PREFIX_PATH=/home/thinhcuong/bumperbot_ws/install/bumperbot_msgs LD_LIBRARY_PATH=/home/thinhcuong/bumperbot_ws/install/bumperbot_msgs/lib:${LD_LIBRARY_PATH} PYTHONPATH=/home/thinhcuong/bumperbot_ws/build/bumperbot_py_examples/prefix_override:/home/thinhcuong/bumperbot_ws/install/bumperbot_py_examples/lib/python3.10/site-packages:/home/thinhcuong/bumperbot_ws/install/bumperbot_msgs/local/lib/python3.10/dist-packages:${PYTHONPATH} /usr/bin/python3 -W ignore:setup.py install is deprecated setup.py egg_info --egg-base ../../build/bumperbot_py_examples build --build-base /home/thinhcuong/bumperbot_ws/build/bumperbot_py_examples/build install --record /home/thinhcuong/bumperbot_ws/build/bumperbot_py_examples/install.log --single-version-externally-managed install_data
[4.615s] Level 1:colcon.colcon_core.environment:checking '/home/thinhcuong/bumperbot_ws/install/bumperbot_py_examples' for CMake module files
[4.617s] DEBUG:colcon.colcon_core.event_handler.log_command:Invoked command in '/home/thinhcuong/bumperbot_ws/src/bumperbot_py_examples' returned '0': AMENT_PREFIX_PATH=/home/thinhcuong/bumperbot_ws/install/bumperbot_msgs:${AMENT_PREFIX_PATH} CMAKE_PREFIX_PATH=/home/thinhcuong/bumperbot_ws/install/bumperbot_msgs LD_LIBRARY_PATH=/home/thinhcuong/bumperbot_ws/install/bumperbot_msgs/lib:${LD_LIBRARY_PATH} PYTHONPATH=/home/thinhcuong/bumperbot_ws/build/bumperbot_py_examples/prefix_override:/home/thinhcuong/bumperbot_ws/install/bumperbot_py_examples/lib/python3.10/site-packages:/home/thinhcuong/bumperbot_ws/install/bumperbot_msgs/local/lib/python3.10/dist-packages:${PYTHONPATH} /usr/bin/python3 -W ignore:setup.py install is deprecated setup.py egg_info --egg-base ../../build/bumperbot_py_examples build --build-base /home/thinhcuong/bumperbot_ws/build/bumperbot_py_examples/build install --record /home/thinhcuong/bumperbot_ws/build/bumperbot_py_examples/install.log --single-version-externally-managed install_data
[4.618s] Level 1:colcon.colcon_core.environment:checking '/home/thinhcuong/bumperbot_ws/install/bumperbot_py_examples' for CMake config files
[4.619s] Level 1:colcon.colcon_core.environment:checking '/home/thinhcuong/bumperbot_ws/install/bumperbot_py_examples/lib'
[4.620s] Level 1:colcon.colcon_core.environment:checking '/home/thinhcuong/bumperbot_ws/install/bumperbot_py_examples/bin'
[4.620s] Level 1:colcon.colcon_core.environment:checking '/home/thinhcuong/bumperbot_ws/install/bumperbot_py_examples/lib/pkgconfig/bumperbot_py_examples.pc'
[4.620s] Level 1:colcon.colcon_core.environment:checking '/home/thinhcuong/bumperbot_ws/install/bumperbot_py_examples/lib/python3.10/site-packages'
[4.621s] Level 1:colcon.colcon_core.shell:create_environment_hook('bumperbot_py_examples', 'pythonpath')
[4.621s] INFO:colcon.colcon_core.shell:Creating environment hook '/home/thinhcuong/bumperbot_ws/install/bumperbot_py_examples/share/bumperbot_py_examples/hook/pythonpath.ps1'
[4.622s] INFO:colcon.colcon_core.shell:Creating environment descriptor '/home/thinhcuong/bumperbot_ws/install/bumperbot_py_examples/share/bumperbot_py_examples/hook/pythonpath.dsv'
[4.623s] INFO:colcon.colcon_core.shell:Creating environment hook '/home/thinhcuong/bumperbot_ws/install/bumperbot_py_examples/share/bumperbot_py_examples/hook/pythonpath.sh'
[4.624s] Level 1:colcon.colcon_core.environment:checking '/home/thinhcuong/bumperbot_ws/install/bumperbot_py_examples/bin'
[4.624s] Level 1:colcon.colcon_core.environment:create_environment_scripts_only(bumperbot_py_examples)
[4.625s] INFO:colcon.colcon_core.shell:Creating package script '/home/thinhcuong/bumperbot_ws/install/bumperbot_py_examples/share/bumperbot_py_examples/package.ps1'
[4.626s] INFO:colcon.colcon_core.shell:Creating package descriptor '/home/thinhcuong/bumperbot_ws/install/bumperbot_py_examples/share/bumperbot_py_examples/package.dsv'
[4.627s] INFO:colcon.colcon_core.shell:Creating package script '/home/thinhcuong/bumperbot_ws/install/bumperbot_py_examples/share/bumperbot_py_examples/package.sh'
[4.628s] INFO:colcon.colcon_core.shell:Creating package script '/home/thinhcuong/bumperbot_ws/install/bumperbot_py_examples/share/bumperbot_py_examples/package.bash'
[4.629s] INFO:colcon.colcon_core.shell:Creating package script '/home/thinhcuong/bumperbot_ws/install/bumperbot_py_examples/share/bumperbot_py_examples/package.zsh'
[4.630s] Level 1:colcon.colcon_core.environment:create_file_with_runtime_dependencies(/home/thinhcuong/bumperbot_ws/install/bumperbot_py_examples/share/colcon-core/packages/bumperbot_py_examples)
[4.630s] DEBUG:colcon.colcon_parallel_executor.executor.parallel:closing loop
[4.631s] DEBUG:colcon.colcon_parallel_executor.executor.parallel:loop closed
[4.632s] DEBUG:colcon.colcon_parallel_executor.executor.parallel:run_until_complete finished with '0'
[4.632s] DEBUG:colcon.colcon_core.event_reactor:joining thread
[4.643s] INFO:colcon.colcon_core.plugin_system:Skipping extension 'colcon_notification.desktop_notification.terminal_notifier': Not used on non-Darwin systems
[4.643s] INFO:colcon.colcon_core.plugin_system:Skipping extension 'colcon_notification.desktop_notification.win32': Not used on non-Windows systems
[4.644s] INFO:colcon.colcon_notification.desktop_notification:Sending desktop notification using 'notify2'
[4.668s] DEBUG:colcon.colcon_core.event_reactor:joined thread
[4.669s] INFO:colcon.colcon_core.shell:Creating prefix script '/home/thinhcuong/bumperbot_ws/install/local_setup.ps1'
[4.671s] INFO:colcon.colcon_core.shell:Creating prefix util module '/home/thinhcuong/bumperbot_ws/install/_local_setup_util_ps1.py'
[4.673s] INFO:colcon.colcon_core.shell:Creating prefix chain script '/home/thinhcuong/bumperbot_ws/install/setup.ps1'
[4.675s] INFO:colcon.colcon_core.shell:Creating prefix script '/home/thinhcuong/bumperbot_ws/install/local_setup.sh'
[4.676s] INFO:colcon.colcon_core.shell:Creating prefix util module '/home/thinhcuong/bumperbot_ws/install/_local_setup_util_sh.py'
[4.677s] INFO:colcon.colcon_core.shell:Creating prefix chain script '/home/thinhcuong/bumperbot_ws/install/setup.sh'
[4.679s] INFO:colcon.colcon_core.shell:Creating prefix script '/home/thinhcuong/bumperbot_ws/install/local_setup.bash'
[4.679s] INFO:colcon.colcon_core.shell:Creating prefix chain script '/home/thinhcuong/bumperbot_ws/install/setup.bash'
[4.681s] INFO:colcon.colcon_core.shell:Creating prefix script '/home/thinhcuong/bumperbot_ws/install/local_setup.zsh'
[4.682s] INFO:colcon.colcon_core.shell:Creating prefix chain script '/home/thinhcuong/bumperbot_ws/install/setup.zsh'
