[0.104s] Invoking command in '/home/thinhcuong/bumperbot_ws/build/bumperbot_description': CMAKE_PREFIX_PATH=/opt/ros/humble /usr/bin/cmake --build /home/thinhcuong/bumperbot_ws/build/bumperbot_description -- -j12 -l12
[0.121s] -- Found ament_cmake: 1.3.7 (/opt/ros/humble/share/ament_cmake/cmake)
[0.236s] -- Found xacro: 2.0.8 (/opt/ros/humble/share/xacro/cmake)
[0.236s] -- Found ament_lint_auto: 0.12.10 (/opt/ros/humble/share/ament_lint_auto/cmake)
[0.290s] -- Added test 'flake8' to check Python code syntax and style conventions
[0.291s] -- Added test 'lint_cmake' to check CMake code style
[0.291s] -- Added test 'pep257' to check Python code against some of the docstring style conventions in PEP 257
[0.292s] -- Added test 'xmllint' to check XML markup files
[0.293s] -- Configuring done
[0.295s] -- Generating done
[0.297s] -- Build files have been written to: /home/thinhcuong/bumperbot_ws/build/bumperbot_description
[0.367s] Invoked command in '/home/thinhcuong/bumperbot_ws/build/bumperbot_description' returned '0': CMAKE_PREFIX_PATH=/opt/ros/humble /usr/bin/cmake --build /home/thinhcuong/bumperbot_ws/build/bumperbot_description -- -j12 -l12
[0.396s] Invoking command in '/home/thinhcuong/bumperbot_ws/build/bumperbot_description': CMAKE_PREFIX_PATH=/opt/ros/humble /usr/bin/cmake --install /home/thinhcuong/bumperbot_ws/build/bumperbot_description
[0.403s] -- Install configuration: ""
[0.403s] -- Up-to-date: /home/thinhcuong/bumperbot_ws/install/bumperbot_description/share/bumperbot_description/meshes
[0.403s] -- Up-to-date: /home/thinhcuong/bumperbot_ws/install/bumperbot_description/share/bumperbot_description/meshes/imu_link.STL
[0.403s] -- Up-to-date: /home/thinhcuong/bumperbot_ws/install/bumperbot_description/share/bumperbot_description/meshes/caster_rear_link.STL
[0.403s] -- Up-to-date: /home/thinhcuong/bumperbot_ws/install/bumperbot_description/share/bumperbot_description/meshes/wheel_left_link.STL
[0.403s] -- Up-to-date: /home/thinhcuong/bumperbot_ws/install/bumperbot_description/share/bumperbot_description/meshes/caster_front_link.STL
[0.403s] -- Up-to-date: /home/thinhcuong/bumperbot_ws/install/bumperbot_description/share/bumperbot_description/meshes/base_link.STL
[0.403s] -- Up-to-date: /home/thinhcuong/bumperbot_ws/install/bumperbot_description/share/bumperbot_description/meshes/wheel_right_link.STL
[0.403s] -- Up-to-date: /home/thinhcuong/bumperbot_ws/install/bumperbot_description/share/bumperbot_description/urdf
[0.403s] -- Up-to-date: /home/thinhcuong/bumperbot_ws/install/bumperbot_description/share/bumperbot_description/urdf/bumperbot.urdf.xacro
[0.403s] -- Up-to-date: /home/thinhcuong/bumperbot_ws/install/bumperbot_description/share/bumperbot_description/launch
[0.404s] -- Up-to-date: /home/thinhcuong/bumperbot_ws/install/bumperbot_description/share/bumperbot_description/launch/display.launch.py
[0.404s] -- Installing: /home/thinhcuong/bumperbot_ws/install/bumperbot_description/share/bumperbot_description/launch/gazebotest.launh.py
[0.404s] -- Installing: /home/thinhcuong/bumperbot_ws/install/bumperbot_description/share/bumperbot_description/launch/gazebo.launch.py
[0.404s] -- Up-to-date: /home/thinhcuong/bumperbot_ws/install/bumperbot_description/share/bumperbot_description/rviz
[0.404s] -- Up-to-date: /home/thinhcuong/bumperbot_ws/install/bumperbot_description/share/bumperbot_description/rviz/display.rviz
[0.404s] -- Up-to-date: /home/thinhcuong/bumperbot_ws/install/bumperbot_description/share/ament_index/resource_index/package_run_dependencies/bumperbot_description
[0.404s] -- Up-to-date: /home/thinhcuong/bumperbot_ws/install/bumperbot_description/share/ament_index/resource_index/parent_prefix_path/bumperbot_description
[0.404s] -- Up-to-date: /home/thinhcuong/bumperbot_ws/install/bumperbot_description/share/bumperbot_description/environment/ament_prefix_path.sh
[0.404s] -- Installing: /home/thinhcuong/bumperbot_ws/install/bumperbot_description/share/bumperbot_description/environment/ament_prefix_path.dsv
[0.404s] -- Up-to-date: /home/thinhcuong/bumperbot_ws/install/bumperbot_description/share/bumperbot_description/environment/path.sh
[0.404s] -- Installing: /home/thinhcuong/bumperbot_ws/install/bumperbot_description/share/bumperbot_description/environment/path.dsv
[0.404s] -- Up-to-date: /home/thinhcuong/bumperbot_ws/install/bumperbot_description/share/bumperbot_description/local_setup.bash
[0.404s] -- Up-to-date: /home/thinhcuong/bumperbot_ws/install/bumperbot_description/share/bumperbot_description/local_setup.sh
[0.405s] -- Up-to-date: /home/thinhcuong/bumperbot_ws/install/bumperbot_description/share/bumperbot_description/local_setup.zsh
[0.405s] -- Installing: /home/thinhcuong/bumperbot_ws/install/bumperbot_description/share/bumperbot_description/local_setup.dsv
[0.405s] -- Installing: /home/thinhcuong/bumperbot_ws/install/bumperbot_description/share/bumperbot_description/package.dsv
[0.405s] -- Up-to-date: /home/thinhcuong/bumperbot_ws/install/bumperbot_description/share/ament_index/resource_index/packages/bumperbot_description
[0.405s] -- Up-to-date: /home/thinhcuong/bumperbot_ws/install/bumperbot_description/share/bumperbot_description/cmake/bumperbot_descriptionConfig.cmake
[0.405s] -- Up-to-date: /home/thinhcuong/bumperbot_ws/install/bumperbot_description/share/bumperbot_description/cmake/bumperbot_descriptionConfig-version.cmake
[0.405s] -- Installing: /home/thinhcuong/bumperbot_ws/install/bumperbot_description/share/bumperbot_description/package.xml
[0.407s] Invoked command in '/home/thinhcuong/bumperbot_ws/build/bumperbot_description' returned '0': CMAKE_PREFIX_PATH=/opt/ros/humble /usr/bin/cmake --install /home/thinhcuong/bumperbot_ws/build/bumperbot_description
