[0.633s] Invoking command in '/home/thinhcuong/bumperbot_ws/src/bumperbot_py_examples': PYTHONPATH=/home/thinhcuong/bumperbot_ws/build/bumperbot_py_examples/prefix_override:/home/thinhcuong/bumperbot_ws/install/bumperbot_py_examples/lib/python3.10/site-packages:${PYTHONPATH} /usr/bin/python3 -W ignore:setup.py install is deprecated setup.py egg_info --egg-base ../../build/bumperbot_py_examples build --build-base /home/thinhcuong/bumperbot_ws/build/bumperbot_py_examples/build install --record /home/thinhcuong/bumperbot_ws/build/bumperbot_py_examples/install.log --single-version-externally-managed install_data
[0.825s] running egg_info
[0.825s] writing ../../build/bumperbot_py_examples/bumperbot_py_examples.egg-info/PKG-INFO
[0.825s] writing dependency_links to ../../build/bumperbot_py_examples/bumperbot_py_examples.egg-info/dependency_links.txt
[0.825s] writing entry points to ../../build/bumperbot_py_examples/bumperbot_py_examples.egg-info/entry_points.txt
[0.826s] writing requirements to ../../build/bumperbot_py_examples/bumperbot_py_examples.egg-info/requires.txt
[0.826s] writing top-level names to ../../build/bumperbot_py_examples/bumperbot_py_examples.egg-info/top_level.txt
[0.827s] reading manifest file '../../build/bumperbot_py_examples/bumperbot_py_examples.egg-info/SOURCES.txt'
[0.828s] writing manifest file '../../build/bumperbot_py_examples/bumperbot_py_examples.egg-info/SOURCES.txt'
[0.828s] running build
[0.828s] running build_py
[0.828s] running install
[0.829s] running install_lib
[0.829s] running install_data
[0.830s] running install_egg_info
[0.832s] removing '/home/thinhcuong/bumperbot_ws/install/bumperbot_py_examples/lib/python3.10/site-packages/bumperbot_py_examples-0.0.0-py3.10.egg-info' (and everything under it)
[0.832s] Copying ../../build/bumperbot_py_examples/bumperbot_py_examples.egg-info to /home/thinhcuong/bumperbot_ws/install/bumperbot_py_examples/lib/python3.10/site-packages/bumperbot_py_examples-0.0.0-py3.10.egg-info
[0.833s] running install_scripts
[0.848s] Installing simple_parameter script to /home/thinhcuong/bumperbot_ws/install/bumperbot_py_examples/lib/bumperbot_py_examples
[0.848s] Installing simple_publisher script to /home/thinhcuong/bumperbot_ws/install/bumperbot_py_examples/lib/bumperbot_py_examples
[0.848s] Installing simple_subscriber script to /home/thinhcuong/bumperbot_ws/install/bumperbot_py_examples/lib/bumperbot_py_examples
[0.848s] Installing simple_turtlesim_kinematics script to /home/thinhcuong/bumperbot_ws/install/bumperbot_py_examples/lib/bumperbot_py_examples
[0.849s] writing list of installed files to '/home/thinhcuong/bumperbot_ws/build/bumperbot_py_examples/install.log'
[0.870s] Invoked command in '/home/thinhcuong/bumperbot_ws/src/bumperbot_py_examples' returned '0': PYTHONPATH=/home/thinhcuong/bumperbot_ws/build/bumperbot_py_examples/prefix_override:/home/thinhcuong/bumperbot_ws/install/bumperbot_py_examples/lib/python3.10/site-packages:${PYTHONPATH} /usr/bin/python3 -W ignore:setup.py install is deprecated setup.py egg_info --egg-base ../../build/bumperbot_py_examples build --build-base /home/thinhcuong/bumperbot_ws/build/bumperbot_py_examples/build install --record /home/thinhcuong/bumperbot_ws/build/bumperbot_py_examples/install.log --single-version-externally-managed install_data
