[0.236s] DEBUG:colcon:Command line arguments: ['/usr/bin/colcon', 'list', '-p', '--base-paths', '/home/thinhcuong/bumperbot_ws']
[0.236s] DEBUG:colcon:Parsed command line arguments: Namespace(log_base=None, log_level=None, verb_name='list', build_base='build', ignore_user_meta=False, metas=['./colcon.meta'], base_paths=['/home/thinhcuong/bumperbot_ws'], packages_ignore=None, packages_ignore_regex=None, paths=None, packages_up_to=None, packages_up_to_regex=None, packages_above=None, packages_above_and_dependencies=None, packages_above_depth=None, packages_select_by_dep=None, packages_skip_by_dep=None, packages_skip_up_to=None, packages_select_build_failed=False, packages_skip_build_finished=False, packages_select_test_failures=False, packages_skip_test_passed=False, packages_select=None, packages_skip=None, packages_select_regex=None, packages_skip_regex=None, packages_start=None, packages_end=None, allow_overriding=[], topological_order=False, names_only=False, paths_only=True, topological_graph=False, topological_graph_dot=False, topological_graph_density=False, topological_graph_legend=False, topological_graph_dot_cluster=False, topological_graph_dot_include_skipped=False, verb_parser=<colcon_defaults.argument_parser.defaults.DefaultArgumentsDecorator object at 0x7930923460b0>, verb_extension=<colcon_package_information.verb.list.ListVerb object at 0x793092345360>, main=<bound method ListVerb.main of <colcon_package_information.verb.list.ListVerb object at 0x793092345360>>)
[0.704s] Level 1:colcon.colcon_core.package_discovery:discover_packages(colcon_meta) check parameters
[0.704s] Level 1:colcon.colcon_core.package_discovery:discover_packages(recursive) check parameters
[0.704s] Level 1:colcon.colcon_core.package_discovery:discover_packages(ignore) check parameters
[0.704s] Level 1:colcon.colcon_core.package_discovery:discover_packages(path) check parameters
[0.704s] Level 1:colcon.colcon_core.package_discovery:discover_packages(recursive) discover
[0.704s] INFO:colcon.colcon_core.package_discovery:Crawling recursively for packages in '/home/thinhcuong/bumperbot_ws'
[0.704s] Level 1:colcon.colcon_core.package_identification:_identify(/home/thinhcuong/bumperbot_ws) by extensions ['ignore', 'ignore_ament_install']
[0.705s] Level 1:colcon.colcon_core.package_identification:_identify(/home/thinhcuong/bumperbot_ws) by extension 'ignore'
[0.705s] Level 1:colcon.colcon_core.package_identification:_identify(/home/thinhcuong/bumperbot_ws) by extension 'ignore_ament_install'
[0.705s] Level 1:colcon.colcon_core.package_identification:_identify(/home/thinhcuong/bumperbot_ws) by extensions ['colcon_pkg']
[0.705s] Level 1:colcon.colcon_core.package_identification:_identify(/home/thinhcuong/bumperbot_ws) by extension 'colcon_pkg'
[0.705s] Level 1:colcon.colcon_core.package_identification:_identify(/home/thinhcuong/bumperbot_ws) by extensions ['colcon_meta']
[0.706s] Level 1:colcon.colcon_core.package_identification:_identify(/home/thinhcuong/bumperbot_ws) by extension 'colcon_meta'
[0.706s] Level 1:colcon.colcon_core.package_identification:_identify(/home/thinhcuong/bumperbot_ws) by extensions ['ros']
[0.706s] Level 1:colcon.colcon_core.package_identification:_identify(/home/thinhcuong/bumperbot_ws) by extension 'ros'
[0.738s] Level 1:colcon.colcon_core.package_identification:_identify(/home/thinhcuong/bumperbot_ws) by extensions ['cmake', 'python']
[0.738s] Level 1:colcon.colcon_core.package_identification:_identify(/home/thinhcuong/bumperbot_ws) by extension 'cmake'
[0.738s] Level 1:colcon.colcon_core.package_identification:_identify(/home/thinhcuong/bumperbot_ws) by extension 'python'
[0.738s] Level 1:colcon.colcon_core.package_identification:_identify(/home/thinhcuong/bumperbot_ws) by extensions ['python_setup_py']
[0.739s] Level 1:colcon.colcon_core.package_identification:_identify(/home/thinhcuong/bumperbot_ws) by extension 'python_setup_py'
[0.739s] Level 1:colcon.colcon_core.package_identification:_identify(/home/thinhcuong/bumperbot_ws/build) by extensions ['ignore', 'ignore_ament_install']
[0.739s] Level 1:colcon.colcon_core.package_identification:_identify(/home/thinhcuong/bumperbot_ws/build) by extension 'ignore'
[0.740s] Level 1:colcon.colcon_core.package_identification:_identify(/home/thinhcuong/bumperbot_ws/build) ignored
[0.740s] Level 1:colcon.colcon_core.package_identification:_identify(/home/thinhcuong/bumperbot_ws/install) by extensions ['ignore', 'ignore_ament_install']
[0.740s] Level 1:colcon.colcon_core.package_identification:_identify(/home/thinhcuong/bumperbot_ws/install) by extension 'ignore'
[0.741s] Level 1:colcon.colcon_core.package_identification:_identify(/home/thinhcuong/bumperbot_ws/install) ignored
[0.741s] Level 1:colcon.colcon_core.package_identification:_identify(/home/thinhcuong/bumperbot_ws/log) by extensions ['ignore', 'ignore_ament_install']
[0.742s] Level 1:colcon.colcon_core.package_identification:_identify(/home/thinhcuong/bumperbot_ws/log) by extension 'ignore'
[0.742s] Level 1:colcon.colcon_core.package_identification:_identify(/home/thinhcuong/bumperbot_ws/log) ignored
[0.742s] Level 1:colcon.colcon_core.package_identification:_identify(/home/thinhcuong/bumperbot_ws/src) by extensions ['ignore', 'ignore_ament_install']
[0.743s] Level 1:colcon.colcon_core.package_identification:_identify(/home/thinhcuong/bumperbot_ws/src) by extension 'ignore'
[0.743s] Level 1:colcon.colcon_core.package_identification:_identify(/home/thinhcuong/bumperbot_ws/src) by extension 'ignore_ament_install'
[0.743s] Level 1:colcon.colcon_core.package_identification:_identify(/home/thinhcuong/bumperbot_ws/src) by extensions ['colcon_pkg']
[0.743s] Level 1:colcon.colcon_core.package_identification:_identify(/home/thinhcuong/bumperbot_ws/src) by extension 'colcon_pkg'
[0.743s] Level 1:colcon.colcon_core.package_identification:_identify(/home/thinhcuong/bumperbot_ws/src) by extensions ['colcon_meta']
[0.744s] Level 1:colcon.colcon_core.package_identification:_identify(/home/thinhcuong/bumperbot_ws/src) by extension 'colcon_meta'
[0.744s] Level 1:colcon.colcon_core.package_identification:_identify(/home/thinhcuong/bumperbot_ws/src) by extensions ['ros']
[0.744s] Level 1:colcon.colcon_core.package_identification:_identify(/home/thinhcuong/bumperbot_ws/src) by extension 'ros'
[0.744s] Level 1:colcon.colcon_core.package_identification:_identify(/home/thinhcuong/bumperbot_ws/src) by extensions ['cmake', 'python']
[0.744s] Level 1:colcon.colcon_core.package_identification:_identify(/home/thinhcuong/bumperbot_ws/src) by extension 'cmake'
[0.744s] Level 1:colcon.colcon_core.package_identification:_identify(/home/thinhcuong/bumperbot_ws/src) by extension 'python'
[0.745s] Level 1:colcon.colcon_core.package_identification:_identify(/home/thinhcuong/bumperbot_ws/src) by extensions ['python_setup_py']
[0.745s] Level 1:colcon.colcon_core.package_identification:_identify(/home/thinhcuong/bumperbot_ws/src) by extension 'python_setup_py'
[0.745s] Level 1:colcon.colcon_core.package_identification:_identify(/home/thinhcuong/bumperbot_ws/src/build) by extensions ['ignore', 'ignore_ament_install']
[0.745s] Level 1:colcon.colcon_core.package_identification:_identify(/home/thinhcuong/bumperbot_ws/src/build) by extension 'ignore'
[0.746s] Level 1:colcon.colcon_core.package_identification:_identify(/home/thinhcuong/bumperbot_ws/src/build) ignored
[0.746s] Level 1:colcon.colcon_core.package_identification:_identify(/home/thinhcuong/bumperbot_ws/src/bumperbot_controller) by extensions ['ignore', 'ignore_ament_install']
[0.746s] Level 1:colcon.colcon_core.package_identification:_identify(/home/thinhcuong/bumperbot_ws/src/bumperbot_controller) by extension 'ignore'
[0.746s] Level 1:colcon.colcon_core.package_identification:_identify(/home/thinhcuong/bumperbot_ws/src/bumperbot_controller) by extension 'ignore_ament_install'
[0.747s] Level 1:colcon.colcon_core.package_identification:_identify(/home/thinhcuong/bumperbot_ws/src/bumperbot_controller) by extensions ['colcon_pkg']
[0.747s] Level 1:colcon.colcon_core.package_identification:_identify(/home/thinhcuong/bumperbot_ws/src/bumperbot_controller) by extension 'colcon_pkg'
[0.747s] Level 1:colcon.colcon_core.package_identification:_identify(/home/thinhcuong/bumperbot_ws/src/bumperbot_controller) by extensions ['colcon_meta']
[0.747s] Level 1:colcon.colcon_core.package_identification:_identify(/home/thinhcuong/bumperbot_ws/src/bumperbot_controller) by extension 'colcon_meta'
[0.747s] Level 1:colcon.colcon_core.package_identification:_identify(/home/thinhcuong/bumperbot_ws/src/bumperbot_controller) by extensions ['ros']
[0.747s] Level 1:colcon.colcon_core.package_identification:_identify(/home/thinhcuong/bumperbot_ws/src/bumperbot_controller) by extension 'ros'
[0.753s] DEBUG:colcon.colcon_core.package_identification:Package '/home/thinhcuong/bumperbot_ws/src/bumperbot_controller' with type 'ros.ament_cmake' and name 'bumperbot_controller'
[0.753s] Level 1:colcon.colcon_core.package_identification:_identify(/home/thinhcuong/bumperbot_ws/src/bumperbot_cpp_examples) by extensions ['ignore', 'ignore_ament_install']
[0.753s] Level 1:colcon.colcon_core.package_identification:_identify(/home/thinhcuong/bumperbot_ws/src/bumperbot_cpp_examples) by extension 'ignore'
[0.753s] Level 1:colcon.colcon_core.package_identification:_identify(/home/thinhcuong/bumperbot_ws/src/bumperbot_cpp_examples) by extension 'ignore_ament_install'
[0.753s] Level 1:colcon.colcon_core.package_identification:_identify(/home/thinhcuong/bumperbot_ws/src/bumperbot_cpp_examples) by extensions ['colcon_pkg']
[0.753s] Level 1:colcon.colcon_core.package_identification:_identify(/home/thinhcuong/bumperbot_ws/src/bumperbot_cpp_examples) by extension 'colcon_pkg'
[0.754s] Level 1:colcon.colcon_core.package_identification:_identify(/home/thinhcuong/bumperbot_ws/src/bumperbot_cpp_examples) by extensions ['colcon_meta']
[0.754s] Level 1:colcon.colcon_core.package_identification:_identify(/home/thinhcuong/bumperbot_ws/src/bumperbot_cpp_examples) by extension 'colcon_meta'
[0.754s] Level 1:colcon.colcon_core.package_identification:_identify(/home/thinhcuong/bumperbot_ws/src/bumperbot_cpp_examples) by extensions ['ros']
[0.754s] Level 1:colcon.colcon_core.package_identification:_identify(/home/thinhcuong/bumperbot_ws/src/bumperbot_cpp_examples) by extension 'ros'
[0.755s] DEBUG:colcon.colcon_core.package_identification:Package '/home/thinhcuong/bumperbot_ws/src/bumperbot_cpp_examples' with type 'ros.ament_cmake' and name 'bumperbot_cpp_examples'
[0.755s] Level 1:colcon.colcon_core.package_identification:_identify(/home/thinhcuong/bumperbot_ws/src/bumperbot_description) by extensions ['ignore', 'ignore_ament_install']
[0.756s] Level 1:colcon.colcon_core.package_identification:_identify(/home/thinhcuong/bumperbot_ws/src/bumperbot_description) by extension 'ignore'
[0.756s] Level 1:colcon.colcon_core.package_identification:_identify(/home/thinhcuong/bumperbot_ws/src/bumperbot_description) by extension 'ignore_ament_install'
[0.756s] Level 1:colcon.colcon_core.package_identification:_identify(/home/thinhcuong/bumperbot_ws/src/bumperbot_description) by extensions ['colcon_pkg']
[0.756s] Level 1:colcon.colcon_core.package_identification:_identify(/home/thinhcuong/bumperbot_ws/src/bumperbot_description) by extension 'colcon_pkg'
[0.756s] Level 1:colcon.colcon_core.package_identification:_identify(/home/thinhcuong/bumperbot_ws/src/bumperbot_description) by extensions ['colcon_meta']
[0.756s] Level 1:colcon.colcon_core.package_identification:_identify(/home/thinhcuong/bumperbot_ws/src/bumperbot_description) by extension 'colcon_meta'
[0.756s] Level 1:colcon.colcon_core.package_identification:_identify(/home/thinhcuong/bumperbot_ws/src/bumperbot_description) by extensions ['ros']
[0.757s] Level 1:colcon.colcon_core.package_identification:_identify(/home/thinhcuong/bumperbot_ws/src/bumperbot_description) by extension 'ros'
[0.757s] DEBUG:colcon.colcon_core.package_identification:Package '/home/thinhcuong/bumperbot_ws/src/bumperbot_description' with type 'ros.ament_cmake' and name 'bumperbot_description'
[0.758s] Level 1:colcon.colcon_core.package_identification:_identify(/home/thinhcuong/bumperbot_ws/src/bumperbot_py_examples) by extensions ['ignore', 'ignore_ament_install']
[0.758s] Level 1:colcon.colcon_core.package_identification:_identify(/home/thinhcuong/bumperbot_ws/src/bumperbot_py_examples) by extension 'ignore'
[0.758s] Level 1:colcon.colcon_core.package_identification:_identify(/home/thinhcuong/bumperbot_ws/src/bumperbot_py_examples) by extension 'ignore_ament_install'
[0.758s] Level 1:colcon.colcon_core.package_identification:_identify(/home/thinhcuong/bumperbot_ws/src/bumperbot_py_examples) by extensions ['colcon_pkg']
[0.758s] Level 1:colcon.colcon_core.package_identification:_identify(/home/thinhcuong/bumperbot_ws/src/bumperbot_py_examples) by extension 'colcon_pkg'
[0.758s] Level 1:colcon.colcon_core.package_identification:_identify(/home/thinhcuong/bumperbot_ws/src/bumperbot_py_examples) by extensions ['colcon_meta']
[0.758s] Level 1:colcon.colcon_core.package_identification:_identify(/home/thinhcuong/bumperbot_ws/src/bumperbot_py_examples) by extension 'colcon_meta'
[0.759s] Level 1:colcon.colcon_core.package_identification:_identify(/home/thinhcuong/bumperbot_ws/src/bumperbot_py_examples) by extensions ['ros']
[0.759s] Level 1:colcon.colcon_core.package_identification:_identify(/home/thinhcuong/bumperbot_ws/src/bumperbot_py_examples) by extension 'ros'
[0.760s] DEBUG:colcon.colcon_core.package_identification:Package '/home/thinhcuong/bumperbot_ws/src/bumperbot_py_examples' with type 'ros.ament_python' and name 'bumperbot_py_examples'
[0.760s] Level 1:colcon.colcon_core.package_identification:_identify(/home/thinhcuong/bumperbot_ws/src/install) by extensions ['ignore', 'ignore_ament_install']
[0.760s] Level 1:colcon.colcon_core.package_identification:_identify(/home/thinhcuong/bumperbot_ws/src/install) by extension 'ignore'
[0.760s] Level 1:colcon.colcon_core.package_identification:_identify(/home/thinhcuong/bumperbot_ws/src/install) ignored
[0.761s] Level 1:colcon.colcon_core.package_identification:_identify(/home/thinhcuong/bumperbot_ws/src/log) by extensions ['ignore', 'ignore_ament_install']
[0.761s] Level 1:colcon.colcon_core.package_identification:_identify(/home/thinhcuong/bumperbot_ws/src/log) by extension 'ignore'
[0.761s] Level 1:colcon.colcon_core.package_identification:_identify(/home/thinhcuong/bumperbot_ws/src/log) ignored
[0.761s] Level 1:colcon.colcon_core.package_discovery:discover_packages(recursive) using defaults
