[0.012s] Invoking command in '/home/thinhcuong/bumperbot_ws/build/bumperbot_controller': CMAKE_PREFIX_PATH=/opt/ros/humble /usr/bin/cmake --build /home/thinhcuong/bumperbot_ws/build/bumperbot_controller -- -j12 -l12
[0.040s] -- Found ament_cmake: 1.3.8 (/opt/ros/humble/share/ament_cmake/cmake)
[0.245s] -- Found rclpy: 3.3.12 (/opt/ros/humble/share/rclpy/cmake)
[0.246s] -- Found std_msgs: 4.2.3 (/opt/ros/humble/share/std_msgs/cmake)
[0.314s] -- Found rosidl_generator_c: 3.1.5 (/opt/ros/humble/share/rosidl_generator_c/cmake)
[0.319s] -- Found rosidl_adapter: 3.1.5 (/opt/ros/humble/share/rosidl_adapter/cmake)
[0.339s] -- Found rosidl_generator_cpp: 3.1.5 (/opt/ros/humble/share/rosidl_generator_cpp/cmake)
[0.399s] -- Using all available rosidl_typesupport_c: rosidl_typesupport_fastrtps_c;rosidl_typesupport_introspection_c
[0.433s] -- Using all available rosidl_typesupport_cpp: rosidl_typesupport_fastrtps_cpp;rosidl_typesupport_introspection_cpp
[0.539s] -- Found geometry_msgs: 4.2.3 (/opt/ros/humble/share/geometry_msgs/cmake)
[0.591s] -- Found rclcpp: 16.0.8 (/opt/ros/humble/share/rclcpp/cmake)
[0.680s] -- Found rmw_implementation_cmake: 6.1.1 (/opt/ros/humble/share/rmw_implementation_cmake/cmake)
[0.682s] -- Found rmw_fastrtps_cpp: 6.2.6 (/opt/ros/humble/share/rmw_fastrtps_cpp/cmake)
[0.826s] -- Using RMW implementation 'rmw_fastrtps_cpp' as default
[0.959s] -- Found sensor_msgs: 4.2.3 (/opt/ros/humble/share/sensor_msgs/cmake)
[1.081s] -- Found ament_lint_auto: 0.12.10 (/opt/ros/humble/share/ament_lint_auto/cmake)
[1.163s] -- Added test 'cppcheck' to perform static code analysis on C / C++ code
[1.164s] -- Configured cppcheck include dirs: /home/thinhcuong/bumperbot_ws/src/bumperbot_controller/include
[1.164s] -- Configured cppcheck exclude dirs and/or files: 
[1.164s] -- Added test 'flake8' to check Python code syntax and style conventions
[1.165s] -- Added test 'lint_cmake' to check CMake code style
[1.166s] -- Added test 'pep257' to check Python code against some of the docstring style conventions in PEP 257
[1.168s] -- Added test 'uncrustify' to check C / C++ code style
[1.168s] -- Configured uncrustify additional arguments: 
[1.168s] -- Added test 'xmllint' to check XML markup files
[1.170s] -- Configuring done
[1.193s] -- Generating done
[1.198s] -- Build files have been written to: /home/thinhcuong/bumperbot_ws/build/bumperbot_controller
[1.225s] [35m[1mConsolidate compiler generated dependencies of target simple_controller[0m
[1.239s] [  0%] Built target ament_cmake_python_copy_bumperbot_controller
[1.246s] [ 50%] [32mBuilding CXX object CMakeFiles/simple_controller.dir/src/simple_controller.cpp.o[0m
[1.476s] running egg_info
[1.477s] writing bumperbot_controller.egg-info/PKG-INFO
[1.477s] writing dependency_links to bumperbot_controller.egg-info/dependency_links.txt
[1.478s] writing top-level names to bumperbot_controller.egg-info/top_level.txt
[1.480s] reading manifest file 'bumperbot_controller.egg-info/SOURCES.txt'
[1.481s] writing manifest file 'bumperbot_controller.egg-info/SOURCES.txt'
[1.520s] [ 50%] Built target ament_cmake_python_build_bumperbot_controller_egg
[10.191s] [100%] [32m[1mLinking CXX executable simple_controller[0m
[10.487s] [100%] Built target simple_controller
[10.498s] Invoked command in '/home/thinhcuong/bumperbot_ws/build/bumperbot_controller' returned '0': CMAKE_PREFIX_PATH=/opt/ros/humble /usr/bin/cmake --build /home/thinhcuong/bumperbot_ws/build/bumperbot_controller -- -j12 -l12
[10.523s] Invoking command in '/home/thinhcuong/bumperbot_ws/build/bumperbot_controller': CMAKE_PREFIX_PATH=/opt/ros/humble /usr/bin/cmake --install /home/thinhcuong/bumperbot_ws/build/bumperbot_controller
[10.530s] -- Install configuration: ""
[10.530s] -- Up-to-date: /home/thinhcuong/bumperbot_ws/install/bumperbot_controller/share/bumperbot_controller/environment/pythonpath.sh
[10.530s] -- Installing: /home/thinhcuong/bumperbot_ws/install/bumperbot_controller/share/bumperbot_controller/environment/pythonpath.dsv
[10.530s] -- Up-to-date: /home/thinhcuong/bumperbot_ws/install/bumperbot_controller/local/lib/python3.10/dist-packages/bumperbot_controller-0.0.0-py3.10.egg-info
[10.530s] -- Installing: /home/thinhcuong/bumperbot_ws/install/bumperbot_controller/local/lib/python3.10/dist-packages/bumperbot_controller-0.0.0-py3.10.egg-info/PKG-INFO
[10.531s] -- Installing: /home/thinhcuong/bumperbot_ws/install/bumperbot_controller/local/lib/python3.10/dist-packages/bumperbot_controller-0.0.0-py3.10.egg-info/dependency_links.txt
[10.531s] -- Installing: /home/thinhcuong/bumperbot_ws/install/bumperbot_controller/local/lib/python3.10/dist-packages/bumperbot_controller-0.0.0-py3.10.egg-info/top_level.txt
[10.531s] -- Installing: /home/thinhcuong/bumperbot_ws/install/bumperbot_controller/local/lib/python3.10/dist-packages/bumperbot_controller-0.0.0-py3.10.egg-info/SOURCES.txt
[10.531s] -- Up-to-date: /home/thinhcuong/bumperbot_ws/install/bumperbot_controller/local/lib/python3.10/dist-packages/bumperbot_controller
[10.531s] -- Up-to-date: /home/thinhcuong/bumperbot_ws/install/bumperbot_controller/local/lib/python3.10/dist-packages/bumperbot_controller/__init__.py
[10.531s] -- Installing: /home/thinhcuong/bumperbot_ws/install/bumperbot_controller/local/lib/python3.10/dist-packages/bumperbot_controller/simple_controller.py
[10.558s] Listing '/home/thinhcuong/bumperbot_ws/install/bumperbot_controller/local/lib/python3.10/dist-packages/bumperbot_controller'...
[10.559s] Compiling '/home/thinhcuong/bumperbot_ws/install/bumperbot_controller/local/lib/python3.10/dist-packages/bumperbot_controller/simple_controller.py'...
[10.561s] -- Up-to-date: /home/thinhcuong/bumperbot_ws/install/bumperbot_controller/include/include
[10.562s] -- Up-to-date: /home/thinhcuong/bumperbot_ws/install/bumperbot_controller/include/include/bumperbot_controller
[10.562s] -- Up-to-date: /home/thinhcuong/bumperbot_ws/install/bumperbot_controller/include/include/bumperbot_controller/simple_controller.hpp
[10.562s] -- Installing: /home/thinhcuong/bumperbot_ws/install/bumperbot_controller/lib/bumperbot_controller/simple_controller
[10.569s] -- Set runtime path of "/home/thinhcuong/bumperbot_ws/install/bumperbot_controller/lib/bumperbot_controller/simple_controller" to ""
[10.569s] -- Up-to-date: /home/thinhcuong/bumperbot_ws/install/bumperbot_controller/share/bumperbot_controller/config
[10.569s] -- Up-to-date: /home/thinhcuong/bumperbot_ws/install/bumperbot_controller/share/bumperbot_controller/config/joy_teleop.yaml
[10.570s] -- Up-to-date: /home/thinhcuong/bumperbot_ws/install/bumperbot_controller/share/bumperbot_controller/config/joy_config.yaml
[10.570s] -- Up-to-date: /home/thinhcuong/bumperbot_ws/install/bumperbot_controller/share/bumperbot_controller/config/bumperbot_controllers.yaml
[10.570s] -- Up-to-date: /home/thinhcuong/bumperbot_ws/install/bumperbot_controller/share/bumperbot_controller/launch
[10.570s] -- Up-to-date: /home/thinhcuong/bumperbot_ws/install/bumperbot_controller/share/bumperbot_controller/launch/joystick_teleop.launch.py
[10.570s] -- Up-to-date: /home/thinhcuong/bumperbot_ws/install/bumperbot_controller/share/bumperbot_controller/launch/controller.launch.py
[10.570s] -- Installing: /home/thinhcuong/bumperbot_ws/install/bumperbot_controller/lib/bumperbot_controller/simple_controller.py
[10.570s] -- Installing: /home/thinhcuong/bumperbot_ws/install/bumperbot_controller/share/ament_index/resource_index/package_run_dependencies/bumperbot_controller
[10.571s] -- Up-to-date: /home/thinhcuong/bumperbot_ws/install/bumperbot_controller/share/ament_index/resource_index/parent_prefix_path/bumperbot_controller
[10.571s] -- Up-to-date: /home/thinhcuong/bumperbot_ws/install/bumperbot_controller/share/bumperbot_controller/environment/ament_prefix_path.sh
[10.571s] -- Installing: /home/thinhcuong/bumperbot_ws/install/bumperbot_controller/share/bumperbot_controller/environment/ament_prefix_path.dsv
[10.571s] -- Up-to-date: /home/thinhcuong/bumperbot_ws/install/bumperbot_controller/share/bumperbot_controller/environment/path.sh
[10.571s] -- Installing: /home/thinhcuong/bumperbot_ws/install/bumperbot_controller/share/bumperbot_controller/environment/path.dsv
[10.571s] -- Up-to-date: /home/thinhcuong/bumperbot_ws/install/bumperbot_controller/share/bumperbot_controller/local_setup.bash
[10.571s] -- Up-to-date: /home/thinhcuong/bumperbot_ws/install/bumperbot_controller/share/bumperbot_controller/local_setup.sh
[10.571s] -- Up-to-date: /home/thinhcuong/bumperbot_ws/install/bumperbot_controller/share/bumperbot_controller/local_setup.zsh
[10.571s] -- Installing: /home/thinhcuong/bumperbot_ws/install/bumperbot_controller/share/bumperbot_controller/local_setup.dsv
[10.571s] -- Installing: /home/thinhcuong/bumperbot_ws/install/bumperbot_controller/share/bumperbot_controller/package.dsv
[10.572s] -- Up-to-date: /home/thinhcuong/bumperbot_ws/install/bumperbot_controller/share/ament_index/resource_index/packages/bumperbot_controller
[10.572s] -- Up-to-date: /home/thinhcuong/bumperbot_ws/install/bumperbot_controller/share/bumperbot_controller/cmake/bumperbot_controllerConfig.cmake
[10.572s] -- Up-to-date: /home/thinhcuong/bumperbot_ws/install/bumperbot_controller/share/bumperbot_controller/cmake/bumperbot_controllerConfig-version.cmake
[10.572s] -- Installing: /home/thinhcuong/bumperbot_ws/install/bumperbot_controller/share/bumperbot_controller/package.xml
[10.574s] Invoked command in '/home/thinhcuong/bumperbot_ws/build/bumperbot_controller' returned '0': CMAKE_PREFIX_PATH=/opt/ros/humble /usr/bin/cmake --install /home/thinhcuong/bumperbot_ws/build/bumperbot_controller
