[0.012s] Invoking command in '/home/thinhcuong/bumperbot_ws/build/bumperbot_cpp_examples': AMENT_PREFIX_PATH=/home/thinhcuong/bumperbot_ws/install/bumperbot_msgs:${AMENT_PREFIX_PATH} CMAKE_PREFIX_PATH=/home/thinhcuong/bumperbot_ws/install/bumperbot_msgs:/opt/ros/humble LD_LIBRARY_PATH=/home/thinhcuong/bumperbot_ws/install/bumperbot_msgs/lib:${LD_LIBRARY_PATH} PYTHONPATH=/home/thinhcuong/bumperbot_ws/install/bumperbot_msgs/local/lib/python3.10/dist-packages:${PYTHONPATH} /usr/bin/cmake --build /home/thinhcuong/bumperbot_ws/build/bumperbot_cpp_examples -- -j12 -l12
[0.052s] [35m[1mConsolidate compiler generated dependencies of target simple_parameter[0m
[0.056s] [35m[1mConsolidate compiler generated dependencies of target simple_service_server[0m
[0.066s] [ 16%] Built target simple_publisher
[0.066s] [ 33%] Built target simple_subscriber
[0.068s] [ 50%] Built target simple_turtlesim_kinematics
[0.070s] [ 66%] Built target simple_tf_kinematics
[0.072s] [ 83%] Built target simple_parameter
[0.079s] [ 91%] [32mBuilding CXX object CMakeFiles/simple_service_server.dir/src/simple_service_server.cpp.o[0m
[2.865s] [100%] [32m[1mLinking CXX executable simple_service_server[0m
[2.983s] [100%] Built target simple_service_server
[2.994s] Invoked command in '/home/thinhcuong/bumperbot_ws/build/bumperbot_cpp_examples' returned '0': AMENT_PREFIX_PATH=/home/thinhcuong/bumperbot_ws/install/bumperbot_msgs:${AMENT_PREFIX_PATH} CMAKE_PREFIX_PATH=/home/thinhcuong/bumperbot_ws/install/bumperbot_msgs:/opt/ros/humble LD_LIBRARY_PATH=/home/thinhcuong/bumperbot_ws/install/bumperbot_msgs/lib:${LD_LIBRARY_PATH} PYTHONPATH=/home/thinhcuong/bumperbot_ws/install/bumperbot_msgs/local/lib/python3.10/dist-packages:${PYTHONPATH} /usr/bin/cmake --build /home/thinhcuong/bumperbot_ws/build/bumperbot_cpp_examples -- -j12 -l12
[3.032s] Invoking command in '/home/thinhcuong/bumperbot_ws/build/bumperbot_cpp_examples': AMENT_PREFIX_PATH=/home/thinhcuong/bumperbot_ws/install/bumperbot_msgs:${AMENT_PREFIX_PATH} CMAKE_PREFIX_PATH=/home/thinhcuong/bumperbot_ws/install/bumperbot_msgs:/opt/ros/humble LD_LIBRARY_PATH=/home/thinhcuong/bumperbot_ws/install/bumperbot_msgs/lib:${LD_LIBRARY_PATH} PYTHONPATH=/home/thinhcuong/bumperbot_ws/install/bumperbot_msgs/local/lib/python3.10/dist-packages:${PYTHONPATH} /usr/bin/cmake --install /home/thinhcuong/bumperbot_ws/build/bumperbot_cpp_examples
[3.039s] -- Install configuration: ""
[3.039s] -- Up-to-date: /home/thinhcuong/bumperbot_ws/install/bumperbot_cpp_examples/include/include
[3.039s] -- Up-to-date: /home/thinhcuong/bumperbot_ws/install/bumperbot_cpp_examples/include/include/bumperbot_cpp_examples
[3.039s] -- Up-to-date: /home/thinhcuong/bumperbot_ws/install/bumperbot_cpp_examples/include/include/bumperbot_cpp_examples/simple_turtlesim_kinematics.hpp
[3.039s] -- Up-to-date: /home/thinhcuong/bumperbot_ws/install/bumperbot_cpp_examples/include/include/bumperbot_cpp_examples/simple_tf_kinematics.hpp
[3.040s] -- Installing: /home/thinhcuong/bumperbot_ws/install/bumperbot_cpp_examples/lib/bumperbot_cpp_examples/simple_publisher
[3.043s] -- Set runtime path of "/home/thinhcuong/bumperbot_ws/install/bumperbot_cpp_examples/lib/bumperbot_cpp_examples/simple_publisher" to ""
[3.043s] -- Installing: /home/thinhcuong/bumperbot_ws/install/bumperbot_cpp_examples/lib/bumperbot_cpp_examples/simple_subscriber
[3.051s] -- Set runtime path of "/home/thinhcuong/bumperbot_ws/install/bumperbot_cpp_examples/lib/bumperbot_cpp_examples/simple_subscriber" to ""
[3.051s] -- Installing: /home/thinhcuong/bumperbot_ws/install/bumperbot_cpp_examples/lib/bumperbot_cpp_examples/simple_parameter
[3.052s] -- Set runtime path of "/home/thinhcuong/bumperbot_ws/install/bumperbot_cpp_examples/lib/bumperbot_cpp_examples/simple_parameter" to ""
[3.052s] -- Installing: /home/thinhcuong/bumperbot_ws/install/bumperbot_cpp_examples/lib/bumperbot_cpp_examples/simple_turtlesim_kinematics
[3.060s] -- Set runtime path of "/home/thinhcuong/bumperbot_ws/install/bumperbot_cpp_examples/lib/bumperbot_cpp_examples/simple_turtlesim_kinematics" to ""
[3.061s] -- Installing: /home/thinhcuong/bumperbot_ws/install/bumperbot_cpp_examples/lib/bumperbot_cpp_examples/simple_tf_kinematics
[3.063s] -- Set runtime path of "/home/thinhcuong/bumperbot_ws/install/bumperbot_cpp_examples/lib/bumperbot_cpp_examples/simple_tf_kinematics" to ""
[3.063s] -- Installing: /home/thinhcuong/bumperbot_ws/install/bumperbot_cpp_examples/lib/bumperbot_cpp_examples/simple_service_server
[3.064s] -- Set runtime path of "/home/thinhcuong/bumperbot_ws/install/bumperbot_cpp_examples/lib/bumperbot_cpp_examples/simple_service_server" to ""
[3.064s] -- Installing: /home/thinhcuong/bumperbot_ws/install/bumperbot_cpp_examples/share/ament_index/resource_index/package_run_dependencies/bumperbot_cpp_examples
[3.065s] -- Installing: /home/thinhcuong/bumperbot_ws/install/bumperbot_cpp_examples/share/ament_index/resource_index/parent_prefix_path/bumperbot_cpp_examples
[3.065s] -- Up-to-date: /home/thinhcuong/bumperbot_ws/install/bumperbot_cpp_examples/share/bumperbot_cpp_examples/environment/ament_prefix_path.sh
[3.065s] -- Installing: /home/thinhcuong/bumperbot_ws/install/bumperbot_cpp_examples/share/bumperbot_cpp_examples/environment/ament_prefix_path.dsv
[3.065s] -- Up-to-date: /home/thinhcuong/bumperbot_ws/install/bumperbot_cpp_examples/share/bumperbot_cpp_examples/environment/path.sh
[3.066s] -- Installing: /home/thinhcuong/bumperbot_ws/install/bumperbot_cpp_examples/share/bumperbot_cpp_examples/environment/path.dsv
[3.066s] -- Up-to-date: /home/thinhcuong/bumperbot_ws/install/bumperbot_cpp_examples/share/bumperbot_cpp_examples/local_setup.bash
[3.066s] -- Up-to-date: /home/thinhcuong/bumperbot_ws/install/bumperbot_cpp_examples/share/bumperbot_cpp_examples/local_setup.sh
[3.066s] -- Up-to-date: /home/thinhcuong/bumperbot_ws/install/bumperbot_cpp_examples/share/bumperbot_cpp_examples/local_setup.zsh
[3.066s] -- Installing: /home/thinhcuong/bumperbot_ws/install/bumperbot_cpp_examples/share/bumperbot_cpp_examples/local_setup.dsv
[3.066s] -- Installing: /home/thinhcuong/bumperbot_ws/install/bumperbot_cpp_examples/share/bumperbot_cpp_examples/package.dsv
[3.067s] -- Up-to-date: /home/thinhcuong/bumperbot_ws/install/bumperbot_cpp_examples/share/ament_index/resource_index/packages/bumperbot_cpp_examples
[3.067s] -- Up-to-date: /home/thinhcuong/bumperbot_ws/install/bumperbot_cpp_examples/share/bumperbot_cpp_examples/cmake/bumperbot_cpp_examplesConfig.cmake
[3.067s] -- Up-to-date: /home/thinhcuong/bumperbot_ws/install/bumperbot_cpp_examples/share/bumperbot_cpp_examples/cmake/bumperbot_cpp_examplesConfig-version.cmake
[3.067s] -- Installing: /home/thinhcuong/bumperbot_ws/install/bumperbot_cpp_examples/share/bumperbot_cpp_examples/package.xml
[3.069s] Invoked command in '/home/thinhcuong/bumperbot_ws/build/bumperbot_cpp_examples' returned '0': AMENT_PREFIX_PATH=/home/thinhcuong/bumperbot_ws/install/bumperbot_msgs:${AMENT_PREFIX_PATH} CMAKE_PREFIX_PATH=/home/thinhcuong/bumperbot_ws/install/bumperbot_msgs:/opt/ros/humble LD_LIBRARY_PATH=/home/thinhcuong/bumperbot_ws/install/bumperbot_msgs/lib:${LD_LIBRARY_PATH} PYTHONPATH=/home/thinhcuong/bumperbot_ws/install/bumperbot_msgs/local/lib/python3.10/dist-packages:${PYTHONPATH} /usr/bin/cmake --install /home/thinhcuong/bumperbot_ws/build/bumperbot_cpp_examples
