[0.628s] Invoking command in '/home/thinhcuong/bumperbot_ws/src/bumperbot_py_examples': PYTHONPATH=/home/thinhcuong/bumperbot_ws/src/build/bumperbot_py_examples/prefix_override:/home/thinhcuong/bumperbot_ws/src/install/bumperbot_py_examples/lib/python3.10/site-packages:${PYTHONPATH} /usr/bin/python3 setup.py egg_info --egg-base ../build/bumperbot_py_examples build --build-base /home/thinhcuong/bumperbot_ws/src/build/bumperbot_py_examples/build install --record /home/thinhcuong/bumperbot_ws/src/build/bumperbot_py_examples/install.log --single-version-externally-managed
[0.807s] running egg_info
[0.807s] writing ../build/bumperbot_py_examples/bumperbot_py_examples.egg-info/PKG-INFO
[0.807s] writing dependency_links to ../build/bumperbot_py_examples/bumperbot_py_examples.egg-info/dependency_links.txt
[0.807s] writing entry points to ../build/bumperbot_py_examples/bumperbot_py_examples.egg-info/entry_points.txt
[0.807s] writing requirements to ../build/bumperbot_py_examples/bumperbot_py_examples.egg-info/requires.txt
[0.808s] writing top-level names to ../build/bumperbot_py_examples/bumperbot_py_examples.egg-info/top_level.txt
[0.809s] reading manifest file '../build/bumperbot_py_examples/bumperbot_py_examples.egg-info/SOURCES.txt'
[0.809s] writing manifest file '../build/bumperbot_py_examples/bumperbot_py_examples.egg-info/SOURCES.txt'
[0.810s] running build
[0.810s] running build_py
[0.810s] running install
[0.810s] /usr/lib/python3/dist-packages/setuptools/command/install.py:34: SetuptoolsDeprecationWarning: setup.py install is deprecated. Use build and pip and other standards-based tools.
[0.810s]   warnings.warn(
[0.810s] running install_lib
[0.811s] running install_data
[0.811s] running install_egg_info
[0.812s] removing '/home/thinhcuong/bumperbot_ws/src/install/bumperbot_py_examples/lib/python3.10/site-packages/bumperbot_py_examples-0.0.0-py3.10.egg-info' (and everything under it)
[0.813s] Copying ../build/bumperbot_py_examples/bumperbot_py_examples.egg-info to /home/thinhcuong/bumperbot_ws/src/install/bumperbot_py_examples/lib/python3.10/site-packages/bumperbot_py_examples-0.0.0-py3.10.egg-info
[0.813s] running install_scripts
[0.828s] Installing simple_publisher script to /home/thinhcuong/bumperbot_ws/src/install/bumperbot_py_examples/lib/bumperbot_py_examples
[0.829s] Installing simple_subscriber script to /home/thinhcuong/bumperbot_ws/src/install/bumperbot_py_examples/lib/bumperbot_py_examples
[0.829s] writing list of installed files to '/home/thinhcuong/bumperbot_ws/src/build/bumperbot_py_examples/install.log'
[0.847s] Invoked command in '/home/thinhcuong/bumperbot_ws/src/bumperbot_py_examples' returned '0': PYTHONPATH=/home/thinhcuong/bumperbot_ws/src/build/bumperbot_py_examples/prefix_override:/home/thinhcuong/bumperbot_ws/src/install/bumperbot_py_examples/lib/python3.10/site-packages:${PYTHONPATH} /usr/bin/python3 setup.py egg_info --egg-base ../build/bumperbot_py_examples build --build-base /home/thinhcuong/bumperbot_ws/src/build/bumperbot_py_examples/build install --record /home/thinhcuong/bumperbot_ws/src/build/bumperbot_py_examples/install.log --single-version-externally-managed
