[0.019s] Invoking command in '/home/thinhcuong/bumperbot_ws/build/bumperbot_msgs': CMAKE_PREFIX_PATH=/opt/ros/humble /usr/bin/cmake /home/thinhcuong/bumperbot_ws/src/bumperbot_msgs -DCMAKE_INSTALL_PREFIX=/home/thinhcuong/bumperbot_ws/install/bumperbot_msgs
[0.029s] -- Found ament_cmake: 1.3.8 (/opt/ros/humble/share/ament_cmake/cmake)
[0.150s] -- Found std_msgs: 4.2.3 (/opt/ros/humble/share/std_msgs/cmake)
[0.171s] -- Found rosidl_generator_c: 3.1.5 (/opt/ros/humble/share/rosidl_generator_c/cmake)
[0.173s] -- Found rosidl_adapter: 3.1.5 (/opt/ros/humble/share/rosidl_adapter/cmake)
[0.177s] -- Found rosidl_generator_cpp: 3.1.5 (/opt/ros/humble/share/rosidl_generator_cpp/cmake)
[0.187s] -- Using all available rosidl_typesupport_c: rosidl_typesupport_fastrtps_c;rosidl_typesupport_introspection_c
[0.199s] -- Using all available rosidl_typesupport_cpp: rosidl_typesupport_fastrtps_cpp;rosidl_typesupport_introspection_cpp
[0.240s] -- Found rosidl_default_generators: 1.2.0 (/opt/ros/humble/share/rosidl_default_generators/cmake)
[0.484s] -- Found ament_cmake_ros: 0.10.0 (/opt/ros/humble/share/ament_cmake_ros/cmake)
[0.769s] -- Using all available rosidl_typesupport_c: rosidl_typesupport_fastrtps_c;rosidl_typesupport_introspection_c
[0.865s] -- Using all available rosidl_typesupport_cpp: rosidl_typesupport_fastrtps_cpp;rosidl_typesupport_introspection_cpp
[0.886s] -- Found PythonInterp: /usr/bin/python3 (found suitable version "3.10.12", minimum required is "3.6") 
[0.888s] -- Found python_cmake_module: 0.10.0 (/opt/ros/humble/share/python_cmake_module/cmake)
[0.913s] -- Found PythonLibs: /usr/lib/x86_64-linux-gnu/libpython3.10.so (found suitable version "3.10.12", minimum required is "3.5") 
[0.913s] -- Using PYTHON_EXECUTABLE: /usr/bin/python3
[0.913s] -- Using PYTHON_INCLUDE_DIRS: /usr/include/python3.10
[0.914s] -- Using PYTHON_LIBRARIES: /usr/lib/x86_64-linux-gnu/libpython3.10.so
[0.933s] -- Found PythonExtra: .so  
[0.961s] -- Found ament_lint_auto: 0.12.10 (/opt/ros/humble/share/ament_lint_auto/cmake)
[0.980s] -- Added test 'lint_cmake' to check CMake code style
[0.981s] -- Added test 'xmllint' to check XML markup files
[0.983s] -- Configuring done
[1.008s] -- Generating done
[1.011s] -- Build files have been written to: /home/thinhcuong/bumperbot_ws/build/bumperbot_msgs
[1.018s] Invoked command in '/home/thinhcuong/bumperbot_ws/build/bumperbot_msgs' returned '0': CMAKE_PREFIX_PATH=/opt/ros/humble /usr/bin/cmake /home/thinhcuong/bumperbot_ws/src/bumperbot_msgs -DCMAKE_INSTALL_PREFIX=/home/thinhcuong/bumperbot_ws/install/bumperbot_msgs
[1.019s] Invoking command in '/home/thinhcuong/bumperbot_ws/build/bumperbot_msgs': CMAKE_PREFIX_PATH=/opt/ros/humble /usr/bin/cmake --build /home/thinhcuong/bumperbot_ws/build/bumperbot_msgs -- -j12 -l12
[1.064s] [  3%] [34m[1mGenerating C code for ROS interfaces[0m
[1.073s] [  6%] [34m[1mGenerating C++ code for ROS interfaces[0m
[1.082s] [  6%] Built target ament_cmake_python_copy_bumperbot_msgs
[1.343s] [  6%] Built target bumperbot_msgs__cpp
[1.356s] [  9%] [34m[1mGenerating C++ introspection for ROS interfaces[0m
[1.356s] [ 12%] [34m[1mGenerating C++ type support for eProsima Fast-RTPS[0m
[1.357s] [ 16%] [34m[1mGenerating C++ type support dispatch for ROS interfaces[0m
[1.391s] running egg_info
[1.391s] creating bumperbot_msgs.egg-info
[1.392s] writing bumperbot_msgs.egg-info/PKG-INFO
[1.392s] writing dependency_links to bumperbot_msgs.egg-info/dependency_links.txt
[1.392s] writing top-level names to bumperbot_msgs.egg-info/top_level.txt
[1.392s] writing manifest file 'bumperbot_msgs.egg-info/SOURCES.txt'
[1.394s] reading manifest file 'bumperbot_msgs.egg-info/SOURCES.txt'
[1.394s] writing manifest file 'bumperbot_msgs.egg-info/SOURCES.txt'
[1.446s] [ 16%] Built target ament_cmake_python_build_bumperbot_msgs_egg
[1.458s] [ 19%] [32mBuilding C object CMakeFiles/bumperbot_msgs__rosidl_generator_c.dir/rosidl_generator_c/bumperbot_msgs/srv/detail/add_two_int__functions.c.o[0m
[1.517s] [ 22%] [32m[1mLinking C shared library libbumperbot_msgs__rosidl_generator_c.so[0m
[1.554s] [ 22%] Built target bumperbot_msgs__rosidl_generator_c
[1.564s] [ 29%] [34m[1mGenerating C type support for eProsima Fast-RTPS[0m
[1.564s] [ 29%] [34m[1mGenerating C introspection for ROS interfaces[0m
[1.568s] [ 32%] [34m[1mGenerating C type support dispatch for ROS interfaces[0m
[1.652s] [ 35%] [32mBuilding CXX object CMakeFiles/bumperbot_msgs__rosidl_typesupport_introspection_cpp.dir/rosidl_typesupport_introspection_cpp/bumperbot_msgs/srv/detail/add_two_int__type_support.cpp.o[0m
[1.667s] [ 38%] [32mBuilding CXX object CMakeFiles/bumperbot_msgs__rosidl_typesupport_fastrtps_cpp.dir/rosidl_typesupport_fastrtps_cpp/bumperbot_msgs/srv/detail/dds_fastrtps/add_two_int__type_support.cpp.o[0m
[1.670s] [ 41%] [32mBuilding CXX object CMakeFiles/bumperbot_msgs__rosidl_typesupport_cpp.dir/rosidl_typesupport_cpp/bumperbot_msgs/srv/add_two_int__type_support.cpp.o[0m
[1.830s] [ 45%] [32mBuilding CXX object CMakeFiles/bumperbot_msgs__rosidl_typesupport_c.dir/rosidl_typesupport_c/bumperbot_msgs/srv/add_two_int__type_support.cpp.o[0m
[1.837s] [ 48%] [32mBuilding C object CMakeFiles/bumperbot_msgs__rosidl_typesupport_introspection_c.dir/rosidl_typesupport_introspection_c/bumperbot_msgs/srv/detail/add_two_int__type_support.c.o[0m
[1.866s] [ 51%] [32m[1mLinking CXX shared library libbumperbot_msgs__rosidl_typesupport_c.so[0m
[1.876s] [ 54%] [32m[1mLinking C shared library libbumperbot_msgs__rosidl_typesupport_introspection_c.so[0m
[1.886s] [ 58%] [32mBuilding CXX object CMakeFiles/bumperbot_msgs__rosidl_typesupport_fastrtps_c.dir/rosidl_typesupport_fastrtps_c/bumperbot_msgs/srv/detail/add_two_int__type_support_c.cpp.o[0m
[1.908s] [ 58%] Built target bumperbot_msgs__rosidl_typesupport_c
[1.918s] [ 58%] Built target bumperbot_msgs__rosidl_typesupport_introspection_c
[1.939s] [ 61%] [32m[1mLinking CXX shared library libbumperbot_msgs__rosidl_typesupport_cpp.so[0m
[1.980s] [ 61%] Built target bumperbot_msgs__rosidl_typesupport_cpp
[2.054s] [ 64%] [32m[1mLinking CXX shared library libbumperbot_msgs__rosidl_typesupport_introspection_cpp.so[0m
[2.089s] [ 67%] [32m[1mLinking CXX shared library libbumperbot_msgs__rosidl_typesupport_fastrtps_cpp.so[0m
[2.096s] [ 67%] Built target bumperbot_msgs__rosidl_typesupport_introspection_cpp
[2.184s] [ 70%] [32m[1mLinking CXX shared library libbumperbot_msgs__rosidl_typesupport_fastrtps_c.so[0m
[2.200s] [ 70%] Built target bumperbot_msgs__rosidl_typesupport_fastrtps_cpp
[2.266s] [ 70%] Built target bumperbot_msgs__rosidl_typesupport_fastrtps_c
[2.287s] [ 70%] Built target bumperbot_msgs
[2.307s] [ 74%] [34m[1mGenerating Python code for ROS interfaces[0m
[2.630s] [ 74%] Built target bumperbot_msgs__py
[2.650s] [ 77%] [32mBuilding C object CMakeFiles/bumperbot_msgs__rosidl_generator_py.dir/rosidl_generator_py/bumperbot_msgs/srv/_add_two_int_s.c.o[0m
[2.782s] [ 80%] [32m[1mLinking C shared library rosidl_generator_py/bumperbot_msgs/libbumperbot_msgs__rosidl_generator_py.so[0m
[2.817s] [ 80%] Built target bumperbot_msgs__rosidl_generator_py
[2.836s] [ 90%] [32mBuilding C object CMakeFiles/bumperbot_msgs__rosidl_typesupport_fastrtps_c__pyext.dir/rosidl_generator_py/bumperbot_msgs/_bumperbot_msgs_s.ep.rosidl_typesupport_fastrtps_c.c.o[0m
[2.836s] [ 90%] [32mBuilding C object CMakeFiles/bumperbot_msgs__rosidl_typesupport_introspection_c__pyext.dir/rosidl_generator_py/bumperbot_msgs/_bumperbot_msgs_s.ep.rosidl_typesupport_introspection_c.c.o[0m
[2.836s] [ 90%] [32mBuilding C object CMakeFiles/bumperbot_msgs__rosidl_typesupport_c__pyext.dir/rosidl_generator_py/bumperbot_msgs/_bumperbot_msgs_s.ep.rosidl_typesupport_c.c.o[0m
[2.912s] [ 93%] [32m[1mLinking C shared library rosidl_generator_py/bumperbot_msgs/bumperbot_msgs_s__rosidl_typesupport_c.cpython-310-x86_64-linux-gnu.so[0m
[2.923s] [ 96%] [32m[1mLinking C shared library rosidl_generator_py/bumperbot_msgs/bumperbot_msgs_s__rosidl_typesupport_introspection_c.cpython-310-x86_64-linux-gnu.so[0m
[2.928s] [100%] [32m[1mLinking C shared library rosidl_generator_py/bumperbot_msgs/bumperbot_msgs_s__rosidl_typesupport_fastrtps_c.cpython-310-x86_64-linux-gnu.so[0m
[2.943s] [100%] Built target bumperbot_msgs__rosidl_typesupport_c__pyext
[2.955s] [100%] Built target bumperbot_msgs__rosidl_typesupport_introspection_c__pyext
[2.959s] [100%] Built target bumperbot_msgs__rosidl_typesupport_fastrtps_c__pyext
[2.972s] Invoked command in '/home/thinhcuong/bumperbot_ws/build/bumperbot_msgs' returned '0': CMAKE_PREFIX_PATH=/opt/ros/humble /usr/bin/cmake --build /home/thinhcuong/bumperbot_ws/build/bumperbot_msgs -- -j12 -l12
[3.027s] Invoking command in '/home/thinhcuong/bumperbot_ws/build/bumperbot_msgs': CMAKE_PREFIX_PATH=/opt/ros/humble /usr/bin/cmake --install /home/thinhcuong/bumperbot_ws/build/bumperbot_msgs
[3.034s] -- Install configuration: ""
[3.035s] -- Installing: /home/thinhcuong/bumperbot_ws/install/bumperbot_msgs/share/ament_index/resource_index/rosidl_interfaces/bumperbot_msgs
[3.035s] -- Installing: /home/thinhcuong/bumperbot_ws/install/bumperbot_msgs/include/bumperbot_msgs/bumperbot_msgs
[3.035s] -- Installing: /home/thinhcuong/bumperbot_ws/install/bumperbot_msgs/include/bumperbot_msgs/bumperbot_msgs/msg
[3.035s] -- Installing: /home/thinhcuong/bumperbot_ws/install/bumperbot_msgs/include/bumperbot_msgs/bumperbot_msgs/msg/rosidl_generator_c__visibility_control.h
[3.035s] -- Installing: /home/thinhcuong/bumperbot_ws/install/bumperbot_msgs/include/bumperbot_msgs/bumperbot_msgs/srv
[3.035s] -- Installing: /home/thinhcuong/bumperbot_ws/install/bumperbot_msgs/include/bumperbot_msgs/bumperbot_msgs/srv/add_two_int.h
[3.035s] -- Installing: /home/thinhcuong/bumperbot_ws/install/bumperbot_msgs/include/bumperbot_msgs/bumperbot_msgs/srv/detail
[3.035s] -- Installing: /home/thinhcuong/bumperbot_ws/install/bumperbot_msgs/include/bumperbot_msgs/bumperbot_msgs/srv/detail/add_two_int__functions.c
[3.035s] -- Installing: /home/thinhcuong/bumperbot_ws/install/bumperbot_msgs/include/bumperbot_msgs/bumperbot_msgs/srv/detail/add_two_int__type_support.h
[3.035s] -- Installing: /home/thinhcuong/bumperbot_ws/install/bumperbot_msgs/include/bumperbot_msgs/bumperbot_msgs/srv/detail/add_two_int__struct.h
[3.036s] -- Installing: /home/thinhcuong/bumperbot_ws/install/bumperbot_msgs/include/bumperbot_msgs/bumperbot_msgs/srv/detail/add_two_int__functions.h
[3.036s] -- Installing: /home/thinhcuong/bumperbot_ws/install/bumperbot_msgs/share/bumperbot_msgs/environment/library_path.sh
[3.036s] -- Installing: /home/thinhcuong/bumperbot_ws/install/bumperbot_msgs/share/bumperbot_msgs/environment/library_path.dsv
[3.036s] -- Installing: /home/thinhcuong/bumperbot_ws/install/bumperbot_msgs/lib/libbumperbot_msgs__rosidl_generator_c.so
[3.036s] -- Set runtime path of "/home/thinhcuong/bumperbot_ws/install/bumperbot_msgs/lib/libbumperbot_msgs__rosidl_generator_c.so" to ""
[3.037s] -- Up-to-date: /home/thinhcuong/bumperbot_ws/install/bumperbot_msgs/include/bumperbot_msgs/bumperbot_msgs
[3.037s] -- Up-to-date: /home/thinhcuong/bumperbot_ws/install/bumperbot_msgs/include/bumperbot_msgs/bumperbot_msgs/msg
[3.037s] -- Installing: /home/thinhcuong/bumperbot_ws/install/bumperbot_msgs/include/bumperbot_msgs/bumperbot_msgs/msg/rosidl_typesupport_fastrtps_c__visibility_control.h
[3.037s] -- Up-to-date: /home/thinhcuong/bumperbot_ws/install/bumperbot_msgs/include/bumperbot_msgs/bumperbot_msgs/srv
[3.037s] -- Up-to-date: /home/thinhcuong/bumperbot_ws/install/bumperbot_msgs/include/bumperbot_msgs/bumperbot_msgs/srv/detail
[3.037s] -- Installing: /home/thinhcuong/bumperbot_ws/install/bumperbot_msgs/include/bumperbot_msgs/bumperbot_msgs/srv/detail/add_two_int__rosidl_typesupport_fastrtps_c.h
[3.037s] -- Installing: /home/thinhcuong/bumperbot_ws/install/bumperbot_msgs/lib/libbumperbot_msgs__rosidl_typesupport_fastrtps_c.so
[3.037s] -- Set runtime path of "/home/thinhcuong/bumperbot_ws/install/bumperbot_msgs/lib/libbumperbot_msgs__rosidl_typesupport_fastrtps_c.so" to ""
[3.037s] -- Up-to-date: /home/thinhcuong/bumperbot_ws/install/bumperbot_msgs/include/bumperbot_msgs/bumperbot_msgs
[3.037s] -- Up-to-date: /home/thinhcuong/bumperbot_ws/install/bumperbot_msgs/include/bumperbot_msgs/bumperbot_msgs/srv
[3.037s] -- Installing: /home/thinhcuong/bumperbot_ws/install/bumperbot_msgs/include/bumperbot_msgs/bumperbot_msgs/srv/add_two_int.hpp
[3.037s] -- Up-to-date: /home/thinhcuong/bumperbot_ws/install/bumperbot_msgs/include/bumperbot_msgs/bumperbot_msgs/srv/detail
[3.038s] -- Installing: /home/thinhcuong/bumperbot_ws/install/bumperbot_msgs/include/bumperbot_msgs/bumperbot_msgs/srv/detail/add_two_int__builder.hpp
[3.038s] -- Installing: /home/thinhcuong/bumperbot_ws/install/bumperbot_msgs/include/bumperbot_msgs/bumperbot_msgs/srv/detail/add_two_int__traits.hpp
[3.038s] -- Installing: /home/thinhcuong/bumperbot_ws/install/bumperbot_msgs/include/bumperbot_msgs/bumperbot_msgs/srv/detail/add_two_int__struct.hpp
[3.038s] -- Up-to-date: /home/thinhcuong/bumperbot_ws/install/bumperbot_msgs/include/bumperbot_msgs/bumperbot_msgs
[3.038s] -- Up-to-date: /home/thinhcuong/bumperbot_ws/install/bumperbot_msgs/include/bumperbot_msgs/bumperbot_msgs/msg
[3.038s] -- Installing: /home/thinhcuong/bumperbot_ws/install/bumperbot_msgs/include/bumperbot_msgs/bumperbot_msgs/msg/rosidl_typesupport_fastrtps_cpp__visibility_control.h
[3.038s] -- Up-to-date: /home/thinhcuong/bumperbot_ws/install/bumperbot_msgs/include/bumperbot_msgs/bumperbot_msgs/srv
[3.038s] -- Up-to-date: /home/thinhcuong/bumperbot_ws/install/bumperbot_msgs/include/bumperbot_msgs/bumperbot_msgs/srv/detail
[3.038s] -- Installing: /home/thinhcuong/bumperbot_ws/install/bumperbot_msgs/include/bumperbot_msgs/bumperbot_msgs/srv/detail/add_two_int__rosidl_typesupport_fastrtps_cpp.hpp
[3.038s] -- Installing: /home/thinhcuong/bumperbot_ws/install/bumperbot_msgs/include/bumperbot_msgs/bumperbot_msgs/srv/detail/dds_fastrtps
[3.038s] -- Installing: /home/thinhcuong/bumperbot_ws/install/bumperbot_msgs/lib/libbumperbot_msgs__rosidl_typesupport_fastrtps_cpp.so
[3.039s] -- Set runtime path of "/home/thinhcuong/bumperbot_ws/install/bumperbot_msgs/lib/libbumperbot_msgs__rosidl_typesupport_fastrtps_cpp.so" to ""
[3.039s] -- Up-to-date: /home/thinhcuong/bumperbot_ws/install/bumperbot_msgs/include/bumperbot_msgs/bumperbot_msgs
[3.039s] -- Up-to-date: /home/thinhcuong/bumperbot_ws/install/bumperbot_msgs/include/bumperbot_msgs/bumperbot_msgs/msg
[3.039s] -- Installing: /home/thinhcuong/bumperbot_ws/install/bumperbot_msgs/include/bumperbot_msgs/bumperbot_msgs/msg/rosidl_typesupport_introspection_c__visibility_control.h
[3.039s] -- Up-to-date: /home/thinhcuong/bumperbot_ws/install/bumperbot_msgs/include/bumperbot_msgs/bumperbot_msgs/srv
[3.039s] -- Up-to-date: /home/thinhcuong/bumperbot_ws/install/bumperbot_msgs/include/bumperbot_msgs/bumperbot_msgs/srv/detail
[3.039s] -- Installing: /home/thinhcuong/bumperbot_ws/install/bumperbot_msgs/include/bumperbot_msgs/bumperbot_msgs/srv/detail/add_two_int__rosidl_typesupport_introspection_c.h
[3.039s] -- Installing: /home/thinhcuong/bumperbot_ws/install/bumperbot_msgs/include/bumperbot_msgs/bumperbot_msgs/srv/detail/add_two_int__type_support.c
[3.039s] -- Installing: /home/thinhcuong/bumperbot_ws/install/bumperbot_msgs/lib/libbumperbot_msgs__rosidl_typesupport_introspection_c.so
[3.040s] -- Set runtime path of "/home/thinhcuong/bumperbot_ws/install/bumperbot_msgs/lib/libbumperbot_msgs__rosidl_typesupport_introspection_c.so" to ""
[3.040s] -- Installing: /home/thinhcuong/bumperbot_ws/install/bumperbot_msgs/lib/libbumperbot_msgs__rosidl_typesupport_c.so
[3.040s] -- Set runtime path of "/home/thinhcuong/bumperbot_ws/install/bumperbot_msgs/lib/libbumperbot_msgs__rosidl_typesupport_c.so" to ""
[3.040s] -- Up-to-date: /home/thinhcuong/bumperbot_ws/install/bumperbot_msgs/include/bumperbot_msgs/bumperbot_msgs
[3.040s] -- Up-to-date: /home/thinhcuong/bumperbot_ws/install/bumperbot_msgs/include/bumperbot_msgs/bumperbot_msgs/srv
[3.040s] -- Up-to-date: /home/thinhcuong/bumperbot_ws/install/bumperbot_msgs/include/bumperbot_msgs/bumperbot_msgs/srv/detail
[3.040s] -- Installing: /home/thinhcuong/bumperbot_ws/install/bumperbot_msgs/include/bumperbot_msgs/bumperbot_msgs/srv/detail/add_two_int__type_support.cpp
[3.040s] -- Installing: /home/thinhcuong/bumperbot_ws/install/bumperbot_msgs/include/bumperbot_msgs/bumperbot_msgs/srv/detail/add_two_int__rosidl_typesupport_introspection_cpp.hpp
[3.041s] -- Installing: /home/thinhcuong/bumperbot_ws/install/bumperbot_msgs/lib/libbumperbot_msgs__rosidl_typesupport_introspection_cpp.so
[3.041s] -- Set runtime path of "/home/thinhcuong/bumperbot_ws/install/bumperbot_msgs/lib/libbumperbot_msgs__rosidl_typesupport_introspection_cpp.so" to ""
[3.041s] -- Installing: /home/thinhcuong/bumperbot_ws/install/bumperbot_msgs/lib/libbumperbot_msgs__rosidl_typesupport_cpp.so
[3.041s] -- Set runtime path of "/home/thinhcuong/bumperbot_ws/install/bumperbot_msgs/lib/libbumperbot_msgs__rosidl_typesupport_cpp.so" to ""
[3.041s] -- Installing: /home/thinhcuong/bumperbot_ws/install/bumperbot_msgs/share/bumperbot_msgs/environment/pythonpath.sh
[3.042s] -- Installing: /home/thinhcuong/bumperbot_ws/install/bumperbot_msgs/share/bumperbot_msgs/environment/pythonpath.dsv
[3.042s] -- Installing: /home/thinhcuong/bumperbot_ws/install/bumperbot_msgs/local/lib/python3.10/dist-packages/bumperbot_msgs-0.0.0-py3.10.egg-info
[3.042s] -- Installing: /home/thinhcuong/bumperbot_ws/install/bumperbot_msgs/local/lib/python3.10/dist-packages/bumperbot_msgs-0.0.0-py3.10.egg-info/PKG-INFO
[3.042s] -- Installing: /home/thinhcuong/bumperbot_ws/install/bumperbot_msgs/local/lib/python3.10/dist-packages/bumperbot_msgs-0.0.0-py3.10.egg-info/dependency_links.txt
[3.042s] -- Installing: /home/thinhcuong/bumperbot_ws/install/bumperbot_msgs/local/lib/python3.10/dist-packages/bumperbot_msgs-0.0.0-py3.10.egg-info/top_level.txt
[3.042s] -- Installing: /home/thinhcuong/bumperbot_ws/install/bumperbot_msgs/local/lib/python3.10/dist-packages/bumperbot_msgs-0.0.0-py3.10.egg-info/SOURCES.txt
[3.042s] -- Installing: /home/thinhcuong/bumperbot_ws/install/bumperbot_msgs/local/lib/python3.10/dist-packages/bumperbot_msgs
[3.042s] -- Installing: /home/thinhcuong/bumperbot_ws/install/bumperbot_msgs/local/lib/python3.10/dist-packages/bumperbot_msgs/__init__.py
[3.043s] -- Installing: /home/thinhcuong/bumperbot_ws/install/bumperbot_msgs/local/lib/python3.10/dist-packages/bumperbot_msgs/bumperbot_msgs_s__rosidl_typesupport_introspection_c.cpython-310-x86_64-linux-gnu.so
[3.043s] -- Installing: /home/thinhcuong/bumperbot_ws/install/bumperbot_msgs/local/lib/python3.10/dist-packages/bumperbot_msgs/_bumperbot_msgs_s.ep.rosidl_typesupport_fastrtps_c.c
[3.043s] -- Installing: /home/thinhcuong/bumperbot_ws/install/bumperbot_msgs/local/lib/python3.10/dist-packages/bumperbot_msgs/bumperbot_msgs_s__rosidl_typesupport_fastrtps_c.cpython-310-x86_64-linux-gnu.so
[3.043s] -- Installing: /home/thinhcuong/bumperbot_ws/install/bumperbot_msgs/local/lib/python3.10/dist-packages/bumperbot_msgs/srv
[3.043s] -- Installing: /home/thinhcuong/bumperbot_ws/install/bumperbot_msgs/local/lib/python3.10/dist-packages/bumperbot_msgs/srv/__init__.py
[3.043s] -- Installing: /home/thinhcuong/bumperbot_ws/install/bumperbot_msgs/local/lib/python3.10/dist-packages/bumperbot_msgs/srv/_add_two_int.py
[3.043s] -- Installing: /home/thinhcuong/bumperbot_ws/install/bumperbot_msgs/local/lib/python3.10/dist-packages/bumperbot_msgs/srv/_add_two_int_s.c
[3.043s] -- Installing: /home/thinhcuong/bumperbot_ws/install/bumperbot_msgs/local/lib/python3.10/dist-packages/bumperbot_msgs/bumperbot_msgs_s__rosidl_typesupport_c.cpython-310-x86_64-linux-gnu.so
[3.043s] -- Installing: /home/thinhcuong/bumperbot_ws/install/bumperbot_msgs/local/lib/python3.10/dist-packages/bumperbot_msgs/_bumperbot_msgs_s.ep.rosidl_typesupport_c.c
[3.044s] -- Installing: /home/thinhcuong/bumperbot_ws/install/bumperbot_msgs/local/lib/python3.10/dist-packages/bumperbot_msgs/libbumperbot_msgs__rosidl_generator_py.so
[3.044s] -- Installing: /home/thinhcuong/bumperbot_ws/install/bumperbot_msgs/local/lib/python3.10/dist-packages/bumperbot_msgs/_bumperbot_msgs_s.ep.rosidl_typesupport_introspection_c.c
[3.078s] Listing '/home/thinhcuong/bumperbot_ws/install/bumperbot_msgs/local/lib/python3.10/dist-packages/bumperbot_msgs'...
[3.078s] Compiling '/home/thinhcuong/bumperbot_ws/install/bumperbot_msgs/local/lib/python3.10/dist-packages/bumperbot_msgs/__init__.py'...
[3.078s] Listing '/home/thinhcuong/bumperbot_ws/install/bumperbot_msgs/local/lib/python3.10/dist-packages/bumperbot_msgs/srv'...
[3.078s] Compiling '/home/thinhcuong/bumperbot_ws/install/bumperbot_msgs/local/lib/python3.10/dist-packages/bumperbot_msgs/srv/__init__.py'...
[3.078s] Compiling '/home/thinhcuong/bumperbot_ws/install/bumperbot_msgs/local/lib/python3.10/dist-packages/bumperbot_msgs/srv/_add_two_int.py'...
[3.082s] -- Installing: /home/thinhcuong/bumperbot_ws/install/bumperbot_msgs/local/lib/python3.10/dist-packages/bumperbot_msgs/bumperbot_msgs_s__rosidl_typesupport_fastrtps_c.cpython-310-x86_64-linux-gnu.so
[3.082s] -- Set runtime path of "/home/thinhcuong/bumperbot_ws/install/bumperbot_msgs/local/lib/python3.10/dist-packages/bumperbot_msgs/bumperbot_msgs_s__rosidl_typesupport_fastrtps_c.cpython-310-x86_64-linux-gnu.so" to ""
[3.082s] -- Installing: /home/thinhcuong/bumperbot_ws/install/bumperbot_msgs/local/lib/python3.10/dist-packages/bumperbot_msgs/bumperbot_msgs_s__rosidl_typesupport_introspection_c.cpython-310-x86_64-linux-gnu.so
[3.083s] -- Set runtime path of "/home/thinhcuong/bumperbot_ws/install/bumperbot_msgs/local/lib/python3.10/dist-packages/bumperbot_msgs/bumperbot_msgs_s__rosidl_typesupport_introspection_c.cpython-310-x86_64-linux-gnu.so" to ""
[3.083s] -- Installing: /home/thinhcuong/bumperbot_ws/install/bumperbot_msgs/local/lib/python3.10/dist-packages/bumperbot_msgs/bumperbot_msgs_s__rosidl_typesupport_c.cpython-310-x86_64-linux-gnu.so
[3.083s] -- Set runtime path of "/home/thinhcuong/bumperbot_ws/install/bumperbot_msgs/local/lib/python3.10/dist-packages/bumperbot_msgs/bumperbot_msgs_s__rosidl_typesupport_c.cpython-310-x86_64-linux-gnu.so" to ""
[3.083s] -- Installing: /home/thinhcuong/bumperbot_ws/install/bumperbot_msgs/lib/libbumperbot_msgs__rosidl_generator_py.so
[3.084s] -- Set runtime path of "/home/thinhcuong/bumperbot_ws/install/bumperbot_msgs/lib/libbumperbot_msgs__rosidl_generator_py.so" to ""
[3.084s] -- Installing: /home/thinhcuong/bumperbot_ws/install/bumperbot_msgs/share/bumperbot_msgs/srv/AddTwoInt.idl
[3.084s] -- Installing: /home/thinhcuong/bumperbot_ws/install/bumperbot_msgs/share/bumperbot_msgs/srv/AddTwoInt.srv
[3.084s] -- Installing: /home/thinhcuong/bumperbot_ws/install/bumperbot_msgs/share/bumperbot_msgs/srv/AddTwoInt_Request.msg
[3.085s] -- Installing: /home/thinhcuong/bumperbot_ws/install/bumperbot_msgs/share/bumperbot_msgs/srv/AddTwoInt_Response.msg
[3.085s] -- Installing: /home/thinhcuong/bumperbot_ws/install/bumperbot_msgs/share/ament_index/resource_index/package_run_dependencies/bumperbot_msgs
[3.085s] -- Installing: /home/thinhcuong/bumperbot_ws/install/bumperbot_msgs/share/ament_index/resource_index/parent_prefix_path/bumperbot_msgs
[3.085s] -- Installing: /home/thinhcuong/bumperbot_ws/install/bumperbot_msgs/share/bumperbot_msgs/environment/ament_prefix_path.sh
[3.085s] -- Installing: /home/thinhcuong/bumperbot_ws/install/bumperbot_msgs/share/bumperbot_msgs/environment/ament_prefix_path.dsv
[3.085s] -- Installing: /home/thinhcuong/bumperbot_ws/install/bumperbot_msgs/share/bumperbot_msgs/environment/path.sh
[3.086s] -- Installing: /home/thinhcuong/bumperbot_ws/install/bumperbot_msgs/share/bumperbot_msgs/environment/path.dsv
[3.086s] -- Installing: /home/thinhcuong/bumperbot_ws/install/bumperbot_msgs/share/bumperbot_msgs/local_setup.bash
[3.086s] -- Installing: /home/thinhcuong/bumperbot_ws/install/bumperbot_msgs/share/bumperbot_msgs/local_setup.sh
[3.086s] -- Installing: /home/thinhcuong/bumperbot_ws/install/bumperbot_msgs/share/bumperbot_msgs/local_setup.zsh
[3.086s] -- Installing: /home/thinhcuong/bumperbot_ws/install/bumperbot_msgs/share/bumperbot_msgs/local_setup.dsv
[3.086s] -- Installing: /home/thinhcuong/bumperbot_ws/install/bumperbot_msgs/share/bumperbot_msgs/package.dsv
[3.087s] -- Installing: /home/thinhcuong/bumperbot_ws/install/bumperbot_msgs/share/ament_index/resource_index/packages/bumperbot_msgs
[3.087s] -- Installing: /home/thinhcuong/bumperbot_ws/install/bumperbot_msgs/share/bumperbot_msgs/cmake/export_bumperbot_msgs__rosidl_generator_cExport.cmake
[3.087s] -- Installing: /home/thinhcuong/bumperbot_ws/install/bumperbot_msgs/share/bumperbot_msgs/cmake/export_bumperbot_msgs__rosidl_generator_cExport-noconfig.cmake
[3.087s] -- Installing: /home/thinhcuong/bumperbot_ws/install/bumperbot_msgs/share/bumperbot_msgs/cmake/export_bumperbot_msgs__rosidl_typesupport_fastrtps_cExport.cmake
[3.087s] -- Installing: /home/thinhcuong/bumperbot_ws/install/bumperbot_msgs/share/bumperbot_msgs/cmake/export_bumperbot_msgs__rosidl_typesupport_fastrtps_cExport-noconfig.cmake
[3.088s] -- Installing: /home/thinhcuong/bumperbot_ws/install/bumperbot_msgs/share/bumperbot_msgs/cmake/export_bumperbot_msgs__rosidl_generator_cppExport.cmake
[3.088s] -- Installing: /home/thinhcuong/bumperbot_ws/install/bumperbot_msgs/share/bumperbot_msgs/cmake/export_bumperbot_msgs__rosidl_typesupport_fastrtps_cppExport.cmake
[3.088s] -- Installing: /home/thinhcuong/bumperbot_ws/install/bumperbot_msgs/share/bumperbot_msgs/cmake/export_bumperbot_msgs__rosidl_typesupport_fastrtps_cppExport-noconfig.cmake
[3.088s] -- Installing: /home/thinhcuong/bumperbot_ws/install/bumperbot_msgs/share/bumperbot_msgs/cmake/bumperbot_msgs__rosidl_typesupport_introspection_cExport.cmake
[3.088s] -- Installing: /home/thinhcuong/bumperbot_ws/install/bumperbot_msgs/share/bumperbot_msgs/cmake/bumperbot_msgs__rosidl_typesupport_introspection_cExport-noconfig.cmake
[3.089s] -- Installing: /home/thinhcuong/bumperbot_ws/install/bumperbot_msgs/share/bumperbot_msgs/cmake/bumperbot_msgs__rosidl_typesupport_cExport.cmake
[3.089s] -- Installing: /home/thinhcuong/bumperbot_ws/install/bumperbot_msgs/share/bumperbot_msgs/cmake/bumperbot_msgs__rosidl_typesupport_cExport-noconfig.cmake
[3.089s] -- Installing: /home/thinhcuong/bumperbot_ws/install/bumperbot_msgs/share/bumperbot_msgs/cmake/bumperbot_msgs__rosidl_typesupport_introspection_cppExport.cmake
[3.089s] -- Installing: /home/thinhcuong/bumperbot_ws/install/bumperbot_msgs/share/bumperbot_msgs/cmake/bumperbot_msgs__rosidl_typesupport_introspection_cppExport-noconfig.cmake
[3.089s] -- Installing: /home/thinhcuong/bumperbot_ws/install/bumperbot_msgs/share/bumperbot_msgs/cmake/bumperbot_msgs__rosidl_typesupport_cppExport.cmake
[3.089s] -- Installing: /home/thinhcuong/bumperbot_ws/install/bumperbot_msgs/share/bumperbot_msgs/cmake/bumperbot_msgs__rosidl_typesupport_cppExport-noconfig.cmake
[3.090s] -- Installing: /home/thinhcuong/bumperbot_ws/install/bumperbot_msgs/share/bumperbot_msgs/cmake/export_bumperbot_msgs__rosidl_generator_pyExport.cmake
[3.090s] -- Installing: /home/thinhcuong/bumperbot_ws/install/bumperbot_msgs/share/bumperbot_msgs/cmake/export_bumperbot_msgs__rosidl_generator_pyExport-noconfig.cmake
[3.090s] -- Installing: /home/thinhcuong/bumperbot_ws/install/bumperbot_msgs/share/bumperbot_msgs/cmake/rosidl_cmake-extras.cmake
[3.090s] -- Installing: /home/thinhcuong/bumperbot_ws/install/bumperbot_msgs/share/bumperbot_msgs/cmake/ament_cmake_export_include_directories-extras.cmake
[3.090s] -- Installing: /home/thinhcuong/bumperbot_ws/install/bumperbot_msgs/share/bumperbot_msgs/cmake/ament_cmake_export_libraries-extras.cmake
[3.090s] -- Installing: /home/thinhcuong/bumperbot_ws/install/bumperbot_msgs/share/bumperbot_msgs/cmake/ament_cmake_export_targets-extras.cmake
[3.091s] -- Installing: /home/thinhcuong/bumperbot_ws/install/bumperbot_msgs/share/bumperbot_msgs/cmake/rosidl_cmake_export_typesupport_targets-extras.cmake
[3.091s] -- Installing: /home/thinhcuong/bumperbot_ws/install/bumperbot_msgs/share/bumperbot_msgs/cmake/ament_cmake_export_dependencies-extras.cmake
[3.091s] -- Installing: /home/thinhcuong/bumperbot_ws/install/bumperbot_msgs/share/bumperbot_msgs/cmake/rosidl_cmake_export_typesupport_libraries-extras.cmake
[3.091s] -- Installing: /home/thinhcuong/bumperbot_ws/install/bumperbot_msgs/share/bumperbot_msgs/cmake/bumperbot_msgsConfig.cmake
[3.091s] -- Installing: /home/thinhcuong/bumperbot_ws/install/bumperbot_msgs/share/bumperbot_msgs/cmake/bumperbot_msgsConfig-version.cmake
[3.091s] -- Installing: /home/thinhcuong/bumperbot_ws/install/bumperbot_msgs/share/bumperbot_msgs/package.xml
[3.094s] Invoked command in '/home/thinhcuong/bumperbot_ws/build/bumperbot_msgs' returned '0': CMAKE_PREFIX_PATH=/opt/ros/humble /usr/bin/cmake --install /home/thinhcuong/bumperbot_ws/build/bumperbot_msgs
