[0.008s] Invoking command in '/home/thinhcuong/bumperbot_ws/build/bumperbot_cpp_examples': AMENT_PREFIX_PATH=/home/thinhcuong/bumperbot_ws/install/bumperbot_msgs:${AMENT_PREFIX_PATH} CMAKE_PREFIX_PATH=/home/thinhcuong/bumperbot_ws/install/bumperbot_msgs:/opt/ros/humble LD_LIBRARY_PATH=/home/thinhcuong/bumperbot_ws/install/bumperbot_msgs/lib:${LD_LIBRARY_PATH} PYTHONPATH=/home/thinhcuong/bumperbot_ws/install/bumperbot_msgs/local/lib/python3.10/dist-packages:${PYTHONPATH} /usr/bin/cmake --build /home/thinhcuong/bumperbot_ws/build/bumperbot_cpp_examples -- -j12 -l12
[0.032s] -- Found ament_cmake: 1.3.8 (/opt/ros/humble/share/ament_cmake/cmake)
[0.131s] -- Found rclcpp: 16.0.8 (/opt/ros/humble/share/rclcpp/cmake)
[0.154s] -- Found rosidl_generator_c: 3.1.5 (/opt/ros/humble/share/rosidl_generator_c/cmake)
[0.156s] -- Found rosidl_adapter: 3.1.5 (/opt/ros/humble/share/rosidl_adapter/cmake)
[0.161s] -- Found rosidl_generator_cpp: 3.1.5 (/opt/ros/humble/share/rosidl_generator_cpp/cmake)
[0.169s] -- Using all available rosidl_typesupport_c: rosidl_typesupport_fastrtps_c;rosidl_typesupport_introspection_c
[0.180s] -- Using all available rosidl_typesupport_cpp: rosidl_typesupport_fastrtps_cpp;rosidl_typesupport_introspection_cpp
[0.225s] -- Found rmw_implementation_cmake: 6.1.1 (/opt/ros/humble/share/rmw_implementation_cmake/cmake)
[0.226s] -- Found rmw_fastrtps_cpp: 6.2.6 (/opt/ros/humble/share/rmw_fastrtps_cpp/cmake)
[0.343s] -- Using RMW implementation 'rmw_fastrtps_cpp' as default
[0.472s] -- Found turtlesim: 1.4.2 (/opt/ros/humble/share/turtlesim/cmake)
[0.570s] -- Found geometry_msgs: 4.2.3 (/opt/ros/humble/share/geometry_msgs/cmake)
[0.602s] -- Found tf2_ros: 0.25.6 (/opt/ros/humble/share/tf2_ros/cmake)
[0.920s] -- Found bumperbot_msgs: 0.0.0 (/home/thinhcuong/bumperbot_ws/install/bumperbot_msgs/share/bumperbot_msgs/cmake)
[0.962s] -- Found ament_lint_auto: 0.12.10 (/opt/ros/humble/share/ament_lint_auto/cmake)
[1.024s] -- Added test 'cppcheck' to perform static code analysis on C / C++ code
[1.024s] -- Configured cppcheck include dirs: /home/thinhcuong/bumperbot_ws/src/bumperbot_cpp_examples/bumperbot_msgs/srv/AddTwoInt;/home/thinhcuong/bumperbot_ws/src/bumperbot_cpp_examples/bumperbot_msgs/srv/GetTransform;/home/thinhcuong/bumperbot_ws/src/bumperbot_cpp_examples/include
[1.024s] -- Configured cppcheck exclude dirs and/or files: 
[1.025s] -- Added test 'lint_cmake' to check CMake code style
[1.026s] -- Added test 'uncrustify' to check C / C++ code style
[1.026s] -- Configured uncrustify additional arguments: 
[1.026s] -- Added test 'xmllint' to check XML markup files
[1.027s] -- Configuring done
[1.056s] -- Generating done
[1.059s] -- Build files have been written to: /home/thinhcuong/bumperbot_ws/build/bumperbot_cpp_examples
[1.089s] [35m[1mConsolidate compiler generated dependencies of target simple_publisher[0m
[1.089s] [35m[1mConsolidate compiler generated dependencies of target simple_turtlesim_kinematics[0m
[1.089s] [35m[1mConsolidate compiler generated dependencies of target simple_service_server[0m
[1.090s] [35m[1mConsolidate compiler generated dependencies of target simple_subscriber[0m
[1.090s] [35m[1mConsolidate compiler generated dependencies of target simple_parameter[0m
[1.090s] [35m[1mConsolidate compiler generated dependencies of target simple_service_client[0m
[1.091s] [35m[1mConsolidate compiler generated dependencies of target simple_tf_kinematics[0m
[1.113s] [ 14%] Built target simple_turtlesim_kinematics
[1.114s] [ 28%] Built target simple_parameter
[1.114s] [ 50%] Built target simple_subscriber
[1.114s] [ 57%] Built target simple_publisher
[1.116s] [ 71%] Built target simple_service_server
[1.116s] [ 85%] Built target simple_service_client
[1.117s] [ 92%] [32mBuilding CXX object CMakeFiles/simple_tf_kinematics.dir/src/simple_tf_kinematics.cpp.o[0m
[3.094s] [01m[K/home/thinhcuong/bumperbot_ws/src/bumperbot_cpp_examples/src/simple_tf_kinematics.cpp:[m[K In constructor ‘[01m[KSimpleTFKinematics::SimpleTFKinematics(const string&)[m[K’:
[3.094s] [01m[K/home/thinhcuong/bumperbot_ws/src/bumperbot_cpp_examples/src/simple_tf_kinematics.cpp:38:5:[m[K [01;31m[Kerror: [m[K‘[01m[Kget_transform_srv_[m[K’ was not declared in this scope; did you mean ‘[01m[Kget_transform_Srv[m[K’?
[3.094s]    38 |     [01;31m[Kget_transform_srv_[m[K = create_service<bumperbot_msgs::srv::GetTransform> ("get_transform", std::bind(&SimpleTFKinematics::getTransformCallback, this, _1, _2));
[3.094s]       |     [01;31m[K^~~~~~~~~~~~~~~~~~[m[K
[3.095s]       |     [32m[Kget_transform_Srv[m[K
[3.103s] In file included from [01m[K/opt/ros/humble/include/rclcpp/rclcpp/logging.hpp:24[m[K,
[3.103s]                  from [01m[K/opt/ros/humble/include/rclcpp/rclcpp/client.hpp:40[m[K,
[3.104s]                  from [01m[K/opt/ros/humble/include/rclcpp/rclcpp/callback_group.hpp:24[m[K,
[3.104s]                  from [01m[K/opt/ros/humble/include/rclcpp/rclcpp/any_executable.hpp:20[m[K,
[3.104s]                  from [01m[K/opt/ros/humble/include/rclcpp/rclcpp/memory_strategy.hpp:25[m[K,
[3.104s]                  from [01m[K/opt/ros/humble/include/rclcpp/rclcpp/memory_strategies.hpp:18[m[K,
[3.104s]                  from [01m[K/opt/ros/humble/include/rclcpp/rclcpp/executor_options.hpp:20[m[K,
[3.104s]                  from [01m[K/opt/ros/humble/include/rclcpp/rclcpp/executor.hpp:37[m[K,
[3.104s]                  from [01m[K/opt/ros/humble/include/rclcpp/rclcpp/executors/multi_threaded_executor.hpp:25[m[K,
[3.105s]                  from [01m[K/opt/ros/humble/include/rclcpp/rclcpp/executors.hpp:21[m[K,
[3.105s]                  from [01m[K/opt/ros/humble/include/rclcpp/rclcpp/rclcpp.hpp:155[m[K,
[3.105s]                  from [01m[K/home/thinhcuong/bumperbot_ws/src/bumperbot_cpp_examples/include/bumperbot_cpp_examples/simple_tf_kinematics.hpp:5[m[K,
[3.105s]                  from [01m[K/home/thinhcuong/bumperbot_ws/src/bumperbot_cpp_examples/src/simple_tf_kinematics.cpp:1[m[K:
[3.106s] [01m[K/home/thinhcuong/bumperbot_ws/src/bumperbot_cpp_examples/src/simple_tf_kinematics.cpp:[m[K In member function ‘[01m[Kbool SimpleTFKinematics::getTransformCallback(std::shared_ptr<bumperbot_msgs::srv::GetTransform_Request_<std::allocator<void> > >, std::shared_ptr<bumperbot_msgs::srv::GetTransform_Response_<std::allocator<void> > >)[m[K’:
[3.106s] [01m[K/home/thinhcuong/bumperbot_ws/src/bumperbot_cpp_examples/src/simple_tf_kinematics.cpp:74:37:[m[K [01;31m[Kerror: [m[Kno match for ‘[01m[Koperator<<[m[K’ (operand types are ‘[01m[Kconst char [38][m[K’ and ‘[01m[Kbumperbot_msgs::srv::GetTransform_Request_<std::allocator<void> >::_frame_id_type[m[K’ {aka ‘[01m[Kstd::__cxx11::basic_string<char>[m[K’})
[3.106s]    73 |         RCLCPP_ERROR(get_logger(), [32m[K"An error occured while transforming: "[m[K
[3.106s]       |                                    [32m[K~~~~~~~~~~~~~~~~~~~~~~~~~~~~~~~~~~~~~~~[m[K
[3.106s]       |                                    [32m[K|[m[K
[3.106s]       |                                    [32m[Kconst char [38][m[K
[3.106s]    74 |                                     [01;31m[K<<[m[K [34m[Kreq->frame_id[m[K << " and "
[3.106s]       |                                     [01;31m[K^~[m[K [34m[K~~~~~~~~~~~~~[m[K
[3.106s]       |                                             [34m[K|[m[K
[3.106s]       |                                             [34m[Kbumperbot_msgs::srv::GetTransform_Request_<std::allocator<void> >::_frame_id_type {aka std::__cxx11::basic_string<char>}[m[K
[3.106s] In file included from [01m[K/usr/include/c++/11/bits/basic_string.h:48[m[K,
[3.106s]                  from [01m[K/usr/include/c++/11/string:55[m[K,
[3.106s]                  from [01m[K/usr/include/c++/11/bits/locale_classes.h:40[m[K,
[3.106s]                  from [01m[K/usr/include/c++/11/bits/ios_base.h:41[m[K,
[3.106s]                  from [01m[K/usr/include/c++/11/ios:42[m[K,
[3.106s]                  from [01m[K/usr/include/c++/11/ostream:38[m[K,
[3.106s]                  from [01m[K/usr/include/c++/11/iostream:39[m[K,
[3.106s]                  from [01m[K/home/thinhcuong/bumperbot_ws/src/bumperbot_cpp_examples/include/bumperbot_cpp_examples/simple_tf_kinematics.hpp:4[m[K,
[3.106s]                  from [01m[K/home/thinhcuong/bumperbot_ws/src/bumperbot_cpp_examples/src/simple_tf_kinematics.cpp:1[m[K:
[3.106s] [01m[K/usr/include/c++/11/string_view:667:5:[m[K [01;36m[Knote: [m[Kcandidate: ‘[01m[Ktemplate<class _CharT, class _Traits> std::basic_ostream<_CharT, _Traits>& std::operator<<(std::basic_ostream<_CharT, _Traits>&, std::basic_string_view<_CharT, _Traits>)[m[K’
[3.107s]   667 |     [01;36m[Koperator[m[K<<(basic_ostream<_CharT, _Traits>& __os,
[3.107s]       |     [01;36m[K^~~~~~~~[m[K
[3.107s] [01m[K/usr/include/c++/11/string_view:667:5:[m[K [01;36m[Knote: [m[K  template argument deduction/substitution failed:
[3.107s] In file included from [01m[K/opt/ros/humble/include/rclcpp/rclcpp/logging.hpp:24[m[K,
[3.107s]                  from [01m[K/opt/ros/humble/include/rclcpp/rclcpp/client.hpp:40[m[K,
[3.107s]                  from [01m[K/opt/ros/humble/include/rclcpp/rclcpp/callback_group.hpp:24[m[K,
[3.107s]                  from [01m[K/opt/ros/humble/include/rclcpp/rclcpp/any_executable.hpp:20[m[K,
[3.107s]                  from [01m[K/opt/ros/humble/include/rclcpp/rclcpp/memory_strategy.hpp:25[m[K,
[3.107s]                  from [01m[K/opt/ros/humble/include/rclcpp/rclcpp/memory_strategies.hpp:18[m[K,
[3.107s]                  from [01m[K/opt/ros/humble/include/rclcpp/rclcpp/executor_options.hpp:20[m[K,
[3.107s]                  from [01m[K/opt/ros/humble/include/rclcpp/rclcpp/executor.hpp:37[m[K,
[3.107s]                  from [01m[K/opt/ros/humble/include/rclcpp/rclcpp/executors/multi_threaded_executor.hpp:25[m[K,
[3.107s]                  from [01m[K/opt/ros/humble/include/rclcpp/rclcpp/executors.hpp:21[m[K,
[3.107s]                  from [01m[K/opt/ros/humble/include/rclcpp/rclcpp/rclcpp.hpp:155[m[K,
[3.107s]                  from [01m[K/home/thinhcuong/bumperbot_ws/src/bumperbot_cpp_examples/include/bumperbot_cpp_examples/simple_tf_kinematics.hpp:5[m[K,
[3.107s]                  from [01m[K/home/thinhcuong/bumperbot_ws/src/bumperbot_cpp_examples/src/simple_tf_kinematics.cpp:1[m[K:
[3.107s] [01m[K/home/thinhcuong/bumperbot_ws/src/bumperbot_cpp_examples/src/simple_tf_kinematics.cpp:74:45:[m[K [01;36m[Knote: [m[K  mismatched types ‘[01m[Kstd::basic_ostream<_CharT, _Traits>[m[K’ and ‘[01m[Kconst char [38][m[K’
[3.107s]    74 |                                     << req->[01;36m[Kframe_id[m[K << " and "
[3.107s]       |                                             [01;36m[K^~~~~~~~[m[K
[3.107s] In file included from [01m[K/usr/include/c++/11/string:55[m[K,
[3.108s]                  from [01m[K/usr/include/c++/11/bits/locale_classes.h:40[m[K,
[3.108s]                  from [01m[K/usr/include/c++/11/bits/ios_base.h:41[m[K,
[3.108s]                  from [01m[K/usr/include/c++/11/ios:42[m[K,
[3.108s]                  from [01m[K/usr/include/c++/11/ostream:38[m[K,
[3.108s]                  from [01m[K/usr/include/c++/11/iostream:39[m[K,
[3.108s]                  from [01m[K/home/thinhcuong/bumperbot_ws/src/bumperbot_cpp_examples/include/bumperbot_cpp_examples/simple_tf_kinematics.hpp:4[m[K,
[3.108s]                  from [01m[K/home/thinhcuong/bumperbot_ws/src/bumperbot_cpp_examples/src/simple_tf_kinematics.cpp:1[m[K:
[3.108s] [01m[K/usr/include/c++/11/bits/basic_string.h:6531:5:[m[K [01;36m[Knote: [m[Kcandidate: ‘[01m[Ktemplate<class _CharT, class _Traits, class _Alloc> std::basic_ostream<_CharT, _Traits>& std::operator<<(std::basic_ostream<_CharT, _Traits>&, const std::__cxx11::basic_string<_CharT, _Traits, _Allocator>&)[m[K’
[3.108s]  6531 |     [01;36m[Koperator[m[K<<(basic_ostream<_CharT, _Traits>& __os,
[3.108s]       |     [01;36m[K^~~~~~~~[m[K
[3.108s] [01m[K/usr/include/c++/11/bits/basic_string.h:6531:5:[m[K [01;36m[Knote: [m[K  template argument deduction/substitution failed:
[3.108s] In file included from [01m[K/opt/ros/humble/include/rclcpp/rclcpp/logging.hpp:24[m[K,
[3.108s]                  from [01m[K/opt/ros/humble/include/rclcpp/rclcpp/client.hpp:40[m[K,
[3.108s]                  from [01m[K/opt/ros/humble/include/rclcpp/rclcpp/callback_group.hpp:24[m[K,
[3.108s]                  from [01m[K/opt/ros/humble/include/rclcpp/rclcpp/any_executable.hpp:20[m[K,
[3.108s]                  from [01m[K/opt/ros/humble/include/rclcpp/rclcpp/memory_strategy.hpp:25[m[K,
[3.108s]                  from [01m[K/opt/ros/humble/include/rclcpp/rclcpp/memory_strategies.hpp:18[m[K,
[3.108s]                  from [01m[K/opt/ros/humble/include/rclcpp/rclcpp/executor_options.hpp:20[m[K,
[3.108s]                  from [01m[K/opt/ros/humble/include/rclcpp/rclcpp/executor.hpp:37[m[K,
[3.108s]                  from [01m[K/opt/ros/humble/include/rclcpp/rclcpp/executors/multi_threaded_executor.hpp:25[m[K,
[3.109s]                  from [01m[K/opt/ros/humble/include/rclcpp/rclcpp/executors.hpp:21[m[K,
[3.109s]                  from [01m[K/opt/ros/humble/include/rclcpp/rclcpp/rclcpp.hpp:155[m[K,
[3.109s]                  from [01m[K/home/thinhcuong/bumperbot_ws/src/bumperbot_cpp_examples/include/bumperbot_cpp_examples/simple_tf_kinematics.hpp:5[m[K,
[3.109s]                  from [01m[K/home/thinhcuong/bumperbot_ws/src/bumperbot_cpp_examples/src/simple_tf_kinematics.cpp:1[m[K:
[3.109s] [01m[K/home/thinhcuong/bumperbot_ws/src/bumperbot_cpp_examples/src/simple_tf_kinematics.cpp:74:45:[m[K [01;36m[Knote: [m[K  mismatched types ‘[01m[Kstd::basic_ostream<_CharT, _Traits>[m[K’ and ‘[01m[Kconst char [38][m[K’
[3.109s]    74 |                                     << req->[01;36m[Kframe_id[m[K << " and "
[3.109s]       |                                             [01;36m[K^~~~~~~~[m[K
[3.109s] In file included from [01m[K/usr/include/c++/11/bits/ios_base.h:46[m[K,
[3.109s]                  from [01m[K/usr/include/c++/11/ios:42[m[K,
[3.109s]                  from [01m[K/usr/include/c++/11/ostream:38[m[K,
[3.109s]                  from [01m[K/usr/include/c++/11/iostream:39[m[K,
[3.109s]                  from [01m[K/home/thinhcuong/bumperbot_ws/src/bumperbot_cpp_examples/include/bumperbot_cpp_examples/simple_tf_kinematics.hpp:4[m[K,
[3.109s]                  from [01m[K/home/thinhcuong/bumperbot_ws/src/bumperbot_cpp_examples/src/simple_tf_kinematics.cpp:1[m[K:
[3.109s] [01m[K/usr/include/c++/11/system_error:279:5:[m[K [01;36m[Knote: [m[Kcandidate: ‘[01m[Ktemplate<class _CharT, class _Traits> std::basic_ostream<_CharT, _Traits>& std::operator<<(std::basic_ostream<_CharT, _Traits>&, const std::error_code&)[m[K’
[3.109s]   279 |     [01;36m[Koperator[m[K<<(basic_ostream<_CharT, _Traits>& __os, const error_code& __e)
[3.109s]       |     [01;36m[K^~~~~~~~[m[K
[3.109s] [01m[K/usr/include/c++/11/system_error:279:5:[m[K [01;36m[Knote: [m[K  template argument deduction/substitution failed:
[3.109s] In file included from [01m[K/opt/ros/humble/include/rclcpp/rclcpp/logging.hpp:24[m[K,
[3.109s]                  from [01m[K/opt/ros/humble/include/rclcpp/rclcpp/client.hpp:40[m[K,
[3.109s]                  from [01m[K/opt/ros/humble/include/rclcpp/rclcpp/callback_group.hpp:24[m[K,
[3.110s]                  from [01m[K/opt/ros/humble/include/rclcpp/rclcpp/any_executable.hpp:20[m[K,
[3.110s]                  from [01m[K/opt/ros/humble/include/rclcpp/rclcpp/memory_strategy.hpp:25[m[K,
[3.110s]                  from [01m[K/opt/ros/humble/include/rclcpp/rclcpp/memory_strategies.hpp:18[m[K,
[3.110s]                  from [01m[K/opt/ros/humble/include/rclcpp/rclcpp/executor_options.hpp:20[m[K,
[3.110s]                  from [01m[K/opt/ros/humble/include/rclcpp/rclcpp/executor.hpp:37[m[K,
[3.110s]                  from [01m[K/opt/ros/humble/include/rclcpp/rclcpp/executors/multi_threaded_executor.hpp:25[m[K,
[3.110s]                  from [01m[K/opt/ros/humble/include/rclcpp/rclcpp/executors.hpp:21[m[K,
[3.110s]                  from [01m[K/opt/ros/humble/include/rclcpp/rclcpp/rclcpp.hpp:155[m[K,
[3.110s]                  from [01m[K/home/thinhcuong/bumperbot_ws/src/bumperbot_cpp_examples/include/bumperbot_cpp_examples/simple_tf_kinematics.hpp:5[m[K,
[3.110s]                  from [01m[K/home/thinhcuong/bumperbot_ws/src/bumperbot_cpp_examples/src/simple_tf_kinematics.cpp:1[m[K:
[3.110s] [01m[K/home/thinhcuong/bumperbot_ws/src/bumperbot_cpp_examples/src/simple_tf_kinematics.cpp:74:45:[m[K [01;36m[Knote: [m[K  mismatched types ‘[01m[Kstd::basic_ostream<_CharT, _Traits>[m[K’ and ‘[01m[Kconst char [38][m[K’
[3.110s]    74 |                                     << req->[01;36m[Kframe_id[m[K << " and "
[3.110s]       |                                             [01;36m[K^~~~~~~~[m[K
[3.110s] In file included from [01m[K/usr/include/c++/11/iostream:39[m[K,
[3.110s]                  from [01m[K/home/thinhcuong/bumperbot_ws/src/bumperbot_cpp_examples/include/bumperbot_cpp_examples/simple_tf_kinematics.hpp:4[m[K,
[3.110s]                  from [01m[K/home/thinhcuong/bumperbot_ws/src/bumperbot_cpp_examples/src/simple_tf_kinematics.cpp:1[m[K:
[3.110s] [01m[K/usr/include/c++/11/ostream:513:5:[m[K [01;36m[Knote: [m[Kcandidate: ‘[01m[Ktemplate<class _CharT, class _Traits> std::basic_ostream<_CharT, _Traits>& std::operator<<(std::basic_ostream<_CharT, _Traits>&, _CharT)[m[K’
[3.110s]   513 |     [01;36m[Koperator[m[K<<(basic_ostream<_CharT, _Traits>& __out, _CharT __c)
[3.110s]       |     [01;36m[K^~~~~~~~[m[K
[3.110s] [01m[K/usr/include/c++/11/ostream:513:5:[m[K [01;36m[Knote: [m[K  template argument deduction/substitution failed:
[3.111s] In file included from [01m[K/opt/ros/humble/include/rclcpp/rclcpp/logging.hpp:24[m[K,
[3.111s]                  from [01m[K/opt/ros/humble/include/rclcpp/rclcpp/client.hpp:40[m[K,
[3.111s]                  from [01m[K/opt/ros/humble/include/rclcpp/rclcpp/callback_group.hpp:24[m[K,
[3.111s]                  from [01m[K/opt/ros/humble/include/rclcpp/rclcpp/any_executable.hpp:20[m[K,
[3.111s]                  from [01m[K/opt/ros/humble/include/rclcpp/rclcpp/memory_strategy.hpp:25[m[K,
[3.111s]                  from [01m[K/opt/ros/humble/include/rclcpp/rclcpp/memory_strategies.hpp:18[m[K,
[3.111s]                  from [01m[K/opt/ros/humble/include/rclcpp/rclcpp/executor_options.hpp:20[m[K,
[3.111s]                  from [01m[K/opt/ros/humble/include/rclcpp/rclcpp/executor.hpp:37[m[K,
[3.111s]                  from [01m[K/opt/ros/humble/include/rclcpp/rclcpp/executors/multi_threaded_executor.hpp:25[m[K,
[3.111s]                  from [01m[K/opt/ros/humble/include/rclcpp/rclcpp/executors.hpp:21[m[K,
[3.111s]                  from [01m[K/opt/ros/humble/include/rclcpp/rclcpp/rclcpp.hpp:155[m[K,
[3.111s]                  from [01m[K/home/thinhcuong/bumperbot_ws/src/bumperbot_cpp_examples/include/bumperbot_cpp_examples/simple_tf_kinematics.hpp:5[m[K,
[3.111s]                  from [01m[K/home/thinhcuong/bumperbot_ws/src/bumperbot_cpp_examples/src/simple_tf_kinematics.cpp:1[m[K:
[3.111s] [01m[K/home/thinhcuong/bumperbot_ws/src/bumperbot_cpp_examples/src/simple_tf_kinematics.cpp:74:45:[m[K [01;36m[Knote: [m[K  mismatched types ‘[01m[Kstd::basic_ostream<_CharT, _Traits>[m[K’ and ‘[01m[Kconst char [38][m[K’
[3.111s]    74 |                                     << req->[01;36m[Kframe_id[m[K << " and "
[3.111s]       |                                             [01;36m[K^~~~~~~~[m[K
[3.111s] In file included from [01m[K/usr/include/c++/11/iostream:39[m[K,
[3.111s]                  from [01m[K/home/thinhcuong/bumperbot_ws/src/bumperbot_cpp_examples/include/bumperbot_cpp_examples/simple_tf_kinematics.hpp:4[m[K,
[3.111s]                  from [01m[K/home/thinhcuong/bumperbot_ws/src/bumperbot_cpp_examples/src/simple_tf_kinematics.cpp:1[m[K:
[3.111s] [01m[K/usr/include/c++/11/ostream:518:5:[m[K [01;36m[Knote: [m[Kcandidate: ‘[01m[Ktemplate<class _CharT, class _Traits> std::basic_ostream<_CharT, _Traits>& std::operator<<(std::basic_ostream<_CharT, _Traits>&, char)[m[K’
[3.112s]   518 |     [01;36m[Koperator[m[K<<(basic_ostream<_CharT, _Traits>& __out, char __c)
[3.112s]       |     [01;36m[K^~~~~~~~[m[K
[3.112s] [01m[K/usr/include/c++/11/ostream:518:5:[m[K [01;36m[Knote: [m[K  template argument deduction/substitution failed:
[3.112s] In file included from [01m[K/opt/ros/humble/include/rclcpp/rclcpp/logging.hpp:24[m[K,
[3.112s]                  from [01m[K/opt/ros/humble/include/rclcpp/rclcpp/client.hpp:40[m[K,
[3.112s]                  from [01m[K/opt/ros/humble/include/rclcpp/rclcpp/callback_group.hpp:24[m[K,
[3.112s]                  from [01m[K/opt/ros/humble/include/rclcpp/rclcpp/any_executable.hpp:20[m[K,
[3.112s]                  from [01m[K/opt/ros/humble/include/rclcpp/rclcpp/memory_strategy.hpp:25[m[K,
[3.112s]                  from [01m[K/opt/ros/humble/include/rclcpp/rclcpp/memory_strategies.hpp:18[m[K,
[3.112s]                  from [01m[K/opt/ros/humble/include/rclcpp/rclcpp/executor_options.hpp:20[m[K,
[3.112s]                  from [01m[K/opt/ros/humble/include/rclcpp/rclcpp/executor.hpp:37[m[K,
[3.112s]                  from [01m[K/opt/ros/humble/include/rclcpp/rclcpp/executors/multi_threaded_executor.hpp:25[m[K,
[3.112s]                  from [01m[K/opt/ros/humble/include/rclcpp/rclcpp/executors.hpp:21[m[K,
[3.112s]                  from [01m[K/opt/ros/humble/include/rclcpp/rclcpp/rclcpp.hpp:155[m[K,
[3.112s]                  from [01m[K/home/thinhcuong/bumperbot_ws/src/bumperbot_cpp_examples/include/bumperbot_cpp_examples/simple_tf_kinematics.hpp:5[m[K,
[3.112s]                  from [01m[K/home/thinhcuong/bumperbot_ws/src/bumperbot_cpp_examples/src/simple_tf_kinematics.cpp:1[m[K:
[3.112s] [01m[K/home/thinhcuong/bumperbot_ws/src/bumperbot_cpp_examples/src/simple_tf_kinematics.cpp:74:45:[m[K [01;36m[Knote: [m[K  mismatched types ‘[01m[Kstd::basic_ostream<_CharT, _Traits>[m[K’ and ‘[01m[Kconst char [38][m[K’
[3.112s]    74 |                                     << req->[01;36m[Kframe_id[m[K << " and "
[3.112s]       |                                             [01;36m[K^~~~~~~~[m[K
[3.112s] In file included from [01m[K/usr/include/c++/11/iostream:39[m[K,
[3.113s]                  from [01m[K/home/thinhcuong/bumperbot_ws/src/bumperbot_cpp_examples/include/bumperbot_cpp_examples/simple_tf_kinematics.hpp:4[m[K,
[3.113s]                  from [01m[K/home/thinhcuong/bumperbot_ws/src/bumperbot_cpp_examples/src/simple_tf_kinematics.cpp:1[m[K:
[3.113s] [01m[K/usr/include/c++/11/ostream:524:5:[m[K [01;36m[Knote: [m[Kcandidate: ‘[01m[Ktemplate<class _Traits> std::basic_ostream<char, _Traits>& std::operator<<(std::basic_ostream<char, _Traits>&, char)[m[K’
[3.113s]   524 |     [01;36m[Koperator[m[K<<(basic_ostream<char, _Traits>& __out, char __c)
[3.113s]       |     [01;36m[K^~~~~~~~[m[K
[3.113s] [01m[K/usr/include/c++/11/ostream:524:5:[m[K [01;36m[Knote: [m[K  template argument deduction/substitution failed:
[3.113s] In file included from [01m[K/opt/ros/humble/include/rclcpp/rclcpp/logging.hpp:24[m[K,
[3.113s]                  from [01m[K/opt/ros/humble/include/rclcpp/rclcpp/client.hpp:40[m[K,
[3.113s]                  from [01m[K/opt/ros/humble/include/rclcpp/rclcpp/callback_group.hpp:24[m[K,
[3.113s]                  from [01m[K/opt/ros/humble/include/rclcpp/rclcpp/any_executable.hpp:20[m[K,
[3.113s]                  from [01m[K/opt/ros/humble/include/rclcpp/rclcpp/memory_strategy.hpp:25[m[K,
[3.113s]                  from [01m[K/opt/ros/humble/include/rclcpp/rclcpp/memory_strategies.hpp:18[m[K,
[3.113s]                  from [01m[K/opt/ros/humble/include/rclcpp/rclcpp/executor_options.hpp:20[m[K,
[3.113s]                  from [01m[K/opt/ros/humble/include/rclcpp/rclcpp/executor.hpp:37[m[K,
[3.113s]                  from [01m[K/opt/ros/humble/include/rclcpp/rclcpp/executors/multi_threaded_executor.hpp:25[m[K,
[3.113s]                  from [01m[K/opt/ros/humble/include/rclcpp/rclcpp/executors.hpp:21[m[K,
[3.113s]                  from [01m[K/opt/ros/humble/include/rclcpp/rclcpp/rclcpp.hpp:155[m[K,
[3.113s]                  from [01m[K/home/thinhcuong/bumperbot_ws/src/bumperbot_cpp_examples/include/bumperbot_cpp_examples/simple_tf_kinematics.hpp:5[m[K,
[3.113s]                  from [01m[K/home/thinhcuong/bumperbot_ws/src/bumperbot_cpp_examples/src/simple_tf_kinematics.cpp:1[m[K:
[3.113s] [01m[K/home/thinhcuong/bumperbot_ws/src/bumperbot_cpp_examples/src/simple_tf_kinematics.cpp:74:45:[m[K [01;36m[Knote: [m[K  mismatched types ‘[01m[Kstd::basic_ostream<char, _Traits>[m[K’ and ‘[01m[Kconst char [38][m[K’
[3.113s]    74 |                                     << req->[01;36m[Kframe_id[m[K << " and "
[3.114s]       |                                             [01;36m[K^~~~~~~~[m[K
[3.114s] In file included from [01m[K/usr/include/c++/11/iostream:39[m[K,
[3.114s]                  from [01m[K/home/thinhcuong/bumperbot_ws/src/bumperbot_cpp_examples/include/bumperbot_cpp_examples/simple_tf_kinematics.hpp:4[m[K,
[3.114s]                  from [01m[K/home/thinhcuong/bumperbot_ws/src/bumperbot_cpp_examples/src/simple_tf_kinematics.cpp:1[m[K:
[3.114s] [01m[K/usr/include/c++/11/ostream:530:5:[m[K [01;36m[Knote: [m[Kcandidate: ‘[01m[Ktemplate<class _Traits> std::basic_ostream<char, _Traits>& std::operator<<(std::basic_ostream<char, _Traits>&, signed char)[m[K’
[3.114s]   530 |     [01;36m[Koperator[m[K<<(basic_ostream<char, _Traits>& __out, signed char __c)
[3.114s]       |     [01;36m[K^~~~~~~~[m[K
[3.114s] [01m[K/usr/include/c++/11/ostream:530:5:[m[K [01;36m[Knote: [m[K  template argument deduction/substitution failed:
[3.114s] In file included from [01m[K/opt/ros/humble/include/rclcpp/rclcpp/logging.hpp:24[m[K,
[3.114s]                  from [01m[K/opt/ros/humble/include/rclcpp/rclcpp/client.hpp:40[m[K,
[3.114s]                  from [01m[K/opt/ros/humble/include/rclcpp/rclcpp/callback_group.hpp:24[m[K,
[3.114s]                  from [01m[K/opt/ros/humble/include/rclcpp/rclcpp/any_executable.hpp:20[m[K,
[3.114s]                  from [01m[K/opt/ros/humble/include/rclcpp/rclcpp/memory_strategy.hpp:25[m[K,
[3.114s]                  from [01m[K/opt/ros/humble/include/rclcpp/rclcpp/memory_strategies.hpp:18[m[K,
[3.114s]                  from [01m[K/opt/ros/humble/include/rclcpp/rclcpp/executor_options.hpp:20[m[K,
[3.114s]                  from [01m[K/opt/ros/humble/include/rclcpp/rclcpp/executor.hpp:37[m[K,
[3.114s]                  from [01m[K/opt/ros/humble/include/rclcpp/rclcpp/executors/multi_threaded_executor.hpp:25[m[K,
[3.114s]                  from [01m[K/opt/ros/humble/include/rclcpp/rclcpp/executors.hpp:21[m[K,
[3.114s]                  from [01m[K/opt/ros/humble/include/rclcpp/rclcpp/rclcpp.hpp:155[m[K,
[3.114s]                  from [01m[K/home/thinhcuong/bumperbot_ws/src/bumperbot_cpp_examples/include/bumperbot_cpp_examples/simple_tf_kinematics.hpp:5[m[K,
[3.115s]                  from [01m[K/home/thinhcuong/bumperbot_ws/src/bumperbot_cpp_examples/src/simple_tf_kinematics.cpp:1[m[K:
[3.115s] [01m[K/home/thinhcuong/bumperbot_ws/src/bumperbot_cpp_examples/src/simple_tf_kinematics.cpp:74:45:[m[K [01;36m[Knote: [m[K  mismatched types ‘[01m[Kstd::basic_ostream<char, _Traits>[m[K’ and ‘[01m[Kconst char [38][m[K’
[3.115s]    74 |                                     << req->[01;36m[Kframe_id[m[K << " and "
[3.115s]       |                                             [01;36m[K^~~~~~~~[m[K
[3.115s] In file included from [01m[K/usr/include/c++/11/iostream:39[m[K,
[3.115s]                  from [01m[K/home/thinhcuong/bumperbot_ws/src/bumperbot_cpp_examples/include/bumperbot_cpp_examples/simple_tf_kinematics.hpp:4[m[K,
[3.115s]                  from [01m[K/home/thinhcuong/bumperbot_ws/src/bumperbot_cpp_examples/src/simple_tf_kinematics.cpp:1[m[K:
[3.115s] [01m[K/usr/include/c++/11/ostream:535:5:[m[K [01;36m[Knote: [m[Kcandidate: ‘[01m[Ktemplate<class _Traits> std::basic_ostream<char, _Traits>& std::operator<<(std::basic_ostream<char, _Traits>&, unsigned char)[m[K’
[3.115s]   535 |     [01;36m[Koperator[m[K<<(basic_ostream<char, _Traits>& __out, unsigned char __c)
[3.115s]       |     [01;36m[K^~~~~~~~[m[K
[3.115s] [01m[K/usr/include/c++/11/ostream:535:5:[m[K [01;36m[Knote: [m[K  template argument deduction/substitution failed:
[3.115s] In file included from [01m[K/opt/ros/humble/include/rclcpp/rclcpp/logging.hpp:24[m[K,
[3.115s]                  from [01m[K/opt/ros/humble/include/rclcpp/rclcpp/client.hpp:40[m[K,
[3.115s]                  from [01m[K/opt/ros/humble/include/rclcpp/rclcpp/callback_group.hpp:24[m[K,
[3.115s]                  from [01m[K/opt/ros/humble/include/rclcpp/rclcpp/any_executable.hpp:20[m[K,
[3.115s]                  from [01m[K/opt/ros/humble/include/rclcpp/rclcpp/memory_strategy.hpp:25[m[K,
[3.115s]                  from [01m[K/opt/ros/humble/include/rclcpp/rclcpp/memory_strategies.hpp:18[m[K,
[3.115s]                  from [01m[K/opt/ros/humble/include/rclcpp/rclcpp/executor_options.hpp:20[m[K,
[3.115s]                  from [01m[K/opt/ros/humble/include/rclcpp/rclcpp/executor.hpp:37[m[K,
[3.115s]                  from [01m[K/opt/ros/humble/include/rclcpp/rclcpp/executors/multi_threaded_executor.hpp:25[m[K,
[3.116s]                  from [01m[K/opt/ros/humble/include/rclcpp/rclcpp/executors.hpp:21[m[K,
[3.116s]                  from [01m[K/opt/ros/humble/include/rclcpp/rclcpp/rclcpp.hpp:155[m[K,
[3.116s]                  from [01m[K/home/thinhcuong/bumperbot_ws/src/bumperbot_cpp_examples/include/bumperbot_cpp_examples/simple_tf_kinematics.hpp:5[m[K,
[3.116s]                  from [01m[K/home/thinhcuong/bumperbot_ws/src/bumperbot_cpp_examples/src/simple_tf_kinematics.cpp:1[m[K:
[3.116s] [01m[K/home/thinhcuong/bumperbot_ws/src/bumperbot_cpp_examples/src/simple_tf_kinematics.cpp:74:45:[m[K [01;36m[Knote: [m[K  mismatched types ‘[01m[Kstd::basic_ostream<char, _Traits>[m[K’ and ‘[01m[Kconst char [38][m[K’
[3.116s]    74 |                                     << req->[01;36m[Kframe_id[m[K << " and "
[3.116s]       |                                             [01;36m[K^~~~~~~~[m[K
[3.116s] In file included from [01m[K/usr/include/c++/11/iostream:39[m[K,
[3.116s]                  from [01m[K/home/thinhcuong/bumperbot_ws/src/bumperbot_cpp_examples/include/bumperbot_cpp_examples/simple_tf_kinematics.hpp:4[m[K,
[3.116s]                  from [01m[K/home/thinhcuong/bumperbot_ws/src/bumperbot_cpp_examples/src/simple_tf_kinematics.cpp:1[m[K:
[3.116s] [01m[K/usr/include/c++/11/ostream:594:5:[m[K [01;36m[Knote: [m[Kcandidate: ‘[01m[Ktemplate<class _CharT, class _Traits> std::basic_ostream<_CharT, _Traits>& std::operator<<(std::basic_ostream<_CharT, _Traits>&, const _CharT*)[m[K’
[3.116s]   594 |     [01;36m[Koperator[m[K<<(basic_ostream<_CharT, _Traits>& __out, const _CharT* __s)
[3.116s]       |     [01;36m[K^~~~~~~~[m[K
[3.116s] [01m[K/usr/include/c++/11/ostream:594:5:[m[K [01;36m[Knote: [m[K  template argument deduction/substitution failed:
[3.116s] In file included from [01m[K/opt/ros/humble/include/rclcpp/rclcpp/logging.hpp:24[m[K,
[3.116s]                  from [01m[K/opt/ros/humble/include/rclcpp/rclcpp/client.hpp:40[m[K,
[3.116s]                  from [01m[K/opt/ros/humble/include/rclcpp/rclcpp/callback_group.hpp:24[m[K,
[3.117s]                  from [01m[K/opt/ros/humble/include/rclcpp/rclcpp/any_executable.hpp:20[m[K,
[3.117s]                  from [01m[K/opt/ros/humble/include/rclcpp/rclcpp/memory_strategy.hpp:25[m[K,
[3.117s]                  from [01m[K/opt/ros/humble/include/rclcpp/rclcpp/memory_strategies.hpp:18[m[K,
[3.117s]                  from [01m[K/opt/ros/humble/include/rclcpp/rclcpp/executor_options.hpp:20[m[K,
[3.117s]                  from [01m[K/opt/ros/humble/include/rclcpp/rclcpp/executor.hpp:37[m[K,
[3.117s]                  from [01m[K/opt/ros/humble/include/rclcpp/rclcpp/executors/multi_threaded_executor.hpp:25[m[K,
[3.117s]                  from [01m[K/opt/ros/humble/include/rclcpp/rclcpp/executors.hpp:21[m[K,
[3.117s]                  from [01m[K/opt/ros/humble/include/rclcpp/rclcpp/rclcpp.hpp:155[m[K,
[3.117s]                  from [01m[K/home/thinhcuong/bumperbot_ws/src/bumperbot_cpp_examples/include/bumperbot_cpp_examples/simple_tf_kinematics.hpp:5[m[K,
[3.117s]                  from [01m[K/home/thinhcuong/bumperbot_ws/src/bumperbot_cpp_examples/src/simple_tf_kinematics.cpp:1[m[K:
[3.117s] [01m[K/home/thinhcuong/bumperbot_ws/src/bumperbot_cpp_examples/src/simple_tf_kinematics.cpp:74:45:[m[K [01;36m[Knote: [m[K  mismatched types ‘[01m[Kstd::basic_ostream<_CharT, _Traits>[m[K’ and ‘[01m[Kconst char [38][m[K’
[3.117s]    74 |                                     << req->[01;36m[Kframe_id[m[K << " and "
[3.117s]       |                                             [01;36m[K^~~~~~~~[m[K
[3.118s] In file included from [01m[K/usr/include/c++/11/ostream:829[m[K,
[3.118s]                  from [01m[K/usr/include/c++/11/iostream:39[m[K,
[3.118s]                  from [01m[K/home/thinhcuong/bumperbot_ws/src/bumperbot_cpp_examples/include/bumperbot_cpp_examples/simple_tf_kinematics.hpp:4[m[K,
[3.118s]                  from [01m[K/home/thinhcuong/bumperbot_ws/src/bumperbot_cpp_examples/src/simple_tf_kinematics.cpp:1[m[K:
[3.118s] [01m[K/usr/include/c++/11/bits/ostream.tcc:321:5:[m[K [01;36m[Knote: [m[Kcandidate: ‘[01m[Ktemplate<class _CharT, class _Traits> std::basic_ostream<_CharT, _Traits>& std::operator<<(std::basic_ostream<_CharT, _Traits>&, const char*)[m[K’
[3.118s]   321 |     [01;36m[Koperator[m[K<<(basic_ostream<_CharT, _Traits>& __out, const char* __s)
[3.118s]       |     [01;36m[K^~~~~~~~[m[K
[3.118s] [01m[K/usr/include/c++/11/bits/ostream.tcc:321:5:[m[K [01;36m[Knote: [m[K  template argument deduction/substitution failed:
[3.118s] In file included from [01m[K/opt/ros/humble/include/rclcpp/rclcpp/logging.hpp:24[m[K,
[3.118s]                  from [01m[K/opt/ros/humble/include/rclcpp/rclcpp/client.hpp:40[m[K,
[3.118s]                  from [01m[K/opt/ros/humble/include/rclcpp/rclcpp/callback_group.hpp:24[m[K,
[3.118s]                  from [01m[K/opt/ros/humble/include/rclcpp/rclcpp/any_executable.hpp:20[m[K,
[3.118s]                  from [01m[K/opt/ros/humble/include/rclcpp/rclcpp/memory_strategy.hpp:25[m[K,
[3.118s]                  from [01m[K/opt/ros/humble/include/rclcpp/rclcpp/memory_strategies.hpp:18[m[K,
[3.118s]                  from [01m[K/opt/ros/humble/include/rclcpp/rclcpp/executor_options.hpp:20[m[K,
[3.118s]                  from [01m[K/opt/ros/humble/include/rclcpp/rclcpp/executor.hpp:37[m[K,
[3.118s]                  from [01m[K/opt/ros/humble/include/rclcpp/rclcpp/executors/multi_threaded_executor.hpp:25[m[K,
[3.118s]                  from [01m[K/opt/ros/humble/include/rclcpp/rclcpp/executors.hpp:21[m[K,
[3.118s]                  from [01m[K/opt/ros/humble/include/rclcpp/rclcpp/rclcpp.hpp:155[m[K,
[3.118s]                  from [01m[K/home/thinhcuong/bumperbot_ws/src/bumperbot_cpp_examples/include/bumperbot_cpp_examples/simple_tf_kinematics.hpp:5[m[K,
[3.119s]                  from [01m[K/home/thinhcuong/bumperbot_ws/src/bumperbot_cpp_examples/src/simple_tf_kinematics.cpp:1[m[K:
[3.119s] [01m[K/home/thinhcuong/bumperbot_ws/src/bumperbot_cpp_examples/src/simple_tf_kinematics.cpp:74:45:[m[K [01;36m[Knote: [m[K  mismatched types ‘[01m[Kstd::basic_ostream<_CharT, _Traits>[m[K’ and ‘[01m[Kconst char [38][m[K’
[3.119s]    74 |                                     << req->[01;36m[Kframe_id[m[K << " and "
[3.119s]       |                                             [01;36m[K^~~~~~~~[m[K
[3.119s] In file included from [01m[K/usr/include/c++/11/iostream:39[m[K,
[3.119s]                  from [01m[K/home/thinhcuong/bumperbot_ws/src/bumperbot_cpp_examples/include/bumperbot_cpp_examples/simple_tf_kinematics.hpp:4[m[K,
[3.119s]                  from [01m[K/home/thinhcuong/bumperbot_ws/src/bumperbot_cpp_examples/src/simple_tf_kinematics.cpp:1[m[K:
[3.119s] [01m[K/usr/include/c++/11/ostream:611:5:[m[K [01;36m[Knote: [m[Kcandidate: ‘[01m[Ktemplate<class _Traits> std::basic_ostream<char, _Traits>& std::operator<<(std::basic_ostream<char, _Traits>&, const char*)[m[K’
[3.119s]   611 |     [01;36m[Koperator[m[K<<(basic_ostream<char, _Traits>& __out, const char* __s)
[3.119s]       |     [01;36m[K^~~~~~~~[m[K
[3.119s] [01m[K/usr/include/c++/11/ostream:611:5:[m[K [01;36m[Knote: [m[K  template argument deduction/substitution failed:
[3.119s] In file included from [01m[K/opt/ros/humble/include/rclcpp/rclcpp/logging.hpp:24[m[K,
[3.119s]                  from [01m[K/opt/ros/humble/include/rclcpp/rclcpp/client.hpp:40[m[K,
[3.119s]                  from [01m[K/opt/ros/humble/include/rclcpp/rclcpp/callback_group.hpp:24[m[K,
[3.119s]                  from [01m[K/opt/ros/humble/include/rclcpp/rclcpp/any_executable.hpp:20[m[K,
[3.119s]                  from [01m[K/opt/ros/humble/include/rclcpp/rclcpp/memory_strategy.hpp:25[m[K,
[3.119s]                  from [01m[K/opt/ros/humble/include/rclcpp/rclcpp/memory_strategies.hpp:18[m[K,
[3.119s]                  from [01m[K/opt/ros/humble/include/rclcpp/rclcpp/executor_options.hpp:20[m[K,
[3.119s]                  from [01m[K/opt/ros/humble/include/rclcpp/rclcpp/executor.hpp:37[m[K,
[3.119s]                  from [01m[K/opt/ros/humble/include/rclcpp/rclcpp/executors/multi_threaded_executor.hpp:25[m[K,
[3.120s]                  from [01m[K/opt/ros/humble/include/rclcpp/rclcpp/executors.hpp:21[m[K,
[3.120s]                  from [01m[K/opt/ros/humble/include/rclcpp/rclcpp/rclcpp.hpp:155[m[K,
[3.120s]                  from [01m[K/home/thinhcuong/bumperbot_ws/src/bumperbot_cpp_examples/include/bumperbot_cpp_examples/simple_tf_kinematics.hpp:5[m[K,
[3.120s]                  from [01m[K/home/thinhcuong/bumperbot_ws/src/bumperbot_cpp_examples/src/simple_tf_kinematics.cpp:1[m[K:
[3.120s] [01m[K/home/thinhcuong/bumperbot_ws/src/bumperbot_cpp_examples/src/simple_tf_kinematics.cpp:74:45:[m[K [01;36m[Knote: [m[K  mismatched types ‘[01m[Kstd::basic_ostream<char, _Traits>[m[K’ and ‘[01m[Kconst char [38][m[K’
[3.120s]    74 |                                     << req->[01;36m[Kframe_id[m[K << " and "
[3.120s]       |                                             [01;36m[K^~~~~~~~[m[K
[3.120s] In file included from [01m[K/usr/include/c++/11/iostream:39[m[K,
[3.120s]                  from [01m[K/home/thinhcuong/bumperbot_ws/src/bumperbot_cpp_examples/include/bumperbot_cpp_examples/simple_tf_kinematics.hpp:4[m[K,
[3.120s]                  from [01m[K/home/thinhcuong/bumperbot_ws/src/bumperbot_cpp_examples/src/simple_tf_kinematics.cpp:1[m[K:
[3.120s] [01m[K/usr/include/c++/11/ostream:624:5:[m[K [01;36m[Knote: [m[Kcandidate: ‘[01m[Ktemplate<class _Traits> std::basic_ostream<char, _Traits>& std::operator<<(std::basic_ostream<char, _Traits>&, const signed char*)[m[K’
[3.120s]   624 |     [01;36m[Koperator[m[K<<(basic_ostream<char, _Traits>& __out, const signed char* __s)
[3.120s]       |     [01;36m[K^~~~~~~~[m[K
[3.120s] [01m[K/usr/include/c++/11/ostream:624:5:[m[K [01;36m[Knote: [m[K  template argument deduction/substitution failed:
[3.120s] In file included from [01m[K/opt/ros/humble/include/rclcpp/rclcpp/logging.hpp:24[m[K,
[3.120s]                  from [01m[K/opt/ros/humble/include/rclcpp/rclcpp/client.hpp:40[m[K,
[3.120s]                  from [01m[K/opt/ros/humble/include/rclcpp/rclcpp/callback_group.hpp:24[m[K,
[3.120s]                  from [01m[K/opt/ros/humble/include/rclcpp/rclcpp/any_executable.hpp:20[m[K,
[3.120s]                  from [01m[K/opt/ros/humble/include/rclcpp/rclcpp/memory_strategy.hpp:25[m[K,
[3.121s]                  from [01m[K/opt/ros/humble/include/rclcpp/rclcpp/memory_strategies.hpp:18[m[K,
[3.121s]                  from [01m[K/opt/ros/humble/include/rclcpp/rclcpp/executor_options.hpp:20[m[K,
[3.121s]                  from [01m[K/opt/ros/humble/include/rclcpp/rclcpp/executor.hpp:37[m[K,
[3.121s]                  from [01m[K/opt/ros/humble/include/rclcpp/rclcpp/executors/multi_threaded_executor.hpp:25[m[K,
[3.121s]                  from [01m[K/opt/ros/humble/include/rclcpp/rclcpp/executors.hpp:21[m[K,
[3.121s]                  from [01m[K/opt/ros/humble/include/rclcpp/rclcpp/rclcpp.hpp:155[m[K,
[3.121s]                  from [01m[K/home/thinhcuong/bumperbot_ws/src/bumperbot_cpp_examples/include/bumperbot_cpp_examples/simple_tf_kinematics.hpp:5[m[K,
[3.121s]                  from [01m[K/home/thinhcuong/bumperbot_ws/src/bumperbot_cpp_examples/src/simple_tf_kinematics.cpp:1[m[K:
[3.121s] [01m[K/home/thinhcuong/bumperbot_ws/src/bumperbot_cpp_examples/src/simple_tf_kinematics.cpp:74:45:[m[K [01;36m[Knote: [m[K  mismatched types ‘[01m[Kstd::basic_ostream<char, _Traits>[m[K’ and ‘[01m[Kconst char [38][m[K’
[3.121s]    74 |                                     << req->[01;36m[Kframe_id[m[K << " and "
[3.121s]       |                                             [01;36m[K^~~~~~~~[m[K
[3.121s] In file included from [01m[K/usr/include/c++/11/iostream:39[m[K,
[3.121s]                  from [01m[K/home/thinhcuong/bumperbot_ws/src/bumperbot_cpp_examples/include/bumperbot_cpp_examples/simple_tf_kinematics.hpp:4[m[K,
[3.121s]                  from [01m[K/home/thinhcuong/bumperbot_ws/src/bumperbot_cpp_examples/src/simple_tf_kinematics.cpp:1[m[K:
[3.121s] [01m[K/usr/include/c++/11/ostream:629:5:[m[K [01;36m[Knote: [m[Kcandidate: ‘[01m[Ktemplate<class _Traits> std::basic_ostream<char, _Traits>& std::operator<<(std::basic_ostream<char, _Traits>&, const unsigned char*)[m[K’
[3.121s]   629 |     [01;36m[Koperator[m[K<<(basic_ostream<char, _Traits>& __out, const unsigned char* __s)
[3.121s]       |     [01;36m[K^~~~~~~~[m[K
[3.121s] [01m[K/usr/include/c++/11/ostream:629:5:[m[K [01;36m[Knote: [m[K  template argument deduction/substitution failed:
[3.121s] In file included from [01m[K/opt/ros/humble/include/rclcpp/rclcpp/logging.hpp:24[m[K,
[3.121s]                  from [01m[K/opt/ros/humble/include/rclcpp/rclcpp/client.hpp:40[m[K,
[3.122s]                  from [01m[K/opt/ros/humble/include/rclcpp/rclcpp/callback_group.hpp:24[m[K,
[3.122s]                  from [01m[K/opt/ros/humble/include/rclcpp/rclcpp/any_executable.hpp:20[m[K,
[3.122s]                  from [01m[K/opt/ros/humble/include/rclcpp/rclcpp/memory_strategy.hpp:25[m[K,
[3.122s]                  from [01m[K/opt/ros/humble/include/rclcpp/rclcpp/memory_strategies.hpp:18[m[K,
[3.122s]                  from [01m[K/opt/ros/humble/include/rclcpp/rclcpp/executor_options.hpp:20[m[K,
[3.122s]                  from [01m[K/opt/ros/humble/include/rclcpp/rclcpp/executor.hpp:37[m[K,
[3.122s]                  from [01m[K/opt/ros/humble/include/rclcpp/rclcpp/executors/multi_threaded_executor.hpp:25[m[K,
[3.122s]                  from [01m[K/opt/ros/humble/include/rclcpp/rclcpp/executors.hpp:21[m[K,
[3.122s]                  from [01m[K/opt/ros/humble/include/rclcpp/rclcpp/rclcpp.hpp:155[m[K,
[3.122s]                  from [01m[K/home/thinhcuong/bumperbot_ws/src/bumperbot_cpp_examples/include/bumperbot_cpp_examples/simple_tf_kinematics.hpp:5[m[K,
[3.122s]                  from [01m[K/home/thinhcuong/bumperbot_ws/src/bumperbot_cpp_examples/src/simple_tf_kinematics.cpp:1[m[K:
[3.122s] [01m[K/home/thinhcuong/bumperbot_ws/src/bumperbot_cpp_examples/src/simple_tf_kinematics.cpp:74:45:[m[K [01;36m[Knote: [m[K  mismatched types ‘[01m[Kstd::basic_ostream<char, _Traits>[m[K’ and ‘[01m[Kconst char [38][m[K’
[3.122s]    74 |                                     << req->[01;36m[Kframe_id[m[K << " and "
[3.122s]       |                                             [01;36m[K^~~~~~~~[m[K
[3.122s] In file included from [01m[K/usr/include/c++/11/iostream:39[m[K,
[3.122s]                  from [01m[K/home/thinhcuong/bumperbot_ws/src/bumperbot_cpp_examples/include/bumperbot_cpp_examples/simple_tf_kinematics.hpp:4[m[K,
[3.122s]                  from [01m[K/home/thinhcuong/bumperbot_ws/src/bumperbot_cpp_examples/src/simple_tf_kinematics.cpp:1[m[K:
[3.122s] [01m[K/usr/include/c++/11/ostream:750:5:[m[K [01;36m[Knote: [m[Kcandidate: ‘[01m[Ktemplate<class _Ostream, class _Tp> _Ostream&& std::operator<<(_Ostream&&, const _Tp&)[m[K’
[3.122s]   750 |     [01;36m[Koperator[m[K<<(_Ostream&& __os, const _Tp& __x)
[3.122s]       |     [01;36m[K^~~~~~~~[m[K
[3.122s] [01m[K/usr/include/c++/11/ostream:750:5:[m[K [01;36m[Knote: [m[K  template argument deduction/substitution failed:
[3.123s] /usr/include/c++/11/ostream: In substitution of ‘[01m[Ktemplate<class _Ostream, class _Tp> _Ostream&& std::operator<<(_Ostream&&, const _Tp&) [with _Ostream = const char (&)[38]; _Tp = std::__cxx11::basic_string<char>][m[K’:
[3.123s] [01m[K/home/thinhcuong/bumperbot_ws/src/bumperbot_cpp_examples/src/simple_tf_kinematics.cpp:73:9:[m[K   required from here
[3.123s] [01m[K/usr/include/c++/11/ostream:750:5:[m[K [01;31m[Kerror: [m[Kno type named ‘[01m[Ktype[m[K’ in ‘[01m[Kstruct std::enable_if<false, void>[m[K’
[3.123s] In file included from [01m[K/usr/include/c++/11/memory:77[m[K,
[3.123s]                  from [01m[K/opt/ros/humble/include/rclcpp/rclcpp/rclcpp.hpp:153[m[K,
[3.123s]                  from [01m[K/home/thinhcuong/bumperbot_ws/src/bumperbot_cpp_examples/include/bumperbot_cpp_examples/simple_tf_kinematics.hpp:5[m[K,
[3.123s]                  from [01m[K/home/thinhcuong/bumperbot_ws/src/bumperbot_cpp_examples/src/simple_tf_kinematics.cpp:1[m[K:
[3.123s] [01m[K/usr/include/c++/11/bits/shared_ptr.h:70:5:[m[K [01;36m[Knote: [m[Kcandidate: ‘[01m[Ktemplate<class _Ch, class _Tr, class _Tp, __gnu_cxx::_Lock_policy _Lp> std::basic_ostream<_CharT, _Traits>& std::operator<<(std::basic_ostream<_CharT, _Traits>&, const std::__shared_ptr<_Tp, _Lp>&)[m[K’
[3.123s]    70 |     [01;36m[Koperator[m[K<<(std::basic_ostream<_Ch, _Tr>& __os,
[3.123s]       |     [01;36m[K^~~~~~~~[m[K
[3.123s] [01m[K/usr/include/c++/11/bits/shared_ptr.h:70:5:[m[K [01;36m[Knote: [m[K  template argument deduction/substitution failed:
[3.123s] In file included from [01m[K/opt/ros/humble/include/rclcpp/rclcpp/logging.hpp:24[m[K,
[3.123s]                  from [01m[K/opt/ros/humble/include/rclcpp/rclcpp/client.hpp:40[m[K,
[3.123s]                  from [01m[K/opt/ros/humble/include/rclcpp/rclcpp/callback_group.hpp:24[m[K,
[3.123s]                  from [01m[K/opt/ros/humble/include/rclcpp/rclcpp/any_executable.hpp:20[m[K,
[3.123s]                  from [01m[K/opt/ros/humble/include/rclcpp/rclcpp/memory_strategy.hpp:25[m[K,
[3.123s]                  from [01m[K/opt/ros/humble/include/rclcpp/rclcpp/memory_strategies.hpp:18[m[K,
[3.123s]                  from [01m[K/opt/ros/humble/include/rclcpp/rclcpp/executor_options.hpp:20[m[K,
[3.123s]                  from [01m[K/opt/ros/humble/include/rclcpp/rclcpp/executor.hpp:37[m[K,
[3.124s]                  from [01m[K/opt/ros/humble/include/rclcpp/rclcpp/executors/multi_threaded_executor.hpp:25[m[K,
[3.124s]                  from [01m[K/opt/ros/humble/include/rclcpp/rclcpp/executors.hpp:21[m[K,
[3.124s]                  from [01m[K/opt/ros/humble/include/rclcpp/rclcpp/rclcpp.hpp:155[m[K,
[3.124s]                  from [01m[K/home/thinhcuong/bumperbot_ws/src/bumperbot_cpp_examples/include/bumperbot_cpp_examples/simple_tf_kinematics.hpp:5[m[K,
[3.124s]                  from [01m[K/home/thinhcuong/bumperbot_ws/src/bumperbot_cpp_examples/src/simple_tf_kinematics.cpp:1[m[K:
[3.124s] [01m[K/home/thinhcuong/bumperbot_ws/src/bumperbot_cpp_examples/src/simple_tf_kinematics.cpp:74:45:[m[K [01;36m[Knote: [m[K  mismatched types ‘[01m[Kstd::basic_ostream<_CharT, _Traits>[m[K’ and ‘[01m[Kconst char [38][m[K’
[3.124s]    74 |                                     << req->[01;36m[Kframe_id[m[K << " and "
[3.124s]       |                                             [01;36m[K^~~~~~~~[m[K
[3.124s] In file included from [01m[K/opt/ros/humble/include/rclcpp/rclcpp/executors/multi_threaded_executor.hpp:22[m[K,
[3.124s]                  from [01m[K/opt/ros/humble/include/rclcpp/rclcpp/executors.hpp:21[m[K,
[3.124s]                  from [01m[K/opt/ros/humble/include/rclcpp/rclcpp/rclcpp.hpp:155[m[K,
[3.124s]                  from [01m[K/home/thinhcuong/bumperbot_ws/src/bumperbot_cpp_examples/include/bumperbot_cpp_examples/simple_tf_kinematics.hpp:5[m[K,
[3.124s]                  from [01m[K/home/thinhcuong/bumperbot_ws/src/bumperbot_cpp_examples/src/simple_tf_kinematics.cpp:1[m[K:
[3.124s] [01m[K/usr/include/c++/11/thread:92:5:[m[K [01;36m[Knote: [m[Kcandidate: ‘[01m[Ktemplate<class _CharT, class _Traits> std::basic_ostream<_CharT, _Traits>& std::operator<<(std::basic_ostream<_CharT, _Traits>&, std::thread::id)[m[K’
[3.124s]    92 |     [01;36m[Koperator[m[K<<(basic_ostream<_CharT, _Traits>& __out, thread::id __id)
[3.124s]       |     [01;36m[K^~~~~~~~[m[K
[3.124s] [01m[K/usr/include/c++/11/thread:92:5:[m[K [01;36m[Knote: [m[K  template argument deduction/substitution failed:
[3.124s] In file included from [01m[K/opt/ros/humble/include/rclcpp/rclcpp/logging.hpp:24[m[K,
[3.124s]                  from [01m[K/opt/ros/humble/include/rclcpp/rclcpp/client.hpp:40[m[K,
[3.124s]                  from [01m[K/opt/ros/humble/include/rclcpp/rclcpp/callback_group.hpp:24[m[K,
[3.124s]                  from [01m[K/opt/ros/humble/include/rclcpp/rclcpp/any_executable.hpp:20[m[K,
[3.125s]                  from [01m[K/opt/ros/humble/include/rclcpp/rclcpp/memory_strategy.hpp:25[m[K,
[3.125s]                  from [01m[K/opt/ros/humble/include/rclcpp/rclcpp/memory_strategies.hpp:18[m[K,
[3.125s]                  from [01m[K/opt/ros/humble/include/rclcpp/rclcpp/executor_options.hpp:20[m[K,
[3.125s]                  from [01m[K/opt/ros/humble/include/rclcpp/rclcpp/executor.hpp:37[m[K,
[3.125s]                  from [01m[K/opt/ros/humble/include/rclcpp/rclcpp/executors/multi_threaded_executor.hpp:25[m[K,
[3.125s]                  from [01m[K/opt/ros/humble/include/rclcpp/rclcpp/executors.hpp:21[m[K,
[3.125s]                  from [01m[K/opt/ros/humble/include/rclcpp/rclcpp/rclcpp.hpp:155[m[K,
[3.125s]                  from [01m[K/home/thinhcuong/bumperbot_ws/src/bumperbot_cpp_examples/include/bumperbot_cpp_examples/simple_tf_kinematics.hpp:5[m[K,
[3.125s]                  from [01m[K/home/thinhcuong/bumperbot_ws/src/bumperbot_cpp_examples/src/simple_tf_kinematics.cpp:1[m[K:
[3.125s] [01m[K/home/thinhcuong/bumperbot_ws/src/bumperbot_cpp_examples/src/simple_tf_kinematics.cpp:74:45:[m[K [01;36m[Knote: [m[K  mismatched types ‘[01m[Kstd::basic_ostream<_CharT, _Traits>[m[K’ and ‘[01m[Kconst char [38][m[K’
[3.125s]    74 |                                     << req->[01;36m[Kframe_id[m[K << " and "
[3.125s]       |                                             [01;36m[K^~~~~~~~[m[K
[3.125s] In file included from [01m[K/opt/ros/humble/include/rosidl_runtime_cpp/rosidl_runtime_cpp/traits.hpp:19[m[K,
[3.125s]                  from [01m[K/opt/ros/humble/include/builtin_interfaces/builtin_interfaces/msg/detail/duration__traits.hpp:15[m[K,
[3.125s]                  from [01m[K/opt/ros/humble/include/builtin_interfaces/builtin_interfaces/msg/duration.hpp:9[m[K,
[3.125s]                  from [01m[K/opt/ros/humble/include/rclcpp/rclcpp/duration.hpp:20[m[K,
[3.125s]                  from [01m[K/opt/ros/humble/include/rclcpp/rclcpp/qos.hpp:20[m[K,
[3.125s]                  from [01m[K/opt/ros/humble/include/rclcpp/rclcpp/node_interfaces/node_graph_interface.hpp:32[m[K,
[3.125s]                  from [01m[K/opt/ros/humble/include/rclcpp/rclcpp/client.hpp:42[m[K,
[3.125s]                  from [01m[K/opt/ros/humble/include/rclcpp/rclcpp/callback_group.hpp:24[m[K,
[3.126s]                  from [01m[K/opt/ros/humble/include/rclcpp/rclcpp/any_executable.hpp:20[m[K,
[3.126s]                  from [01m[K/opt/ros/humble/include/rclcpp/rclcpp/memory_strategy.hpp:25[m[K,
[3.126s]                  from [01m[K/opt/ros/humble/include/rclcpp/rclcpp/memory_strategies.hpp:18[m[K,
[3.126s]                  from [01m[K/opt/ros/humble/include/rclcpp/rclcpp/executor_options.hpp:20[m[K,
[3.126s]                  from [01m[K/opt/ros/humble/include/rclcpp/rclcpp/executor.hpp:37[m[K,
[3.126s]                  from [01m[K/opt/ros/humble/include/rclcpp/rclcpp/executors/multi_threaded_executor.hpp:25[m[K,
[3.126s]                  from [01m[K/opt/ros/humble/include/rclcpp/rclcpp/executors.hpp:21[m[K,
[3.126s]                  from [01m[K/opt/ros/humble/include/rclcpp/rclcpp/rclcpp.hpp:155[m[K,
[3.126s]                  from [01m[K/home/thinhcuong/bumperbot_ws/src/bumperbot_cpp_examples/include/bumperbot_cpp_examples/simple_tf_kinematics.hpp:5[m[K,
[3.126s]                  from [01m[K/home/thinhcuong/bumperbot_ws/src/bumperbot_cpp_examples/src/simple_tf_kinematics.cpp:1[m[K:
[3.126s] [01m[K/usr/include/c++/11/iomanip:79:5:[m[K [01;36m[Knote: [m[Kcandidate: ‘[01m[Ktemplate<class _CharT, class _Traits> std::basic_ostream<_CharT, _Traits>& std::operator<<(std::basic_ostream<_CharT, _Traits>&, std::_Resetiosflags)[m[K’
[3.126s]    79 |     [01;36m[Koperator[m[K<<(basic_ostream<_CharT, _Traits>& __os, _Resetiosflags __f)
[3.126s]       |     [01;36m[K^~~~~~~~[m[K
[3.126s] [01m[K/usr/include/c++/11/iomanip:79:5:[m[K [01;36m[Knote: [m[K  template argument deduction/substitution failed:
[3.126s] In file included from [01m[K/opt/ros/humble/include/rclcpp/rclcpp/logging.hpp:24[m[K,
[3.126s]                  from [01m[K/opt/ros/humble/include/rclcpp/rclcpp/client.hpp:40[m[K,
[3.126s]                  from [01m[K/opt/ros/humble/include/rclcpp/rclcpp/callback_group.hpp:24[m[K,
[3.126s]                  from [01m[K/opt/ros/humble/include/rclcpp/rclcpp/any_executable.hpp:20[m[K,
[3.126s]                  from [01m[K/opt/ros/humble/include/rclcpp/rclcpp/memory_strategy.hpp:25[m[K,
[3.126s]                  from [01m[K/opt/ros/humble/include/rclcpp/rclcpp/memory_strategies.hpp:18[m[K,
[3.127s]                  from [01m[K/opt/ros/humble/include/rclcpp/rclcpp/executor_options.hpp:20[m[K,
[3.127s]                  from [01m[K/opt/ros/humble/include/rclcpp/rclcpp/executor.hpp:37[m[K,
[3.127s]                  from [01m[K/opt/ros/humble/include/rclcpp/rclcpp/executors/multi_threaded_executor.hpp:25[m[K,
[3.127s]                  from [01m[K/opt/ros/humble/include/rclcpp/rclcpp/executors.hpp:21[m[K,
[3.127s]                  from [01m[K/opt/ros/humble/include/rclcpp/rclcpp/rclcpp.hpp:155[m[K,
[3.127s]                  from [01m[K/home/thinhcuong/bumperbot_ws/src/bumperbot_cpp_examples/include/bumperbot_cpp_examples/simple_tf_kinematics.hpp:5[m[K,
[3.127s]                  from [01m[K/home/thinhcuong/bumperbot_ws/src/bumperbot_cpp_examples/src/simple_tf_kinematics.cpp:1[m[K:
[3.127s] [01m[K/home/thinhcuong/bumperbot_ws/src/bumperbot_cpp_examples/src/simple_tf_kinematics.cpp:74:45:[m[K [01;36m[Knote: [m[K  mismatched types ‘[01m[Kstd::basic_ostream<_CharT, _Traits>[m[K’ and ‘[01m[Kconst char [38][m[K’
[3.127s]    74 |                                     << req->[01;36m[Kframe_id[m[K << " and "
[3.127s]       |                                             [01;36m[K^~~~~~~~[m[K
[3.127s] In file included from [01m[K/opt/ros/humble/include/rosidl_runtime_cpp/rosidl_runtime_cpp/traits.hpp:19[m[K,
[3.127s]                  from [01m[K/opt/ros/humble/include/builtin_interfaces/builtin_interfaces/msg/detail/duration__traits.hpp:15[m[K,
[3.127s]                  from [01m[K/opt/ros/humble/include/builtin_interfaces/builtin_interfaces/msg/duration.hpp:9[m[K,
[3.127s]                  from [01m[K/opt/ros/humble/include/rclcpp/rclcpp/duration.hpp:20[m[K,
[3.127s]                  from [01m[K/opt/ros/humble/include/rclcpp/rclcpp/qos.hpp:20[m[K,
[3.127s]                  from [01m[K/opt/ros/humble/include/rclcpp/rclcpp/node_interfaces/node_graph_interface.hpp:32[m[K,
[3.127s]                  from [01m[K/opt/ros/humble/include/rclcpp/rclcpp/client.hpp:42[m[K,
[3.127s]                  from [01m[K/opt/ros/humble/include/rclcpp/rclcpp/callback_group.hpp:24[m[K,
[3.127s]                  from [01m[K/opt/ros/humble/include/rclcpp/rclcpp/any_executable.hpp:20[m[K,
[3.128s]                  from [01m[K/opt/ros/humble/include/rclcpp/rclcpp/memory_strategy.hpp:25[m[K,
[3.128s]                  from [01m[K/opt/ros/humble/include/rclcpp/rclcpp/memory_strategies.hpp:18[m[K,
[3.128s]                  from [01m[K/opt/ros/humble/include/rclcpp/rclcpp/executor_options.hpp:20[m[K,
[3.128s]                  from [01m[K/opt/ros/humble/include/rclcpp/rclcpp/executor.hpp:37[m[K,
[3.128s]                  from [01m[K/opt/ros/humble/include/rclcpp/rclcpp/executors/multi_threaded_executor.hpp:25[m[K,
[3.128s]                  from [01m[K/opt/ros/humble/include/rclcpp/rclcpp/executors.hpp:21[m[K,
[3.128s]                  from [01m[K/opt/ros/humble/include/rclcpp/rclcpp/rclcpp.hpp:155[m[K,
[3.128s]                  from [01m[K/home/thinhcuong/bumperbot_ws/src/bumperbot_cpp_examples/include/bumperbot_cpp_examples/simple_tf_kinematics.hpp:5[m[K,
[3.128s]                  from [01m[K/home/thinhcuong/bumperbot_ws/src/bumperbot_cpp_examples/src/simple_tf_kinematics.cpp:1[m[K:
[3.128s] [01m[K/usr/include/c++/11/iomanip:109:5:[m[K [01;36m[Knote: [m[Kcandidate: ‘[01m[Ktemplate<class _CharT, class _Traits> std::basic_ostream<_CharT, _Traits>& std::operator<<(std::basic_ostream<_CharT, _Traits>&, std::_Setiosflags)[m[K’
[3.128s]   109 |     [01;36m[Koperator[m[K<<(basic_ostream<_CharT, _Traits>& __os, _Setiosflags __f)
[3.128s]       |     [01;36m[K^~~~~~~~[m[K
[3.128s] [01m[K/usr/include/c++/11/iomanip:109:5:[m[K [01;36m[Knote: [m[K  template argument deduction/substitution failed:
[3.128s] In file included from [01m[K/opt/ros/humble/include/rclcpp/rclcpp/logging.hpp:24[m[K,
[3.128s]                  from [01m[K/opt/ros/humble/include/rclcpp/rclcpp/client.hpp:40[m[K,
[3.128s]                  from [01m[K/opt/ros/humble/include/rclcpp/rclcpp/callback_group.hpp:24[m[K,
[3.128s]                  from [01m[K/opt/ros/humble/include/rclcpp/rclcpp/any_executable.hpp:20[m[K,
[3.128s]                  from [01m[K/opt/ros/humble/include/rclcpp/rclcpp/memory_strategy.hpp:25[m[K,
[3.128s]                  from [01m[K/opt/ros/humble/include/rclcpp/rclcpp/memory_strategies.hpp:18[m[K,
[3.128s]                  from [01m[K/opt/ros/humble/include/rclcpp/rclcpp/executor_options.hpp:20[m[K,
[3.129s]                  from [01m[K/opt/ros/humble/include/rclcpp/rclcpp/executor.hpp:37[m[K,
[3.129s]                  from [01m[K/opt/ros/humble/include/rclcpp/rclcpp/executors/multi_threaded_executor.hpp:25[m[K,
[3.129s]                  from [01m[K/opt/ros/humble/include/rclcpp/rclcpp/executors.hpp:21[m[K,
[3.129s]                  from [01m[K/opt/ros/humble/include/rclcpp/rclcpp/rclcpp.hpp:155[m[K,
[3.129s]                  from [01m[K/home/thinhcuong/bumperbot_ws/src/bumperbot_cpp_examples/include/bumperbot_cpp_examples/simple_tf_kinematics.hpp:5[m[K,
[3.129s]                  from [01m[K/home/thinhcuong/bumperbot_ws/src/bumperbot_cpp_examples/src/simple_tf_kinematics.cpp:1[m[K:
[3.129s] [01m[K/home/thinhcuong/bumperbot_ws/src/bumperbot_cpp_examples/src/simple_tf_kinematics.cpp:74:45:[m[K [01;36m[Knote: [m[K  mismatched types ‘[01m[Kstd::basic_ostream<_CharT, _Traits>[m[K’ and ‘[01m[Kconst char [38][m[K’
[3.129s]    74 |                                     << req->[01;36m[Kframe_id[m[K << " and "
[3.129s]       |                                             [01;36m[K^~~~~~~~[m[K
[3.129s] In file included from [01m[K/opt/ros/humble/include/rosidl_runtime_cpp/rosidl_runtime_cpp/traits.hpp:19[m[K,
[3.129s]                  from [01m[K/opt/ros/humble/include/builtin_interfaces/builtin_interfaces/msg/detail/duration__traits.hpp:15[m[K,
[3.129s]                  from [01m[K/opt/ros/humble/include/builtin_interfaces/builtin_interfaces/msg/duration.hpp:9[m[K,
[3.129s]                  from [01m[K/opt/ros/humble/include/rclcpp/rclcpp/duration.hpp:20[m[K,
[3.129s]                  from [01m[K/opt/ros/humble/include/rclcpp/rclcpp/qos.hpp:20[m[K,
[3.129s]                  from [01m[K/opt/ros/humble/include/rclcpp/rclcpp/node_interfaces/node_graph_interface.hpp:32[m[K,
[3.129s]                  from [01m[K/opt/ros/humble/include/rclcpp/rclcpp/client.hpp:42[m[K,
[3.129s]                  from [01m[K/opt/ros/humble/include/rclcpp/rclcpp/callback_group.hpp:24[m[K,
[3.129s]                  from [01m[K/opt/ros/humble/include/rclcpp/rclcpp/any_executable.hpp:20[m[K,
[3.129s]                  from [01m[K/opt/ros/humble/include/rclcpp/rclcpp/memory_strategy.hpp:25[m[K,
[3.129s]                  from [01m[K/opt/ros/humble/include/rclcpp/rclcpp/memory_strategies.hpp:18[m[K,
[3.130s]                  from [01m[K/opt/ros/humble/include/rclcpp/rclcpp/executor_options.hpp:20[m[K,
[3.130s]                  from [01m[K/opt/ros/humble/include/rclcpp/rclcpp/executor.hpp:37[m[K,
[3.130s]                  from [01m[K/opt/ros/humble/include/rclcpp/rclcpp/executors/multi_threaded_executor.hpp:25[m[K,
[3.130s]                  from [01m[K/opt/ros/humble/include/rclcpp/rclcpp/executors.hpp:21[m[K,
[3.130s]                  from [01m[K/opt/ros/humble/include/rclcpp/rclcpp/rclcpp.hpp:155[m[K,
[3.130s]                  from [01m[K/home/thinhcuong/bumperbot_ws/src/bumperbot_cpp_examples/include/bumperbot_cpp_examples/simple_tf_kinematics.hpp:5[m[K,
[3.130s]                  from [01m[K/home/thinhcuong/bumperbot_ws/src/bumperbot_cpp_examples/src/simple_tf_kinematics.cpp:1[m[K:
[3.130s] [01m[K/usr/include/c++/11/iomanip:143:5:[m[K [01;36m[Knote: [m[Kcandidate: ‘[01m[Ktemplate<class _CharT, class _Traits> std::basic_ostream<_CharT, _Traits>& std::operator<<(std::basic_ostream<_CharT, _Traits>&, std::_Setbase)[m[K’
[3.130s]   143 |     [01;36m[Koperator[m[K<<(basic_ostream<_CharT, _Traits>& __os, _Setbase __f)
[3.130s]       |     [01;36m[K^~~~~~~~[m[K
[3.130s] [01m[K/usr/include/c++/11/iomanip:143:5:[m[K [01;36m[Knote: [m[K  template argument deduction/substitution failed:
[3.130s] In file included from [01m[K/opt/ros/humble/include/rclcpp/rclcpp/logging.hpp:24[m[K,
[3.130s]                  from [01m[K/opt/ros/humble/include/rclcpp/rclcpp/client.hpp:40[m[K,
[3.130s]                  from [01m[K/opt/ros/humble/include/rclcpp/rclcpp/callback_group.hpp:24[m[K,
[3.130s]                  from [01m[K/opt/ros/humble/include/rclcpp/rclcpp/any_executable.hpp:20[m[K,
[3.130s]                  from [01m[K/opt/ros/humble/include/rclcpp/rclcpp/memory_strategy.hpp:25[m[K,
[3.130s]                  from [01m[K/opt/ros/humble/include/rclcpp/rclcpp/memory_strategies.hpp:18[m[K,
[3.130s]                  from [01m[K/opt/ros/humble/include/rclcpp/rclcpp/executor_options.hpp:20[m[K,
[3.130s]                  from [01m[K/opt/ros/humble/include/rclcpp/rclcpp/executor.hpp:37[m[K,
[3.130s]                  from [01m[K/opt/ros/humble/include/rclcpp/rclcpp/executors/multi_threaded_executor.hpp:25[m[K,
[3.131s]                  from [01m[K/opt/ros/humble/include/rclcpp/rclcpp/executors.hpp:21[m[K,
[3.131s]                  from [01m[K/opt/ros/humble/include/rclcpp/rclcpp/rclcpp.hpp:155[m[K,
[3.131s]                  from [01m[K/home/thinhcuong/bumperbot_ws/src/bumperbot_cpp_examples/include/bumperbot_cpp_examples/simple_tf_kinematics.hpp:5[m[K,
[3.131s]                  from [01m[K/home/thinhcuong/bumperbot_ws/src/bumperbot_cpp_examples/src/simple_tf_kinematics.cpp:1[m[K:
[3.131s] [01m[K/home/thinhcuong/bumperbot_ws/src/bumperbot_cpp_examples/src/simple_tf_kinematics.cpp:74:45:[m[K [01;36m[Knote: [m[K  mismatched types ‘[01m[Kstd::basic_ostream<_CharT, _Traits>[m[K’ and ‘[01m[Kconst char [38][m[K’
[3.131s]    74 |                                     << req->[01;36m[Kframe_id[m[K << " and "
[3.131s]       |                                             [01;36m[K^~~~~~~~[m[K
[3.131s] In file included from [01m[K/opt/ros/humble/include/rosidl_runtime_cpp/rosidl_runtime_cpp/traits.hpp:19[m[K,
[3.131s]                  from [01m[K/opt/ros/humble/include/builtin_interfaces/builtin_interfaces/msg/detail/duration__traits.hpp:15[m[K,
[3.131s]                  from [01m[K/opt/ros/humble/include/builtin_interfaces/builtin_interfaces/msg/duration.hpp:9[m[K,
[3.131s]                  from [01m[K/opt/ros/humble/include/rclcpp/rclcpp/duration.hpp:20[m[K,
[3.131s]                  from [01m[K/opt/ros/humble/include/rclcpp/rclcpp/qos.hpp:20[m[K,
[3.131s]                  from [01m[K/opt/ros/humble/include/rclcpp/rclcpp/node_interfaces/node_graph_interface.hpp:32[m[K,
[3.131s]                  from [01m[K/opt/ros/humble/include/rclcpp/rclcpp/client.hpp:42[m[K,
[3.131s]                  from [01m[K/opt/ros/humble/include/rclcpp/rclcpp/callback_group.hpp:24[m[K,
[3.131s]                  from [01m[K/opt/ros/humble/include/rclcpp/rclcpp/any_executable.hpp:20[m[K,
[3.131s]                  from [01m[K/opt/ros/humble/include/rclcpp/rclcpp/memory_strategy.hpp:25[m[K,
[3.131s]                  from [01m[K/opt/ros/humble/include/rclcpp/rclcpp/memory_strategies.hpp:18[m[K,
[3.131s]                  from [01m[K/opt/ros/humble/include/rclcpp/rclcpp/executor_options.hpp:20[m[K,
[3.131s]                  from [01m[K/opt/ros/humble/include/rclcpp/rclcpp/executor.hpp:37[m[K,
[3.132s]                  from [01m[K/opt/ros/humble/include/rclcpp/rclcpp/executors/multi_threaded_executor.hpp:25[m[K,
[3.132s]                  from [01m[K/opt/ros/humble/include/rclcpp/rclcpp/executors.hpp:21[m[K,
[3.132s]                  from [01m[K/opt/ros/humble/include/rclcpp/rclcpp/rclcpp.hpp:155[m[K,
[3.132s]                  from [01m[K/home/thinhcuong/bumperbot_ws/src/bumperbot_cpp_examples/include/bumperbot_cpp_examples/simple_tf_kinematics.hpp:5[m[K,
[3.132s]                  from [01m[K/home/thinhcuong/bumperbot_ws/src/bumperbot_cpp_examples/src/simple_tf_kinematics.cpp:1[m[K:
[3.132s] [01m[K/usr/include/c++/11/iomanip:178:5:[m[K [01;36m[Knote: [m[Kcandidate: ‘[01m[Ktemplate<class _CharT, class _Traits> std::basic_ostream<_CharT, _Traits>& std::operator<<(std::basic_ostream<_CharT, _Traits>&, std::_Setfill<_CharT>)[m[K’
[3.132s]   178 |     [01;36m[Koperator[m[K<<(basic_ostream<_CharT, _Traits>& __os, _Setfill<_CharT> __f)
[3.132s]       |     [01;36m[K^~~~~~~~[m[K
[3.132s] [01m[K/usr/include/c++/11/iomanip:178:5:[m[K [01;36m[Knote: [m[K  template argument deduction/substitution failed:
[3.132s] In file included from [01m[K/opt/ros/humble/include/rclcpp/rclcpp/logging.hpp:24[m[K,
[3.132s]                  from [01m[K/opt/ros/humble/include/rclcpp/rclcpp/client.hpp:40[m[K,
[3.132s]                  from [01m[K/opt/ros/humble/include/rclcpp/rclcpp/callback_group.hpp:24[m[K,
[3.132s]                  from [01m[K/opt/ros/humble/include/rclcpp/rclcpp/any_executable.hpp:20[m[K,
[3.132s]                  from [01m[K/opt/ros/humble/include/rclcpp/rclcpp/memory_strategy.hpp:25[m[K,
[3.132s]                  from [01m[K/opt/ros/humble/include/rclcpp/rclcpp/memory_strategies.hpp:18[m[K,
[3.132s]                  from [01m[K/opt/ros/humble/include/rclcpp/rclcpp/executor_options.hpp:20[m[K,
[3.132s]                  from [01m[K/opt/ros/humble/include/rclcpp/rclcpp/executor.hpp:37[m[K,
[3.132s]                  from [01m[K/opt/ros/humble/include/rclcpp/rclcpp/executors/multi_threaded_executor.hpp:25[m[K,
[3.132s]                  from [01m[K/opt/ros/humble/include/rclcpp/rclcpp/executors.hpp:21[m[K,
[3.133s]                  from [01m[K/opt/ros/humble/include/rclcpp/rclcpp/rclcpp.hpp:155[m[K,
[3.133s]                  from [01m[K/home/thinhcuong/bumperbot_ws/src/bumperbot_cpp_examples/include/bumperbot_cpp_examples/simple_tf_kinematics.hpp:5[m[K,
[3.133s]                  from [01m[K/home/thinhcuong/bumperbot_ws/src/bumperbot_cpp_examples/src/simple_tf_kinematics.cpp:1[m[K:
[3.133s] [01m[K/home/thinhcuong/bumperbot_ws/src/bumperbot_cpp_examples/src/simple_tf_kinematics.cpp:74:45:[m[K [01;36m[Knote: [m[K  mismatched types ‘[01m[Kstd::basic_ostream<_CharT, _Traits>[m[K’ and ‘[01m[Kconst char [38][m[K’
[3.133s]    74 |                                     << req->[01;36m[Kframe_id[m[K << " and "
[3.133s]       |                                             [01;36m[K^~~~~~~~[m[K
[3.133s] In file included from [01m[K/opt/ros/humble/include/rosidl_runtime_cpp/rosidl_runtime_cpp/traits.hpp:19[m[K,
[3.133s]                  from [01m[K/opt/ros/humble/include/builtin_interfaces/builtin_interfaces/msg/detail/duration__traits.hpp:15[m[K,
[3.133s]                  from [01m[K/opt/ros/humble/include/builtin_interfaces/builtin_interfaces/msg/duration.hpp:9[m[K,
[3.133s]                  from [01m[K/opt/ros/humble/include/rclcpp/rclcpp/duration.hpp:20[m[K,
[3.133s]                  from [01m[K/opt/ros/humble/include/rclcpp/rclcpp/qos.hpp:20[m[K,
[3.133s]                  from [01m[K/opt/ros/humble/include/rclcpp/rclcpp/node_interfaces/node_graph_interface.hpp:32[m[K,
[3.133s]                  from [01m[K/opt/ros/humble/include/rclcpp/rclcpp/client.hpp:42[m[K,
[3.133s]                  from [01m[K/opt/ros/humble/include/rclcpp/rclcpp/callback_group.hpp:24[m[K,
[3.133s]                  from [01m[K/opt/ros/humble/include/rclcpp/rclcpp/any_executable.hpp:20[m[K,
[3.133s]                  from [01m[K/opt/ros/humble/include/rclcpp/rclcpp/memory_strategy.hpp:25[m[K,
[3.133s]                  from [01m[K/opt/ros/humble/include/rclcpp/rclcpp/memory_strategies.hpp:18[m[K,
[3.133s]                  from [01m[K/opt/ros/humble/include/rclcpp/rclcpp/executor_options.hpp:20[m[K,
[3.133s]                  from [01m[K/opt/ros/humble/include/rclcpp/rclcpp/executor.hpp:37[m[K,
[3.134s]                  from [01m[K/opt/ros/humble/include/rclcpp/rclcpp/executors/multi_threaded_executor.hpp:25[m[K,
[3.134s]                  from [01m[K/opt/ros/humble/include/rclcpp/rclcpp/executors.hpp:21[m[K,
[3.134s]                  from [01m[K/opt/ros/humble/include/rclcpp/rclcpp/rclcpp.hpp:155[m[K,
[3.134s]                  from [01m[K/home/thinhcuong/bumperbot_ws/src/bumperbot_cpp_examples/include/bumperbot_cpp_examples/simple_tf_kinematics.hpp:5[m[K,
[3.134s]                  from [01m[K/home/thinhcuong/bumperbot_ws/src/bumperbot_cpp_examples/src/simple_tf_kinematics.cpp:1[m[K:
[3.134s] [01m[K/usr/include/c++/11/iomanip:208:5:[m[K [01;36m[Knote: [m[Kcandidate: ‘[01m[Ktemplate<class _CharT, class _Traits> std::basic_ostream<_CharT, _Traits>& std::operator<<(std::basic_ostream<_CharT, _Traits>&, std::_Setprecision)[m[K’
[3.134s]   208 |     [01;36m[Koperator[m[K<<(basic_ostream<_CharT, _Traits>& __os, _Setprecision __f)
[3.134s]       |     [01;36m[K^~~~~~~~[m[K
[3.134s] [01m[K/usr/include/c++/11/iomanip:208:5:[m[K [01;36m[Knote: [m[K  template argument deduction/substitution failed:
[3.134s] In file included from [01m[K/opt/ros/humble/include/rclcpp/rclcpp/logging.hpp:24[m[K,
[3.134s]                  from [01m[K/opt/ros/humble/include/rclcpp/rclcpp/client.hpp:40[m[K,
[3.134s]                  from [01m[K/opt/ros/humble/include/rclcpp/rclcpp/callback_group.hpp:24[m[K,
[3.134s]                  from [01m[K/opt/ros/humble/include/rclcpp/rclcpp/any_executable.hpp:20[m[K,
[3.134s]                  from [01m[K/opt/ros/humble/include/rclcpp/rclcpp/memory_strategy.hpp:25[m[K,
[3.134s]                  from [01m[K/opt/ros/humble/include/rclcpp/rclcpp/memory_strategies.hpp:18[m[K,
[3.134s]                  from [01m[K/opt/ros/humble/include/rclcpp/rclcpp/executor_options.hpp:20[m[K,
[3.134s]                  from [01m[K/opt/ros/humble/include/rclcpp/rclcpp/executor.hpp:37[m[K,
[3.134s]                  from [01m[K/opt/ros/humble/include/rclcpp/rclcpp/executors/multi_threaded_executor.hpp:25[m[K,
[3.134s]                  from [01m[K/opt/ros/humble/include/rclcpp/rclcpp/executors.hpp:21[m[K,
[3.134s]                  from [01m[K/opt/ros/humble/include/rclcpp/rclcpp/rclcpp.hpp:155[m[K,
[3.135s]                  from [01m[K/home/thinhcuong/bumperbot_ws/src/bumperbot_cpp_examples/include/bumperbot_cpp_examples/simple_tf_kinematics.hpp:5[m[K,
[3.135s]                  from [01m[K/home/thinhcuong/bumperbot_ws/src/bumperbot_cpp_examples/src/simple_tf_kinematics.cpp:1[m[K:
[3.135s] [01m[K/home/thinhcuong/bumperbot_ws/src/bumperbot_cpp_examples/src/simple_tf_kinematics.cpp:74:45:[m[K [01;36m[Knote: [m[K  mismatched types ‘[01m[Kstd::basic_ostream<_CharT, _Traits>[m[K’ and ‘[01m[Kconst char [38][m[K’
[3.135s]    74 |                                     << req->[01;36m[Kframe_id[m[K << " and "
[3.135s]       |                                             [01;36m[K^~~~~~~~[m[K
[3.135s] In file included from [01m[K/opt/ros/humble/include/rosidl_runtime_cpp/rosidl_runtime_cpp/traits.hpp:19[m[K,
[3.135s]                  from [01m[K/opt/ros/humble/include/builtin_interfaces/builtin_interfaces/msg/detail/duration__traits.hpp:15[m[K,
[3.135s]                  from [01m[K/opt/ros/humble/include/builtin_interfaces/builtin_interfaces/msg/duration.hpp:9[m[K,
[3.135s]                  from [01m[K/opt/ros/humble/include/rclcpp/rclcpp/duration.hpp:20[m[K,
[3.135s]                  from [01m[K/opt/ros/humble/include/rclcpp/rclcpp/qos.hpp:20[m[K,
[3.135s]                  from [01m[K/opt/ros/humble/include/rclcpp/rclcpp/node_interfaces/node_graph_interface.hpp:32[m[K,
[3.135s]                  from [01m[K/opt/ros/humble/include/rclcpp/rclcpp/client.hpp:42[m[K,
[3.135s]                  from [01m[K/opt/ros/humble/include/rclcpp/rclcpp/callback_group.hpp:24[m[K,
[3.135s]                  from [01m[K/opt/ros/humble/include/rclcpp/rclcpp/any_executable.hpp:20[m[K,
[3.135s]                  from [01m[K/opt/ros/humble/include/rclcpp/rclcpp/memory_strategy.hpp:25[m[K,
[3.135s]                  from [01m[K/opt/ros/humble/include/rclcpp/rclcpp/memory_strategies.hpp:18[m[K,
[3.135s]                  from [01m[K/opt/ros/humble/include/rclcpp/rclcpp/executor_options.hpp:20[m[K,
[3.135s]                  from [01m[K/opt/ros/humble/include/rclcpp/rclcpp/executor.hpp:37[m[K,
[3.135s]                  from [01m[K/opt/ros/humble/include/rclcpp/rclcpp/executors/multi_threaded_executor.hpp:25[m[K,
[3.136s]                  from [01m[K/opt/ros/humble/include/rclcpp/rclcpp/executors.hpp:21[m[K,
[3.136s]                  from [01m[K/opt/ros/humble/include/rclcpp/rclcpp/rclcpp.hpp:155[m[K,
[3.136s]                  from [01m[K/home/thinhcuong/bumperbot_ws/src/bumperbot_cpp_examples/include/bumperbot_cpp_examples/simple_tf_kinematics.hpp:5[m[K,
[3.136s]                  from [01m[K/home/thinhcuong/bumperbot_ws/src/bumperbot_cpp_examples/src/simple_tf_kinematics.cpp:1[m[K:
[3.136s] [01m[K/usr/include/c++/11/iomanip:238:5:[m[K [01;36m[Knote: [m[Kcandidate: ‘[01m[Ktemplate<class _CharT, class _Traits> std::basic_ostream<_CharT, _Traits>& std::operator<<(std::basic_ostream<_CharT, _Traits>&, std::_Setw)[m[K’
[3.136s]   238 |     [01;36m[Koperator[m[K<<(basic_ostream<_CharT, _Traits>& __os, _Setw __f)
[3.136s]       |     [01;36m[K^~~~~~~~[m[K
[3.136s] [01m[K/usr/include/c++/11/iomanip:238:5:[m[K [01;36m[Knote: [m[K  template argument deduction/substitution failed:
[3.136s] In file included from [01m[K/opt/ros/humble/include/rclcpp/rclcpp/logging.hpp:24[m[K,
[3.136s]                  from [01m[K/opt/ros/humble/include/rclcpp/rclcpp/client.hpp:40[m[K,
[3.136s]                  from [01m[K/opt/ros/humble/include/rclcpp/rclcpp/callback_group.hpp:24[m[K,
[3.136s]                  from [01m[K/opt/ros/humble/include/rclcpp/rclcpp/any_executable.hpp:20[m[K,
[3.136s]                  from [01m[K/opt/ros/humble/include/rclcpp/rclcpp/memory_strategy.hpp:25[m[K,
[3.136s]                  from [01m[K/opt/ros/humble/include/rclcpp/rclcpp/memory_strategies.hpp:18[m[K,
[3.136s]                  from [01m[K/opt/ros/humble/include/rclcpp/rclcpp/executor_options.hpp:20[m[K,
[3.136s]                  from [01m[K/opt/ros/humble/include/rclcpp/rclcpp/executor.hpp:37[m[K,
[3.136s]                  from [01m[K/opt/ros/humble/include/rclcpp/rclcpp/executors/multi_threaded_executor.hpp:25[m[K,
[3.136s]                  from [01m[K/opt/ros/humble/include/rclcpp/rclcpp/executors.hpp:21[m[K,
[3.136s]                  from [01m[K/opt/ros/humble/include/rclcpp/rclcpp/rclcpp.hpp:155[m[K,
[3.136s]                  from [01m[K/home/thinhcuong/bumperbot_ws/src/bumperbot_cpp_examples/include/bumperbot_cpp_examples/simple_tf_kinematics.hpp:5[m[K,
[3.137s]                  from [01m[K/home/thinhcuong/bumperbot_ws/src/bumperbot_cpp_examples/src/simple_tf_kinematics.cpp:1[m[K:
[3.137s] [01m[K/home/thinhcuong/bumperbot_ws/src/bumperbot_cpp_examples/src/simple_tf_kinematics.cpp:74:45:[m[K [01;36m[Knote: [m[K  mismatched types ‘[01m[Kstd::basic_ostream<_CharT, _Traits>[m[K’ and ‘[01m[Kconst char [38][m[K’
[3.137s]    74 |                                     << req->[01;36m[Kframe_id[m[K << " and "
[3.137s]       |                                             [01;36m[K^~~~~~~~[m[K
[3.137s] In file included from [01m[K/opt/ros/humble/include/rosidl_runtime_cpp/rosidl_runtime_cpp/traits.hpp:19[m[K,
[3.137s]                  from [01m[K/opt/ros/humble/include/builtin_interfaces/builtin_interfaces/msg/detail/duration__traits.hpp:15[m[K,
[3.137s]                  from [01m[K/opt/ros/humble/include/builtin_interfaces/builtin_interfaces/msg/duration.hpp:9[m[K,
[3.137s]                  from [01m[K/opt/ros/humble/include/rclcpp/rclcpp/duration.hpp:20[m[K,
[3.137s]                  from [01m[K/opt/ros/humble/include/rclcpp/rclcpp/qos.hpp:20[m[K,
[3.137s]                  from [01m[K/opt/ros/humble/include/rclcpp/rclcpp/node_interfaces/node_graph_interface.hpp:32[m[K,
[3.137s]                  from [01m[K/opt/ros/humble/include/rclcpp/rclcpp/client.hpp:42[m[K,
[3.137s]                  from [01m[K/opt/ros/humble/include/rclcpp/rclcpp/callback_group.hpp:24[m[K,
[3.137s]                  from [01m[K/opt/ros/humble/include/rclcpp/rclcpp/any_executable.hpp:20[m[K,
[3.137s]                  from [01m[K/opt/ros/humble/include/rclcpp/rclcpp/memory_strategy.hpp:25[m[K,
[3.137s]                  from [01m[K/opt/ros/humble/include/rclcpp/rclcpp/memory_strategies.hpp:18[m[K,
[3.137s]                  from [01m[K/opt/ros/humble/include/rclcpp/rclcpp/executor_options.hpp:20[m[K,
[3.137s]                  from [01m[K/opt/ros/humble/include/rclcpp/rclcpp/executor.hpp:37[m[K,
[3.137s]                  from [01m[K/opt/ros/humble/include/rclcpp/rclcpp/executors/multi_threaded_executor.hpp:25[m[K,
[3.137s]                  from [01m[K/opt/ros/humble/include/rclcpp/rclcpp/executors.hpp:21[m[K,
[3.137s]                  from [01m[K/opt/ros/humble/include/rclcpp/rclcpp/rclcpp.hpp:155[m[K,
[3.138s]                  from [01m[K/home/thinhcuong/bumperbot_ws/src/bumperbot_cpp_examples/include/bumperbot_cpp_examples/simple_tf_kinematics.hpp:5[m[K,
[3.138s]                  from [01m[K/home/thinhcuong/bumperbot_ws/src/bumperbot_cpp_examples/src/simple_tf_kinematics.cpp:1[m[K:
[3.138s] [01m[K/usr/include/c++/11/iomanip:311:5:[m[K [01;36m[Knote: [m[Kcandidate: ‘[01m[Ktemplate<class _CharT, class _Traits, class _MoneyT> std::basic_ostream<_CharT, _Traits>& std::operator<<(std::basic_ostream<_CharT, _Traits>&, std::_Put_money<_MoneyT>)[m[K’
[3.138s]   311 |     [01;36m[Koperator[m[K<<(basic_ostream<_CharT, _Traits>& __os, _Put_money<_MoneyT> __f)
[3.138s]       |     [01;36m[K^~~~~~~~[m[K
[3.138s] [01m[K/usr/include/c++/11/iomanip:311:5:[m[K [01;36m[Knote: [m[K  template argument deduction/substitution failed:
[3.138s] In file included from [01m[K/opt/ros/humble/include/rclcpp/rclcpp/logging.hpp:24[m[K,
[3.138s]                  from [01m[K/opt/ros/humble/include/rclcpp/rclcpp/client.hpp:40[m[K,
[3.138s]                  from [01m[K/opt/ros/humble/include/rclcpp/rclcpp/callback_group.hpp:24[m[K,
[3.138s]                  from [01m[K/opt/ros/humble/include/rclcpp/rclcpp/any_executable.hpp:20[m[K,
[3.138s]                  from [01m[K/opt/ros/humble/include/rclcpp/rclcpp/memory_strategy.hpp:25[m[K,
[3.138s]                  from [01m[K/opt/ros/humble/include/rclcpp/rclcpp/memory_strategies.hpp:18[m[K,
[3.138s]                  from [01m[K/opt/ros/humble/include/rclcpp/rclcpp/executor_options.hpp:20[m[K,
[3.138s]                  from [01m[K/opt/ros/humble/include/rclcpp/rclcpp/executor.hpp:37[m[K,
[3.138s]                  from [01m[K/opt/ros/humble/include/rclcpp/rclcpp/executors/multi_threaded_executor.hpp:25[m[K,
[3.138s]                  from [01m[K/opt/ros/humble/include/rclcpp/rclcpp/executors.hpp:21[m[K,
[3.138s]                  from [01m[K/opt/ros/humble/include/rclcpp/rclcpp/rclcpp.hpp:155[m[K,
[3.138s]                  from [01m[K/home/thinhcuong/bumperbot_ws/src/bumperbot_cpp_examples/include/bumperbot_cpp_examples/simple_tf_kinematics.hpp:5[m[K,
[3.138s]                  from [01m[K/home/thinhcuong/bumperbot_ws/src/bumperbot_cpp_examples/src/simple_tf_kinematics.cpp:1[m[K:
[3.138s] [01m[K/home/thinhcuong/bumperbot_ws/src/bumperbot_cpp_examples/src/simple_tf_kinematics.cpp:74:45:[m[K [01;36m[Knote: [m[K  mismatched types ‘[01m[Kstd::basic_ostream<_CharT, _Traits>[m[K’ and ‘[01m[Kconst char [38][m[K’
[3.139s]    74 |                                     << req->[01;36m[Kframe_id[m[K << " and "
[3.139s]       |                                             [01;36m[K^~~~~~~~[m[K
[3.139s] In file included from [01m[K/opt/ros/humble/include/rosidl_runtime_cpp/rosidl_runtime_cpp/traits.hpp:19[m[K,
[3.139s]                  from [01m[K/opt/ros/humble/include/builtin_interfaces/builtin_interfaces/msg/detail/duration__traits.hpp:15[m[K,
[3.139s]                  from [01m[K/opt/ros/humble/include/builtin_interfaces/builtin_interfaces/msg/duration.hpp:9[m[K,
[3.139s]                  from [01m[K/opt/ros/humble/include/rclcpp/rclcpp/duration.hpp:20[m[K,
[3.139s]                  from [01m[K/opt/ros/humble/include/rclcpp/rclcpp/qos.hpp:20[m[K,
[3.139s]                  from [01m[K/opt/ros/humble/include/rclcpp/rclcpp/node_interfaces/node_graph_interface.hpp:32[m[K,
[3.139s]                  from [01m[K/opt/ros/humble/include/rclcpp/rclcpp/client.hpp:42[m[K,
[3.139s]                  from [01m[K/opt/ros/humble/include/rclcpp/rclcpp/callback_group.hpp:24[m[K,
[3.139s]                  from [01m[K/opt/ros/humble/include/rclcpp/rclcpp/any_executable.hpp:20[m[K,
[3.139s]                  from [01m[K/opt/ros/humble/include/rclcpp/rclcpp/memory_strategy.hpp:25[m[K,
[3.139s]                  from [01m[K/opt/ros/humble/include/rclcpp/rclcpp/memory_strategies.hpp:18[m[K,
[3.139s]                  from [01m[K/opt/ros/humble/include/rclcpp/rclcpp/executor_options.hpp:20[m[K,
[3.139s]                  from [01m[K/opt/ros/humble/include/rclcpp/rclcpp/executor.hpp:37[m[K,
[3.139s]                  from [01m[K/opt/ros/humble/include/rclcpp/rclcpp/executors/multi_threaded_executor.hpp:25[m[K,
[3.139s]                  from [01m[K/opt/ros/humble/include/rclcpp/rclcpp/executors.hpp:21[m[K,
[3.139s]                  from [01m[K/opt/ros/humble/include/rclcpp/rclcpp/rclcpp.hpp:155[m[K,
[3.139s]                  from [01m[K/home/thinhcuong/bumperbot_ws/src/bumperbot_cpp_examples/include/bumperbot_cpp_examples/simple_tf_kinematics.hpp:5[m[K,
[3.139s]                  from [01m[K/home/thinhcuong/bumperbot_ws/src/bumperbot_cpp_examples/src/simple_tf_kinematics.cpp:1[m[K:
[3.140s] [01m[K/usr/include/c++/11/iomanip:363:5:[m[K [01;36m[Knote: [m[Kcandidate: ‘[01m[Ktemplate<class _CharT, class _Traits> std::basic_ostream<_CharT, _Traits>& std::operator<<(std::basic_ostream<_CharT, _Traits>&, std::_Put_time<_CharT>)[m[K’
[3.140s]   363 |     [01;36m[Koperator[m[K<<(basic_ostream<_CharT, _Traits>& __os, _Put_time<_CharT> __f)
[3.140s]       |     [01;36m[K^~~~~~~~[m[K
[3.140s] [01m[K/usr/include/c++/11/iomanip:363:5:[m[K [01;36m[Knote: [m[K  template argument deduction/substitution failed:
[3.140s] In file included from [01m[K/opt/ros/humble/include/rclcpp/rclcpp/logging.hpp:24[m[K,
[3.140s]                  from [01m[K/opt/ros/humble/include/rclcpp/rclcpp/client.hpp:40[m[K,
[3.140s]                  from [01m[K/opt/ros/humble/include/rclcpp/rclcpp/callback_group.hpp:24[m[K,
[3.140s]                  from [01m[K/opt/ros/humble/include/rclcpp/rclcpp/any_executable.hpp:20[m[K,
[3.140s]                  from [01m[K/opt/ros/humble/include/rclcpp/rclcpp/memory_strategy.hpp:25[m[K,
[3.140s]                  from [01m[K/opt/ros/humble/include/rclcpp/rclcpp/memory_strategies.hpp:18[m[K,
[3.140s]                  from [01m[K/opt/ros/humble/include/rclcpp/rclcpp/executor_options.hpp:20[m[K,
[3.140s]                  from [01m[K/opt/ros/humble/include/rclcpp/rclcpp/executor.hpp:37[m[K,
[3.140s]                  from [01m[K/opt/ros/humble/include/rclcpp/rclcpp/executors/multi_threaded_executor.hpp:25[m[K,
[3.140s]                  from [01m[K/opt/ros/humble/include/rclcpp/rclcpp/executors.hpp:21[m[K,
[3.140s]                  from [01m[K/opt/ros/humble/include/rclcpp/rclcpp/rclcpp.hpp:155[m[K,
[3.140s]                  from [01m[K/home/thinhcuong/bumperbot_ws/src/bumperbot_cpp_examples/include/bumperbot_cpp_examples/simple_tf_kinematics.hpp:5[m[K,
[3.140s]                  from [01m[K/home/thinhcuong/bumperbot_ws/src/bumperbot_cpp_examples/src/simple_tf_kinematics.cpp:1[m[K:
[3.140s] [01m[K/home/thinhcuong/bumperbot_ws/src/bumperbot_cpp_examples/src/simple_tf_kinematics.cpp:74:45:[m[K [01;36m[Knote: [m[K  mismatched types ‘[01m[Kstd::basic_ostream<_CharT, _Traits>[m[K’ and ‘[01m[Kconst char [38][m[K’
[3.140s]    74 |                                     << req->[01;36m[Kframe_id[m[K << " and "
[3.140s]       |                                             [01;36m[K^~~~~~~~[m[K
[3.828s] gmake[2]: *** [CMakeFiles/simple_tf_kinematics.dir/build.make:76: CMakeFiles/simple_tf_kinematics.dir/src/simple_tf_kinematics.cpp.o] Error 1
[3.828s] gmake[1]: *** [CMakeFiles/Makefile2:253: CMakeFiles/simple_tf_kinematics.dir/all] Error 2
[3.828s] gmake: *** [Makefile:146: all] Error 2
[3.830s] Invoked command in '/home/thinhcuong/bumperbot_ws/build/bumperbot_cpp_examples' returned '2': AMENT_PREFIX_PATH=/home/thinhcuong/bumperbot_ws/install/bumperbot_msgs:${AMENT_PREFIX_PATH} CMAKE_PREFIX_PATH=/home/thinhcuong/bumperbot_ws/install/bumperbot_msgs:/opt/ros/humble LD_LIBRARY_PATH=/home/thinhcuong/bumperbot_ws/install/bumperbot_msgs/lib:${LD_LIBRARY_PATH} PYTHONPATH=/home/thinhcuong/bumperbot_ws/install/bumperbot_msgs/local/lib/python3.10/dist-packages:${PYTHONPATH} /usr/bin/cmake --build /home/thinhcuong/bumperbot_ws/build/bumperbot_cpp_examples -- -j12 -l12
