[0.625s] Invoking command in '/home/thinhcuong/bumperbot_ws/src/bumperbot_py_examples': PYTHONPATH=/home/thinhcuong/bumperbot_ws/build/bumperbot_py_examples/prefix_override:/home/thinhcuong/bumperbot_ws/install/bumperbot_py_examples/lib/python3.10/site-packages:${PYTHONPATH} /usr/bin/python3 -W ignore:setup.py install is deprecated setup.py egg_info --egg-base ../../build/bumperbot_py_examples build --build-base /home/thinhcuong/bumperbot_ws/build/bumperbot_py_examples/build install --record /home/thinhcuong/bumperbot_ws/build/bumperbot_py_examples/install.log --single-version-externally-managed install_data
[0.818s] running egg_info
[0.819s] writing ../../build/bumperbot_py_examples/bumperbot_py_examples.egg-info/PKG-INFO
[0.819s] writing dependency_links to ../../build/bumperbot_py_examples/bumperbot_py_examples.egg-info/dependency_links.txt
[0.819s] writing entry points to ../../build/bumperbot_py_examples/bumperbot_py_examples.egg-info/entry_points.txt
[0.819s] writing requirements to ../../build/bumperbot_py_examples/bumperbot_py_examples.egg-info/requires.txt
[0.819s] writing top-level names to ../../build/bumperbot_py_examples/bumperbot_py_examples.egg-info/top_level.txt
[0.821s] reading manifest file '../../build/bumperbot_py_examples/bumperbot_py_examples.egg-info/SOURCES.txt'
[0.821s] writing manifest file '../../build/bumperbot_py_examples/bumperbot_py_examples.egg-info/SOURCES.txt'
[0.822s] running build
[0.822s] running build_py
[0.822s] copying bumperbot_py_examples/simple_tf_kinematics.py -> /home/thinhcuong/bumperbot_ws/build/bumperbot_py_examples/build/lib/bumperbot_py_examples
[0.822s] running install
[0.822s] running install_lib
[0.823s] copying /home/thinhcuong/bumperbot_ws/build/bumperbot_py_examples/build/lib/bumperbot_py_examples/simple_tf_kinematics.py -> /home/thinhcuong/bumperbot_ws/install/bumperbot_py_examples/lib/python3.10/site-packages/bumperbot_py_examples
[0.823s] byte-compiling /home/thinhcuong/bumperbot_ws/install/bumperbot_py_examples/lib/python3.10/site-packages/bumperbot_py_examples/simple_tf_kinematics.py to simple_tf_kinematics.cpython-310.pyc
[0.824s] running install_data
[0.824s] running install_egg_info
[0.825s] removing '/home/thinhcuong/bumperbot_ws/install/bumperbot_py_examples/lib/python3.10/site-packages/bumperbot_py_examples-0.0.0-py3.10.egg-info' (and everything under it)
[0.826s] Copying ../../build/bumperbot_py_examples/bumperbot_py_examples.egg-info to /home/thinhcuong/bumperbot_ws/install/bumperbot_py_examples/lib/python3.10/site-packages/bumperbot_py_examples-0.0.0-py3.10.egg-info
[0.826s] running install_scripts
[0.841s] Installing simple_parameter script to /home/thinhcuong/bumperbot_ws/install/bumperbot_py_examples/lib/bumperbot_py_examples
[0.841s] Installing simple_publisher script to /home/thinhcuong/bumperbot_ws/install/bumperbot_py_examples/lib/bumperbot_py_examples
[0.841s] Installing simple_subscriber script to /home/thinhcuong/bumperbot_ws/install/bumperbot_py_examples/lib/bumperbot_py_examples
[0.841s] Installing simple_tf_kinematics script to /home/thinhcuong/bumperbot_ws/install/bumperbot_py_examples/lib/bumperbot_py_examples
[0.841s] Installing simple_turtlesim_kinematics script to /home/thinhcuong/bumperbot_ws/install/bumperbot_py_examples/lib/bumperbot_py_examples
[0.842s] writing list of installed files to '/home/thinhcuong/bumperbot_ws/build/bumperbot_py_examples/install.log'
[0.859s] Invoked command in '/home/thinhcuong/bumperbot_ws/src/bumperbot_py_examples' returned '0': PYTHONPATH=/home/thinhcuong/bumperbot_ws/build/bumperbot_py_examples/prefix_override:/home/thinhcuong/bumperbot_ws/install/bumperbot_py_examples/lib/python3.10/site-packages:${PYTHONPATH} /usr/bin/python3 -W ignore:setup.py install is deprecated setup.py egg_info --egg-base ../../build/bumperbot_py_examples build --build-base /home/thinhcuong/bumperbot_ws/build/bumperbot_py_examples/build install --record /home/thinhcuong/bumperbot_ws/build/bumperbot_py_examples/install.log --single-version-externally-managed install_data
